[I 2026-03-06 17:21:34,398] Trial 0 finished with value: 0.8054826038159373 and parameters: {'learning_rate': 0.1, 'max_depth': 6, 'min_child_weight': 6, 'subsample': 1.0, 'colsample_bytree': 1.0, 'reg_alpha': 0.001, 'reg_lambda': 1.0}. Best is trial 0 with value: 0.8054826038159373.
[I 2026-03-06 17:21:34,693] Trial 1 finished with value: 0.8517365574941331 and parameters: {'learning_rate': 0.011530177093263948, 'max_depth': 4, 'min_child_weight': 6, 'subsample': 0.6370851740293623, 'colsample_bytree': 0.8129463105445869, 'reg_alpha': 0.0035468779592699572, 'reg_lambda': 0.9535398571122273}. Best is trial 1 with value: 0.8517365574941331.
[I 2026-03-06 17:21:35,046] Trial 2 finished with value: 0.8319950912038454 and parameters: {'learning_rate': 0.01766584510747207, 'max_depth': 9, 'min_child_weight': 1, 'subsample': 0.9522968275667647, 'colsample_bytree': 0.8669829401788534, 'reg_alpha': 6.038637398216946, 'reg_lambda': 0.0709921679950956}. Best is trial 1 with value: 0.8517365574941331.
[I 2026-03-06 17:21:35,368] Trial 3 finished with value: 0.8450726683218266 and parameters: {'learning_rate': 0.015609725139297998, 'max_depth': 8, 'min_child_weight': 6, 'subsample': 0.9525563191155156, 'colsample_bytree': 0.8940927341523232, 'reg_alpha': 0.1533705646977483, 'reg_lambda': 6.213057516858144}. Best is trial 1 with value: 0.8517365574941331.
[I 2026-03-06 17:21:35,843] Trial 4 finished with value: 0.8507519640852973 and parameters: {'learning_rate': 0.027064138758876945, 'max_depth': 4, 'min_child_weight': 9, 'subsample': 0.7811508558158644, 'colsample_bytree': 0.78683237479033, 'reg_alpha': 0.03569965359789083, 'reg_lambda': 0.00259647871113952}. Best is trial 1 with value: 0.8517365574941331.
[I 2026-03-06 17:21:36,230] Trial 5 finished with value: 0.7877035223163169 and parameters: {'learning_rate': 0.07861354141408357, 'max_depth': 7, 'min_child_weight': 10, 'subsample': 0.781732059507202, 'colsample_bytree': 0.6419338227589052, 'reg_alpha': 2.4288778988340645, 'reg_lambda': 0.4119093754132395}. Best is trial 1 with value: 0.8517365574941331.
[I 2026-03-06 17:21:36,592] Trial 6 finished with value: 0.8402211792447482 and parameters: {'learning_rate': 0.03812164173482887, 'max_depth': 6, 'min_child_weight': 14, 'subsample': 0.9453561868576642, 'colsample_bytree': 0.6353803479425953, 'reg_alpha': 0.21506347569732018, 'reg_lambda': 0.04854308578863848}. Best is trial 1 with value: 0.8517365574941331.
[I 2026-03-06 17:21:36,937] Trial 7 finished with value: 0.8536083052749719 and parameters: {'learning_rate': 0.03440748059355062, 'max_depth': 6, 'min_child_weight': 5, 'subsample': 0.6309916552867231, 'colsample_bytree': 0.809245454271384, 'reg_alpha': 0.013773858062648164, 'reg_lambda': 0.09800463867173259}. Best is trial 7 with value: 0.8536083052749719.
[I 2026-03-06 17:21:37,171] Trial 8 finished with value: 0.8692706526544911 and parameters: {'learning_rate': 0.01822663635393365, 'max_depth': 4, 'min_child_weight': 12, 'subsample': 0.8807860105924827, 'colsample_bytree': 0.6502786650577494, 'reg_alpha': 0.14568066843501218, 'reg_lambda': 0.9517955688816503}. Best is trial 8 with value: 0.8692706526544911.
[I 2026-03-06 17:21:37,422] Trial 9 finished with value: 0.859647598317632 and parameters: {'learning_rate': 0.012706907617869486, 'max_depth': 7, 'min_child_weight': 11, 'subsample': 0.8693878038292564, 'colsample_bytree': 0.7328485342666803, 'reg_alpha': 0.07762916501754831, 'reg_lambda': 0.17410141202406748}. Best is trial 8 with value: 0.8692706526544911.
[I 2026-03-06 17:21:37,634] Trial 10 finished with value: 0.8420976317609314 and parameters: {'learning_rate': 0.0229283717938207, 'max_depth': 3, 'min_child_weight': 15, 'subsample': 0.8555019043865523, 'colsample_bytree': 0.6979615356679791, 'reg_alpha': 0.7037143651323351, 'reg_lambda': 9.849987580694497}. Best is trial 8 with value: 0.8692706526544911.
[I 2026-03-06 17:21:37,871] Trial 11 finished with value: 0.8555483000600846 and parameters: {'learning_rate': 0.01033736885756958, 'max_depth': 5, 'min_child_weight': 12, 'subsample': 0.8605459216409731, 'colsample_bytree': 0.7187136582546332, 'reg_alpha': 0.03813540975003567, 'reg_lambda': 0.01784363366399832}. Best is trial 8 with value: 0.8692706526544911.
[I 2026-03-06 17:21:38,092] Trial 12 finished with value: 0.8500157580292261 and parameters: {'learning_rate': 0.01701451926091459, 'max_depth': 7, 'min_child_weight': 12, 'subsample': 0.8632319556883975, 'colsample_bytree': 0.6018753570927098, 'reg_alpha': 0.5234369403947721, 'reg_lambda': 0.5276769697809329}. Best is trial 8 with value: 0.8692706526544911.
[I 2026-03-06 17:21:38,292] Trial 13 finished with value: 0.8541307009488829 and parameters: {'learning_rate': 0.013272851254794545, 'max_depth': 3, 'min_child_weight': 12, 'subsample': 0.751383862969067, 'colsample_bytree': 0.7137050369181098, 'reg_alpha': 0.044537104419083484, 'reg_lambda': 2.2135471291787825}. Best is trial 8 with value: 0.8692706526544911.
[I 2026-03-06 17:21:38,570] Trial 14 finished with value: 0.8101325261594623 and parameters: {'learning_rate': 0.05216972950698533, 'max_depth': 5, 'min_child_weight': 10, 'subsample': 0.8935957526955394, 'colsample_bytree': 0.7545203878137321, 'reg_alpha': 0.011656442971306042, 'reg_lambda': 0.009357722666505787}. Best is trial 8 with value: 0.8692706526544911.
[I 2026-03-06 17:21:38,821] Trial 15 finished with value: 0.8732608917457403 and parameters: {'learning_rate': 0.022962818435365975, 'max_depth': 8, 'min_child_weight': 13, 'subsample': 0.7034104008364988, 'colsample_bytree': 0.6670027457025623, 'reg_alpha': 0.5936258218073939, 'reg_lambda': 0.24322664385455472}. Best is trial 15 with value: 0.8732608917457403.
[I 2026-03-06 17:21:39,077] Trial 16 finished with value: 0.8562025416907572 and parameters: {'learning_rate': 0.02344568419797447, 'max_depth': 9, 'min_child_weight': 14, 'subsample': 0.7082425656931817, 'colsample_bytree': 0.6746362128491373, 'reg_alpha': 1.0325555928498722, 'reg_lambda': 2.560965324184099}. Best is trial 15 with value: 0.8732608917457403.
[I 2026-03-06 17:21:39,389] Trial 17 finished with value: 0.8342995045856999 and parameters: {'learning_rate': 0.041407653395894264, 'max_depth': 8, 'min_child_weight': 8, 'subsample': 0.6937592311787326, 'colsample_bytree': 0.6064501681877003, 'reg_alpha': 0.30054434771524885, 'reg_lambda': 0.24421468075346087}. Best is trial 15 with value: 0.8732608917457403.
[I 2026-03-06 17:21:39,710] Trial 18 finished with value: 0.8622353728077634 and parameters: {'learning_rate': 0.022173534775394348, 'max_depth': 4, 'min_child_weight': 15, 'subsample': 0.6919768001377729, 'colsample_bytree': 0.6668418068278833, 'reg_alpha': 4.676814841730736, 'reg_lambda': 0.027004501363625234}. Best is trial 15 with value: 0.8732608917457403.
[I 2026-03-06 17:21:39,979] Trial 19 finished with value: 0.7985063315534696 and parameters: {'learning_rate': 0.048969557177790335, 'max_depth': 8, 'min_child_weight': 13, 'subsample': 0.8159717332724056, 'colsample_bytree': 0.7646815602683102, 'reg_alpha': 0.9841603614967813, 'reg_lambda': 2.5042682947799344}. Best is trial 15 with value: 0.8732608917457403.
[I 2026-03-06 17:21:40,244] Trial 20 finished with value: 0.8466288020496774 and parameters: {'learning_rate': 0.029696917876590328, 'max_depth': 5, 'min_child_weight': 8, 'subsample': 0.7383493066479275, 'colsample_bytree': 0.8579254404553909, 'reg_alpha': 1.9077073232246073, 'reg_lambda': 0.0016427965922795572}. Best is trial 15 with value: 0.8732608917457403.
[I 2026-03-06 17:21:40,516] Trial 21 finished with value: 0.8533908671450757 and parameters: {'learning_rate': 0.02090274151786721, 'max_depth': 4, 'min_child_weight': 15, 'subsample': 0.6732443911783308, 'colsample_bytree': 0.6629240869727911, 'reg_alpha': 9.356270517072621, 'reg_lambda': 0.018956316287238335}. Best is trial 15 with value: 0.8732608917457403.
[I 2026-03-06 17:21:40,742] Trial 22 finished with value: 0.8512340577492092 and parameters: {'learning_rate': 0.01805257953618239, 'max_depth': 3, 'min_child_weight': 14, 'subsample': 0.661366039957947, 'colsample_bytree': 0.6787150705822187, 'reg_alpha': 4.521175388863082, 'reg_lambda': 0.028652906069472923}. Best is trial 15 with value: 0.8732608917457403.
[I 2026-03-06 17:21:41,002] Trial 23 finished with value: 0.8639533947783107 and parameters: {'learning_rate': 0.02640128885272941, 'max_depth': 4, 'min_child_weight': 13, 'subsample': 0.7305500222542142, 'colsample_bytree': 0.6403919276137481, 'reg_alpha': 2.617428069211471, 'reg_lambda': 0.17239416175220265}. Best is trial 15 with value: 0.8732608917457403.
[I 2026-03-06 17:21:41,307] Trial 24 finished with value: 0.8656933532859459 and parameters: {'learning_rate': 0.02885479319404537, 'max_depth': 5, 'min_child_weight': 13, 'subsample': 0.7330588628500558, 'colsample_bytree': 0.6314040861249008, 'reg_alpha': 0.3392861395214377, 'reg_lambda': 0.18923853091039516}. Best is trial 15 with value: 0.8732608917457403.
[I 2026-03-06 17:21:41,628] Trial 25 finished with value: 0.8667388815200264 and parameters: {'learning_rate': 0.01469699904317688, 'max_depth': 5, 'min_child_weight': 11, 'subsample': 0.805415932918621, 'colsample_bytree': 0.6230572195594, 'reg_alpha': 0.37154462492957097, 'reg_lambda': 0.5180667186749928}. Best is trial 15 with value: 0.8732608917457403.
[I 2026-03-06 17:21:42,036] Trial 26 finished with value: 0.857775170334093 and parameters: {'learning_rate': 0.014591382735737594, 'max_depth': 6, 'min_child_weight': 10, 'subsample': 0.8294261539009167, 'colsample_bytree': 0.6016797141373972, 'reg_alpha': 0.1328682675387299, 'reg_lambda': 1.2021707353053401}. Best is trial 15 with value: 0.8732608917457403.
[I 2026-03-06 17:21:42,343] Trial 27 finished with value: 0.8657057669852283 and parameters: {'learning_rate': 0.019643741630080726, 'max_depth': 5, 'min_child_weight': 11, 'subsample': 0.6026493565425595, 'colsample_bytree': 0.6945438535935434, 'reg_alpha': 0.08931133850228089, 'reg_lambda': 0.4630868227891554}. Best is trial 15 with value: 0.8732608917457403.
[I 2026-03-06 17:21:42,628] Trial 28 finished with value: 0.8552123932932014 and parameters: {'learning_rate': 0.013672129686655056, 'max_depth': 7, 'min_child_weight': 11, 'subsample': 0.900070679365736, 'colsample_bytree': 0.7522030656829504, 'reg_alpha': 0.45686526729804033, 'reg_lambda': 0.3909061159232838}. Best is trial 15 with value: 0.8732608917457403.
[I 2026-03-06 17:21:42,879] Trial 29 finished with value: 0.7658257093947329 and parameters: {'learning_rate': 0.09578819934705889, 'max_depth': 6, 'min_child_weight': 9, 'subsample': 0.9976952482464078, 'colsample_bytree': 0.9882171024796063, 'reg_alpha': 1.701818190496512, 'reg_lambda': 1.037765974376924}. Best is trial 15 with value: 0.8732608917457403.
[I 2026-03-06 17:21:43,090] Trial 30 finished with value: 0.8235226564182792 and parameters: {'learning_rate': 0.01006354636699851, 'max_depth': 5, 'min_child_weight': 1, 'subsample': 0.7833629283270277, 'colsample_bytree': 0.9387474347324334, 'reg_alpha': 0.0014062340123341685, 'reg_lambda': 5.3046794408516185}. Best is trial 15 with value: 0.8732608917457403.
[I 2026-03-06 17:21:43,321] Trial 31 finished with value: 0.8681042750739719 and parameters: {'learning_rate': 0.01866536166040899, 'max_depth': 5, 'min_child_weight': 11, 'subsample': 0.6010833086842902, 'colsample_bytree': 0.6992567839451982, 'reg_alpha': 0.0779323098348173, 'reg_lambda': 0.5818803721554061}. Best is trial 15 with value: 0.8732608917457403.
[I 2026-03-06 17:21:43,562] Trial 32 finished with value: 0.8647758732102167 and parameters: {'learning_rate': 0.01515939708368708, 'max_depth': 4, 'min_child_weight': 12, 'subsample': 0.621079083164599, 'colsample_bytree': 0.6544397507497354, 'reg_alpha': 0.016661960810088944, 'reg_lambda': 0.7515837990287266}. Best is trial 15 with value: 0.8732608917457403.
[I 2026-03-06 17:21:43,809] Trial 33 finished with value: 0.8628677912684648 and parameters: {'learning_rate': 0.01897124606349342, 'max_depth': 6, 'min_child_weight': 9, 'subsample': 0.6560346986308265, 'colsample_bytree': 0.6209530902263687, 'reg_alpha': 0.07124490251305196, 'reg_lambda': 1.671003273663954}. Best is trial 15 with value: 0.8732608917457403.
[I 2026-03-06 17:21:44,087] Trial 34 finished with value: 0.8598489950005102 and parameters: {'learning_rate': 0.012266415283022842, 'max_depth': 9, 'min_child_weight': 11, 'subsample': 0.833947979838176, 'colsample_bytree': 0.6917326531184618, 'reg_alpha': 0.20263769515231925, 'reg_lambda': 0.28876117614398344}. Best is trial 15 with value: 0.8732608917457403.
[I 2026-03-06 17:21:44,383] Trial 35 finished with value: 0.8528575315444002 and parameters: {'learning_rate': 0.01704131892124982, 'max_depth': 5, 'min_child_weight': 7, 'subsample': 0.7650281086010418, 'colsample_bytree': 0.8379864904149339, 'reg_alpha': 0.2846604713899887, 'reg_lambda': 0.7700409137294417}. Best is trial 15 with value: 0.8732608917457403.
[I 2026-03-06 17:21:44,639] Trial 36 finished with value: 0.8647159020054643 and parameters: {'learning_rate': 0.026001589891099186, 'max_depth': 4, 'min_child_weight': 4, 'subsample': 0.800864963753372, 'colsample_bytree': 0.7838334318270372, 'reg_alpha': 0.02249226297061543, 'reg_lambda': 0.09156020007673846}. Best is trial 15 with value: 0.8732608917457403.
[I 2026-03-06 17:21:44,851] Trial 37 finished with value: 0.846864832386718 and parameters: {'learning_rate': 0.015486554068528528, 'max_depth': 8, 'min_child_weight': 13, 'subsample': 0.9149534186897502, 'colsample_bytree': 0.7278858467748553, 'reg_alpha': 0.11247683881015653, 'reg_lambda': 3.9161493654387765}. Best is trial 15 with value: 0.8732608917457403.
[I 2026-03-06 17:21:45,045] Trial 38 finished with value: 0.8644952329127411 and parameters: {'learning_rate': 0.011330308879545711, 'max_depth': 3, 'min_child_weight': 10, 'subsample': 0.7092372676888378, 'colsample_bytree': 0.6491330684375327, 'reg_alpha': 0.9347772551235889, 'reg_lambda': 1.3859151926770075}. Best is trial 15 with value: 0.8732608917457403.
[I 2026-03-06 17:21:45,275] Trial 39 finished with value: 0.8614110238184314 and parameters: {'learning_rate': 0.032524909264053985, 'max_depth': 4, 'min_child_weight': 14, 'subsample': 0.9372760993617525, 'colsample_bytree': 0.6326672090834335, 'reg_alpha': 0.2011112598580634, 'reg_lambda': 0.057196050212503464}. Best is trial 15 with value: 0.8732608917457403.
[I 2026-03-06 17:21:45,591] Trial 40 finished with value: 0.8729608656713034 and parameters: {'learning_rate': 0.023916430060434594, 'max_depth': 6, 'min_child_weight': 12, 'subsample': 0.6461606540420348, 'colsample_bytree': 0.7005219360717991, 'reg_alpha': 0.006260896563823081, 'reg_lambda': 0.6439186240906765}. Best is trial 15 with value: 0.8732608917457403.
[I 2026-03-06 17:21:45,885] Trial 41 finished with value: 0.8688366833316329 and parameters: {'learning_rate': 0.024373392977340785, 'max_depth': 6, 'min_child_weight': 12, 'subsample': 0.6011133291909438, 'colsample_bytree': 0.702270693437013, 'reg_alpha': 0.05335345443915372, 'reg_lambda': 0.740924493258406}. Best is trial 15 with value: 0.8732608917457403.
[I 2026-03-06 17:21:46,192] Trial 42 finished with value: 0.8655536849981293 and parameters: {'learning_rate': 0.02417281714032685, 'max_depth': 6, 'min_child_weight': 12, 'subsample': 0.6057425082048251, 'colsample_bytree': 0.7006808487900367, 'reg_alpha': 0.006466845693840643, 'reg_lambda': 0.11859420866274811}. Best is trial 15 with value: 0.8732608917457403.
[I 2026-03-06 17:21:46,468] Trial 43 finished with value: 0.8766879796846128 and parameters: {'learning_rate': 0.020726804819543795, 'max_depth': 7, 'min_child_weight': 13, 'subsample': 0.6435564855180543, 'colsample_bytree': 0.7398334410585858, 'reg_alpha': 0.0020696593500720943, 'reg_lambda': 0.7144037429514168}. Best is trial 43 with value: 0.8766879796846128.
[I 2026-03-06 17:21:46,752] Trial 44 finished with value: 0.8379839925631171 and parameters: {'learning_rate': 0.035412306281317855, 'max_depth': 7, 'min_child_weight': 13, 'subsample': 0.6405240257061403, 'colsample_bytree': 0.7429080167557648, 'reg_alpha': 0.0018713999804690195, 'reg_lambda': 0.8163370893192159}. Best is trial 43 with value: 0.8766879796846128.
[I 2026-03-06 17:21:47,107] Trial 45 finished with value: 0.8668837080116542 and parameters: {'learning_rate': 0.020500169892022125, 'max_depth': 7, 'min_child_weight': 14, 'subsample': 0.6411732317178354, 'colsample_bytree': 0.7760650263296238, 'reg_alpha': 0.004085147395064254, 'reg_lambda': 0.2854617457318479}. Best is trial 43 with value: 0.8766879796846128.
[I 2026-03-06 17:21:47,434] Trial 46 finished with value: 0.8585289482932581 and parameters: {'learning_rate': 0.02487735838096505, 'max_depth': 8, 'min_child_weight': 12, 'subsample': 0.6252227726878171, 'colsample_bytree': 0.717572548835466, 'reg_alpha': 0.0032877468008230383, 'reg_lambda': 1.7475843760394028}. Best is trial 43 with value: 0.8766879796846128.
[I 2026-03-06 17:21:47,803] Trial 47 finished with value: 0.8613928850797539 and parameters: {'learning_rate': 0.022049647692368318, 'max_depth': 7, 'min_child_weight': 15, 'subsample': 0.674581956103801, 'colsample_bytree': 0.8068109652244702, 'reg_alpha': 0.005223995894549927, 'reg_lambda': 0.14366379908200827}. Best is trial 43 with value: 0.8766879796846128.
[I 2026-03-06 17:21:48,125] Trial 48 finished with value: 0.8504595902912401 and parameters: {'learning_rate': 0.028533463043696448, 'max_depth': 8, 'min_child_weight': 13, 'subsample': 0.6548262560624694, 'colsample_bytree': 0.680864609793012, 'reg_alpha': 0.008450516131080294, 'reg_lambda': 3.2113709181812244}. Best is trial 43 with value: 0.8766879796846128.
