[I 2026-03-06 18:40:32,897] Trial 0 finished with value: 0.6930539933620508 and parameters: {'learning_rate': 0.1, 'max_depth': 6, 'min_child_weight': 6, 'subsample': 1.0, 'colsample_bytree': 1.0, 'reg_alpha': 0.001, 'reg_lambda': 1.0}. Best is trial 0 with value: 0.6930539933620508.
[I 2026-03-06 18:40:33,207] Trial 1 finished with value: 0.6994515641550738 and parameters: {'learning_rate': 0.05850636023125699, 'max_depth': 4, 'min_child_weight': 6, 'subsample': 0.7521393082496849, 'colsample_bytree': 0.9547294918093467, 'reg_alpha': 0.06110277194831447, 'reg_lambda': 0.003118293494787911}. Best is trial 1 with value: 0.6994515641550738.
[I 2026-03-06 18:40:33,485] Trial 2 finished with value: 0.7854270178659698 and parameters: {'learning_rate': 0.034434499713678464, 'max_depth': 4, 'min_child_weight': 9, 'subsample': 0.9731129621563283, 'colsample_bytree': 0.773337606668548, 'reg_alpha': 0.057483517939089186, 'reg_lambda': 0.027727334095068147}. Best is trial 2 with value: 0.7854270178659698.
[I 2026-03-06 18:40:33,757] Trial 3 finished with value: 0.8134672975072382 and parameters: {'learning_rate': 0.023121084562359933, 'max_depth': 7, 'min_child_weight': 14, 'subsample': 0.6652996612313791, 'colsample_bytree': 0.8456337974847183, 'reg_alpha': 1.4291669703450414, 'reg_lambda': 0.004379447029715998}. Best is trial 3 with value: 0.8134672975072382.
[I 2026-03-06 18:40:34,222] Trial 4 finished with value: 0.6750092225125345 and parameters: {'learning_rate': 0.07093599778919742, 'max_depth': 4, 'min_child_weight': 6, 'subsample': 0.9208099728789585, 'colsample_bytree': 0.9950650895403247, 'reg_alpha': 5.044298696582498, 'reg_lambda': 1.1024770109491349}. Best is trial 3 with value: 0.8134672975072382.
[I 2026-03-06 18:40:34,611] Trial 5 finished with value: 0.735948986653485 and parameters: {'learning_rate': 0.0480307476918576, 'max_depth': 5, 'min_child_weight': 10, 'subsample': 0.76985853510333, 'colsample_bytree': 0.9290720211298802, 'reg_alpha': 0.011269977929680593, 'reg_lambda': 0.1555839375350041}. Best is trial 3 with value: 0.8134672975072382.
[I 2026-03-06 18:40:35,019] Trial 6 finished with value: 0.7757536897111785 and parameters: {'learning_rate': 0.03759951412246708, 'max_depth': 5, 'min_child_weight': 7, 'subsample': 0.7202889317963047, 'colsample_bytree': 0.7521470093384733, 'reg_alpha': 0.007506033250468161, 'reg_lambda': 0.06038207970318315}. Best is trial 3 with value: 0.8134672975072382.
[I 2026-03-06 18:40:35,491] Trial 7 finished with value: 0.7704454205211496 and parameters: {'learning_rate': 0.011382570445893836, 'max_depth': 9, 'min_child_weight': 5, 'subsample': 0.8715664292380191, 'colsample_bytree': 0.877704548019651, 'reg_alpha': 0.0010292850405335754, 'reg_lambda': 0.0032987567747554394}. Best is trial 3 with value: 0.8134672975072382.
[I 2026-03-06 18:40:35,803] Trial 8 finished with value: 0.7483203728550243 and parameters: {'learning_rate': 0.03976914347992451, 'max_depth': 3, 'min_child_weight': 15, 'subsample': 0.7611221347527326, 'colsample_bytree': 0.620482982039913, 'reg_alpha': 0.015219252675727183, 'reg_lambda': 0.29220666727835165}. Best is trial 3 with value: 0.8134672975072382.
[I 2026-03-06 18:40:36,118] Trial 9 finished with value: 0.7452612668596851 and parameters: {'learning_rate': 0.040957520138090994, 'max_depth': 3, 'min_child_weight': 14, 'subsample': 0.9061390030907588, 'colsample_bytree': 0.7980830846430091, 'reg_alpha': 0.03579504717181873, 'reg_lambda': 0.05765796578677304}. Best is trial 3 with value: 0.8134672975072382.
[I 2026-03-06 18:40:36,457] Trial 10 finished with value: 0.7879184803333098 and parameters: {'learning_rate': 0.018320390743891767, 'max_depth': 8, 'min_child_weight': 12, 'subsample': 0.6164345220739821, 'colsample_bytree': 0.6588911620784825, 'reg_alpha': 1.4219212538754762, 'reg_lambda': 8.889127720258074}. Best is trial 3 with value: 0.8134672975072382.
[I 2026-03-06 18:40:36,811] Trial 11 finished with value: 0.7926959395522915 and parameters: {'learning_rate': 0.01816616764814273, 'max_depth': 8, 'min_child_weight': 1, 'subsample': 0.6041984143106229, 'colsample_bytree': 0.6472159293778217, 'reg_alpha': 1.4543082517431203, 'reg_lambda': 9.041015576330835}. Best is trial 3 with value: 0.8134672975072382.
[I 2026-03-06 18:40:37,159] Trial 12 finished with value: 0.7472223713014617 and parameters: {'learning_rate': 0.020689087277389853, 'max_depth': 8, 'min_child_weight': 1, 'subsample': 0.6175787528364365, 'colsample_bytree': 0.7103178389838258, 'reg_alpha': 0.4546794082735541, 'reg_lambda': 0.001199056905740562}. Best is trial 3 with value: 0.8134672975072382.
[I 2026-03-06 18:40:37,447] Trial 13 finished with value: 0.7471739566414803 and parameters: {'learning_rate': 0.023942386247285646, 'max_depth': 7, 'min_child_weight': 1, 'subsample': 0.6729837186222373, 'colsample_bytree': 0.8640125633670492, 'reg_alpha': 0.44217767490489296, 'reg_lambda': 0.013983802709189837}. Best is trial 3 with value: 0.8134672975072382.
[I 2026-03-06 18:40:37,664] Trial 14 finished with value: 0.7473929807217005 and parameters: {'learning_rate': 0.01327408933432748, 'max_depth': 7, 'min_child_weight': 3, 'subsample': 0.6789379686634629, 'colsample_bytree': 0.8429480279197724, 'reg_alpha': 7.911729056253059, 'reg_lambda': 9.427627104247149}. Best is trial 3 with value: 0.8134672975072382.
[I 2026-03-06 18:40:37,909] Trial 15 finished with value: 0.7967836169762021 and parameters: {'learning_rate': 0.015327049743977488, 'max_depth': 9, 'min_child_weight': 12, 'subsample': 0.6678472814389963, 'colsample_bytree': 0.7013747469044147, 'reg_alpha': 1.3573763677498423, 'reg_lambda': 1.7661682487317738}. Best is trial 3 with value: 0.8134672975072382.
[I 2026-03-06 18:40:38,257] Trial 16 finished with value: 0.8182263399477437 and parameters: {'learning_rate': 0.026774343137253, 'max_depth': 9, 'min_child_weight': 12, 'subsample': 0.8388226205157843, 'colsample_bytree': 0.7059795575859953, 'reg_alpha': 0.2845370558976894, 'reg_lambda': 1.0231056044493405}. Best is trial 16 with value: 0.8182263399477437.
[I 2026-03-06 18:40:38,626] Trial 17 finished with value: 0.8194642186286278 and parameters: {'learning_rate': 0.02532882500143698, 'max_depth': 7, 'min_child_weight': 12, 'subsample': 0.8410311140205629, 'colsample_bytree': 0.7262840560404538, 'reg_alpha': 0.3113416372832868, 'reg_lambda': 0.39964815992584674}. Best is trial 17 with value: 0.8194642186286278.
[I 2026-03-06 18:40:38,993] Trial 18 finished with value: 0.7968146317350471 and parameters: {'learning_rate': 0.030835859855323493, 'max_depth': 9, 'min_child_weight': 12, 'subsample': 0.8385034822780116, 'colsample_bytree': 0.7185036041332039, 'reg_alpha': 0.20172883663969907, 'reg_lambda': 0.41602246628363954}. Best is trial 17 with value: 0.8194642186286278.
[I 2026-03-06 18:40:39,277] Trial 19 finished with value: 0.8036605324482734 and parameters: {'learning_rate': 0.0275695296743014, 'max_depth': 6, 'min_child_weight': 10, 'subsample': 0.8369796484716112, 'colsample_bytree': 0.602280550883723, 'reg_alpha': 0.18100248283513848, 'reg_lambda': 2.1071574597435117}. Best is trial 17 with value: 0.8194642186286278.
[I 2026-03-06 18:40:39,561] Trial 20 finished with value: 0.8186455193842241 and parameters: {'learning_rate': 0.025957415513179285, 'max_depth': 8, 'min_child_weight': 11, 'subsample': 0.8260461346750732, 'colsample_bytree': 0.7448526617467709, 'reg_alpha': 0.4566687562325362, 'reg_lambda': 0.4258595782637898}. Best is trial 17 with value: 0.8194642186286278.
[I 2026-03-06 18:40:39,951] Trial 21 finished with value: 0.8174569027611045 and parameters: {'learning_rate': 0.02827763622911338, 'max_depth': 8, 'min_child_weight': 11, 'subsample': 0.8117848792600514, 'colsample_bytree': 0.7416952639199437, 'reg_alpha': 0.44868853755595767, 'reg_lambda': 0.43276073046405245}. Best is trial 17 with value: 0.8194642186286278.
[I 2026-03-06 18:40:40,513] Trial 22 finished with value: 0.8134890473836593 and parameters: {'learning_rate': 0.025877562402238468, 'max_depth': 7, 'min_child_weight': 13, 'subsample': 0.87410554387318, 'colsample_bytree': 0.6711124693905676, 'reg_alpha': 0.20082102979037167, 'reg_lambda': 0.13110158719288004}. Best is trial 17 with value: 0.8194642186286278.
[I 2026-03-06 18:40:41,039] Trial 23 finished with value: 0.7735214744721418 and parameters: {'learning_rate': 0.016901434968896175, 'max_depth': 9, 'min_child_weight': 9, 'subsample': 0.8140678028468994, 'colsample_bytree': 0.7989697524939467, 'reg_alpha': 3.4967247077342347, 'reg_lambda': 2.305484686400359}. Best is trial 17 with value: 0.8194642186286278.
[I 2026-03-06 18:40:41,491] Trial 24 finished with value: 0.7994800367205707 and parameters: {'learning_rate': 0.020649917817385104, 'max_depth': 8, 'min_child_weight': 11, 'subsample': 0.8769123122137265, 'colsample_bytree': 0.6861403329250183, 'reg_alpha': 0.6519378724239858, 'reg_lambda': 0.7637897169730111}. Best is trial 17 with value: 0.8194642186286278.
[I 2026-03-06 18:40:41,863] Trial 25 finished with value: 0.7954204929030436 and parameters: {'learning_rate': 0.03184789495604833, 'max_depth': 7, 'min_child_weight': 15, 'subsample': 0.9374136374677018, 'colsample_bytree': 0.7529078489318712, 'reg_alpha': 0.15306359512590056, 'reg_lambda': 3.4700035186295564}. Best is trial 17 with value: 0.8194642186286278.
[I 2026-03-06 18:40:42,248] Trial 26 finished with value: 0.7440770002118493 and parameters: {'learning_rate': 0.04899130604699719, 'max_depth': 9, 'min_child_weight': 13, 'subsample': 0.7879895105948947, 'colsample_bytree': 0.7355951888522146, 'reg_alpha': 0.7911537796171368, 'reg_lambda': 0.21910906557755488}. Best is trial 17 with value: 0.8194642186286278.
[I 2026-03-06 18:40:42,512] Trial 27 finished with value: 0.7849891956782713 and parameters: {'learning_rate': 0.01043262885668506, 'max_depth': 8, 'min_child_weight': 8, 'subsample': 0.8462000184727575, 'colsample_bytree': 0.7839786093222424, 'reg_alpha': 0.10048856933792297, 'reg_lambda': 0.5502453473098687}. Best is trial 17 with value: 0.8194642186286278.
[I 2026-03-06 18:40:42,809] Trial 28 finished with value: 0.8052770849516276 and parameters: {'learning_rate': 0.021870549350237935, 'max_depth': 6, 'min_child_weight': 10, 'subsample': 0.7205794084611115, 'colsample_bytree': 0.6312889906967052, 'reg_alpha': 3.177846866165587, 'reg_lambda': 0.07660586108367098}. Best is trial 17 with value: 0.8194642186286278.
[I 2026-03-06 18:40:43,115] Trial 29 finished with value: 0.7061758915330838 and parameters: {'learning_rate': 0.08958523172316477, 'max_depth': 7, 'min_child_weight': 13, 'subsample': 0.9652753462863888, 'colsample_bytree': 0.6852687361265444, 'reg_alpha': 0.30937112209037687, 'reg_lambda': 0.031573503619548686}. Best is trial 17 with value: 0.8194642186286278.
[I 2026-03-06 18:40:43,521] Trial 30 finished with value: 0.7453077607513594 and parameters: {'learning_rate': 0.04788224397390111, 'max_depth': 8, 'min_child_weight': 11, 'subsample': 0.7942307907368107, 'colsample_bytree': 0.7664646001065561, 'reg_alpha': 0.07880239584321831, 'reg_lambda': 1.0124937930222435}. Best is trial 17 with value: 0.8194642186286278.
[I 2026-03-06 18:40:43,972] Trial 31 finished with value: 0.7998788786102679 and parameters: {'learning_rate': 0.031002154498758847, 'max_depth': 8, 'min_child_weight': 11, 'subsample': 0.8285404468650764, 'colsample_bytree': 0.7183247266803456, 'reg_alpha': 0.7485905175427101, 'reg_lambda': 0.4874856441885927}. Best is trial 17 with value: 0.8194642186286278.
[I 2026-03-06 18:40:44,453] Trial 32 finished with value: 0.811360101687734 and parameters: {'learning_rate': 0.027422601934014863, 'max_depth': 9, 'min_child_weight': 9, 'subsample': 0.8630515115602323, 'colsample_bytree': 0.740367994791977, 'reg_alpha': 0.3426358372118908, 'reg_lambda': 0.2804200163844636}. Best is trial 17 with value: 0.8194642186286278.
[I 2026-03-06 18:40:45,013] Trial 33 finished with value: 0.8174138549537462 and parameters: {'learning_rate': 0.027108256956525648, 'max_depth': 8, 'min_child_weight': 11, 'subsample': 0.8086322516373708, 'colsample_bytree': 0.8099774049895496, 'reg_alpha': 0.1261894015509977, 'reg_lambda': 1.0959460249462942}. Best is trial 17 with value: 0.8194642186286278.
[I 2026-03-06 18:40:45,624] Trial 34 finished with value: 0.7912709554409999 and parameters: {'learning_rate': 0.034382443527526174, 'max_depth': 7, 'min_child_weight': 14, 'subsample': 0.7354490474261236, 'colsample_bytree': 0.8209841988113403, 'reg_alpha': 0.03297409960070309, 'reg_lambda': 4.10853477780286}. Best is trial 17 with value: 0.8194642186286278.
[I 2026-03-06 18:40:46,128] Trial 35 finished with value: 0.7748955017301037 and parameters: {'learning_rate': 0.023326603308666597, 'max_depth': 9, 'min_child_weight': 8, 'subsample': 0.9002004297190179, 'colsample_bytree': 0.7284423270889683, 'reg_alpha': 0.278190957532975, 'reg_lambda': 0.640079399660455}. Best is trial 17 with value: 0.8194642186286278.
[I 2026-03-06 18:40:46,489] Trial 36 finished with value: 0.7919143563307676 and parameters: {'learning_rate': 0.014619039192185011, 'max_depth': 8, 'min_child_weight': 12, 'subsample': 0.777577839381864, 'colsample_bytree': 0.7684916527311401, 'reg_alpha': 0.05282902440939336, 'reg_lambda': 0.16302115176199294}. Best is trial 17 with value: 0.8194642186286278.
[I 2026-03-06 18:40:46,827] Trial 37 finished with value: 0.7827571499187912 and parameters: {'learning_rate': 0.019335143649805885, 'max_depth': 5, 'min_child_weight': 10, 'subsample': 0.8117474951870535, 'colsample_bytree': 0.6945505527985145, 'reg_alpha': 2.3309556066995523, 'reg_lambda': 0.3801633770244936}. Best is trial 17 with value: 0.8194642186286278.
[I 2026-03-06 18:40:47,202] Trial 38 finished with value: 0.7174974648683003 and parameters: {'learning_rate': 0.06223069295707107, 'max_depth': 6, 'min_child_weight': 13, 'subsample': 0.8558709555491961, 'colsample_bytree': 0.7521059296999061, 'reg_alpha': 0.8760621807182826, 'reg_lambda': 1.3257553792397159}. Best is trial 17 with value: 0.8194642186286278.
[I 2026-03-06 18:40:47,610] Trial 39 finished with value: 0.759613586611115 and parameters: {'learning_rate': 0.03672794422964547, 'max_depth': 7, 'min_child_weight': 9, 'subsample': 0.8982821186119421, 'colsample_bytree': 0.6688669360822914, 'reg_alpha': 0.49168654697625197, 'reg_lambda': 0.09346978096602147}. Best is trial 17 with value: 0.8194642186286278.
[I 2026-03-06 18:40:48,020] Trial 40 finished with value: 0.7459535343549184 and parameters: {'learning_rate': 0.043464433031185, 'max_depth': 9, 'min_child_weight': 14, 'subsample': 0.7546788212259782, 'colsample_bytree': 0.9142950567815454, 'reg_alpha': 0.0461728344657396, 'reg_lambda': 3.877492415882352}. Best is trial 17 with value: 0.8194642186286278.
[I 2026-03-06 18:40:48,474] Trial 41 finished with value: 0.8185316856154224 and parameters: {'learning_rate': 0.026101294931593542, 'max_depth': 8, 'min_child_weight': 11, 'subsample': 0.8249163772513278, 'colsample_bytree': 0.8223844634948454, 'reg_alpha': 0.12146827461987038, 'reg_lambda': 0.9980977506337692}. Best is trial 17 with value: 0.8194642186286278.
[I 2026-03-06 18:40:48,872] Trial 42 finished with value: 0.8201324200268343 and parameters: {'learning_rate': 0.02510325230556595, 'max_depth': 8, 'min_child_weight': 11, 'subsample': 0.8230669363165174, 'colsample_bytree': 0.8287536553788952, 'reg_alpha': 0.08642059538353494, 'reg_lambda': 0.24096453343508134}. Best is trial 42 with value: 0.8201324200268343.
[I 2026-03-06 18:40:49,251] Trial 43 finished with value: 0.7878935103453146 and parameters: {'learning_rate': 0.025694318127588715, 'max_depth': 7, 'min_child_weight': 7, 'subsample': 0.8290905260013306, 'colsample_bytree': 0.8340325827472778, 'reg_alpha': 0.027575504302477037, 'reg_lambda': 0.21193040190304988}. Best is trial 42 with value: 0.8201324200268343.
[I 2026-03-06 18:40:49,600] Trial 44 finished with value: 0.8184577925287762 and parameters: {'learning_rate': 0.02412792883325396, 'max_depth': 8, 'min_child_weight': 12, 'subsample': 0.8831336351971942, 'colsample_bytree': 0.7783251987749708, 'reg_alpha': 0.08753645261136096, 'reg_lambda': 0.6536743181579582}. Best is trial 42 with value: 0.8201324200268343.
[I 2026-03-06 18:40:50,022] Trial 45 finished with value: 0.8038826071605113 and parameters: {'learning_rate': 0.023539837854601904, 'max_depth': 8, 'min_child_weight': 10, 'subsample': 0.9357810585626856, 'colsample_bytree': 0.8758111278557646, 'reg_alpha': 0.01665659906706307, 'reg_lambda': 0.2893528253248661}. Best is trial 42 with value: 0.8201324200268343.
[I 2026-03-06 18:40:50,274] Trial 46 finished with value: 0.7989472494880304 and parameters: {'learning_rate': 0.01685625511583952, 'max_depth': 7, 'min_child_weight': 13, 'subsample': 0.8876279698315426, 'colsample_bytree': 0.7866939568818057, 'reg_alpha': 0.06324890388517171, 'reg_lambda': 0.7185228243229951}. Best is trial 42 with value: 0.8201324200268343.
[I 2026-03-06 18:40:50,623] Trial 47 finished with value: 0.790195325188899 and parameters: {'learning_rate': 0.033795268466281225, 'max_depth': 8, 'min_child_weight': 15, 'subsample': 0.9143187457251719, 'colsample_bytree': 0.8209802046888285, 'reg_alpha': 0.004374055731473612, 'reg_lambda': 0.1457550142705709}. Best is trial 42 with value: 0.8201324200268343.
[I 2026-03-06 18:40:50,936] Trial 48 finished with value: 0.813828740908128 and parameters: {'learning_rate': 0.02144569170949494, 'max_depth': 7, 'min_child_weight': 12, 'subsample': 0.9961642289194741, 'colsample_bytree': 0.9078426437237733, 'reg_alpha': 0.09779015188893257, 'reg_lambda': 0.05572461090438979}. Best is trial 42 with value: 0.8201324200268343.
