[I 2026-03-06 16:57:24,462] Trial 0 finished with value: 0.907319087635054 and parameters: {'learning_rate': 0.1, 'max_depth': 6, 'min_child_weight': 6, 'subsample': 1.0, 'colsample_bytree': 1.0, 'reg_alpha': 0.001, 'reg_lambda': 1.0}. Best is trial 0 with value: 0.907319087635054.
[I 2026-03-06 16:57:24,796] Trial 1 finished with value: 0.9257914554056916 and parameters: {'learning_rate': 0.033057776120980695, 'max_depth': 3, 'min_child_weight': 10, 'subsample': 0.8933000110638503, 'colsample_bytree': 0.863093261465824, 'reg_alpha': 8.885279305330688, 'reg_lambda': 0.2350677923026428}. Best is trial 1 with value: 0.9257914554056916.
[I 2026-03-06 16:57:25,142] Trial 2 finished with value: 0.9628914342207472 and parameters: {'learning_rate': 0.012372565900862028, 'max_depth': 5, 'min_child_weight': 5, 'subsample': 0.7101580090624954, 'colsample_bytree': 0.741685266157102, 'reg_alpha': 0.007356091941725948, 'reg_lambda': 0.006460135455813823}. Best is trial 2 with value: 0.9628914342207472.
[I 2026-03-06 16:57:25,638] Trial 3 finished with value: 0.9144058187981075 and parameters: {'learning_rate': 0.0561768098636063, 'max_depth': 4, 'min_child_weight': 8, 'subsample': 0.785853695377144, 'colsample_bytree': 0.7200180598364374, 'reg_alpha': 0.028322922175469778, 'reg_lambda': 0.46609195259903585}. Best is trial 2 with value: 0.9628914342207472.
[I 2026-03-06 16:57:26,034] Trial 4 finished with value: 0.9598063978532589 and parameters: {'learning_rate': 0.026565157247716145, 'max_depth': 7, 'min_child_weight': 4, 'subsample': 0.7142626674802329, 'colsample_bytree': 0.6673146166740579, 'reg_alpha': 0.003390623617751858, 'reg_lambda': 0.36745135039812343}. Best is trial 2 with value: 0.9628914342207472.
[I 2026-03-06 16:57:26,411] Trial 5 finished with value: 0.9411935315302592 and parameters: {'learning_rate': 0.04388005412300287, 'max_depth': 7, 'min_child_weight': 4, 'subsample': 0.8118740754163831, 'colsample_bytree': 0.8088445868455789, 'reg_alpha': 0.0013704095275391083, 'reg_lambda': 9.155447750319393}. Best is trial 2 with value: 0.9628914342207472.
[I 2026-03-06 16:57:26,735] Trial 6 finished with value: 0.9749132405903539 and parameters: {'learning_rate': 0.0179508977104745, 'max_depth': 9, 'min_child_weight': 12, 'subsample': 0.9521262435267984, 'colsample_bytree': 0.6084817975317928, 'reg_alpha': 1.271865093963023, 'reg_lambda': 0.19183511718917376}. Best is trial 6 with value: 0.9749132405903539.
[I 2026-03-06 16:57:27,125] Trial 7 finished with value: 0.9120279641268272 and parameters: {'learning_rate': 0.06742286705510957, 'max_depth': 9, 'min_child_weight': 3, 'subsample': 0.9259178692560519, 'colsample_bytree': 0.9514188477306349, 'reg_alpha': 0.19721064079594572, 'reg_lambda': 0.0012995175493332144}. Best is trial 6 with value: 0.9749132405903539.
[I 2026-03-06 16:57:27,435] Trial 8 finished with value: 0.9324160158180917 and parameters: {'learning_rate': 0.030235024552195736, 'max_depth': 8, 'min_child_weight': 6, 'subsample': 0.6243971100643593, 'colsample_bytree': 0.6619647398373338, 'reg_alpha': 0.26836284231057067, 'reg_lambda': 1.0909563739000039}. Best is trial 6 with value: 0.9749132405903539.
[I 2026-03-06 16:57:27,844] Trial 9 finished with value: 0.9434594732010451 and parameters: {'learning_rate': 0.04160192598659006, 'max_depth': 7, 'min_child_weight': 5, 'subsample': 0.9272612026101243, 'colsample_bytree': 0.6062481453706439, 'reg_alpha': 0.8210855302536292, 'reg_lambda': 0.004306296503277587}. Best is trial 6 with value: 0.9749132405903539.
[I 2026-03-06 16:57:28,133] Trial 10 finished with value: 0.9757061224489796 and parameters: {'learning_rate': 0.01363449552387925, 'max_depth': 9, 'min_child_weight': 14, 'subsample': 0.9989203806631036, 'colsample_bytree': 0.6054014202170699, 'reg_alpha': 4.0917184083757645, 'reg_lambda': 0.038144003604782074}. Best is trial 10 with value: 0.9757061224489796.
[I 2026-03-06 16:57:28,414] Trial 11 finished with value: 0.9614894993291434 and parameters: {'learning_rate': 0.013956817134982119, 'max_depth': 9, 'min_child_weight': 15, 'subsample': 0.9974453721047728, 'colsample_bytree': 0.611930554939173, 'reg_alpha': 4.627735895061166, 'reg_lambda': 0.04659355024266412}. Best is trial 10 with value: 0.9757061224489796.
[I 2026-03-06 16:57:28,727] Trial 12 finished with value: 0.958674330908834 and parameters: {'learning_rate': 0.01816090352983606, 'max_depth': 9, 'min_child_weight': 14, 'subsample': 0.8647280758080366, 'colsample_bytree': 0.6867376308068593, 'reg_alpha': 1.9318150075244356, 'reg_lambda': 0.04159150151627797}. Best is trial 10 with value: 0.9757061224489796.
[I 2026-03-06 16:57:29,035] Trial 13 finished with value: 0.9536578490219617 and parameters: {'learning_rate': 0.019082756383883123, 'max_depth': 8, 'min_child_weight': 12, 'subsample': 0.955716705043082, 'colsample_bytree': 0.7823879740733447, 'reg_alpha': 0.8463805531657212, 'reg_lambda': 0.04165701484803892}. Best is trial 10 with value: 0.9757061224489796.
[I 2026-03-06 16:57:29,266] Trial 14 finished with value: 0.9754513946755173 and parameters: {'learning_rate': 0.010442843993622804, 'max_depth': 8, 'min_child_weight': 12, 'subsample': 0.8496637532020377, 'colsample_bytree': 0.6020724759768782, 'reg_alpha': 2.065419581337142, 'reg_lambda': 0.0084918745254953}. Best is trial 10 with value: 0.9757061224489796.
[I 2026-03-06 16:57:29,677] Trial 15 finished with value: 0.9471890968151966 and parameters: {'learning_rate': 0.010733996543074619, 'max_depth': 8, 'min_child_weight': 1, 'subsample': 0.835645949879097, 'colsample_bytree': 0.6688966422895442, 'reg_alpha': 0.051133988414214224, 'reg_lambda': 0.01142841186553702}. Best is trial 10 with value: 0.9757061224489796.
[I 2026-03-06 16:57:29,925] Trial 16 finished with value: 0.9588344890897535 and parameters: {'learning_rate': 0.014741736208621582, 'max_depth': 6, 'min_child_weight': 13, 'subsample': 0.7147086028078706, 'colsample_bytree': 0.8623975692133571, 'reg_alpha': 3.971917329099481, 'reg_lambda': 0.0010422628813868602}. Best is trial 10 with value: 0.9757061224489796.
[I 2026-03-06 16:57:30,209] Trial 17 finished with value: 0.9583916390085446 and parameters: {'learning_rate': 0.010237879393440653, 'max_depth': 8, 'min_child_weight': 10, 'subsample': 0.7684527161405651, 'colsample_bytree': 0.7286816169318544, 'reg_alpha': 0.3248864466222234, 'reg_lambda': 0.01405020790196401}. Best is trial 10 with value: 0.9757061224489796.
[I 2026-03-06 16:57:30,464] Trial 18 finished with value: 0.9577824164960103 and parameters: {'learning_rate': 0.02070517197324545, 'max_depth': 7, 'min_child_weight': 10, 'subsample': 0.6033914966314803, 'colsample_bytree': 0.6355742449740611, 'reg_alpha': 3.2254203415964438, 'reg_lambda': 0.06773044157167642}. Best is trial 10 with value: 0.9757061224489796.
[I 2026-03-06 16:57:30,752] Trial 19 finished with value: 0.9568710119341854 and parameters: {'learning_rate': 0.023223453604078712, 'max_depth': 5, 'min_child_weight': 15, 'subsample': 0.852747666382245, 'colsample_bytree': 0.7835444439955634, 'reg_alpha': 0.5634318890865943, 'reg_lambda': 0.002964825330401572}. Best is trial 10 with value: 0.9757061224489796.
[I 2026-03-06 16:57:31,053] Trial 20 finished with value: 0.9543645787726857 and parameters: {'learning_rate': 0.014500736287597392, 'max_depth': 8, 'min_child_weight': 12, 'subsample': 0.8884672264460877, 'colsample_bytree': 0.7020634101350114, 'reg_alpha': 9.265591032420954, 'reg_lambda': 0.018383626385676335}. Best is trial 10 with value: 0.9757061224489796.
[I 2026-03-06 16:57:31,394] Trial 21 finished with value: 0.9593454699526869 and parameters: {'learning_rate': 0.017647774742334754, 'max_depth': 9, 'min_child_weight': 11, 'subsample': 0.9643718543126949, 'colsample_bytree': 0.6105056701443213, 'reg_alpha': 1.8497918549867791, 'reg_lambda': 0.13377438424337396}. Best is trial 10 with value: 0.9757061224489796.
[I 2026-03-06 16:57:31,696] Trial 22 finished with value: 0.9606228938634276 and parameters: {'learning_rate': 0.012082731423995768, 'max_depth': 9, 'min_child_weight': 13, 'subsample': 0.9510472789407048, 'colsample_bytree': 0.642194349743238, 'reg_alpha': 1.5736523101668458, 'reg_lambda': 0.12958775579032597}. Best is trial 10 with value: 0.9757061224489796.
[I 2026-03-06 16:57:32,178] Trial 23 finished with value: 0.9781260080502789 and parameters: {'learning_rate': 0.015826610561255124, 'max_depth': 9, 'min_child_weight': 8, 'subsample': 0.9096922750926553, 'colsample_bytree': 0.6007279530368708, 'reg_alpha': 0.1227252134418353, 'reg_lambda': 0.023031128518082887}. Best is trial 23 with value: 0.9781260080502789.
[I 2026-03-06 16:57:32,584] Trial 24 finished with value: 0.9626069345385213 and parameters: {'learning_rate': 0.01474294384584844, 'max_depth': 8, 'min_child_weight': 8, 'subsample': 0.8923162118527934, 'colsample_bytree': 0.6469917425653725, 'reg_alpha': 0.05829702485733573, 'reg_lambda': 0.024970874451952212}. Best is trial 23 with value: 0.9781260080502789.
[I 2026-03-06 16:57:33,088] Trial 25 finished with value: 0.9620882141091731 and parameters: {'learning_rate': 0.010011544576557018, 'max_depth': 9, 'min_child_weight': 8, 'subsample': 0.9224859044374806, 'colsample_bytree': 0.6369850849328603, 'reg_alpha': 0.015550058442952066, 'reg_lambda': 0.006432892755688973}. Best is trial 23 with value: 0.9781260080502789.
[I 2026-03-06 16:57:33,433] Trial 26 finished with value: 0.960674472141798 and parameters: {'learning_rate': 0.012463553736202285, 'max_depth': 8, 'min_child_weight': 9, 'subsample': 0.8171668930135718, 'colsample_bytree': 0.6938378789294091, 'reg_alpha': 0.20150604416799792, 'reg_lambda': 0.0029113382049134576}. Best is trial 23 with value: 0.9781260080502789.
[I 2026-03-06 16:57:33,749] Trial 27 finished with value: 0.9681020831862158 and parameters: {'learning_rate': 0.023220269154317616, 'max_depth': 7, 'min_child_weight': 14, 'subsample': 0.7673459590024803, 'colsample_bytree': 0.754268822709332, 'reg_alpha': 0.10477279479328167, 'reg_lambda': 0.011486001164290644}. Best is trial 23 with value: 0.9781260080502789.
[I 2026-03-06 16:57:34,118] Trial 28 finished with value: 0.9781124496857567 and parameters: {'learning_rate': 0.016071389935036238, 'max_depth': 9, 'min_child_weight': 7, 'subsample': 0.9788067641300225, 'colsample_bytree': 0.6005212321751325, 'reg_alpha': 0.09996307244481803, 'reg_lambda': 0.026381178827043213}. Best is trial 23 with value: 0.9781260080502789.
[I 2026-03-06 16:57:34,441] Trial 29 finished with value: 0.9107063060518324 and parameters: {'learning_rate': 0.09318835577704636, 'max_depth': 5, 'min_child_weight': 7, 'subsample': 0.9961970060915377, 'colsample_bytree': 0.9409440094528828, 'reg_alpha': 0.014511176129690691, 'reg_lambda': 0.0291157652524556}. Best is trial 23 with value: 0.9781260080502789.
[I 2026-03-06 16:57:34,787] Trial 30 finished with value: 0.9604434150130641 and parameters: {'learning_rate': 0.01694327907608141, 'max_depth': 9, 'min_child_weight': 7, 'subsample': 0.9778870285752346, 'colsample_bytree': 0.8499110451041104, 'reg_alpha': 0.09321450686285092, 'reg_lambda': 0.08040203858963124}. Best is trial 23 with value: 0.9781260080502789.
[I 2026-03-06 16:57:35,071] Trial 31 finished with value: 0.961623162206059 and parameters: {'learning_rate': 0.012102861991985894, 'max_depth': 9, 'min_child_weight': 9, 'subsample': 0.9172016591649391, 'colsample_bytree': 0.6295004786838223, 'reg_alpha': 0.44007719389474786, 'reg_lambda': 0.007766785693463717}. Best is trial 23 with value: 0.9781260080502789.
[I 2026-03-06 16:57:35,523] Trial 32 finished with value: 0.9780102535131701 and parameters: {'learning_rate': 0.01578899267989421, 'max_depth': 8, 'min_child_weight': 11, 'subsample': 0.9809957726601726, 'colsample_bytree': 0.605194854242493, 'reg_alpha': 0.11527476809048168, 'reg_lambda': 0.024762397555409283}. Best is trial 23 with value: 0.9781260080502789.
[I 2026-03-06 16:57:35,864] Trial 33 finished with value: 0.963833232116376 and parameters: {'learning_rate': 0.021280933576932975, 'max_depth': 9, 'min_child_weight': 9, 'subsample': 0.9780187835941041, 'colsample_bytree': 0.6700489439270079, 'reg_alpha': 0.0975148125396087, 'reg_lambda': 0.022280777835112155}. Best is trial 23 with value: 0.9781260080502789.
[I 2026-03-06 16:57:36,088] Trial 34 finished with value: 0.9629109808629335 and parameters: {'learning_rate': 0.01620552211150891, 'max_depth': 3, 'min_child_weight': 7, 'subsample': 0.9802613997338405, 'colsample_bytree': 0.6231942631820647, 'reg_alpha': 0.046917662113774954, 'reg_lambda': 0.06819752099759432}. Best is trial 23 with value: 0.9781260080502789.
[I 2026-03-06 16:57:36,414] Trial 35 finished with value: 0.9647403431961019 and parameters: {'learning_rate': 0.027452074833420135, 'max_depth': 8, 'min_child_weight': 11, 'subsample': 0.9329005496755788, 'colsample_bytree': 0.6496529989547261, 'reg_alpha': 0.027325637280866986, 'reg_lambda': 0.033504735603370694}. Best is trial 23 with value: 0.9781260080502789.
[I 2026-03-06 16:57:36,640] Trial 36 finished with value: 0.9378335993220817 and parameters: {'learning_rate': 0.013408919833654777, 'max_depth': 7, 'min_child_weight': 6, 'subsample': 0.9060890100274853, 'colsample_bytree': 0.707942294047896, 'reg_alpha': 0.14077806898306428, 'reg_lambda': 2.3377764829448524}. Best is trial 23 with value: 0.9781260080502789.
[I 2026-03-06 16:57:36,937] Trial 37 finished with value: 0.9611073794223571 and parameters: {'learning_rate': 0.01586370192176435, 'max_depth': 9, 'min_child_weight': 11, 'subsample': 0.9992924839431003, 'colsample_bytree': 0.6812184915197437, 'reg_alpha': 0.005124628892666534, 'reg_lambda': 0.2593230852363657}. Best is trial 23 with value: 0.9781260080502789.
[I 2026-03-06 16:57:37,246] Trial 38 finished with value: 0.9600016383023797 and parameters: {'learning_rate': 0.03651725338283769, 'max_depth': 6, 'min_child_weight': 5, 'subsample': 0.9457334878278332, 'colsample_bytree': 0.9114932246765234, 'reg_alpha': 0.0017893468582448624, 'reg_lambda': 0.01695933285459899}. Best is trial 23 with value: 0.9781260080502789.
[I 2026-03-06 16:57:37,558] Trial 39 finished with value: 0.9620296871689852 and parameters: {'learning_rate': 0.025750732009696253, 'max_depth': 9, 'min_child_weight': 10, 'subsample': 0.8733590528497415, 'colsample_bytree': 0.9960364799236092, 'reg_alpha': 0.008106289524947184, 'reg_lambda': 0.4385659475663}. Best is trial 23 with value: 0.9781260080502789.
[I 2026-03-06 16:57:37,882] Trial 40 finished with value: 0.9617536614645859 and parameters: {'learning_rate': 0.020806650318383958, 'max_depth': 8, 'min_child_weight': 8, 'subsample': 0.9688239274927045, 'colsample_bytree': 0.655848714313366, 'reg_alpha': 0.027521610603064958, 'reg_lambda': 0.11351840519076067}. Best is trial 23 with value: 0.9781260080502789.
[I 2026-03-06 16:57:38,097] Trial 41 finished with value: 0.9758089965397925 and parameters: {'learning_rate': 0.01150781618464032, 'max_depth': 8, 'min_child_weight': 13, 'subsample': 0.8440908388637557, 'colsample_bytree': 0.6024561591035446, 'reg_alpha': 7.066364137296514, 'reg_lambda': 0.007909977856538946}. Best is trial 23 with value: 0.9781260080502789.
[I 2026-03-06 16:57:38,327] Trial 42 finished with value: 0.9584641762587388 and parameters: {'learning_rate': 0.011896640418280894, 'max_depth': 9, 'min_child_weight': 14, 'subsample': 0.9440285971173876, 'colsample_bytree': 0.6226583472001057, 'reg_alpha': 5.208186542061241, 'reg_lambda': 0.004400181797226301}. Best is trial 23 with value: 0.9781260080502789.
[I 2026-03-06 16:57:38,550] Trial 43 finished with value: 0.9757889414589365 and parameters: {'learning_rate': 0.01326798767992719, 'max_depth': 4, 'min_child_weight': 13, 'subsample': 0.9082222095593784, 'colsample_bytree': 0.6042955690294315, 'reg_alpha': 6.984539574031801, 'reg_lambda': 0.0018875824676787792}. Best is trial 23 with value: 0.9781260080502789.
[I 2026-03-06 16:57:38,820] Trial 44 finished with value: 0.9625725301885459 and parameters: {'learning_rate': 0.016286357052996983, 'max_depth': 3, 'min_child_weight': 4, 'subsample': 0.8987880797072869, 'colsample_bytree': 0.6004213994988999, 'reg_alpha': 6.233454068833793, 'reg_lambda': 0.002326496445675278}. Best is trial 23 with value: 0.9781260080502789.
[I 2026-03-06 16:57:39,045] Trial 45 finished with value: 0.9621422780877057 and parameters: {'learning_rate': 0.01137537754837027, 'max_depth': 4, 'min_child_weight': 13, 'subsample': 0.8719249785807353, 'colsample_bytree': 0.6234079528187987, 'reg_alpha': 1.0732676437219375, 'reg_lambda': 0.0016895621710909991}. Best is trial 23 with value: 0.9781260080502789.
[I 2026-03-06 16:57:39,285] Trial 46 finished with value: 0.9627072664359861 and parameters: {'learning_rate': 0.012748126939619393, 'max_depth': 4, 'min_child_weight': 11, 'subsample': 0.8264434104443492, 'colsample_bytree': 0.6263808107578053, 'reg_alpha': 0.1761118395889234, 'reg_lambda': 0.005198131459053852}. Best is trial 23 with value: 0.9781260080502789.
[I 2026-03-06 16:57:39,617] Trial 47 finished with value: 0.9160789774733422 and parameters: {'learning_rate': 0.05216944910136785, 'max_depth': 5, 'min_child_weight': 13, 'subsample': 0.8042184946696591, 'colsample_bytree': 0.6709803215715409, 'reg_alpha': 0.6334429586344432, 'reg_lambda': 0.00936330554270391}. Best is trial 23 with value: 0.9781260080502789.
[I 2026-03-06 16:57:39,960] Trial 48 finished with value: 0.9746891321234377 and parameters: {'learning_rate': 0.015605085723200313, 'max_depth': 7, 'min_child_weight': 9, 'subsample': 0.7874862521513375, 'colsample_bytree': 0.6007314651017257, 'reg_alpha': 0.3070851510802585, 'reg_lambda': 0.001957430456349484}. Best is trial 23 with value: 0.9781260080502789.
