[I 2026-03-06 18:16:54,857] Trial 0 finished with value: 0.597177102109762 and parameters: {'learning_rate': 0.1, 'max_depth': 6, 'min_child_weight': 6, 'subsample': 1.0, 'colsample_bytree': 1.0, 'reg_alpha': 0.001, 'reg_lambda': 1.0}. Best is trial 0 with value: 0.597177102109762.
[I 2026-03-06 18:16:55,142] Trial 1 finished with value: 0.6158815426997245 and parameters: {'learning_rate': 0.07722755193445865, 'max_depth': 3, 'min_child_weight': 10, 'subsample': 0.8287725859606901, 'colsample_bytree': 0.8318322644806543, 'reg_alpha': 0.02191309900434549, 'reg_lambda': 0.004768666500543832}. Best is trial 1 with value: 0.6158815426997245.
[I 2026-03-06 18:16:55,671] Trial 2 finished with value: 0.694142774546815 and parameters: {'learning_rate': 0.029257568283747513, 'max_depth': 7, 'min_child_weight': 1, 'subsample': 0.6057181186101426, 'colsample_bytree': 0.6875612724407577, 'reg_alpha': 0.45862618853060877, 'reg_lambda': 0.03950378442924322}. Best is trial 2 with value: 0.694142774546815.
[I 2026-03-06 18:16:56,001] Trial 3 finished with value: 0.7114397623825234 and parameters: {'learning_rate': 0.020711768516601003, 'max_depth': 9, 'min_child_weight': 4, 'subsample': 0.7865462904534912, 'colsample_bytree': 0.9612974232349085, 'reg_alpha': 3.2911880964730327, 'reg_lambda': 0.2037420701804404}. Best is trial 3 with value: 0.7114397623825234.
[I 2026-03-06 18:16:56,349] Trial 4 finished with value: 0.7203731478647303 and parameters: {'learning_rate': 0.010714586648922986, 'max_depth': 5, 'min_child_weight': 6, 'subsample': 0.6044218275081642, 'colsample_bytree': 0.6808683106573796, 'reg_alpha': 0.04139977052383656, 'reg_lambda': 0.09750017951558708}. Best is trial 4 with value: 0.7203731478647303.
[I 2026-03-06 18:16:56,636] Trial 5 finished with value: 0.7563308165833419 and parameters: {'learning_rate': 0.022776332719846498, 'max_depth': 4, 'min_child_weight': 14, 'subsample': 0.6879220085358031, 'colsample_bytree': 0.6840742385733838, 'reg_alpha': 0.012368727196924173, 'reg_lambda': 6.281131638766702}. Best is trial 5 with value: 0.7563308165833419.
[I 2026-03-06 18:16:56,871] Trial 6 finished with value: 0.6998877098708748 and parameters: {'learning_rate': 0.021494006053378027, 'max_depth': 3, 'min_child_weight': 2, 'subsample': 0.647904293770845, 'colsample_bytree': 0.9526549505110918, 'reg_alpha': 0.0015014000966613692, 'reg_lambda': 0.013732698641092243}. Best is trial 5 with value: 0.7563308165833419.
[I 2026-03-06 18:16:57,128] Trial 7 finished with value: 0.7538589599700709 and parameters: {'learning_rate': 0.01200719084934575, 'max_depth': 5, 'min_child_weight': 8, 'subsample': 0.7549040232300137, 'colsample_bytree': 0.606887632479146, 'reg_alpha': 0.007839358903492098, 'reg_lambda': 0.012351946278943796}. Best is trial 5 with value: 0.7563308165833419.
[I 2026-03-06 18:16:57,359] Trial 8 finished with value: 0.6890872246596151 and parameters: {'learning_rate': 0.01472694656957259, 'max_depth': 7, 'min_child_weight': 1, 'subsample': 0.8505093810152413, 'colsample_bytree': 0.7651063652556971, 'reg_alpha': 0.002915153925678829, 'reg_lambda': 0.7112563053038652}. Best is trial 5 with value: 0.7563308165833419.
[I 2026-03-06 18:16:57,578] Trial 9 finished with value: 0.6078683581040483 and parameters: {'learning_rate': 0.0864890892103985, 'max_depth': 8, 'min_child_weight': 7, 'subsample': 0.8962274165703281, 'colsample_bytree': 0.7770851031016579, 'reg_alpha': 3.2714742872276417, 'reg_lambda': 0.030757211752749293}. Best is trial 5 with value: 0.7563308165833419.
[I 2026-03-06 18:16:57,784] Trial 10 finished with value: 0.6437852713441939 and parameters: {'learning_rate': 0.046013291069236094, 'max_depth': 4, 'min_child_weight': 15, 'subsample': 0.6970167383762002, 'colsample_bytree': 0.8475222989630025, 'reg_alpha': 0.30667605784884533, 'reg_lambda': 6.6393532154429575}. Best is trial 5 with value: 0.7563308165833419.
[I 2026-03-06 18:16:58,016] Trial 11 finished with value: 0.755321395775941 and parameters: {'learning_rate': 0.010574240988267649, 'max_depth': 5, 'min_child_weight': 11, 'subsample': 0.7384163033246207, 'colsample_bytree': 0.6058181226038912, 'reg_alpha': 0.011175385016091943, 'reg_lambda': 0.0010866231843465863}. Best is trial 5 with value: 0.7563308165833419.
[I 2026-03-06 18:16:58,262] Trial 12 finished with value: 0.6744091872711401 and parameters: {'learning_rate': 0.03742361666418894, 'max_depth': 5, 'min_child_weight': 13, 'subsample': 0.7180473490647412, 'colsample_bytree': 0.6198815732980805, 'reg_alpha': 0.011012581036215939, 'reg_lambda': 0.0013600052222798764}. Best is trial 5 with value: 0.7563308165833419.
[I 2026-03-06 18:16:58,465] Trial 13 finished with value: 0.7200878028319107 and parameters: {'learning_rate': 0.017415905426832932, 'max_depth': 4, 'min_child_weight': 11, 'subsample': 0.6956424557123437, 'colsample_bytree': 0.6860504124026292, 'reg_alpha': 0.06311260968659255, 'reg_lambda': 8.69058610933598}. Best is trial 5 with value: 0.7563308165833419.
[I 2026-03-06 18:16:58,675] Trial 14 finished with value: 0.6504199684839415 and parameters: {'learning_rate': 0.054640758404729275, 'max_depth': 4, 'min_child_weight': 15, 'subsample': 0.7566839899793709, 'colsample_bytree': 0.648093358916765, 'reg_alpha': 0.17558158478357852, 'reg_lambda': 0.001173198309921358}. Best is trial 5 with value: 0.7563308165833419.
[I 2026-03-06 18:16:58,889] Trial 15 finished with value: 0.7412847328503893 and parameters: {'learning_rate': 0.026972057128724455, 'max_depth': 6, 'min_child_weight': 12, 'subsample': 0.6629719484040408, 'colsample_bytree': 0.7398764005676884, 'reg_alpha': 0.007302158473487058, 'reg_lambda': 1.6764038686425673}. Best is trial 5 with value: 0.7563308165833419.
[I 2026-03-06 18:16:59,085] Trial 16 finished with value: 0.7334831479780974 and parameters: {'learning_rate': 0.014187995869976404, 'max_depth': 4, 'min_child_weight': 10, 'subsample': 0.8804152155683944, 'colsample_bytree': 0.723897696534753, 'reg_alpha': 0.0038677237212941316, 'reg_lambda': 0.2557546059892173}. Best is trial 5 with value: 0.7563308165833419.
[I 2026-03-06 18:16:59,284] Trial 17 finished with value: 0.7588616240973143 and parameters: {'learning_rate': 0.01015029087145173, 'max_depth': 5, 'min_child_weight': 13, 'subsample': 0.7395008035873074, 'colsample_bytree': 0.6009343875378873, 'reg_alpha': 0.019987736154880465, 'reg_lambda': 2.1143785690456003}. Best is trial 17 with value: 0.7588616240973143.
[I 2026-03-06 18:16:59,476] Trial 18 finished with value: 0.7586287113559841 and parameters: {'learning_rate': 0.022874792645466057, 'max_depth': 3, 'min_child_weight': 13, 'subsample': 0.6555667388535241, 'colsample_bytree': 0.6629476385961137, 'reg_alpha': 0.029456461787149935, 'reg_lambda': 3.5815935486755417}. Best is trial 17 with value: 0.7588616240973143.
[I 2026-03-06 18:16:59,728] Trial 19 finished with value: 0.655497398224671 and parameters: {'learning_rate': 0.03692107789686772, 'max_depth': 3, 'min_child_weight': 13, 'subsample': 0.6440699998958803, 'colsample_bytree': 0.8705181708982359, 'reg_alpha': 0.8459742846573146, 'reg_lambda': 2.265107162004796}. Best is trial 17 with value: 0.7588616240973143.
[I 2026-03-06 18:16:59,934] Trial 20 finished with value: 0.7626890113253749 and parameters: {'learning_rate': 0.01648865367568786, 'max_depth': 7, 'min_child_weight': 9, 'subsample': 0.7959853299121996, 'colsample_bytree': 0.727492902405211, 'reg_alpha': 0.08683377209956772, 'reg_lambda': 2.9359196254969633}. Best is trial 20 with value: 0.7626890113253749.
[I 2026-03-06 18:17:00,147] Trial 21 finished with value: 0.7455009692888481 and parameters: {'learning_rate': 0.016374373062545428, 'max_depth': 7, 'min_child_weight': 10, 'subsample': 0.8052592799935644, 'colsample_bytree': 0.6504042378659518, 'reg_alpha': 0.03995231325903397, 'reg_lambda': 3.195505682507024}. Best is trial 20 with value: 0.7626890113253749.
[I 2026-03-06 18:17:00,383] Trial 22 finished with value: 0.741689566824247 and parameters: {'learning_rate': 0.012710483152837456, 'max_depth': 8, 'min_child_weight': 9, 'subsample': 0.785337053268934, 'colsample_bytree': 0.7147394363828455, 'reg_alpha': 0.11686508362115573, 'reg_lambda': 0.5574577086422408}. Best is trial 20 with value: 0.7626890113253749.
[I 2026-03-06 18:17:00,589] Trial 23 finished with value: 0.7746965729120611 and parameters: {'learning_rate': 0.018759354197144935, 'max_depth': 6, 'min_child_weight': 13, 'subsample': 0.7265947033974766, 'colsample_bytree': 0.639906459952538, 'reg_alpha': 0.028302138832422212, 'reg_lambda': 4.098101072452319}. Best is trial 23 with value: 0.7746965729120611.
[I 2026-03-06 18:17:00,824] Trial 24 finished with value: 0.7712411431940052 and parameters: {'learning_rate': 0.0182379200572159, 'max_depth': 6, 'min_child_weight': 12, 'subsample': 0.9581902396098647, 'colsample_bytree': 0.6328487905583202, 'reg_alpha': 0.10412147620382727, 'reg_lambda': 1.248012166594723}. Best is trial 23 with value: 0.7746965729120611.
[I 2026-03-06 18:17:01,025] Trial 25 finished with value: 0.7267278849097031 and parameters: {'learning_rate': 0.018175933668154752, 'max_depth': 6, 'min_child_weight': 8, 'subsample': 0.9926851062772079, 'colsample_bytree': 0.8028389013273197, 'reg_alpha': 1.2817628440500963, 'reg_lambda': 0.2726117065871841}. Best is trial 23 with value: 0.7746965729120611.
[I 2026-03-06 18:17:01,258] Trial 26 finished with value: 0.7588534049813511 and parameters: {'learning_rate': 0.025754820946184136, 'max_depth': 8, 'min_child_weight': 11, 'subsample': 0.9235795448721603, 'colsample_bytree': 0.6319226883000024, 'reg_alpha': 0.08754656722019086, 'reg_lambda': 1.0095400279279036}. Best is trial 23 with value: 0.7746965729120611.
[I 2026-03-06 18:17:01,456] Trial 27 finished with value: 0.7467035676631636 and parameters: {'learning_rate': 0.014631438676870341, 'max_depth': 7, 'min_child_weight': 12, 'subsample': 0.9479106570377026, 'colsample_bytree': 0.7171311609833746, 'reg_alpha': 0.17665060341967623, 'reg_lambda': 4.012569310927958}. Best is trial 23 with value: 0.7746965729120611.
[I 2026-03-06 18:17:01,664] Trial 28 finished with value: 0.7258660114047318 and parameters: {'learning_rate': 0.019428876182998735, 'max_depth': 6, 'min_child_weight': 9, 'subsample': 0.8212575067073067, 'colsample_bytree': 0.7499285466340819, 'reg_alpha': 9.036866720212787, 'reg_lambda': 1.3500368053079106}. Best is trial 23 with value: 0.7746965729120611.
[I 2026-03-06 18:17:01,888] Trial 29 finished with value: 0.698988368533823 and parameters: {'learning_rate': 0.03401941697600648, 'max_depth': 6, 'min_child_weight': 4, 'subsample': 0.8612414990894134, 'colsample_bytree': 0.7062973080640472, 'reg_alpha': 0.3354201307280855, 'reg_lambda': 0.46100620579716833}. Best is trial 23 with value: 0.7746965729120611.
[I 2026-03-06 18:17:02,140] Trial 30 finished with value: 0.7673386502511081 and parameters: {'learning_rate': 0.015650592559803854, 'max_depth': 7, 'min_child_weight': 14, 'subsample': 0.9417023241248319, 'colsample_bytree': 0.6359164642108905, 'reg_alpha': 0.06694632344536618, 'reg_lambda': 0.9855660968144672}. Best is trial 23 with value: 0.7746965729120611.
[I 2026-03-06 18:17:02,360] Trial 31 finished with value: 0.7645186999059053 and parameters: {'learning_rate': 0.015187896438861962, 'max_depth': 7, 'min_child_weight': 14, 'subsample': 0.9756111916693666, 'colsample_bytree': 0.6518364800237703, 'reg_alpha': 0.054537670544634737, 'reg_lambda': 0.9991770620670613}. Best is trial 23 with value: 0.7746965729120611.
[I 2026-03-06 18:17:02,563] Trial 32 finished with value: 0.7463532632724551 and parameters: {'learning_rate': 0.012800392743055396, 'max_depth': 8, 'min_child_weight': 14, 'subsample': 0.9997068653081042, 'colsample_bytree': 0.6369466657409883, 'reg_alpha': 0.06513795721295065, 'reg_lambda': 1.0111711389670828}. Best is trial 23 with value: 0.7746965729120611.
[I 2026-03-06 18:17:02,825] Trial 33 finished with value: 0.7942017254475168 and parameters: {'learning_rate': 0.02514416795206412, 'max_depth': 6, 'min_child_weight': 14, 'subsample': 0.9648238786440516, 'colsample_bytree': 0.6641822673559007, 'reg_alpha': 0.021021360116524227, 'reg_lambda': 0.13685379581346058}. Best is trial 33 with value: 0.7942017254475168.
[I 2026-03-06 18:17:03,058] Trial 34 finished with value: 0.7832158850003968 and parameters: {'learning_rate': 0.02473359050198121, 'max_depth': 6, 'min_child_weight': 15, 'subsample': 0.9515235714090345, 'colsample_bytree': 0.6624427608240464, 'reg_alpha': 0.020267078550192545, 'reg_lambda': 0.09892355374944524}. Best is trial 33 with value: 0.7942017254475168.
[I 2026-03-06 18:17:03,302] Trial 35 finished with value: 0.7453461664909478 and parameters: {'learning_rate': 0.03070741903246081, 'max_depth': 6, 'min_child_weight': 15, 'subsample': 0.9615537197187529, 'colsample_bytree': 0.6765647430363396, 'reg_alpha': 0.004209697247672268, 'reg_lambda': 0.10834916318022408}. Best is trial 33 with value: 0.7942017254475168.
[I 2026-03-06 18:17:03,539] Trial 36 finished with value: 0.778684601344534 and parameters: {'learning_rate': 0.022859508103835503, 'max_depth': 6, 'min_child_weight': 15, 'subsample': 0.9140621570615831, 'colsample_bytree': 0.6648063724879073, 'reg_alpha': 0.02202420221960576, 'reg_lambda': 0.09316718244885004}. Best is trial 33 with value: 0.7942017254475168.
[I 2026-03-06 18:17:03,782] Trial 37 finished with value: 0.7750256776519402 and parameters: {'learning_rate': 0.025247476625956413, 'max_depth': 5, 'min_child_weight': 15, 'subsample': 0.9124525583526498, 'colsample_bytree': 0.8991502146062461, 'reg_alpha': 0.017910453959842646, 'reg_lambda': 0.08379129481275303}. Best is trial 33 with value: 0.7942017254475168.
[I 2026-03-06 18:17:04,069] Trial 38 finished with value: 0.7754953576165696 and parameters: {'learning_rate': 0.025105877106947803, 'max_depth': 5, 'min_child_weight': 15, 'subsample': 0.9171217012229789, 'colsample_bytree': 0.8955449788350796, 'reg_alpha': 0.016380557532755743, 'reg_lambda': 0.05595589092177464}. Best is trial 33 with value: 0.7942017254475168.
[I 2026-03-06 18:17:04,324] Trial 39 finished with value: 0.6783834415989298 and parameters: {'learning_rate': 0.04151264014214393, 'max_depth': 5, 'min_child_weight': 15, 'subsample': 0.9197074859073633, 'colsample_bytree': 0.9998208932933373, 'reg_alpha': 0.00229170833958609, 'reg_lambda': 0.05455415693715155}. Best is trial 33 with value: 0.7942017254475168.
[I 2026-03-06 18:17:04,564] Trial 40 finished with value: 0.7707720867485177 and parameters: {'learning_rate': 0.02875832298235323, 'max_depth': 5, 'min_child_weight': 14, 'subsample': 0.8826567841254132, 'colsample_bytree': 0.9185036986919768, 'reg_alpha': 0.0058969323565233826, 'reg_lambda': 0.02384055761097348}. Best is trial 33 with value: 0.7942017254475168.
[I 2026-03-06 18:17:04,778] Trial 41 finished with value: 0.7704243331179358 and parameters: {'learning_rate': 0.02443994903509531, 'max_depth': 5, 'min_child_weight': 15, 'subsample': 0.9157651848446011, 'colsample_bytree': 0.8989309419887404, 'reg_alpha': 0.018224179970188735, 'reg_lambda': 0.09871075035189672}. Best is trial 33 with value: 0.7942017254475168.
[I 2026-03-06 18:17:04,986] Trial 42 finished with value: 0.7839687560226282 and parameters: {'learning_rate': 0.0216591292984426, 'max_depth': 5, 'min_child_weight': 15, 'subsample': 0.9004651190976536, 'colsample_bytree': 0.909810466927008, 'reg_alpha': 0.01644381779023828, 'reg_lambda': 0.05971228746342853}. Best is trial 33 with value: 0.7942017254475168.
[I 2026-03-06 18:17:05,199] Trial 43 finished with value: 0.7963905610538609 and parameters: {'learning_rate': 0.021417107883103307, 'max_depth': 6, 'min_child_weight': 14, 'subsample': 0.9354361047343973, 'colsample_bytree': 0.972388911355573, 'reg_alpha': 0.011588067209164327, 'reg_lambda': 0.1530569045426049}. Best is trial 43 with value: 0.7963905610538609.
[I 2026-03-06 18:17:05,505] Trial 44 finished with value: 0.7603852781462208 and parameters: {'learning_rate': 0.021232299423329205, 'max_depth': 6, 'min_child_weight': 14, 'subsample': 0.9789613487025468, 'colsample_bytree': 0.9603374873787797, 'reg_alpha': 0.0012367119728790947, 'reg_lambda': 0.1536055201803311}. Best is trial 43 with value: 0.7963905610538609.
[I 2026-03-06 18:17:05,722] Trial 45 finished with value: 0.7696246981600517 and parameters: {'learning_rate': 0.020693010470892743, 'max_depth': 6, 'min_child_weight': 14, 'subsample': 0.8913619929559711, 'colsample_bytree': 0.9916662436150234, 'reg_alpha': 0.010458905600490691, 'reg_lambda': 0.018273621699739496}. Best is trial 43 with value: 0.7963905610538609.
[I 2026-03-06 18:17:05,949] Trial 46 finished with value: 0.7594648505254566 and parameters: {'learning_rate': 0.028424727491025658, 'max_depth': 6, 'min_child_weight': 12, 'subsample': 0.9372563931734613, 'colsample_bytree': 0.9373446301067259, 'reg_alpha': 0.034232448402692205, 'reg_lambda': 0.006973934059404676}. Best is trial 43 with value: 0.7963905610538609.
[I 2026-03-06 18:17:06,217] Trial 47 finished with value: 0.7756969243501229 and parameters: {'learning_rate': 0.022524309665721262, 'max_depth': 6, 'min_child_weight': 13, 'subsample': 0.8495993819041501, 'colsample_bytree': 0.9770501321673122, 'reg_alpha': 0.006014008277424283, 'reg_lambda': 0.16134344490578933}. Best is trial 43 with value: 0.7963905610538609.
[I 2026-03-06 18:17:06,492] Trial 48 finished with value: 0.7537938305615074 and parameters: {'learning_rate': 0.03366834412463873, 'max_depth': 9, 'min_child_weight': 6, 'subsample': 0.9710667973962442, 'colsample_bytree': 0.8082058021825729, 'reg_alpha': 0.002127408622724249, 'reg_lambda': 0.043815088268614966}. Best is trial 43 with value: 0.7963905610538609.
