[I 2026-03-06 19:04:18,391] Trial 0 finished with value: 0.8566948950787335 and parameters: {'learning_rate': 0.1, 'max_depth': 6, 'min_child_weight': 6, 'subsample': 1.0, 'colsample_bytree': 1.0, 'reg_alpha': 0.001, 'reg_lambda': 1.0}. Best is trial 0 with value: 0.8566948950787335.
[I 2026-03-06 19:04:18,720] Trial 1 finished with value: 0.8590257229987869 and parameters: {'learning_rate': 0.06176117005132575, 'max_depth': 5, 'min_child_weight': 15, 'subsample': 0.6877718090417948, 'colsample_bytree': 0.6801860071885923, 'reg_alpha': 2.1586706603324046, 'reg_lambda': 0.001041039898676787}. Best is trial 1 with value: 0.8590257229987869.
[I 2026-03-06 19:04:19,106] Trial 2 finished with value: 0.8578033420626013 and parameters: {'learning_rate': 0.09055315089513326, 'max_depth': 9, 'min_child_weight': 2, 'subsample': 0.888348425813621, 'colsample_bytree': 0.7340781528209719, 'reg_alpha': 0.06360113882534754, 'reg_lambda': 0.004494297140170073}. Best is trial 1 with value: 0.8590257229987869.
[I 2026-03-06 19:04:19,414] Trial 3 finished with value: 0.8724618803069981 and parameters: {'learning_rate': 0.02030365840196097, 'max_depth': 6, 'min_child_weight': 9, 'subsample': 0.9051586900171398, 'colsample_bytree': 0.8611852272565886, 'reg_alpha': 3.383606678880461, 'reg_lambda': 4.570739897794447}. Best is trial 3 with value: 0.8724618803069981.
[I 2026-03-06 19:04:19,733] Trial 4 finished with value: 0.8736954279041822 and parameters: {'learning_rate': 0.025942257109155813, 'max_depth': 3, 'min_child_weight': 9, 'subsample': 0.7373170923249727, 'colsample_bytree': 0.997241231958117, 'reg_alpha': 0.0016837823672838641, 'reg_lambda': 0.04180749791567236}. Best is trial 4 with value: 0.8736954279041822.
[I 2026-03-06 19:04:20,057] Trial 5 finished with value: 0.8466984094593523 and parameters: {'learning_rate': 0.08633262185434382, 'max_depth': 5, 'min_child_weight': 6, 'subsample': 0.6033830923723101, 'colsample_bytree': 0.6585454584361543, 'reg_alpha': 2.656633830340498, 'reg_lambda': 0.3400943054817109}. Best is trial 4 with value: 0.8736954279041822.
[I 2026-03-06 19:04:20,355] Trial 6 finished with value: 0.8621561291931662 and parameters: {'learning_rate': 0.063827391760458, 'max_depth': 6, 'min_child_weight': 13, 'subsample': 0.7757438069272786, 'colsample_bytree': 0.9186398273162549, 'reg_alpha': 0.06176143851448964, 'reg_lambda': 0.0040282388837905424}. Best is trial 4 with value: 0.8736954279041822.
[I 2026-03-06 19:04:20,615] Trial 7 finished with value: 0.8710175265562472 and parameters: {'learning_rate': 0.014850969089916642, 'max_depth': 3, 'min_child_weight': 7, 'subsample': 0.9422379802760581, 'colsample_bytree': 0.8676396048696213, 'reg_alpha': 0.8979007701765038, 'reg_lambda': 0.04500067595668132}. Best is trial 4 with value: 0.8736954279041822.
[I 2026-03-06 19:04:20,873] Trial 8 finished with value: 0.8552333095262389 and parameters: {'learning_rate': 0.08171485831373254, 'max_depth': 9, 'min_child_weight': 12, 'subsample': 0.9313738402415321, 'colsample_bytree': 0.8012279371239531, 'reg_alpha': 4.189235790611735, 'reg_lambda': 1.5466306301170603}. Best is trial 4 with value: 0.8736954279041822.
[I 2026-03-06 19:04:21,142] Trial 9 finished with value: 0.858404471199084 and parameters: {'learning_rate': 0.08750849039620863, 'max_depth': 6, 'min_child_weight': 2, 'subsample': 0.7891530503471991, 'colsample_bytree': 0.7534520084931295, 'reg_alpha': 0.14039689258849472, 'reg_lambda': 0.004890293622494385}. Best is trial 4 with value: 0.8736954279041822.
[I 2026-03-06 19:04:21,432] Trial 10 finished with value: 0.8669487240531011 and parameters: {'learning_rate': 0.033393177670092256, 'max_depth': 3, 'min_child_weight': 10, 'subsample': 0.7137296745643285, 'colsample_bytree': 0.9974229768136941, 'reg_alpha': 0.0028233894452099244, 'reg_lambda': 0.053769484932685546}. Best is trial 4 with value: 0.8736954279041822.
[I 2026-03-06 19:04:21,656] Trial 11 finished with value: 0.8811563445906881 and parameters: {'learning_rate': 0.0215032706737525, 'max_depth': 8, 'min_child_weight': 10, 'subsample': 0.857289640204514, 'colsample_bytree': 0.896256559816031, 'reg_alpha': 0.010072997096856684, 'reg_lambda': 7.455828667242978}. Best is trial 11 with value: 0.8811563445906881.
[I 2026-03-06 19:04:21,890] Trial 12 finished with value: 0.8702826809055766 and parameters: {'learning_rate': 0.03046330316544855, 'max_depth': 8, 'min_child_weight': 11, 'subsample': 0.8451981180473833, 'colsample_bytree': 0.9299478907754534, 'reg_alpha': 0.006063081042959577, 'reg_lambda': 8.137493482210521}. Best is trial 11 with value: 0.8811563445906881.
[I 2026-03-06 19:04:22,223] Trial 13 finished with value: 0.8779222641680554 and parameters: {'learning_rate': 0.010477259232030505, 'max_depth': 8, 'min_child_weight': 8, 'subsample': 0.730259727816421, 'colsample_bytree': 0.9362603352632117, 'reg_alpha': 0.009810546656645198, 'reg_lambda': 0.11650957896463972}. Best is trial 11 with value: 0.8811563445906881.
[I 2026-03-06 19:04:22,491] Trial 14 finished with value: 0.867533981793241 and parameters: {'learning_rate': 0.012099410545101202, 'max_depth': 8, 'min_child_weight': 4, 'subsample': 0.655972917367078, 'colsample_bytree': 0.9182599330499776, 'reg_alpha': 0.013038119808200665, 'reg_lambda': 0.37733687781416136}. Best is trial 11 with value: 0.8811563445906881.
[I 2026-03-06 19:04:22,753] Trial 15 finished with value: 0.8778124114319401 and parameters: {'learning_rate': 0.010287679542047826, 'max_depth': 8, 'min_child_weight': 14, 'subsample': 0.8416828198906099, 'colsample_bytree': 0.8411622554792137, 'reg_alpha': 0.015809190174229264, 'reg_lambda': 0.17811344824991945}. Best is trial 11 with value: 0.8811563445906881.
[I 2026-03-06 19:04:23,003] Trial 16 finished with value: 0.8726058565452505 and parameters: {'learning_rate': 0.016387756687243304, 'max_depth': 7, 'min_child_weight': 8, 'subsample': 0.8339407450481922, 'colsample_bytree': 0.9380845436873323, 'reg_alpha': 0.02285756509709276, 'reg_lambda': 1.9674599030630535}. Best is trial 11 with value: 0.8811563445906881.
[I 2026-03-06 19:04:23,308] Trial 17 finished with value: 0.8721074380165289 and parameters: {'learning_rate': 0.04388468531160215, 'max_depth': 7, 'min_child_weight': 5, 'subsample': 0.7387186897954053, 'colsample_bytree': 0.815586293118656, 'reg_alpha': 0.22890794815174229, 'reg_lambda': 0.016445911686942007}. Best is trial 11 with value: 0.8811563445906881.
[I 2026-03-06 19:04:23,586] Trial 18 finished with value: 0.8844580484984526 and parameters: {'learning_rate': 0.018817311830546985, 'max_depth': 9, 'min_child_weight': 11, 'subsample': 0.649741454407339, 'colsample_bytree': 0.8836725528994526, 'reg_alpha': 0.00413632927171082, 'reg_lambda': 0.5982945066042147}. Best is trial 18 with value: 0.8844580484984526.
[I 2026-03-06 19:04:23,912] Trial 19 finished with value: 0.8784711310637237 and parameters: {'learning_rate': 0.01833411698824837, 'max_depth': 9, 'min_child_weight': 11, 'subsample': 0.6271406551113105, 'colsample_bytree': 0.752814261351823, 'reg_alpha': 0.0059480652352274805, 'reg_lambda': 9.264435127728786}. Best is trial 18 with value: 0.8844580484984526.
[I 2026-03-06 19:04:24,299] Trial 20 finished with value: 0.8826254690564455 and parameters: {'learning_rate': 0.02187018079884772, 'max_depth': 7, 'min_child_weight': 13, 'subsample': 0.6628285953590518, 'colsample_bytree': 0.8610246267794948, 'reg_alpha': 0.034474221536445825, 'reg_lambda': 0.49005727855817904}. Best is trial 18 with value: 0.8844580484984526.
[I 2026-03-06 19:04:24,675] Trial 21 finished with value: 0.8799381582378216 and parameters: {'learning_rate': 0.022901393710618927, 'max_depth': 7, 'min_child_weight': 13, 'subsample': 0.6680625545621607, 'colsample_bytree': 0.8877688369657535, 'reg_alpha': 0.0273035951897993, 'reg_lambda': 0.6530421217908657}. Best is trial 18 with value: 0.8844580484984526.
[I 2026-03-06 19:04:25,058] Trial 22 finished with value: 0.8734258975841468 and parameters: {'learning_rate': 0.03589167986244439, 'max_depth': 9, 'min_child_weight': 11, 'subsample': 0.645292379780421, 'colsample_bytree': 0.8344032902492174, 'reg_alpha': 0.0027641073092314547, 'reg_lambda': 2.9616179649890606}. Best is trial 18 with value: 0.8844580484984526.
[I 2026-03-06 19:04:25,491] Trial 23 finished with value: 0.8784332664467344 and parameters: {'learning_rate': 0.013858107126513884, 'max_depth': 7, 'min_child_weight': 15, 'subsample': 0.6886888652477725, 'colsample_bytree': 0.8921748952945119, 'reg_alpha': 0.04110725381567321, 'reg_lambda': 0.42618164841583034}. Best is trial 18 with value: 0.8844580484984526.
[I 2026-03-06 19:04:25,825] Trial 24 finished with value: 0.8790255529481119 and parameters: {'learning_rate': 0.02424263467466693, 'max_depth': 8, 'min_child_weight': 12, 'subsample': 0.6003378609161663, 'colsample_bytree': 0.960349012367255, 'reg_alpha': 0.42055198848974146, 'reg_lambda': 0.1881426142567918}. Best is trial 18 with value: 0.8844580484984526.
[I 2026-03-06 19:04:26,122] Trial 25 finished with value: 0.8790900588375337 and parameters: {'learning_rate': 0.019008393856393652, 'max_depth': 9, 'min_child_weight': 10, 'subsample': 0.8119593579193306, 'colsample_bytree': 0.8766562849430133, 'reg_alpha': 0.007727695513051103, 'reg_lambda': 3.873344525376688}. Best is trial 18 with value: 0.8844580484984526.
[I 2026-03-06 19:04:26,480] Trial 26 finished with value: 0.8772667188155402 and parameters: {'learning_rate': 0.028589888389140228, 'max_depth': 8, 'min_child_weight': 13, 'subsample': 0.7699411587407154, 'colsample_bytree': 0.6013268313670184, 'reg_alpha': 0.004008246688602283, 'reg_lambda': 0.8584188012094622}. Best is trial 18 with value: 0.8844580484984526.
[I 2026-03-06 19:04:26,771] Trial 27 finished with value: 0.8637412282193428 and parameters: {'learning_rate': 0.04003763102638311, 'max_depth': 7, 'min_child_weight': 10, 'subsample': 0.8745992563975536, 'colsample_bytree': 0.7895937401966877, 'reg_alpha': 8.911836546089951, 'reg_lambda': 1.5499843073930588}. Best is trial 18 with value: 0.8844580484984526.
[I 2026-03-06 19:04:27,059] Trial 28 finished with value: 0.8790750943781247 and parameters: {'learning_rate': 0.020637117580842745, 'max_depth': 5, 'min_child_weight': 14, 'subsample': 0.7032397278249232, 'colsample_bytree': 0.8428055693787717, 'reg_alpha': 0.1095636006299027, 'reg_lambda': 0.227178193433935}. Best is trial 18 with value: 0.8844580484984526.
[I 2026-03-06 19:04:27,355] Trial 29 finished with value: 0.8788483601446562 and parameters: {'learning_rate': 0.013322397423203812, 'max_depth': 4, 'min_child_weight': 12, 'subsample': 0.6336348730610176, 'colsample_bytree': 0.8980582796105686, 'reg_alpha': 0.0011973183317862408, 'reg_lambda': 0.7258388125219534}. Best is trial 18 with value: 0.8844580484984526.
[I 2026-03-06 19:04:27,638] Trial 30 finished with value: 0.869553390243626 and parameters: {'learning_rate': 0.017714292725228415, 'max_depth': 8, 'min_child_weight': 9, 'subsample': 0.7623012823403648, 'colsample_bytree': 0.9604031302874597, 'reg_alpha': 0.024412491100826626, 'reg_lambda': 5.128185718965246}. Best is trial 18 with value: 0.8844580484984526.
[I 2026-03-06 19:04:27,976] Trial 31 finished with value: 0.8785733315194595 and parameters: {'learning_rate': 0.02353563210980501, 'max_depth': 7, 'min_child_weight': 13, 'subsample': 0.6701963633429673, 'colsample_bytree': 0.8890989730071776, 'reg_alpha': 0.03568603565978336, 'reg_lambda': 0.6732488697143431}. Best is trial 18 with value: 0.8844580484984526.
[I 2026-03-06 19:04:28,265] Trial 32 finished with value: 0.881865002437393 and parameters: {'learning_rate': 0.022157537774072478, 'max_depth': 7, 'min_child_weight': 14, 'subsample': 0.6737821040688571, 'colsample_bytree': 0.8502558167785634, 'reg_alpha': 0.01770636127564614, 'reg_lambda': 1.113024836281362}. Best is trial 18 with value: 0.8844580484984526.
[I 2026-03-06 19:04:28,552] Trial 33 finished with value: 0.877877257422712 and parameters: {'learning_rate': 0.01644030611951316, 'max_depth': 9, 'min_child_weight': 14, 'subsample': 0.9882868742525885, 'colsample_bytree': 0.786950491054059, 'reg_alpha': 0.014666536319423943, 'reg_lambda': 2.285891224398182}. Best is trial 18 with value: 0.8844580484984526.
[I 2026-03-06 19:04:28,881] Trial 34 finished with value: 0.8715037581199195 and parameters: {'learning_rate': 0.026929620879386613, 'max_depth': 6, 'min_child_weight': 15, 'subsample': 0.6804788396068847, 'colsample_bytree': 0.8575825226370795, 'reg_alpha': 0.003895769310604734, 'reg_lambda': 1.1323532579540527}. Best is trial 18 with value: 0.8844580484984526.
[I 2026-03-06 19:04:29,247] Trial 35 finished with value: 0.8830556972644515 and parameters: {'learning_rate': 0.020799536910870806, 'max_depth': 7, 'min_child_weight': 12, 'subsample': 0.618876060065923, 'colsample_bytree': 0.8175174326096377, 'reg_alpha': 0.062315224987997436, 'reg_lambda': 0.08560556773083773}. Best is trial 18 with value: 0.8844580484984526.
[I 2026-03-06 19:04:29,584] Trial 36 finished with value: 0.8774057635842148 and parameters: {'learning_rate': 0.02607053769665937, 'max_depth': 6, 'min_child_weight': 15, 'subsample': 0.616236413392796, 'colsample_bytree': 0.8252819485137375, 'reg_alpha': 0.05255608156303154, 'reg_lambda': 0.10203062201079593}. Best is trial 18 with value: 0.8844580484984526.
[I 2026-03-06 19:04:29,920] Trial 37 finished with value: 0.865969799000102 and parameters: {'learning_rate': 0.0474920251065326, 'max_depth': 5, 'min_child_weight': 14, 'subsample': 0.6463821116075394, 'colsample_bytree': 0.7231738279988363, 'reg_alpha': 0.20591638060887407, 'reg_lambda': 0.01705497749192679}. Best is trial 18 with value: 0.8844580484984526.
[I 2026-03-06 19:04:30,283] Trial 38 finished with value: 0.8773074742940062 and parameters: {'learning_rate': 0.015008973250802008, 'max_depth': 7, 'min_child_weight': 12, 'subsample': 0.7072503353087013, 'colsample_bytree': 0.7670696141003952, 'reg_alpha': 0.08925995748689311, 'reg_lambda': 0.0689297945361027}. Best is trial 18 with value: 0.8844580484984526.
[I 2026-03-06 19:04:30,649] Trial 39 finished with value: 0.8793240485664728 and parameters: {'learning_rate': 0.02021326019346796, 'max_depth': 6, 'min_child_weight': 11, 'subsample': 0.6233926909139051, 'colsample_bytree': 0.7027721562093001, 'reg_alpha': 0.06269952182775876, 'reg_lambda': 0.018023416038709817}. Best is trial 18 with value: 0.8844580484984526.
[I 2026-03-06 19:04:30,978] Trial 40 finished with value: 0.8722808897051322 and parameters: {'learning_rate': 0.03089723891435702, 'max_depth': 7, 'min_child_weight': 13, 'subsample': 0.6539605708931713, 'colsample_bytree': 0.8094627208107669, 'reg_alpha': 0.5249802838052307, 'reg_lambda': 0.45583556925446755}. Best is trial 18 with value: 0.8844580484984526.
[I 2026-03-06 19:04:31,263] Trial 41 finished with value: 0.8843255223389903 and parameters: {'learning_rate': 0.021769306241084804, 'max_depth': 8, 'min_child_weight': 10, 'subsample': 0.8776141111683513, 'colsample_bytree': 0.847884106813665, 'reg_alpha': 0.01779191903885904, 'reg_lambda': 1.3103718811845084}. Best is trial 18 with value: 0.8844580484984526.
[I 2026-03-06 19:04:31,570] Trial 42 finished with value: 0.8768214694645672 and parameters: {'learning_rate': 0.016828012116095383, 'max_depth': 9, 'min_child_weight': 9, 'subsample': 0.90220970721596, 'colsample_bytree': 0.8520648686991487, 'reg_alpha': 0.024356672818378174, 'reg_lambda': 1.1025575308137476}. Best is trial 18 with value: 0.8844580484984526.
[I 2026-03-06 19:04:32,009] Trial 43 finished with value: 0.884392012152955 and parameters: {'learning_rate': 0.0215359281420807, 'max_depth': 7, 'min_child_weight': 12, 'subsample': 0.6884846254969611, 'colsample_bytree': 0.8663825956154909, 'reg_alpha': 0.08566190264577359, 'reg_lambda': 0.2520411406597927}. Best is trial 18 with value: 0.8844580484984526.
[I 2026-03-06 19:04:32,290] Trial 44 finished with value: 0.8832823748143613 and parameters: {'learning_rate': 0.019492571884462653, 'max_depth': 8, 'min_child_weight': 12, 'subsample': 0.6943880988425414, 'colsample_bytree': 0.8698787721344141, 'reg_alpha': 0.08745203051898294, 'reg_lambda': 0.2771071027639818}. Best is trial 18 with value: 0.8844580484984526.
[I 2026-03-06 19:04:32,566] Trial 45 finished with value: 0.884093970003061 and parameters: {'learning_rate': 0.019579980055330803, 'max_depth': 8, 'min_child_weight': 9, 'subsample': 0.7251450459583887, 'colsample_bytree': 0.8232727816349449, 'reg_alpha': 0.18416527220625753, 'reg_lambda': 0.26244819420994137}. Best is trial 18 with value: 0.8844580484984526.
[I 2026-03-06 19:04:32,797] Trial 46 finished with value: 0.8724854606672786 and parameters: {'learning_rate': 0.011867227289789601, 'max_depth': 8, 'min_child_weight': 7, 'subsample': 0.7466342049848048, 'colsample_bytree': 0.8743386455208559, 'reg_alpha': 1.0191001971138836, 'reg_lambda': 0.27681591615162465}. Best is trial 18 with value: 0.8844580484984526.
[I 2026-03-06 19:04:33,064] Trial 47 finished with value: 0.8758852271310185 and parameters: {'learning_rate': 0.01464802939755412, 'max_depth': 9, 'min_child_weight': 7, 'subsample': 0.6945105353538823, 'colsample_bytree': 0.908978100543878, 'reg_alpha': 0.20680891641038218, 'reg_lambda': 0.14675539243697866}. Best is trial 18 with value: 0.8844580484984526.
[I 2026-03-06 19:04:33,342] Trial 48 finished with value: 0.8825572220521715 and parameters: {'learning_rate': 0.019332181764030093, 'max_depth': 8, 'min_child_weight': 9, 'subsample': 0.7260832993914808, 'colsample_bytree': 0.9578262147428479, 'reg_alpha': 0.39093158040991927, 'reg_lambda': 0.0010309592893313266}. Best is trial 18 with value: 0.8844580484984526.
