[I 2026-03-06 18:01:08,962] Trial 0 finished with value: 0.6056519176047794 and parameters: {'learning_rate': 0.1, 'max_depth': 6, 'min_child_weight': 6, 'subsample': 1.0, 'colsample_bytree': 1.0, 'reg_alpha': 0.001, 'reg_lambda': 1.0}. Best is trial 0 with value: 0.6056519176047794.
[I 2026-03-06 18:01:09,382] Trial 1 finished with value: 0.7118757156299245 and parameters: {'learning_rate': 0.024781707929856758, 'max_depth': 6, 'min_child_weight': 7, 'subsample': 0.7468427736264648, 'colsample_bytree': 0.9523730872363082, 'reg_alpha': 0.003426690806753894, 'reg_lambda': 0.002066081954979681}. Best is trial 1 with value: 0.7118757156299245.
[I 2026-03-06 18:01:09,706] Trial 2 finished with value: 0.6927463750864424 and parameters: {'learning_rate': 0.03412519848390303, 'max_depth': 3, 'min_child_weight': 13, 'subsample': 0.8915087458727704, 'colsample_bytree': 0.6037984025650983, 'reg_alpha': 7.326990645411991, 'reg_lambda': 0.4347244206815412}. Best is trial 1 with value: 0.7118757156299245.
[I 2026-03-06 18:01:10,109] Trial 3 finished with value: 0.7079558775181671 and parameters: {'learning_rate': 0.018854983182114194, 'max_depth': 9, 'min_child_weight': 2, 'subsample': 0.8354272321546901, 'colsample_bytree': 0.8484742595770967, 'reg_alpha': 0.015412707894979335, 'reg_lambda': 0.016965822800827826}. Best is trial 1 with value: 0.7118757156299245.
[I 2026-03-06 18:01:10,437] Trial 4 finished with value: 0.7091908988878687 and parameters: {'learning_rate': 0.010082954283441189, 'max_depth': 4, 'min_child_weight': 3, 'subsample': 0.8144710923192052, 'colsample_bytree': 0.6956534600209711, 'reg_alpha': 0.0025067110446191742, 'reg_lambda': 0.13099744364862406}. Best is trial 1 with value: 0.7118757156299245.
[I 2026-03-06 18:01:10,804] Trial 5 finished with value: 0.6404234828645603 and parameters: {'learning_rate': 0.05884776074828287, 'max_depth': 7, 'min_child_weight': 8, 'subsample': 0.8064823017329356, 'colsample_bytree': 0.720171485483104, 'reg_alpha': 0.0011155464135878743, 'reg_lambda': 0.23904880905830428}. Best is trial 1 with value: 0.7118757156299245.
[I 2026-03-06 18:01:11,092] Trial 6 finished with value: 0.7413311566846921 and parameters: {'learning_rate': 0.022448271118257482, 'max_depth': 6, 'min_child_weight': 6, 'subsample': 0.6529166966219037, 'colsample_bytree': 0.6182592216146363, 'reg_alpha': 6.525817733221832, 'reg_lambda': 0.0020049309381399687}. Best is trial 6 with value: 0.7413311566846921.
[I 2026-03-06 18:01:11,337] Trial 7 finished with value: 0.7117604212722057 and parameters: {'learning_rate': 0.012870112911097636, 'max_depth': 8, 'min_child_weight': 5, 'subsample': 0.9295413763774507, 'colsample_bytree': 0.6962820573345178, 'reg_alpha': 0.08074528374984553, 'reg_lambda': 3.1883428004699037}. Best is trial 6 with value: 0.7413311566846921.
[I 2026-03-06 18:01:11,604] Trial 8 finished with value: 0.6769832443401467 and parameters: {'learning_rate': 0.035259939149328984, 'max_depth': 9, 'min_child_weight': 5, 'subsample': 0.6870561453582041, 'colsample_bytree': 0.9333627326163075, 'reg_alpha': 0.0023981373357259196, 'reg_lambda': 0.9690436662421608}. Best is trial 6 with value: 0.7413311566846921.
[I 2026-03-06 18:01:11,835] Trial 9 finished with value: 0.7363481050686439 and parameters: {'learning_rate': 0.020691646514158474, 'max_depth': 6, 'min_child_weight': 5, 'subsample': 0.6072320733778934, 'colsample_bytree': 0.7393308727041236, 'reg_alpha': 0.007293368826698036, 'reg_lambda': 0.2886874259685714}. Best is trial 6 with value: 0.7413311566846921.
[I 2026-03-06 18:01:12,106] Trial 10 finished with value: 0.6645829223775351 and parameters: {'learning_rate': 0.05051728562337077, 'max_depth': 4, 'min_child_weight': 12, 'subsample': 0.6151855866637093, 'colsample_bytree': 0.6001745915169829, 'reg_alpha': 9.291399693782596, 'reg_lambda': 0.001044557613909362}. Best is trial 6 with value: 0.7413311566846921.
[I 2026-03-06 18:01:12,321] Trial 11 finished with value: 0.7433043680350077 and parameters: {'learning_rate': 0.018012114097446887, 'max_depth': 5, 'min_child_weight': 11, 'subsample': 0.6216734731122109, 'colsample_bytree': 0.7828809294190252, 'reg_alpha': 0.7405431694306085, 'reg_lambda': 0.019910484007857956}. Best is trial 11 with value: 0.7433043680350077.
[I 2026-03-06 18:01:12,547] Trial 12 finished with value: 0.7514524028160392 and parameters: {'learning_rate': 0.015795424493215113, 'max_depth': 5, 'min_child_weight': 10, 'subsample': 0.6886687479362642, 'colsample_bytree': 0.8196023889725483, 'reg_alpha': 1.19349725102193, 'reg_lambda': 0.01125968544667566}. Best is trial 12 with value: 0.7514524028160392.
[I 2026-03-06 18:01:12,750] Trial 13 finished with value: 0.759404709270029 and parameters: {'learning_rate': 0.015505127194244043, 'max_depth': 4, 'min_child_weight': 11, 'subsample': 0.7188861681730334, 'colsample_bytree': 0.8317275966822584, 'reg_alpha': 0.9582486005208244, 'reg_lambda': 0.018411111884383685}. Best is trial 13 with value: 0.759404709270029.
[I 2026-03-06 18:01:12,993] Trial 14 finished with value: 0.7510577718826877 and parameters: {'learning_rate': 0.013237984344535268, 'max_depth': 3, 'min_child_weight': 15, 'subsample': 0.7311136233688155, 'colsample_bytree': 0.8470544474418749, 'reg_alpha': 1.1639178907814023, 'reg_lambda': 0.020541243177250864}. Best is trial 13 with value: 0.759404709270029.
[I 2026-03-06 18:01:13,265] Trial 15 finished with value: 0.7407122289108822 and parameters: {'learning_rate': 0.014190640053807886, 'max_depth': 4, 'min_child_weight': 10, 'subsample': 0.7353118359991625, 'colsample_bytree': 0.8517231458046797, 'reg_alpha': 0.5275734278516105, 'reg_lambda': 0.008553721392686247}. Best is trial 13 with value: 0.759404709270029.
[I 2026-03-06 18:01:13,578] Trial 16 finished with value: 0.7287204820369804 and parameters: {'learning_rate': 0.010908957434313856, 'max_depth': 5, 'min_child_weight': 9, 'subsample': 0.692953634819795, 'colsample_bytree': 0.8002468266820616, 'reg_alpha': 0.1490369250208388, 'reg_lambda': 0.052402810339755475}. Best is trial 13 with value: 0.759404709270029.
[I 2026-03-06 18:01:13,946] Trial 17 finished with value: 0.7069685066149712 and parameters: {'learning_rate': 0.02742032912308983, 'max_depth': 5, 'min_child_weight': 14, 'subsample': 0.763231637545539, 'colsample_bytree': 0.9014208864338393, 'reg_alpha': 2.075816269270707, 'reg_lambda': 0.006515083404839825}. Best is trial 13 with value: 0.759404709270029.
[I 2026-03-06 18:01:14,194] Trial 18 finished with value: 0.7430804112958994 and parameters: {'learning_rate': 0.015997856276833852, 'max_depth': 3, 'min_child_weight': 11, 'subsample': 0.6773172500124978, 'colsample_bytree': 0.7910781764171705, 'reg_alpha': 0.19117127689335095, 'reg_lambda': 0.05573915397146159}. Best is trial 13 with value: 0.759404709270029.
[I 2026-03-06 18:01:14,451] Trial 19 finished with value: 0.6483747123309412 and parameters: {'learning_rate': 0.05068855952916113, 'max_depth': 4, 'min_child_weight': 9, 'subsample': 0.7796458424486372, 'colsample_bytree': 0.8851410927785002, 'reg_alpha': 0.056229989160849966, 'reg_lambda': 0.005950723747715194}. Best is trial 13 with value: 0.759404709270029.
[I 2026-03-06 18:01:14,725] Trial 20 finished with value: 0.7182884966386649 and parameters: {'learning_rate': 0.02906607569150847, 'max_depth': 5, 'min_child_weight': 13, 'subsample': 0.8602040661532895, 'colsample_bytree': 0.7585403484921883, 'reg_alpha': 2.7466161720615423, 'reg_lambda': 0.0547543863864169}. Best is trial 13 with value: 0.759404709270029.
[I 2026-03-06 18:01:15,036] Trial 21 finished with value: 0.7578024351256675 and parameters: {'learning_rate': 0.012786996989032136, 'max_depth': 3, 'min_child_weight': 15, 'subsample': 0.725540375642662, 'colsample_bytree': 0.830723116925197, 'reg_alpha': 0.6033913294682874, 'reg_lambda': 0.01896324642072814}. Best is trial 13 with value: 0.759404709270029.
[I 2026-03-06 18:01:15,430] Trial 22 finished with value: 0.7637378272058406 and parameters: {'learning_rate': 0.015609337516741494, 'max_depth': 3, 'min_child_weight': 15, 'subsample': 0.7094527017326094, 'colsample_bytree': 0.8152352268106553, 'reg_alpha': 0.35906618799474593, 'reg_lambda': 0.027382457032796282}. Best is trial 22 with value: 0.7637378272058406.
[I 2026-03-06 18:01:15,631] Trial 23 finished with value: 0.7577974469725312 and parameters: {'learning_rate': 0.012090856636479555, 'max_depth': 3, 'min_child_weight': 14, 'subsample': 0.7104618817117959, 'colsample_bytree': 0.8798003123492367, 'reg_alpha': 0.3356639568629851, 'reg_lambda': 0.042447633850647856}. Best is trial 22 with value: 0.7637378272058406.
[I 2026-03-06 18:01:15,846] Trial 24 finished with value: 0.7531247945221009 and parameters: {'learning_rate': 0.01637860535923114, 'max_depth': 3, 'min_child_weight': 15, 'subsample': 0.6613168988126849, 'colsample_bytree': 0.8276819102484301, 'reg_alpha': 0.28159424173306385, 'reg_lambda': 0.003272414117862125}. Best is trial 22 with value: 0.7637378272058406.
[I 2026-03-06 18:01:16,065] Trial 25 finished with value: 0.7381666269881757 and parameters: {'learning_rate': 0.011477721222634414, 'max_depth': 4, 'min_child_weight': 13, 'subsample': 0.7785075705771108, 'colsample_bytree': 0.76569795777162, 'reg_alpha': 0.033605165805498424, 'reg_lambda': 0.1233463813891293}. Best is trial 22 with value: 0.7637378272058406.
[I 2026-03-06 18:01:16,267] Trial 26 finished with value: 0.7465502953213391 and parameters: {'learning_rate': 0.014602103746586256, 'max_depth': 3, 'min_child_weight': 15, 'subsample': 0.7164586759287435, 'colsample_bytree': 0.8143723311075397, 'reg_alpha': 3.629353895093702, 'reg_lambda': 0.02795671782389388}. Best is trial 22 with value: 0.7637378272058406.
[I 2026-03-06 18:01:16,504] Trial 27 finished with value: 0.7430189663186295 and parameters: {'learning_rate': 0.020805805870284997, 'max_depth': 4, 'min_child_weight': 12, 'subsample': 0.634740354561725, 'colsample_bytree': 0.9012374352907301, 'reg_alpha': 0.6264532098187279, 'reg_lambda': 0.003564523802953109}. Best is trial 22 with value: 0.7637378272058406.
[I 2026-03-06 18:01:16,765] Trial 28 finished with value: 0.7540631341473092 and parameters: {'learning_rate': 0.010201536694173051, 'max_depth': 3, 'min_child_weight': 14, 'subsample': 0.7612886038923128, 'colsample_bytree': 0.6524837777653566, 'reg_alpha': 1.4031953121779284, 'reg_lambda': 0.012947240229622577}. Best is trial 22 with value: 0.7637378272058406.
[I 2026-03-06 18:01:17,055] Trial 29 finished with value: 0.6388345860399732 and parameters: {'learning_rate': 0.07095552914777876, 'max_depth': 4, 'min_child_weight': 11, 'subsample': 0.9431556982000959, 'colsample_bytree': 0.9463351897591297, 'reg_alpha': 0.33564222307042035, 'reg_lambda': 7.955640379537225}. Best is trial 22 with value: 0.7637378272058406.
[I 2026-03-06 18:01:17,307] Trial 30 finished with value: 0.5822342958201545 and parameters: {'learning_rate': 0.08808609155783405, 'max_depth': 7, 'min_child_weight': 12, 'subsample': 0.7137716313509832, 'colsample_bytree': 0.9753786403786573, 'reg_alpha': 0.1378743274831324, 'reg_lambda': 0.09720176220135464}. Best is trial 22 with value: 0.7637378272058406.
[I 2026-03-06 18:01:17,532] Trial 31 finished with value: 0.7523532746091669 and parameters: {'learning_rate': 0.01195674849384389, 'max_depth': 3, 'min_child_weight': 14, 'subsample': 0.713267130169889, 'colsample_bytree': 0.8822616730167048, 'reg_alpha': 0.31688581419250594, 'reg_lambda': 0.03678953365470134}. Best is trial 22 with value: 0.7637378272058406.
[I 2026-03-06 18:01:17,756] Trial 32 finished with value: 0.7568845582650299 and parameters: {'learning_rate': 0.012644981676330963, 'max_depth': 3, 'min_child_weight': 15, 'subsample': 0.7468778614747682, 'colsample_bytree': 0.8673855638479803, 'reg_alpha': 0.5309529319498211, 'reg_lambda': 0.03373563381197978}. Best is trial 22 with value: 0.7637378272058406.
[I 2026-03-06 18:01:18,046] Trial 33 finished with value: 0.7542479792311442 and parameters: {'learning_rate': 0.017890908347795793, 'max_depth': 3, 'min_child_weight': 13, 'subsample': 0.6499459417985329, 'colsample_bytree': 0.9245175290026851, 'reg_alpha': 0.049484780071468615, 'reg_lambda': 0.10392983500062003}. Best is trial 22 with value: 0.7637378272058406.
[I 2026-03-06 18:01:18,352] Trial 34 finished with value: 0.6987319887993287 and parameters: {'learning_rate': 0.02359322963252523, 'max_depth': 4, 'min_child_weight': 14, 'subsample': 0.7017314635466915, 'colsample_bytree': 0.8421383637099571, 'reg_alpha': 4.432474863417638, 'reg_lambda': 0.06994205015410089}. Best is trial 22 with value: 0.7637378272058406.
[I 2026-03-06 18:01:18,629] Trial 35 finished with value: 0.7564847691278669 and parameters: {'learning_rate': 0.014781232885279948, 'max_depth': 3, 'min_child_weight': 13, 'subsample': 0.6691783497901378, 'colsample_bytree': 0.876269886915336, 'reg_alpha': 0.9138766020340732, 'reg_lambda': 0.21770567739943592}. Best is trial 22 with value: 0.7637378272058406.
[I 2026-03-06 18:01:18,959] Trial 36 finished with value: 0.6689240326950764 and parameters: {'learning_rate': 0.0410743434476592, 'max_depth': 4, 'min_child_weight': 14, 'subsample': 0.8307703922853602, 'colsample_bytree': 0.8035445306444157, 'reg_alpha': 0.2698849393813645, 'reg_lambda': 0.01472683931285517}. Best is trial 22 with value: 0.7637378272058406.
[I 2026-03-06 18:01:19,245] Trial 37 finished with value: 0.727861045925019 and parameters: {'learning_rate': 0.01853481809363108, 'max_depth': 3, 'min_child_weight': 15, 'subsample': 0.7925390827403707, 'colsample_bytree': 0.7701732509427508, 'reg_alpha': 1.8685464180929248, 'reg_lambda': 0.030747226222128752}. Best is trial 22 with value: 0.7637378272058406.
[I 2026-03-06 18:01:19,623] Trial 38 finished with value: 0.6590139328186466 and parameters: {'learning_rate': 0.011401239520279091, 'max_depth': 7, 'min_child_weight': 1, 'subsample': 0.7470150202783603, 'colsample_bytree': 0.9961904247879608, 'reg_alpha': 0.025984743867516515, 'reg_lambda': 0.6557326007677754}. Best is trial 22 with value: 0.7637378272058406.
[I 2026-03-06 18:01:19,934] Trial 39 finished with value: 0.7554082349873597 and parameters: {'learning_rate': 0.013696654705062894, 'max_depth': 4, 'min_child_weight': 12, 'subsample': 0.7262219882085973, 'colsample_bytree': 0.9131815856575676, 'reg_alpha': 0.09462526903203522, 'reg_lambda': 0.003748147987212645}. Best is trial 22 with value: 0.7637378272058406.
[I 2026-03-06 18:01:20,208] Trial 40 finished with value: 0.7244125316010838 and parameters: {'learning_rate': 0.021823858209156433, 'max_depth': 3, 'min_child_weight': 7, 'subsample': 0.9967414639336922, 'colsample_bytree': 0.7436271136732437, 'reg_alpha': 0.45693338912078774, 'reg_lambda': 0.19126576866039255}. Best is trial 22 with value: 0.7637378272058406.
[I 2026-03-06 18:01:20,462] Trial 41 finished with value: 0.7411967599678038 and parameters: {'learning_rate': 0.012977106842208116, 'max_depth': 3, 'min_child_weight': 15, 'subsample': 0.7593335620967137, 'colsample_bytree': 0.8591971584577129, 'reg_alpha': 0.5282153680758371, 'reg_lambda': 0.04089402714385378}. Best is trial 22 with value: 0.7637378272058406.
[I 2026-03-06 18:01:20,739] Trial 42 finished with value: 0.745473307712365 and parameters: {'learning_rate': 0.010033529484826328, 'max_depth': 3, 'min_child_weight': 15, 'subsample': 0.7439263874795964, 'colsample_bytree': 0.8677180391530349, 'reg_alpha': 0.19247874436788912, 'reg_lambda': 0.02271625208783388}. Best is trial 22 with value: 0.7637378272058406.
[I 2026-03-06 18:01:20,960] Trial 43 finished with value: 0.7603627180899909 and parameters: {'learning_rate': 0.012660705622645528, 'max_depth': 3, 'min_child_weight': 14, 'subsample': 0.7037406175588895, 'colsample_bytree': 0.8299380674000919, 'reg_alpha': 0.7639247221058123, 'reg_lambda': 0.00860343059167645}. Best is trial 22 with value: 0.7637378272058406.
[I 2026-03-06 18:01:21,179] Trial 44 finished with value: 0.7371863415297759 and parameters: {'learning_rate': 0.016415793505270462, 'max_depth': 3, 'min_child_weight': 13, 'subsample': 0.6379710707558138, 'colsample_bytree': 0.8385346793709927, 'reg_alpha': 0.8828020310554596, 'reg_lambda': 0.007631348599143747}. Best is trial 22 with value: 0.7637378272058406.
[I 2026-03-06 18:01:21,407] Trial 45 finished with value: 0.756200671133331 and parameters: {'learning_rate': 0.01183485084311155, 'max_depth': 4, 'min_child_weight': 14, 'subsample': 0.6990556991209155, 'colsample_bytree': 0.8335406938853308, 'reg_alpha': 1.6804775096500106, 'reg_lambda': 0.012443950033867123}. Best is trial 22 with value: 0.7637378272058406.
[I 2026-03-06 18:01:21,622] Trial 46 finished with value: 0.745697547869265 and parameters: {'learning_rate': 0.017285427132661266, 'max_depth': 3, 'min_child_weight': 12, 'subsample': 0.6861139752063831, 'colsample_bytree': 0.8133337966852203, 'reg_alpha': 0.3696387867203535, 'reg_lambda': 0.0021161420846645984}. Best is trial 22 with value: 0.7637378272058406.
[I 2026-03-06 18:01:21,851] Trial 47 finished with value: 0.7634276547744561 and parameters: {'learning_rate': 0.01938098958046591, 'max_depth': 4, 'min_child_weight': 10, 'subsample': 0.8162862437005493, 'colsample_bytree': 0.7779440956891792, 'reg_alpha': 0.8803764020601137, 'reg_lambda': 0.005138021230197489}. Best is trial 22 with value: 0.7637378272058406.
[I 2026-03-06 18:01:22,146] Trial 48 finished with value: 0.7298705914362479 and parameters: {'learning_rate': 0.025928496267938254, 'max_depth': 5, 'min_child_weight': 10, 'subsample': 0.8184798949077998, 'colsample_bytree': 0.713103043449512, 'reg_alpha': 2.82530901329091, 'reg_lambda': 0.0012365496188640412}. Best is trial 22 with value: 0.7637378272058406.
