[I 2026-03-06 19:20:09,372] Trial 0 finished with value: 0.9191449191441282 and parameters: {'learning_rate': 0.1, 'max_depth': 6, 'min_child_weight': 6, 'subsample': 1.0, 'colsample_bytree': 1.0, 'reg_alpha': 0.001, 'reg_lambda': 1.0}. Best is trial 0 with value: 0.9191449191441282.
[I 2026-03-06 19:20:09,783] Trial 1 finished with value: 0.9174183179154014 and parameters: {'learning_rate': 0.05100138050136195, 'max_depth': 4, 'min_child_weight': 7, 'subsample': 0.8051803175053258, 'colsample_bytree': 0.866096763201069, 'reg_alpha': 8.632094401174314, 'reg_lambda': 0.0708183484764029}. Best is trial 0 with value: 0.9191449191441282.
[I 2026-03-06 19:20:10,219] Trial 2 finished with value: 0.9249189181554974 and parameters: {'learning_rate': 0.034663859234324274, 'max_depth': 6, 'min_child_weight': 13, 'subsample': 0.8676831421340679, 'colsample_bytree': 0.7851680002199535, 'reg_alpha': 0.10569143752082653, 'reg_lambda': 1.3265788950974142}. Best is trial 2 with value: 0.9249189181554974.
[I 2026-03-06 19:20:10,611] Trial 3 finished with value: 0.9178635972035873 and parameters: {'learning_rate': 0.07957656414850826, 'max_depth': 3, 'min_child_weight': 5, 'subsample': 0.6375985829779108, 'colsample_bytree': 0.725248848924776, 'reg_alpha': 0.08592664905773062, 'reg_lambda': 0.002923243469443111}. Best is trial 2 with value: 0.9249189181554974.
[I 2026-03-06 19:20:10,910] Trial 4 finished with value: 0.9242565920485842 and parameters: {'learning_rate': 0.011002592109721382, 'max_depth': 4, 'min_child_weight': 10, 'subsample': 0.6075410542522401, 'colsample_bytree': 0.6778772592258677, 'reg_alpha': 1.2095797343726482, 'reg_lambda': 0.8777559696980648}. Best is trial 2 with value: 0.9249189181554974.
[I 2026-03-06 19:20:11,167] Trial 5 finished with value: 0.9233625873878963 and parameters: {'learning_rate': 0.01112738717392417, 'max_depth': 3, 'min_child_weight': 13, 'subsample': 0.8959029751711463, 'colsample_bytree': 0.8657173273213397, 'reg_alpha': 0.3254333574631417, 'reg_lambda': 0.0010565968050570249}. Best is trial 2 with value: 0.9249189181554974.
[I 2026-03-06 19:20:11,436] Trial 6 finished with value: 0.9177144551938422 and parameters: {'learning_rate': 0.03674499018979129, 'max_depth': 3, 'min_child_weight': 7, 'subsample': 0.6092730962432921, 'colsample_bytree': 0.6386296027491013, 'reg_alpha': 0.44706083267442853, 'reg_lambda': 0.004720961348658969}. Best is trial 2 with value: 0.9249189181554974.
[I 2026-03-06 19:20:11,776] Trial 7 finished with value: 0.917802132617753 and parameters: {'learning_rate': 0.08461006793084366, 'max_depth': 5, 'min_child_weight': 13, 'subsample': 0.9840966070540085, 'colsample_bytree': 0.7862895966135446, 'reg_alpha': 0.007500906479826387, 'reg_lambda': 0.011397029106377602}. Best is trial 2 with value: 0.9249189181554974.
[I 2026-03-06 19:20:12,305] Trial 8 finished with value: 0.917011002047878 and parameters: {'learning_rate': 0.0733807290957467, 'max_depth': 6, 'min_child_weight': 4, 'subsample': 0.7525619069803811, 'colsample_bytree': 0.7420431998218907, 'reg_alpha': 0.0027795476398855944, 'reg_lambda': 9.115697323578456}. Best is trial 2 with value: 0.9249189181554974.
[I 2026-03-06 19:20:12,590] Trial 9 finished with value: 0.9221093425605538 and parameters: {'learning_rate': 0.015329662275094628, 'max_depth': 7, 'min_child_weight': 14, 'subsample': 0.9178164312747731, 'colsample_bytree': 0.9411692552512658, 'reg_alpha': 4.180004976125645, 'reg_lambda': 0.05834596046077946}. Best is trial 2 with value: 0.9249189181554974.
[I 2026-03-06 19:20:12,980] Trial 10 finished with value: 0.9212920556457879 and parameters: {'learning_rate': 0.02254168631367574, 'max_depth': 9, 'min_child_weight': 1, 'subsample': 0.782067184500933, 'colsample_bytree': 0.8756760244908185, 'reg_alpha': 0.03533223702791014, 'reg_lambda': 0.9972390736298434}. Best is trial 2 with value: 0.9249189181554974.
[I 2026-03-06 19:20:13,262] Trial 11 finished with value: 0.9257281830379211 and parameters: {'learning_rate': 0.0259050469079718, 'max_depth': 8, 'min_child_weight': 11, 'subsample': 0.6705562861482902, 'colsample_bytree': 0.6091132755020843, 'reg_alpha': 0.9668048841221881, 'reg_lambda': 0.8506977435370345}. Best is trial 11 with value: 0.9257281830379211.
[I 2026-03-06 19:20:13,586] Trial 12 finished with value: 0.926242892451098 and parameters: {'learning_rate': 0.028050993266599402, 'max_depth': 8, 'min_child_weight': 10, 'subsample': 0.7142491859836846, 'colsample_bytree': 0.6271493794443738, 'reg_alpha': 0.026068812494186126, 'reg_lambda': 4.6504623157792135}. Best is trial 12 with value: 0.926242892451098.
[I 2026-03-06 19:20:13,933] Trial 13 finished with value: 0.9249054162841607 and parameters: {'learning_rate': 0.023391311642469107, 'max_depth': 9, 'min_child_weight': 10, 'subsample': 0.6966783039942559, 'colsample_bytree': 0.6012315279297433, 'reg_alpha': 0.016683880834968887, 'reg_lambda': 9.031079889821287}. Best is trial 12 with value: 0.926242892451098.
[I 2026-03-06 19:20:14,206] Trial 14 finished with value: 0.9239953675587882 and parameters: {'learning_rate': 0.023284137684059594, 'max_depth': 8, 'min_child_weight': 10, 'subsample': 0.6953677855426785, 'colsample_bytree': 0.6709653274650211, 'reg_alpha': 1.308491731743518, 'reg_lambda': 0.2776075476159097}. Best is trial 12 with value: 0.926242892451098.
[I 2026-03-06 19:20:14,475] Trial 15 finished with value: 0.9171879387048938 and parameters: {'learning_rate': 0.045766085339545896, 'max_depth': 8, 'min_child_weight': 11, 'subsample': 0.6979641277503409, 'colsample_bytree': 0.6095714678845441, 'reg_alpha': 0.1553861642568233, 'reg_lambda': 3.409670777587765}. Best is trial 12 with value: 0.926242892451098.
[I 2026-03-06 19:20:14,743] Trial 16 finished with value: 0.921755695219264 and parameters: {'learning_rate': 0.017433915915156556, 'max_depth': 8, 'min_child_weight': 15, 'subsample': 0.7267903425925561, 'colsample_bytree': 0.6791502845184061, 'reg_alpha': 0.022184555003727083, 'reg_lambda': 0.28387316929489137}. Best is trial 12 with value: 0.926242892451098.
[I 2026-03-06 19:20:15,039] Trial 17 finished with value: 0.9246053244827342 and parameters: {'learning_rate': 0.027798622276933905, 'max_depth': 7, 'min_child_weight': 9, 'subsample': 0.6628385095592977, 'colsample_bytree': 0.7148201587938374, 'reg_alpha': 0.88362866961741, 'reg_lambda': 3.190472810321635}. Best is trial 12 with value: 0.926242892451098.
[I 2026-03-06 19:20:15,564] Trial 18 finished with value: 0.915657481816256 and parameters: {'learning_rate': 0.05304771793634212, 'max_depth': 7, 'min_child_weight': 12, 'subsample': 0.8169927073695266, 'colsample_bytree': 0.6385701782907046, 'reg_alpha': 3.4364716651635994, 'reg_lambda': 0.23508742289473153}. Best is trial 12 with value: 0.926242892451098.
[I 2026-03-06 19:20:16,024] Trial 19 finished with value: 0.9237486053244828 and parameters: {'learning_rate': 0.01771543700849024, 'max_depth': 9, 'min_child_weight': 8, 'subsample': 0.7519075349709005, 'colsample_bytree': 0.8207658560894208, 'reg_alpha': 0.006112993136334993, 'reg_lambda': 2.822393628808221}. Best is trial 12 with value: 0.926242892451098.
[I 2026-03-06 19:20:16,510] Trial 20 finished with value: 0.92763189040322 and parameters: {'learning_rate': 0.026879899985774953, 'max_depth': 8, 'min_child_weight': 2, 'subsample': 0.8440001133103409, 'colsample_bytree': 0.6356611786207967, 'reg_alpha': 0.054956216801375926, 'reg_lambda': 0.020735933425599585}. Best is trial 20 with value: 0.92763189040322.
[I 2026-03-06 19:20:16,987] Trial 21 finished with value: 0.9288346868159028 and parameters: {'learning_rate': 0.02955239961499383, 'max_depth': 8, 'min_child_weight': 2, 'subsample': 0.8441010957272254, 'colsample_bytree': 0.6402578474609654, 'reg_alpha': 0.04729734812559965, 'reg_lambda': 0.01445048096752282}. Best is trial 21 with value: 0.9288346868159028.
[I 2026-03-06 19:20:17,549] Trial 22 finished with value: 0.91859348916037 and parameters: {'learning_rate': 0.04014760943134078, 'max_depth': 7, 'min_child_weight': 1, 'subsample': 0.840481108967891, 'colsample_bytree': 0.6444283290353632, 'reg_alpha': 0.048514242142890754, 'reg_lambda': 0.0219031541947187}. Best is trial 21 with value: 0.9288346868159028.
[I 2026-03-06 19:20:17,995] Trial 23 finished with value: 0.9239166725513734 and parameters: {'learning_rate': 0.0303656174750983, 'max_depth': 8, 'min_child_weight': 3, 'subsample': 0.9246520088944679, 'colsample_bytree': 0.7005523700739403, 'reg_alpha': 0.010515074162026914, 'reg_lambda': 0.027077098094461592}. Best is trial 21 with value: 0.9288346868159028.
[I 2026-03-06 19:20:18,418] Trial 24 finished with value: 0.924978292493468 and parameters: {'learning_rate': 0.020148990708185363, 'max_depth': 9, 'min_child_weight': 3, 'subsample': 0.8478751890039375, 'colsample_bytree': 0.7505588852068611, 'reg_alpha': 0.04172515880471786, 'reg_lambda': 0.009792270681551932}. Best is trial 21 with value: 0.9288346868159028.
[I 2026-03-06 19:20:18,739] Trial 25 finished with value: 0.9226971541557801 and parameters: {'learning_rate': 0.014031740558160454, 'max_depth': 7, 'min_child_weight': 2, 'subsample': 0.7809863486974264, 'colsample_bytree': 0.6559240185702656, 'reg_alpha': 0.20663166322528936, 'reg_lambda': 0.03831756444323319}. Best is trial 21 with value: 0.9288346868159028.
[I 2026-03-06 19:20:19,159] Trial 26 finished with value: 0.9233524751076901 and parameters: {'learning_rate': 0.030130866432662034, 'max_depth': 8, 'min_child_weight': 5, 'subsample': 0.87628076510191, 'colsample_bytree': 0.6986170731112331, 'reg_alpha': 0.06262881554180916, 'reg_lambda': 0.10663320380088494}. Best is trial 21 with value: 0.9288346868159028.
[I 2026-03-06 19:20:19,514] Trial 27 finished with value: 0.9262558293905798 and parameters: {'learning_rate': 0.04223876838616187, 'max_depth': 9, 'min_child_weight': 2, 'subsample': 0.9561202545078513, 'colsample_bytree': 0.6381061688299624, 'reg_alpha': 0.020083077097672736, 'reg_lambda': 0.012600227199085162}. Best is trial 21 with value: 0.9288346868159028.
[I 2026-03-06 19:20:19,982] Trial 28 finished with value: 0.9231689287479696 and parameters: {'learning_rate': 0.05678181275762927, 'max_depth': 9, 'min_child_weight': 2, 'subsample': 0.9550991808601068, 'colsample_bytree': 0.759561541317479, 'reg_alpha': 0.0034137570672631754, 'reg_lambda': 0.01249312126251522}. Best is trial 21 with value: 0.9288346868159028.
[I 2026-03-06 19:20:20,430] Trial 29 finished with value: 0.919414674104936 and parameters: {'learning_rate': 0.06291581031268302, 'max_depth': 9, 'min_child_weight': 4, 'subsample': 0.9954122268308666, 'colsample_bytree': 0.9674122658837422, 'reg_alpha': 0.0018327574343808082, 'reg_lambda': 0.003254054262852205}. Best is trial 21 with value: 0.9288346868159028.
[I 2026-03-06 19:20:20,828] Trial 30 finished with value: 0.9232714638796697 and parameters: {'learning_rate': 0.042712749374534516, 'max_depth': 6, 'min_child_weight': 2, 'subsample': 0.9461721228162704, 'colsample_bytree': 0.6736633148970724, 'reg_alpha': 0.012655951061635414, 'reg_lambda': 0.0065593385321784095}. Best is trial 21 with value: 0.9288346868159028.
[I 2026-03-06 19:20:21,158] Trial 31 finished with value: 0.9266898665348493 and parameters: {'learning_rate': 0.03676053420061401, 'max_depth': 8, 'min_child_weight': 3, 'subsample': 0.8264877957238267, 'colsample_bytree': 0.6273793612815313, 'reg_alpha': 0.02561968592517183, 'reg_lambda': 0.01924672681916914}. Best is trial 21 with value: 0.9288346868159028.
[I 2026-03-06 19:20:21,501] Trial 32 finished with value: 0.9257298213403008 and parameters: {'learning_rate': 0.03834738115356851, 'max_depth': 9, 'min_child_weight': 3, 'subsample': 0.8265840015805138, 'colsample_bytree': 0.6255933666144323, 'reg_alpha': 0.11093745547940544, 'reg_lambda': 0.020110213499032126}. Best is trial 21 with value: 0.9288346868159028.
[I 2026-03-06 19:20:21,889] Trial 33 finished with value: 0.9221734058329214 and parameters: {'learning_rate': 0.03272389635712096, 'max_depth': 8, 'min_child_weight': 1, 'subsample': 0.8698622685892308, 'colsample_bytree': 0.6579970063323719, 'reg_alpha': 0.024717053273447316, 'reg_lambda': 0.09066072983356276}. Best is trial 21 with value: 0.9288346868159028.
[I 2026-03-06 19:20:22,420] Trial 34 finished with value: 0.9148301391144693 and parameters: {'learning_rate': 0.04787045465892735, 'max_depth': 7, 'min_child_weight': 6, 'subsample': 0.7930419780005987, 'colsample_bytree': 0.6967573811274629, 'reg_alpha': 0.005236623044495477, 'reg_lambda': 0.04193336383311757}. Best is trial 21 with value: 0.9288346868159028.
[I 2026-03-06 19:20:22,814] Trial 35 finished with value: 0.9228191229432949 and parameters: {'learning_rate': 0.03499329327240397, 'max_depth': 5, 'min_child_weight': 4, 'subsample': 0.8905281334548212, 'colsample_bytree': 0.621809559268006, 'reg_alpha': 0.07386321303617822, 'reg_lambda': 0.006707275560016934}. Best is trial 21 with value: 0.9288346868159028.
[I 2026-03-06 19:20:23,261] Trial 36 finished with value: 0.9245048795988984 and parameters: {'learning_rate': 0.03325666980681583, 'max_depth': 8, 'min_child_weight': 5, 'subsample': 0.8508126965871085, 'colsample_bytree': 0.7183203255379501, 'reg_alpha': 0.013603340106537189, 'reg_lambda': 0.0019376653104601132}. Best is trial 21 with value: 0.9288346868159028.
[I 2026-03-06 19:20:23,947] Trial 37 finished with value: 0.921035068144905 and parameters: {'learning_rate': 0.0602055802415395, 'max_depth': 9, 'min_child_weight': 2, 'subsample': 0.91115496861145, 'colsample_bytree': 0.6512589587567514, 'reg_alpha': 0.21567038607449096, 'reg_lambda': 0.13758282331138483}. Best is trial 21 with value: 0.9288346868159028.
[I 2026-03-06 19:20:24,383] Trial 38 finished with value: 0.9177341713155851 and parameters: {'learning_rate': 0.0450703507843794, 'max_depth': 7, 'min_child_weight': 6, 'subsample': 0.8080257052721223, 'colsample_bytree': 0.8092494630155314, 'reg_alpha': 0.0010764746405580038, 'reg_lambda': 0.016035107152650427}. Best is trial 21 with value: 0.9288346868159028.
[I 2026-03-06 19:20:24,845] Trial 39 finished with value: 0.9239834474966457 and parameters: {'learning_rate': 0.026041647171032918, 'max_depth': 8, 'min_child_weight': 3, 'subsample': 0.9596456282885696, 'colsample_bytree': 0.680899185917107, 'reg_alpha': 0.10530787843136591, 'reg_lambda': 0.03705357860607015}. Best is trial 21 with value: 0.9288346868159028.
[I 2026-03-06 19:20:25,264] Trial 40 finished with value: 0.9215284231339596 and parameters: {'learning_rate': 0.0392244331331868, 'max_depth': 6, 'min_child_weight': 1, 'subsample': 0.834511686423213, 'colsample_bytree': 0.6029036194903082, 'reg_alpha': 0.3828563704384658, 'reg_lambda': 0.00186083419832669}. Best is trial 21 with value: 0.9288346868159028.
[I 2026-03-06 19:20:25,690] Trial 41 finished with value: 0.9258171033119129 and parameters: {'learning_rate': 0.029291361557971306, 'max_depth': 8, 'min_child_weight': 7, 'subsample': 0.735097843555291, 'colsample_bytree': 0.6290738116939295, 'reg_alpha': 0.030611672962145536, 'reg_lambda': 0.0065040161548216135}. Best is trial 21 with value: 0.9288346868159028.
[I 2026-03-06 19:20:26,104] Trial 42 finished with value: 0.9229029588305911 and parameters: {'learning_rate': 0.01992055969997515, 'max_depth': 9, 'min_child_weight': 8, 'subsample': 0.7776654959343986, 'colsample_bytree': 0.6297265738155259, 'reg_alpha': 0.023317344632220443, 'reg_lambda': 0.06554186518454887}. Best is trial 21 with value: 0.9288346868159028.
[I 2026-03-06 19:20:26,442] Trial 43 finished with value: 0.9237846479768377 and parameters: {'learning_rate': 0.025999214965519938, 'max_depth': 5, 'min_child_weight': 2, 'subsample': 0.8571722058444365, 'colsample_bytree': 0.6531485393808781, 'reg_alpha': 0.05470735073755943, 'reg_lambda': 0.010823451086686704}. Best is trial 21 with value: 0.9288346868159028.
[I 2026-03-06 19:20:26,802] Trial 44 finished with value: 0.923268413247652 and parameters: {'learning_rate': 0.034966469165306005, 'max_depth': 8, 'min_child_weight': 4, 'subsample': 0.8968131006514756, 'colsample_bytree': 0.891572111617713, 'reg_alpha': 0.018472327661289093, 'reg_lambda': 0.4951997346474414}. Best is trial 21 with value: 0.9288346868159028.
[I 2026-03-06 19:20:27,119] Trial 45 finished with value: 0.9237773603559069 and parameters: {'learning_rate': 0.02159949045478992, 'max_depth': 7, 'min_child_weight': 9, 'subsample': 0.7547239822466217, 'colsample_bytree': 0.6647243629867836, 'reg_alpha': 0.008874742280042976, 'reg_lambda': 0.026961569312188814}. Best is trial 21 with value: 0.9288346868159028.
[I 2026-03-06 19:20:27,540] Trial 46 finished with value: 0.9252089541699032 and parameters: {'learning_rate': 0.027320057741687637, 'max_depth': 9, 'min_child_weight': 1, 'subsample': 0.8005461138347674, 'colsample_bytree': 0.6264895952554849, 'reg_alpha': 0.03689574488398923, 'reg_lambda': 0.01497678292629315}. Best is trial 21 with value: 0.9288346868159028.
[I 2026-03-06 19:20:27,933] Trial 47 finished with value: 0.9248899936445166 and parameters: {'learning_rate': 0.023949521782152174, 'max_depth': 8, 'min_child_weight': 3, 'subsample': 0.6373394617220363, 'colsample_bytree': 0.6141647565414589, 'reg_alpha': 0.08103224056609483, 'reg_lambda': 0.007465908378717599}. Best is trial 21 with value: 0.9288346868159028.
[I 2026-03-06 19:20:28,198] Trial 48 finished with value: 0.9221509215450885 and parameters: {'learning_rate': 0.032129713028145004, 'max_depth': 4, 'min_child_weight': 5, 'subsample': 0.9313625225754928, 'colsample_bytree': 0.6931284540428746, 'reg_alpha': 0.03117608641141711, 'reg_lambda': 0.004653188745188779}. Best is trial 21 with value: 0.9288346868159028.
