[I 2026-03-06 19:12:17,327] Trial 0 finished with value: 0.8962148435844927 and parameters: {'learning_rate': 0.1, 'max_depth': 6, 'min_child_weight': 6, 'subsample': 1.0, 'colsample_bytree': 1.0, 'reg_alpha': 0.001, 'reg_lambda': 1.0}. Best is trial 0 with value: 0.8962148435844927.
[I 2026-03-06 19:12:17,614] Trial 1 finished with value: 0.9050482310571288 and parameters: {'learning_rate': 0.010917807155550767, 'max_depth': 5, 'min_child_weight': 10, 'subsample': 0.650843957276349, 'colsample_bytree': 0.6254719874977225, 'reg_alpha': 0.0024189344753881964, 'reg_lambda': 0.02078716768314405}. Best is trial 1 with value: 0.9050482310571288.
[I 2026-03-06 19:12:17,934] Trial 2 finished with value: 0.8876347150624957 and parameters: {'learning_rate': 0.04573169098967686, 'max_depth': 4, 'min_child_weight': 4, 'subsample': 0.8953385263952314, 'colsample_bytree': 0.7805996328884864, 'reg_alpha': 6.318033823364412, 'reg_lambda': 0.7109067037672457}. Best is trial 1 with value: 0.9050482310571288.
[I 2026-03-06 19:12:18,263] Trial 3 finished with value: 0.9051847185933197 and parameters: {'learning_rate': 0.03146002721133014, 'max_depth': 4, 'min_child_weight': 3, 'subsample': 0.8408474119085363, 'colsample_bytree': 0.8825743948872962, 'reg_alpha': 0.018200762756336843, 'reg_lambda': 1.6763794792299578}. Best is trial 3 with value: 0.9051847185933197.
[I 2026-03-06 19:12:18,574] Trial 4 finished with value: 0.8833173928394888 and parameters: {'learning_rate': 0.08285580433593562, 'max_depth': 4, 'min_child_weight': 14, 'subsample': 0.8969978233541578, 'colsample_bytree': 0.9516653711466446, 'reg_alpha': 5.045462090988618, 'reg_lambda': 0.12394936567759489}. Best is trial 3 with value: 0.9051847185933197.
[I 2026-03-06 19:12:18,886] Trial 5 finished with value: 0.9079553703834476 and parameters: {'learning_rate': 0.033383353797011364, 'max_depth': 4, 'min_child_weight': 11, 'subsample': 0.9954388718793938, 'colsample_bytree': 0.8480826773715964, 'reg_alpha': 0.2964660966910699, 'reg_lambda': 0.008242103888875677}. Best is trial 5 with value: 0.9079553703834476.
[I 2026-03-06 19:12:19,212] Trial 6 finished with value: 0.9119916390085446 and parameters: {'learning_rate': 0.013634058279437202, 'max_depth': 9, 'min_child_weight': 8, 'subsample': 0.9247933603251901, 'colsample_bytree': 0.6024566173207742, 'reg_alpha': 0.004599393678484065, 'reg_lambda': 0.5397297117408631}. Best is trial 6 with value: 0.9119916390085446.
[I 2026-03-06 19:12:19,649] Trial 7 finished with value: 0.8926192218063695 and parameters: {'learning_rate': 0.08182796197005456, 'max_depth': 9, 'min_child_weight': 6, 'subsample': 0.6040509676720573, 'colsample_bytree': 0.8723743207438506, 'reg_alpha': 0.048390717425805425, 'reg_lambda': 0.020487958125918602}. Best is trial 6 with value: 0.9119916390085446.
[I 2026-03-06 19:12:19,878] Trial 8 finished with value: 0.8972403643810465 and parameters: {'learning_rate': 0.010038087659472455, 'max_depth': 5, 'min_child_weight': 8, 'subsample': 0.6031687743330078, 'colsample_bytree': 0.8199895116651721, 'reg_alpha': 1.5116585517997487, 'reg_lambda': 2.465513436237562}. Best is trial 6 with value: 0.9119916390085446.
[I 2026-03-06 19:12:20,255] Trial 9 finished with value: 0.8928468893439728 and parameters: {'learning_rate': 0.04876220110851423, 'max_depth': 8, 'min_child_weight': 13, 'subsample': 0.7850965147532086, 'colsample_bytree': 0.7557534332864634, 'reg_alpha': 0.0010778312087708166, 'reg_lambda': 0.0015550037704095054}. Best is trial 6 with value: 0.9119916390085446.
[I 2026-03-06 19:12:20,640] Trial 10 finished with value: 0.9063459360214674 and parameters: {'learning_rate': 0.01725256596480668, 'max_depth': 8, 'min_child_weight': 1, 'subsample': 0.7465366025448337, 'colsample_bytree': 0.6060488206447099, 'reg_alpha': 0.00976395649661304, 'reg_lambda': 7.591812649011343}. Best is trial 6 with value: 0.9119916390085446.
[I 2026-03-06 19:12:20,912] Trial 11 finished with value: 0.9073251324059035 and parameters: {'learning_rate': 0.022512535778121866, 'max_depth': 3, 'min_child_weight': 11, 'subsample': 0.96826194782796, 'colsample_bytree': 0.7073893524858396, 'reg_alpha': 0.2880133569605735, 'reg_lambda': 0.0025681562660147925}. Best is trial 6 with value: 0.9119916390085446.
[I 2026-03-06 19:12:21,256] Trial 12 finished with value: 0.908139707647765 and parameters: {'learning_rate': 0.01775073187507544, 'max_depth': 7, 'min_child_weight': 10, 'subsample': 0.9341476990487991, 'colsample_bytree': 0.7121369135105817, 'reg_alpha': 0.2845346299957225, 'reg_lambda': 0.12429366556809607}. Best is trial 6 with value: 0.9119916390085446.
[I 2026-03-06 19:12:21,580] Trial 13 finished with value: 0.9048403926276394 and parameters: {'learning_rate': 0.016060465112461106, 'max_depth': 7, 'min_child_weight': 8, 'subsample': 0.9162114860386827, 'colsample_bytree': 0.6807268800624786, 'reg_alpha': 0.18362431013308717, 'reg_lambda': 0.17161485345028188}. Best is trial 6 with value: 0.9119916390085446.
[I 2026-03-06 19:12:21,865] Trial 14 finished with value: 0.905346515076619 and parameters: {'learning_rate': 0.014820532265375243, 'max_depth': 9, 'min_child_weight': 9, 'subsample': 0.8371708726953913, 'colsample_bytree': 0.683118501878137, 'reg_alpha': 0.8797450371744713, 'reg_lambda': 0.34533406794788396}. Best is trial 6 with value: 0.9119916390085446.
[I 2026-03-06 19:12:22,246] Trial 15 finished with value: 0.90393181272509 and parameters: {'learning_rate': 0.02214230659983416, 'max_depth': 7, 'min_child_weight': 12, 'subsample': 0.9400709694601083, 'colsample_bytree': 0.6476513180899346, 'reg_alpha': 0.055261765619656414, 'reg_lambda': 0.05431771180549209}. Best is trial 6 with value: 0.9119916390085446.
[I 2026-03-06 19:12:22,675] Trial 16 finished with value: 0.9025571075489018 and parameters: {'learning_rate': 0.013072937064217681, 'max_depth': 8, 'min_child_weight': 15, 'subsample': 0.8513101951192059, 'colsample_bytree': 0.7275663568631277, 'reg_alpha': 0.007401106397287343, 'reg_lambda': 9.054574752608689}. Best is trial 6 with value: 0.9119916390085446.
[I 2026-03-06 19:12:22,946] Trial 17 finished with value: 0.9045303015323777 and parameters: {'learning_rate': 0.02175420313093689, 'max_depth': 7, 'min_child_weight': 7, 'subsample': 0.7176220409781324, 'colsample_bytree': 0.6551066114722736, 'reg_alpha': 0.9906987493865916, 'reg_lambda': 0.350367371771159}. Best is trial 6 with value: 0.9119916390085446.
[I 2026-03-06 19:12:23,331] Trial 18 finished with value: 0.9127217004448839 and parameters: {'learning_rate': 0.02861940745932362, 'max_depth': 9, 'min_child_weight': 5, 'subsample': 0.9402743562733158, 'colsample_bytree': 0.7470525830304424, 'reg_alpha': 0.021791462937265034, 'reg_lambda': 0.03561470989982976}. Best is trial 18 with value: 0.9127217004448839.
[I 2026-03-06 19:12:23,671] Trial 19 finished with value: 0.9086820987218415 and parameters: {'learning_rate': 0.03323675160380609, 'max_depth': 9, 'min_child_weight': 4, 'subsample': 0.8720797816273154, 'colsample_bytree': 0.7620455688101208, 'reg_alpha': 0.004002665114707429, 'reg_lambda': 0.03500151931187264}. Best is trial 18 with value: 0.9127217004448839.
[I 2026-03-06 19:12:24,126] Trial 20 finished with value: 0.9006166231198363 and parameters: {'learning_rate': 0.04633318009767971, 'max_depth': 9, 'min_child_weight': 1, 'subsample': 0.8032841937663465, 'colsample_bytree': 0.8116271177360326, 'reg_alpha': 0.02141898240874935, 'reg_lambda': 0.007739872704742616}. Best is trial 18 with value: 0.9127217004448839.
[I 2026-03-06 19:12:24,688] Trial 21 finished with value: 0.9116466916178234 and parameters: {'learning_rate': 0.03228897395203547, 'max_depth': 9, 'min_child_weight': 4, 'subsample': 0.8777758411827364, 'colsample_bytree': 0.7785234699386723, 'reg_alpha': 0.0031828615559968704, 'reg_lambda': 0.04021414600033302}. Best is trial 18 with value: 0.9127217004448839.
[I 2026-03-06 19:12:25,086] Trial 22 finished with value: 0.9078774097874444 and parameters: {'learning_rate': 0.027864175549577454, 'max_depth': 8, 'min_child_weight': 5, 'subsample': 0.9532626133250588, 'colsample_bytree': 0.9101308116933337, 'reg_alpha': 0.0037844057465795155, 'reg_lambda': 0.055502761546118926}. Best is trial 18 with value: 0.9127217004448839.
[I 2026-03-06 19:12:25,646] Trial 23 finished with value: 0.8954698679471789 and parameters: {'learning_rate': 0.05969689252406844, 'max_depth': 9, 'min_child_weight': 2, 'subsample': 0.8975986693710846, 'colsample_bytree': 0.792630033769858, 'reg_alpha': 0.01712594539202659, 'reg_lambda': 0.0077387181682015095}. Best is trial 18 with value: 0.9127217004448839.
[I 2026-03-06 19:12:26,038] Trial 24 finished with value: 0.904136826495304 and parameters: {'learning_rate': 0.02706566625061902, 'max_depth': 8, 'min_child_weight': 5, 'subsample': 0.9727047774175738, 'colsample_bytree': 0.7266618285436026, 'reg_alpha': 0.0020112204691722173, 'reg_lambda': 0.3959819693752145}. Best is trial 18 with value: 0.9127217004448839.
[I 2026-03-06 19:12:26,475] Trial 25 finished with value: 0.8928261563448909 and parameters: {'learning_rate': 0.0579527215203543, 'max_depth': 9, 'min_child_weight': 3, 'subsample': 0.8749945548411563, 'colsample_bytree': 0.8434050901128204, 'reg_alpha': 0.008050015473700255, 'reg_lambda': 0.019894335926060568}. Best is trial 18 with value: 0.9127217004448839.
[I 2026-03-06 19:12:26,902] Trial 26 finished with value: 0.9052643739848881 and parameters: {'learning_rate': 0.01259829686729683, 'max_depth': 8, 'min_child_weight': 7, 'subsample': 0.805675411981206, 'colsample_bytree': 0.7500440164205824, 'reg_alpha': 0.0428544287036596, 'reg_lambda': 0.08572930756404953}. Best is trial 18 with value: 0.9127217004448839.
[I 2026-03-06 19:12:27,217] Trial 27 finished with value: 0.909007781936304 and parameters: {'learning_rate': 0.03615460828559592, 'max_depth': 6, 'min_child_weight': 6, 'subsample': 0.9354123262921537, 'colsample_bytree': 0.6813702560032313, 'reg_alpha': 0.004316992520336151, 'reg_lambda': 0.0041055184934264055}. Best is trial 18 with value: 0.9127217004448839.
[I 2026-03-06 19:12:27,576] Trial 28 finished with value: 0.9096181908057341 and parameters: {'learning_rate': 0.025665784167248264, 'max_depth': 9, 'min_child_weight': 4, 'subsample': 0.8681362667241943, 'colsample_bytree': 0.6392131805630997, 'reg_alpha': 0.025893477132986793, 'reg_lambda': 0.27767560174418604}. Best is trial 18 with value: 0.9127217004448839.
[I 2026-03-06 19:12:27,917] Trial 29 finished with value: 0.9084299696349128 and parameters: {'learning_rate': 0.03845434432732464, 'max_depth': 8, 'min_child_weight': 7, 'subsample': 0.9903039495558217, 'colsample_bytree': 0.985967789225454, 'reg_alpha': 0.0011393825204315095, 'reg_lambda': 0.8248985175807905}. Best is trial 18 with value: 0.9127217004448839.
[I 2026-03-06 19:12:28,263] Trial 30 finished with value: 0.909141840265518 and parameters: {'learning_rate': 0.01826493496082429, 'max_depth': 7, 'min_child_weight': 5, 'subsample': 0.9139904409904791, 'colsample_bytree': 0.6002796969469878, 'reg_alpha': 0.012453388398673508, 'reg_lambda': 0.03688706590757287}. Best is trial 18 with value: 0.9127217004448839.
[I 2026-03-06 19:12:28,647] Trial 31 finished with value: 0.905694795565285 and parameters: {'learning_rate': 0.02601624890219503, 'max_depth': 9, 'min_child_weight': 3, 'subsample': 0.8680526175537837, 'colsample_bytree': 0.6382807652602991, 'reg_alpha': 0.03677260664206672, 'reg_lambda': 0.19039397027364446}. Best is trial 18 with value: 0.9127217004448839.
[I 2026-03-06 19:12:28,980] Trial 32 finished with value: 0.9041611185650731 and parameters: {'learning_rate': 0.04126005223063117, 'max_depth': 9, 'min_child_weight': 4, 'subsample': 0.8336957151086188, 'colsample_bytree': 0.6267794969199981, 'reg_alpha': 0.09460611532089734, 'reg_lambda': 1.769847474954827}. Best is trial 18 with value: 0.9127217004448839.
[I 2026-03-06 19:12:29,317] Trial 33 finished with value: 0.9050445025068852 and parameters: {'learning_rate': 0.020151102627017126, 'max_depth': 9, 'min_child_weight': 4, 'subsample': 0.9161147227088854, 'colsample_bytree': 0.6729716104073623, 'reg_alpha': 0.0022344864899098414, 'reg_lambda': 0.5512826633449379}. Best is trial 18 with value: 0.9127217004448839.
[I 2026-03-06 19:12:29,762] Trial 34 finished with value: 0.9057580679330557 and parameters: {'learning_rate': 0.025451872046499804, 'max_depth': 8, 'min_child_weight': 2, 'subsample': 0.8918703409455151, 'colsample_bytree': 0.7768372603072712, 'reg_alpha': 0.02544206444693314, 'reg_lambda': 0.21365469219397598}. Best is trial 18 with value: 0.9127217004448839.
[I 2026-03-06 19:12:30,012] Trial 35 finished with value: 0.9114551797189464 and parameters: {'learning_rate': 0.029960722107699147, 'max_depth': 5, 'min_child_weight': 9, 'subsample': 0.9610051216021879, 'colsample_bytree': 0.6122217727459266, 'reg_alpha': 0.005552228194922897, 'reg_lambda': 0.07563637345036829}. Best is trial 18 with value: 0.9127217004448839.
[I 2026-03-06 19:12:30,258] Trial 36 finished with value: 0.9107651154579478 and parameters: {'learning_rate': 0.030455743954442362, 'max_depth': 5, 'min_child_weight': 9, 'subsample': 0.9677465114565261, 'colsample_bytree': 0.6172155132376294, 'reg_alpha': 0.00577005763766741, 'reg_lambda': 0.0115688369447765}. Best is trial 18 with value: 0.9127217004448839.
[I 2026-03-06 19:12:30,504] Trial 37 finished with value: 0.9024379634206625 and parameters: {'learning_rate': 0.053850685963760705, 'max_depth': 5, 'min_child_weight': 9, 'subsample': 0.9888620409672939, 'colsample_bytree': 0.9179650364406579, 'reg_alpha': 0.0018294253922600502, 'reg_lambda': 0.05290913479099648}. Best is trial 18 with value: 0.9127217004448839.
[I 2026-03-06 19:12:30,761] Trial 38 finished with value: 0.9053330132052821 and parameters: {'learning_rate': 0.07542194893662536, 'max_depth': 6, 'min_child_weight': 6, 'subsample': 0.9466812677872457, 'colsample_bytree': 0.8302477742101542, 'reg_alpha': 0.01241986642650646, 'reg_lambda': 0.08772546690936196}. Best is trial 18 with value: 0.9127217004448839.
[I 2026-03-06 19:12:30,983] Trial 39 finished with value: 0.8931575453710896 and parameters: {'learning_rate': 0.038002758068454635, 'max_depth': 3, 'min_child_weight': 8, 'subsample': 0.9277116164420822, 'colsample_bytree': 0.6633611713804197, 'reg_alpha': 0.004339839988317516, 'reg_lambda': 0.027972640679596903}. Best is trial 18 with value: 0.9127217004448839.
[I 2026-03-06 19:12:31,240] Trial 40 finished with value: 0.8981331826848385 and parameters: {'learning_rate': 0.02971857060803276, 'max_depth': 4, 'min_child_weight': 10, 'subsample': 0.8949291058698976, 'colsample_bytree': 0.6991040789141616, 'reg_alpha': 0.0030573775842966692, 'reg_lambda': 3.5063917841706402}. Best is trial 18 with value: 0.9127217004448839.
[I 2026-03-06 19:12:31,544] Trial 41 finished with value: 0.9130521290869289 and parameters: {'learning_rate': 0.031340125839945956, 'max_depth': 5, 'min_child_weight': 9, 'subsample': 0.9653511042196457, 'colsample_bytree': 0.6184284081109906, 'reg_alpha': 0.006945924786064391, 'reg_lambda': 0.014998586984784837}. Best is trial 41 with value: 0.9130521290869289.
[I 2026-03-06 19:12:31,803] Trial 42 finished with value: 0.9004417202174988 and parameters: {'learning_rate': 0.04243807366821649, 'max_depth': 5, 'min_child_weight': 11, 'subsample': 0.9573260971220217, 'colsample_bytree': 0.6194141417071681, 'reg_alpha': 0.005781455187583225, 'reg_lambda': 0.017991523477611036}. Best is trial 41 with value: 0.9130521290869289.
[I 2026-03-06 19:12:32,146] Trial 43 finished with value: 0.9080477367417554 and parameters: {'learning_rate': 0.0337671101562561, 'max_depth': 4, 'min_child_weight': 9, 'subsample': 0.9737975962222924, 'colsample_bytree': 0.6016861437083552, 'reg_alpha': 0.009757247364293967, 'reg_lambda': 0.01259413319428212}. Best is trial 41 with value: 0.9130521290869289.
[I 2026-03-06 19:12:32,431] Trial 44 finished with value: 0.9119820351670079 and parameters: {'learning_rate': 0.0237292003594103, 'max_depth': 5, 'min_child_weight': 8, 'subsample': 0.9965683227782528, 'colsample_bytree': 0.7344933828883938, 'reg_alpha': 0.0014067046345448437, 'reg_lambda': 0.1195078791228706}. Best is trial 41 with value: 0.9130521290869289.
[I 2026-03-06 19:12:32,670] Trial 45 finished with value: 0.9069016594873244 and parameters: {'learning_rate': 0.011550805788643776, 'max_depth': 6, 'min_child_weight': 8, 'subsample': 0.9984978187727839, 'colsample_bytree': 0.7400461428882208, 'reg_alpha': 0.0014629977048842286, 'reg_lambda': 0.029145844816042755}. Best is trial 41 with value: 0.9130521290869289.
[I 2026-03-06 19:12:32,941] Trial 46 finished with value: 0.9052571993503283 and parameters: {'learning_rate': 0.023482368725146273, 'max_depth': 5, 'min_child_weight': 7, 'subsample': 0.6660709076700272, 'colsample_bytree': 0.7805815225203532, 'reg_alpha': 0.002988427324421206, 'reg_lambda': 0.12789640981034475}. Best is trial 41 with value: 0.9130521290869289.
[I 2026-03-06 19:12:33,188] Trial 47 finished with value: 0.9102441353011793 and parameters: {'learning_rate': 0.019992684278458458, 'max_depth': 4, 'min_child_weight': 10, 'subsample': 0.9824684832856033, 'colsample_bytree': 0.8659893492072717, 'reg_alpha': 0.0010708530068374, 'reg_lambda': 0.003559938472444352}. Best is trial 41 with value: 0.9130521290869289.
[I 2026-03-06 19:12:33,401] Trial 48 finished with value: 0.901543789280418 and parameters: {'learning_rate': 0.010309247043320558, 'max_depth': 6, 'min_child_weight': 6, 'subsample': 0.9161219435067403, 'colsample_bytree': 0.803587979575996, 'reg_alpha': 9.646009713506714, 'reg_lambda': 0.0011830209665217692}. Best is trial 41 with value: 0.9130521290869289.
