[I 2026-03-06 18:24:34,231] Trial 0 finished with value: 0.6342594293099344 and parameters: {'learning_rate': 0.1, 'max_depth': 6, 'min_child_weight': 6, 'subsample': 1.0, 'colsample_bytree': 1.0, 'reg_alpha': 0.001, 'reg_lambda': 1.0}. Best is trial 0 with value: 0.6342594293099344.
[I 2026-03-06 18:24:34,541] Trial 1 finished with value: 0.7085860286365337 and parameters: {'learning_rate': 0.03606920453583775, 'max_depth': 6, 'min_child_weight': 6, 'subsample': 0.7578150329688095, 'colsample_bytree': 0.8625877436548175, 'reg_alpha': 4.3867737400718205, 'reg_lambda': 0.027943370189921317}. Best is trial 1 with value: 0.7085860286365337.
[I 2026-03-06 18:24:34,912] Trial 2 finished with value: 0.6645533902436259 and parameters: {'learning_rate': 0.010686499814248787, 'max_depth': 8, 'min_child_weight': 1, 'subsample': 0.7027548344994488, 'colsample_bytree': 0.7069394705689467, 'reg_alpha': 0.0018499583986519607, 'reg_lambda': 0.0012534560622809365}. Best is trial 1 with value: 0.7085860286365337.
[I 2026-03-06 18:24:35,183] Trial 3 finished with value: 0.7362195467582672 and parameters: {'learning_rate': 0.013767752157077942, 'max_depth': 4, 'min_child_weight': 8, 'subsample': 0.6991774704571301, 'colsample_bytree': 0.6527735479783153, 'reg_alpha': 1.815426506585892, 'reg_lambda': 8.554726686106868}. Best is trial 3 with value: 0.7362195467582672.
[I 2026-03-06 18:24:35,519] Trial 4 finished with value: 0.6990273101384212 and parameters: {'learning_rate': 0.03961302592697336, 'max_depth': 3, 'min_child_weight': 15, 'subsample': 0.6927776638914553, 'colsample_bytree': 0.9390179075065499, 'reg_alpha': 0.0017884301188692397, 'reg_lambda': 5.326226824801384}. Best is trial 3 with value: 0.7362195467582672.
[I 2026-03-06 18:24:35,877] Trial 5 finished with value: 0.7966765296058225 and parameters: {'learning_rate': 0.021203539066129644, 'max_depth': 4, 'min_child_weight': 11, 'subsample': 0.8965325358199536, 'colsample_bytree': 0.612199255781924, 'reg_alpha': 0.010253001394087967, 'reg_lambda': 0.5864650602978421}. Best is trial 5 with value: 0.7966765296058225.
[I 2026-03-06 18:24:36,276] Trial 6 finished with value: 0.6138367966987495 and parameters: {'learning_rate': 0.0805593186485574, 'max_depth': 8, 'min_child_weight': 1, 'subsample': 0.774708245238605, 'colsample_bytree': 0.9223645705928264, 'reg_alpha': 0.0012710236033381735, 'reg_lambda': 3.065837326020887}. Best is trial 5 with value: 0.7966765296058225.
[I 2026-03-06 18:24:36,595] Trial 7 finished with value: 0.7022371299980729 and parameters: {'learning_rate': 0.013388817389240457, 'max_depth': 9, 'min_child_weight': 6, 'subsample': 0.6439230151458619, 'colsample_bytree': 0.9870393343739197, 'reg_alpha': 9.057873062934188, 'reg_lambda': 0.0016918359765999604}. Best is trial 5 with value: 0.7966765296058225.
[I 2026-03-06 18:24:36,902] Trial 8 finished with value: 0.608946195966398 and parameters: {'learning_rate': 0.07767825774952197, 'max_depth': 3, 'min_child_weight': 6, 'subsample': 0.7408599610245401, 'colsample_bytree': 0.6904844970817376, 'reg_alpha': 0.0037657067140121486, 'reg_lambda': 5.70946745380971}. Best is trial 5 with value: 0.7966765296058225.
[I 2026-03-06 18:24:37,189] Trial 9 finished with value: 0.6289919962815587 and parameters: {'learning_rate': 0.0849047777255994, 'max_depth': 8, 'min_child_weight': 9, 'subsample': 0.7514939446712684, 'colsample_bytree': 0.7670791010264345, 'reg_alpha': 0.0799337648450024, 'reg_lambda': 0.0011188612626195351}. Best is trial 5 with value: 0.7966765296058225.
[I 2026-03-06 18:24:37,533] Trial 10 finished with value: 0.7999083993696788 and parameters: {'learning_rate': 0.021074665684451124, 'max_depth': 5, 'min_child_weight': 15, 'subsample': 0.8947925080983724, 'colsample_bytree': 0.600726802186601, 'reg_alpha': 0.03479245136292333, 'reg_lambda': 0.19955778503220648}. Best is trial 10 with value: 0.7999083993696788.
[I 2026-03-06 18:24:37,860] Trial 11 finished with value: 0.7896983867859287 and parameters: {'learning_rate': 0.021609788648169023, 'max_depth': 5, 'min_child_weight': 15, 'subsample': 0.9009332354097795, 'colsample_bytree': 0.6049521945407659, 'reg_alpha': 0.03537567381261305, 'reg_lambda': 0.1857982942561076}. Best is trial 10 with value: 0.7999083993696788.
[I 2026-03-06 18:24:38,245] Trial 12 finished with value: 0.7844076568150642 and parameters: {'learning_rate': 0.023734654510861704, 'max_depth': 5, 'min_child_weight': 12, 'subsample': 0.8625426358955095, 'colsample_bytree': 0.6218347139374519, 'reg_alpha': 0.024499449391028216, 'reg_lambda': 0.20158770404325002}. Best is trial 10 with value: 0.7999083993696788.
[I 2026-03-06 18:24:38,592] Trial 13 finished with value: 0.76991043997778 and parameters: {'learning_rate': 0.023554307729798662, 'max_depth': 4, 'min_child_weight': 12, 'subsample': 0.8716433866511006, 'colsample_bytree': 0.7356412254252886, 'reg_alpha': 0.40141024667194874, 'reg_lambda': 0.03546146024185804}. Best is trial 10 with value: 0.7999083993696788.
[I 2026-03-06 18:24:38,987] Trial 14 finished with value: 0.805544332210999 and parameters: {'learning_rate': 0.017580905652703295, 'max_depth': 5, 'min_child_weight': 13, 'subsample': 0.9499984067928597, 'colsample_bytree': 0.6605277868592527, 'reg_alpha': 0.00967714218461916, 'reg_lambda': 0.5994909240192311}. Best is trial 14 with value: 0.805544332210999.
[I 2026-03-06 18:24:39,238] Trial 15 finished with value: 0.7125366459204844 and parameters: {'learning_rate': 0.04950785574658059, 'max_depth': 5, 'min_child_weight': 14, 'subsample': 0.9781165617499024, 'colsample_bytree': 0.8317990831248064, 'reg_alpha': 0.27741664011875544, 'reg_lambda': 0.03354961670414861}. Best is trial 14 with value: 0.805544332210999.
[I 2026-03-06 18:24:39,597] Trial 16 finished with value: 0.8004297180559807 and parameters: {'learning_rate': 0.016951885481918328, 'max_depth': 7, 'min_child_weight': 13, 'subsample': 0.9471772904814113, 'colsample_bytree': 0.6668270657365898, 'reg_alpha': 0.007819560049203984, 'reg_lambda': 0.8558340839345729}. Best is trial 14 with value: 0.805544332210999.
[I 2026-03-06 18:24:39,981] Trial 17 finished with value: 0.7721644616762462 and parameters: {'learning_rate': 0.014703841049210572, 'max_depth': 7, 'min_child_weight': 10, 'subsample': 0.9514261318326465, 'colsample_bytree': 0.6706180290232356, 'reg_alpha': 0.007177073229203359, 'reg_lambda': 1.1048985265702476}. Best is trial 14 with value: 0.805544332210999.
[I 2026-03-06 18:24:40,495] Trial 18 finished with value: 0.7826211611060097 and parameters: {'learning_rate': 0.016511998096142566, 'max_depth': 7, 'min_child_weight': 13, 'subsample': 0.8238350091604775, 'colsample_bytree': 0.7808486443213617, 'reg_alpha': 0.01169024276935234, 'reg_lambda': 0.008779480755487802}. Best is trial 14 with value: 0.805544332210999.
[I 2026-03-06 18:24:40,830] Trial 19 finished with value: 0.7400014170889592 and parameters: {'learning_rate': 0.010668866319234723, 'max_depth': 7, 'min_child_weight': 8, 'subsample': 0.9446689336686049, 'colsample_bytree': 0.7391017399630313, 'reg_alpha': 0.12762307868009887, 'reg_lambda': 0.4750319151048224}. Best is trial 14 with value: 0.805544332210999.
[I 2026-03-06 18:24:41,104] Trial 20 finished with value: 0.7797729256651815 and parameters: {'learning_rate': 0.028711768007026947, 'max_depth': 6, 'min_child_weight': 13, 'subsample': 0.8218800805998943, 'colsample_bytree': 0.6541793945138742, 'reg_alpha': 0.005141795048374684, 'reg_lambda': 0.09885794203964009}. Best is trial 14 with value: 0.805544332210999.
[I 2026-03-06 18:24:41,355] Trial 21 finished with value: 0.7806567923907992 and parameters: {'learning_rate': 0.017283764463669058, 'max_depth': 5, 'min_child_weight': 15, 'subsample': 0.9292965249870921, 'colsample_bytree': 0.6537467746107802, 'reg_alpha': 0.03249521416348178, 'reg_lambda': 1.733859632620375}. Best is trial 14 with value: 0.805544332210999.
[I 2026-03-06 18:24:41,642] Trial 22 finished with value: 0.7868541191941865 and parameters: {'learning_rate': 0.0190182995730808, 'max_depth': 6, 'min_child_weight': 13, 'subsample': 0.9196617449642639, 'colsample_bytree': 0.7027383457183077, 'reg_alpha': 0.017767442111719413, 'reg_lambda': 0.2345542890478949}. Best is trial 14 with value: 0.805544332210999.
[I 2026-03-06 18:24:41,990] Trial 23 finished with value: 0.7736344930789376 and parameters: {'learning_rate': 0.03188558927321307, 'max_depth': 7, 'min_child_weight': 11, 'subsample': 0.9677346149396067, 'colsample_bytree': 0.6321366831956964, 'reg_alpha': 0.06385046114758974, 'reg_lambda': 0.5403118851893535}. Best is trial 14 with value: 0.805544332210999.
[I 2026-03-06 18:24:42,276] Trial 24 finished with value: 0.8073694861068598 and parameters: {'learning_rate': 0.027481157288556813, 'max_depth': 4, 'min_child_weight': 14, 'subsample': 0.8542170510374285, 'colsample_bytree': 0.7287647801940493, 'reg_alpha': 0.003907221069511667, 'reg_lambda': 0.08228931143437793}. Best is trial 24 with value: 0.8073694861068598.
[I 2026-03-06 18:24:42,562] Trial 25 finished with value: 0.7822720470700268 and parameters: {'learning_rate': 0.026989822080197776, 'max_depth': 4, 'min_child_weight': 11, 'subsample': 0.8480498010579395, 'colsample_bytree': 0.7409683907140336, 'reg_alpha': 0.0030734677878777737, 'reg_lambda': 0.06596133966846823}. Best is trial 24 with value: 0.8073694861068598.
[I 2026-03-06 18:24:42,836] Trial 26 finished with value: 0.7035256039633144 and parameters: {'learning_rate': 0.045851169217504664, 'max_depth': 3, 'min_child_weight': 14, 'subsample': 0.9997519237432739, 'colsample_bytree': 0.8071618777849545, 'reg_alpha': 0.003078127311390839, 'reg_lambda': 0.008860540729028843}. Best is trial 24 with value: 0.8073694861068598.
[I 2026-03-06 18:24:43,072] Trial 27 finished with value: 0.7832842453717873 and parameters: {'learning_rate': 0.011993518542129902, 'max_depth': 4, 'min_child_weight': 12, 'subsample': 0.8242185974004446, 'colsample_bytree': 0.6837010440815849, 'reg_alpha': 0.012480077984632848, 'reg_lambda': 2.270973682597864}. Best is trial 24 with value: 0.8073694861068598.
[I 2026-03-06 18:24:43,398] Trial 28 finished with value: 0.7989197814281991 and parameters: {'learning_rate': 0.016465323968926415, 'max_depth': 9, 'min_child_weight': 14, 'subsample': 0.9143163367651483, 'colsample_bytree': 0.7102534816720459, 'reg_alpha': 0.00744265472483827, 'reg_lambda': 0.37215798009722983}. Best is trial 24 with value: 0.8073694861068598.
[I 2026-03-06 18:24:43,696] Trial 29 finished with value: 0.7111106009590857 and parameters: {'learning_rate': 0.026819720495290675, 'max_depth': 6, 'min_child_weight': 3, 'subsample': 0.9745649608887054, 'colsample_bytree': 0.7610730685782617, 'reg_alpha': 0.0025430197279543167, 'reg_lambda': 0.8559679668610166}. Best is trial 24 with value: 0.8073694861068598.
[I 2026-03-06 18:24:44,095] Trial 30 finished with value: 0.6817858155063542 and parameters: {'learning_rate': 0.05421445140305322, 'max_depth': 5, 'min_child_weight': 10, 'subsample': 0.865944201222679, 'colsample_bytree': 0.7183332278229766, 'reg_alpha': 0.1854042624830783, 'reg_lambda': 0.08313595510961438}. Best is trial 24 with value: 0.8073694861068598.
[I 2026-03-06 18:24:44,363] Trial 31 finished with value: 0.7993263159088075 and parameters: {'learning_rate': 0.01936038782247766, 'max_depth': 5, 'min_child_weight': 14, 'subsample': 0.8988542928505421, 'colsample_bytree': 0.639665344279432, 'reg_alpha': 0.04050198614081519, 'reg_lambda': 0.2553332891585916}. Best is trial 24 with value: 0.8073694861068598.
[I 2026-03-06 18:24:44,647] Trial 32 finished with value: 0.7706018093391831 and parameters: {'learning_rate': 0.03374171640930349, 'max_depth': 6, 'min_child_weight': 15, 'subsample': 0.9447744547245989, 'colsample_bytree': 0.6666018742853511, 'reg_alpha': 0.00688604912140259, 'reg_lambda': 1.0563022476723396}. Best is trial 24 with value: 0.8073694861068598.
[I 2026-03-06 18:24:44,945] Trial 33 finished with value: 0.7958226484825811 and parameters: {'learning_rate': 0.024789718809149663, 'max_depth': 6, 'min_child_weight': 13, 'subsample': 0.8846975921667644, 'colsample_bytree': 0.6311625102893984, 'reg_alpha': 0.01610906882249106, 'reg_lambda': 0.13895914053056213}. Best is trial 24 with value: 0.8073694861068598.
[I 2026-03-06 18:24:45,230] Trial 34 finished with value: 0.7958591526941694 and parameters: {'learning_rate': 0.01898012843048984, 'max_depth': 4, 'min_child_weight': 14, 'subsample': 0.7890116395938234, 'colsample_bytree': 0.681537236621207, 'reg_alpha': 0.0575663181868076, 'reg_lambda': 0.009265321096958361}. Best is trial 24 with value: 0.8073694861068598.
[I 2026-03-06 18:24:45,598] Trial 35 finished with value: 0.7795975467355939 and parameters: {'learning_rate': 0.014887736090843838, 'max_depth': 5, 'min_child_weight': 12, 'subsample': 0.999131306598816, 'colsample_bytree': 0.612193190578981, 'reg_alpha': 0.7412561461525266, 'reg_lambda': 0.017922376329815467}. Best is trial 24 with value: 0.8073694861068598.
[I 2026-03-06 18:24:45,871] Trial 36 finished with value: 0.7982312462447143 and parameters: {'learning_rate': 0.012088319766703891, 'max_depth': 4, 'min_child_weight': 15, 'subsample': 0.8456409829049416, 'colsample_bytree': 0.6525247890659096, 'reg_alpha': 0.02293430864910244, 'reg_lambda': 0.049526839749239104}. Best is trial 24 with value: 0.8073694861068598.
[I 2026-03-06 18:24:46,245] Trial 37 finished with value: 0.7150065752927706 and parameters: {'learning_rate': 0.037821836777004146, 'max_depth': 7, 'min_child_weight': 8, 'subsample': 0.9272013530808628, 'colsample_bytree': 0.6023190653933407, 'reg_alpha': 0.0015100813342638138, 'reg_lambda': 0.8300360925651946}. Best is trial 24 with value: 0.8073694861068598.
[I 2026-03-06 18:24:46,679] Trial 38 finished with value: 0.7842929859764877 and parameters: {'learning_rate': 0.0298323865608152, 'max_depth': 8, 'min_child_weight': 10, 'subsample': 0.9572782315048071, 'colsample_bytree': 0.719285505881647, 'reg_alpha': 0.010020273447769576, 'reg_lambda': 0.3359024732693709}. Best is trial 24 with value: 0.8073694861068598.
[I 2026-03-06 18:24:47,035] Trial 39 finished with value: 0.7573588295978868 and parameters: {'learning_rate': 0.020628923488561653, 'max_depth': 3, 'min_child_weight': 13, 'subsample': 0.6167320008673496, 'colsample_bytree': 0.8730284219328004, 'reg_alpha': 0.004804448655101639, 'reg_lambda': 1.5683944555255755}. Best is trial 24 with value: 0.8073694861068598.
[I 2026-03-06 18:24:47,369] Trial 40 finished with value: 0.7319556394472221 and parameters: {'learning_rate': 0.013315114828026069, 'max_depth': 4, 'min_child_weight': 4, 'subsample': 0.8952094924990217, 'colsample_bytree': 0.6814136820703054, 'reg_alpha': 0.0019756889104482816, 'reg_lambda': 0.16160166545303897}. Best is trial 24 with value: 0.8073694861068598.
[I 2026-03-06 18:24:47,742] Trial 41 finished with value: 0.7973466426328379 and parameters: {'learning_rate': 0.018803001948790102, 'max_depth': 5, 'min_child_weight': 14, 'subsample': 0.9094237396112956, 'colsample_bytree': 0.6430974925997778, 'reg_alpha': 0.03436942970001474, 'reg_lambda': 0.2998604329763484}. Best is trial 24 with value: 0.8073694861068598.
[I 2026-03-06 18:24:48,131] Trial 42 finished with value: 0.7960985273611536 and parameters: {'learning_rate': 0.020864585499794978, 'max_depth': 5, 'min_child_weight': 14, 'subsample': 0.8831439715844001, 'colsample_bytree': 0.6325061697382147, 'reg_alpha': 0.05616773674556255, 'reg_lambda': 0.11632218022238505}. Best is trial 24 with value: 0.8073694861068598.
[I 2026-03-06 18:24:48,550] Trial 43 finished with value: 0.8040537813601786 and parameters: {'learning_rate': 0.01572831624057195, 'max_depth': 5, 'min_child_weight': 15, 'subsample': 0.9324637037626028, 'colsample_bytree': 0.6668350044142042, 'reg_alpha': 0.0011793975142487727, 'reg_lambda': 0.6939784602712152}. Best is trial 24 with value: 0.8073694861068598.
[I 2026-03-06 18:24:48,899] Trial 44 finished with value: 0.7800715913342177 and parameters: {'learning_rate': 0.015672160782834406, 'max_depth': 4, 'min_child_weight': 15, 'subsample': 0.935201206044605, 'colsample_bytree': 0.6975981038954282, 'reg_alpha': 0.0013661967515889062, 'reg_lambda': 2.68620988598006}. Best is trial 24 with value: 0.8073694861068598.
[I 2026-03-06 18:24:49,249] Trial 45 finished with value: 0.794975285968552 and parameters: {'learning_rate': 0.022418634385986343, 'max_depth': 6, 'min_child_weight': 15, 'subsample': 0.7244727765538904, 'colsample_bytree': 0.6658523798676885, 'reg_alpha': 0.0010254701252201154, 'reg_lambda': 0.6718901102421216}. Best is trial 24 with value: 0.8073694861068598.
[I 2026-03-06 18:24:49,560] Trial 46 finished with value: 0.794597263317802 and parameters: {'learning_rate': 0.012354424515102469, 'max_depth': 5, 'min_child_weight': 12, 'subsample': 0.8469339638696303, 'colsample_bytree': 0.6137450850864621, 'reg_alpha': 0.004116270686154893, 'reg_lambda': 0.46525577560920206}. Best is trial 24 with value: 0.8073694861068598.
[I 2026-03-06 18:24:49,847] Trial 47 finished with value: 0.7283747123309413 and parameters: {'learning_rate': 0.01785029942383429, 'max_depth': 4, 'min_child_weight': 7, 'subsample': 0.9625313619941973, 'colsample_bytree': 0.7253809430025041, 'reg_alpha': 0.0020914679443493197, 'reg_lambda': 4.495424841102153}. Best is trial 24 with value: 0.8073694861068598.
[I 2026-03-06 18:24:50,130] Trial 48 finished with value: 0.7653825573354193 and parameters: {'learning_rate': 0.025308836559982638, 'max_depth': 3, 'min_child_weight': 13, 'subsample': 0.9843369436229714, 'colsample_bytree': 0.7521733729679991, 'reg_alpha': 0.005777243790988656, 'reg_lambda': 1.4283579258290426}. Best is trial 24 with value: 0.8073694861068598.
