[I 2026-03-06 17:53:18,798] Trial 0 finished with value: 0.6068675298379919 and parameters: {'learning_rate': 0.1, 'max_depth': 6, 'min_child_weight': 6, 'subsample': 1.0, 'colsample_bytree': 1.0, 'reg_alpha': 0.001, 'reg_lambda': 1.0}. Best is trial 0 with value: 0.6068675298379919.
[I 2026-03-06 17:53:19,173] Trial 1 finished with value: 0.6980485654729573 and parameters: {'learning_rate': 0.040502800061666906, 'max_depth': 6, 'min_child_weight': 12, 'subsample': 0.7887572234774947, 'colsample_bytree': 0.9152299630235703, 'reg_alpha': 0.19836999109753295, 'reg_lambda': 0.11195642625898158}. Best is trial 1 with value: 0.6980485654729573.
[I 2026-03-06 17:53:19,532] Trial 2 finished with value: 0.7859924527014153 and parameters: {'learning_rate': 0.0224830218415044, 'max_depth': 8, 'min_child_weight': 10, 'subsample': 0.6188414289079833, 'colsample_bytree': 0.801433038080982, 'reg_alpha': 0.07347931408814026, 'reg_lambda': 0.17770920874647225}. Best is trial 2 with value: 0.7859924527014153.
[I 2026-03-06 17:53:19,958] Trial 3 finished with value: 0.7480137295996859 and parameters: {'learning_rate': 0.030191049162082366, 'max_depth': 8, 'min_child_weight': 5, 'subsample': 0.6378440725031416, 'colsample_bytree': 0.8158750831492213, 'reg_alpha': 0.01081418945116566, 'reg_lambda': 0.010609919757988126}. Best is trial 2 with value: 0.7859924527014153.
[I 2026-03-06 17:53:20,235] Trial 4 finished with value: 0.7177733478553898 and parameters: {'learning_rate': 0.015873534141274636, 'max_depth': 8, 'min_child_weight': 9, 'subsample': 0.7017197413911501, 'colsample_bytree': 0.7285248812889854, 'reg_alpha': 6.4265504738702255, 'reg_lambda': 0.29039846911235495}. Best is trial 2 with value: 0.7859924527014153.
[I 2026-03-06 17:53:20,686] Trial 5 finished with value: 0.7742462512334745 and parameters: {'learning_rate': 0.038656773488286444, 'max_depth': 5, 'min_child_weight': 2, 'subsample': 0.9035359502317379, 'colsample_bytree': 0.758622479785185, 'reg_alpha': 0.04026881450768417, 'reg_lambda': 0.02127635907138958}. Best is trial 2 with value: 0.7859924527014153.
[I 2026-03-06 17:53:21,048] Trial 6 finished with value: 0.7565064595662153 and parameters: {'learning_rate': 0.012422436439798307, 'max_depth': 4, 'min_child_weight': 10, 'subsample': 0.6535297463737278, 'colsample_bytree': 0.68226994432368, 'reg_alpha': 0.003058184953356036, 'reg_lambda': 0.7208288211247845}. Best is trial 2 with value: 0.7859924527014153.
[I 2026-03-06 17:53:21,612] Trial 7 finished with value: 0.6630753393298431 and parameters: {'learning_rate': 0.046526805505206895, 'max_depth': 6, 'min_child_weight': 6, 'subsample': 0.9245260333311274, 'colsample_bytree': 0.8277421276401096, 'reg_alpha': 0.0036707962466382667, 'reg_lambda': 0.0070173559316862345}. Best is trial 2 with value: 0.7859924527014153.
[I 2026-03-06 17:53:22,065] Trial 8 finished with value: 0.676826210226675 and parameters: {'learning_rate': 0.048109290104224954, 'max_depth': 9, 'min_child_weight': 12, 'subsample': 0.9996223748757525, 'colsample_bytree': 0.6125913835912649, 'reg_alpha': 1.6871568162790418, 'reg_lambda': 1.3284011595144012}. Best is trial 2 with value: 0.7859924527014153.
[I 2026-03-06 17:53:22,325] Trial 9 finished with value: 0.6539490230314889 and parameters: {'learning_rate': 0.02016652820519824, 'max_depth': 5, 'min_child_weight': 2, 'subsample': 0.6063573843742496, 'colsample_bytree': 0.7575919970235171, 'reg_alpha': 0.0015478411796448965, 'reg_lambda': 0.0013235353402499838}. Best is trial 2 with value: 0.7859924527014153.
[I 2026-03-06 17:53:22,654] Trial 10 finished with value: 0.7638003804930485 and parameters: {'learning_rate': 0.02500156193066787, 'max_depth': 8, 'min_child_weight': 15, 'subsample': 0.7598298892126316, 'colsample_bytree': 0.8811421922007138, 'reg_alpha': 0.24839571181195727, 'reg_lambda': 6.159010059865386}. Best is trial 2 with value: 0.7859924527014153.
[I 2026-03-06 17:53:22,994] Trial 11 finished with value: 0.5820482355985656 and parameters: {'learning_rate': 0.06427692596761998, 'max_depth': 3, 'min_child_weight': 2, 'subsample': 0.8758044600121435, 'colsample_bytree': 0.718109791074686, 'reg_alpha': 0.033956071535656024, 'reg_lambda': 0.03633645591042286}. Best is trial 2 with value: 0.7859924527014153.
[I 2026-03-06 17:53:23,377] Trial 12 finished with value: 0.6931298539168319 and parameters: {'learning_rate': 0.010190686505223623, 'max_depth': 7, 'min_child_weight': 4, 'subsample': 0.861436384353398, 'colsample_bytree': 0.791118738271876, 'reg_alpha': 0.04342220862644912, 'reg_lambda': 0.034440692741510986}. Best is trial 2 with value: 0.7859924527014153.
[I 2026-03-06 17:53:23,734] Trial 13 finished with value: 0.7929177105579711 and parameters: {'learning_rate': 0.02188505456451262, 'max_depth': 4, 'min_child_weight': 8, 'subsample': 0.722162206173975, 'colsample_bytree': 0.8722242040881683, 'reg_alpha': 0.6574622053536071, 'reg_lambda': 0.10304667716486421}. Best is trial 13 with value: 0.7929177105579711.
[I 2026-03-06 17:53:24,122] Trial 14 finished with value: 0.7873687114139384 and parameters: {'learning_rate': 0.022384722664921974, 'max_depth': 3, 'min_child_weight': 8, 'subsample': 0.7144016348127861, 'colsample_bytree': 0.8966459643761303, 'reg_alpha': 0.765726560984692, 'reg_lambda': 0.15763103001498432}. Best is trial 13 with value: 0.7929177105579711.
[I 2026-03-06 17:53:24,464] Trial 15 finished with value: 0.71132413287113 and parameters: {'learning_rate': 0.01708356471828785, 'max_depth': 3, 'min_child_weight': 7, 'subsample': 0.7203040601299404, 'colsample_bytree': 0.9390756338584418, 'reg_alpha': 0.9589514130021259, 'reg_lambda': 0.07250408416760648}. Best is trial 13 with value: 0.7929177105579711.
[I 2026-03-06 17:53:24,808] Trial 16 finished with value: 0.7277465313423328 and parameters: {'learning_rate': 0.02819482573553318, 'max_depth': 4, 'min_child_weight': 8, 'subsample': 0.7112544825468714, 'colsample_bytree': 0.8743138800729444, 'reg_alpha': 0.9565027899849059, 'reg_lambda': 4.337863094449953}. Best is trial 13 with value: 0.7929177105579711.
[I 2026-03-06 17:53:25,103] Trial 17 finished with value: 0.7383936823366481 and parameters: {'learning_rate': 0.015005387759786605, 'max_depth': 4, 'min_child_weight': 13, 'subsample': 0.8196041781485227, 'colsample_bytree': 0.978193195307475, 'reg_alpha': 6.039822206959685, 'reg_lambda': 0.33540343226080105}. Best is trial 13 with value: 0.7929177105579711.
[I 2026-03-06 17:53:25,449] Trial 18 finished with value: 0.6869582452957353 and parameters: {'learning_rate': 0.020031524176952933, 'max_depth': 3, 'min_child_weight': 4, 'subsample': 0.6713836488928443, 'colsample_bytree': 0.8860383279953693, 'reg_alpha': 0.35917387633050984, 'reg_lambda': 0.0015768425713315367}. Best is trial 13 with value: 0.7929177105579711.
[I 2026-03-06 17:53:25,803] Trial 19 finished with value: 0.6941911394600867 and parameters: {'learning_rate': 0.03587698535089468, 'max_depth': 5, 'min_child_weight': 8, 'subsample': 0.74752056487779, 'colsample_bytree': 0.9506531038131112, 'reg_alpha': 2.4353198878394617, 'reg_lambda': 0.00493207616589059}. Best is trial 13 with value: 0.7929177105579711.
[I 2026-03-06 17:53:26,078] Trial 20 finished with value: 0.7287672082104598 and parameters: {'learning_rate': 0.012348782583077943, 'max_depth': 4, 'min_child_weight': 10, 'subsample': 0.8209626074098154, 'colsample_bytree': 0.8454737234373857, 'reg_alpha': 0.5398438615949109, 'reg_lambda': 2.1109262505000035}. Best is trial 13 with value: 0.7929177105579711.
[I 2026-03-06 17:53:26,417] Trial 21 finished with value: 0.7882458360467397 and parameters: {'learning_rate': 0.022897892134518247, 'max_depth': 9, 'min_child_weight': 10, 'subsample': 0.6102886340366296, 'colsample_bytree': 0.8542715338055697, 'reg_alpha': 0.12205973773924174, 'reg_lambda': 0.17694434909267437}. Best is trial 13 with value: 0.7929177105579711.
[I 2026-03-06 17:53:26,828] Trial 22 finished with value: 0.7696350053604588 and parameters: {'learning_rate': 0.02547329868779355, 'max_depth': 9, 'min_child_weight': 11, 'subsample': 0.678969601500342, 'colsample_bytree': 0.8549144552339869, 'reg_alpha': 0.11401646537818659, 'reg_lambda': 0.06848305820020692}. Best is trial 13 with value: 0.7929177105579711.
[I 2026-03-06 17:53:27,193] Trial 23 finished with value: 0.7113351097258914 and parameters: {'learning_rate': 0.018125914036959557, 'max_depth': 3, 'min_child_weight': 7, 'subsample': 0.7547130234275239, 'colsample_bytree': 0.90684912278923, 'reg_alpha': 2.1494091846496213, 'reg_lambda': 0.4043228841741379}. Best is trial 13 with value: 0.7929177105579711.
[I 2026-03-06 17:53:27,575] Trial 24 finished with value: 0.7164382096920509 and parameters: {'learning_rate': 0.03147732697579781, 'max_depth': 7, 'min_child_weight': 9, 'subsample': 0.6897532687006153, 'colsample_bytree': 0.9120486453064296, 'reg_alpha': 0.6796803782616068, 'reg_lambda': 0.13958352447299036}. Best is trial 13 with value: 0.7929177105579711.
[I 2026-03-06 17:53:27,974] Trial 25 finished with value: 0.7771031909659917 and parameters: {'learning_rate': 0.022894359566552534, 'max_depth': 5, 'min_child_weight': 14, 'subsample': 0.6529245381714979, 'colsample_bytree': 0.946545769073143, 'reg_alpha': 0.13775083632833235, 'reg_lambda': 0.03692774624027663}. Best is trial 13 with value: 0.7929177105579711.
[I 2026-03-06 17:53:28,395] Trial 26 finished with value: 0.7290429945769789 and parameters: {'learning_rate': 0.014053235449461946, 'max_depth': 7, 'min_child_weight': 7, 'subsample': 0.6012076622207811, 'colsample_bytree': 0.8587728029236614, 'reg_alpha': 0.019278738458588858, 'reg_lambda': 0.2154316890633158}. Best is trial 13 with value: 0.7929177105579711.
[I 2026-03-06 17:53:28,751] Trial 27 finished with value: 0.7851882985590746 and parameters: {'learning_rate': 0.020270251611923893, 'max_depth': 4, 'min_child_weight': 9, 'subsample': 0.7346369094121282, 'colsample_bytree': 0.8282599396003313, 'reg_alpha': 0.41607341759266564, 'reg_lambda': 0.7408569342618692}. Best is trial 13 with value: 0.7929177105579711.
[I 2026-03-06 17:53:29,014] Trial 28 finished with value: 0.7237739336668098 and parameters: {'learning_rate': 0.026583087972972975, 'max_depth': 3, 'min_child_weight': 11, 'subsample': 0.7815441114378642, 'colsample_bytree': 0.7787434356332814, 'reg_alpha': 3.538967319172232, 'reg_lambda': 0.014839641266846013}. Best is trial 13 with value: 0.7929177105579711.
[I 2026-03-06 17:53:29,327] Trial 29 finished with value: 0.6625371321971625 and parameters: {'learning_rate': 0.03529324292594635, 'max_depth': 5, 'min_child_weight': 6, 'subsample': 0.6357829494545957, 'colsample_bytree': 0.894715136577436, 'reg_alpha': 1.4212176671749193, 'reg_lambda': 0.07082818972197655}. Best is trial 13 with value: 0.7929177105579711.
[I 2026-03-06 17:53:29,630] Trial 30 finished with value: 0.6134381727233691 and parameters: {'learning_rate': 0.07259597637330725, 'max_depth': 4, 'min_child_weight': 5, 'subsample': 0.6701528711081121, 'colsample_bytree': 0.9741648598167085, 'reg_alpha': 0.23481146427117697, 'reg_lambda': 0.4724822369070161}. Best is trial 13 with value: 0.7929177105579711.
[I 2026-03-06 17:53:30,012] Trial 31 finished with value: 0.7883951895213694 and parameters: {'learning_rate': 0.02040394116477146, 'max_depth': 9, 'min_child_weight': 10, 'subsample': 0.6187846936873165, 'colsample_bytree': 0.8228629608310556, 'reg_alpha': 0.04717039877157662, 'reg_lambda': 0.16590597497276022}. Best is trial 13 with value: 0.7929177105579711.
[I 2026-03-06 17:53:30,391] Trial 32 finished with value: 0.7847201612972026 and parameters: {'learning_rate': 0.021957367658662397, 'max_depth': 9, 'min_child_weight': 11, 'subsample': 0.6275657503641168, 'colsample_bytree': 0.8430823057500093, 'reg_alpha': 0.07347846759947614, 'reg_lambda': 0.0908394990706953}. Best is trial 13 with value: 0.7929177105579711.
[I 2026-03-06 17:53:30,785] Trial 33 finished with value: 0.7849192234301817 and parameters: {'learning_rate': 0.01840594307715849, 'max_depth': 9, 'min_child_weight': 9, 'subsample': 0.6534233736890983, 'colsample_bytree': 0.9298420655314974, 'reg_alpha': 0.012650805104563121, 'reg_lambda': 0.14025185056126868}. Best is trial 13 with value: 0.7929177105579711.
[I 2026-03-06 17:53:31,146] Trial 34 finished with value: 0.7761831257873618 and parameters: {'learning_rate': 0.02341392982932183, 'max_depth': 8, 'min_child_weight': 8, 'subsample': 0.7207618358365915, 'colsample_bytree': 0.8164469176557995, 'reg_alpha': 0.16573182831098493, 'reg_lambda': 0.19608305394499598}. Best is trial 13 with value: 0.7929177105579711.
[I 2026-03-06 17:53:31,493] Trial 35 finished with value: 0.7682721691231883 and parameters: {'learning_rate': 0.02882437696739381, 'max_depth': 8, 'min_child_weight': 12, 'subsample': 0.7796612143669257, 'colsample_bytree': 0.8668521252170249, 'reg_alpha': 0.0635779221721728, 'reg_lambda': 0.05167039006159496}. Best is trial 13 with value: 0.7929177105579711.
[I 2026-03-06 17:53:31,867] Trial 36 finished with value: 0.7596100088440463 and parameters: {'learning_rate': 0.01374038989778209, 'max_depth': 7, 'min_child_weight': 10, 'subsample': 0.6214630413248077, 'colsample_bytree': 0.7944755131650201, 'reg_alpha': 0.021481872629831665, 'reg_lambda': 0.12329045856162266}. Best is trial 13 with value: 0.7929177105579711.
[I 2026-03-06 17:53:32,208] Trial 37 finished with value: 0.748431646329152 and parameters: {'learning_rate': 0.016746388384241754, 'max_depth': 9, 'min_child_weight': 8, 'subsample': 0.7062290538852253, 'colsample_bytree': 0.9164392588625945, 'reg_alpha': 0.09652447824695394, 'reg_lambda': 1.3379214230387977}. Best is trial 13 with value: 0.7929177105579711.
[I 2026-03-06 17:53:32,504] Trial 38 finished with value: 0.7229357114622821 and parameters: {'learning_rate': 0.03278304776132196, 'max_depth': 6, 'min_child_weight': 10, 'subsample': 0.6493652742199382, 'colsample_bytree': 0.7585470589522452, 'reg_alpha': 0.006090399183577077, 'reg_lambda': 0.29530005113378927}. Best is trial 13 with value: 0.7929177105579711.
[I 2026-03-06 17:53:32,812] Trial 39 finished with value: 0.6911177907515733 and parameters: {'learning_rate': 0.04285951118128687, 'max_depth': 6, 'min_child_weight': 13, 'subsample': 0.6896638015569869, 'colsample_bytree': 0.8338490767926197, 'reg_alpha': 0.2831264943446238, 'reg_lambda': 0.020640211853779823}. Best is trial 13 with value: 0.7929177105579711.
[I 2026-03-06 17:53:33,113] Trial 40 finished with value: 0.748229683576521 and parameters: {'learning_rate': 0.02117200971870433, 'max_depth': 8, 'min_child_weight': 9, 'subsample': 0.6012342323923608, 'colsample_bytree': 0.9995885951638236, 'reg_alpha': 0.7058555402940694, 'reg_lambda': 0.6148927039609388}. Best is trial 13 with value: 0.7929177105579711.
[I 2026-03-06 17:53:33,501] Trial 41 finished with value: 0.7799797525373312 and parameters: {'learning_rate': 0.02431560061175339, 'max_depth': 9, 'min_child_weight': 11, 'subsample': 0.621173433349352, 'colsample_bytree': 0.8112659323580913, 'reg_alpha': 0.07979039181942339, 'reg_lambda': 0.21853206415406962}. Best is trial 13 with value: 0.7929177105579711.
[I 2026-03-06 17:53:33,967] Trial 42 finished with value: 0.7846945107194958 and parameters: {'learning_rate': 0.019315491995772118, 'max_depth': 8, 'min_child_weight': 10, 'subsample': 0.6400512002742075, 'colsample_bytree': 0.7141645252489032, 'reg_alpha': 0.03143203362057691, 'reg_lambda': 0.17123102302598975}. Best is trial 13 with value: 0.7929177105579711.
[I 2026-03-06 17:53:34,388] Trial 43 finished with value: 0.757358388620471 and parameters: {'learning_rate': 0.02750983508975686, 'max_depth': 9, 'min_child_weight': 7, 'subsample': 0.6674547743747326, 'colsample_bytree': 0.7747431250800298, 'reg_alpha': 0.04811472341722657, 'reg_lambda': 0.10381206409609756}. Best is trial 13 with value: 0.7929177105579711.
[I 2026-03-06 17:53:34,688] Trial 44 finished with value: 0.7694491382031515 and parameters: {'learning_rate': 0.015562234233610573, 'max_depth': 8, 'min_child_weight': 8, 'subsample': 0.6184714648119489, 'colsample_bytree': 0.6341222419688483, 'reg_alpha': 0.15769957017081257, 'reg_lambda': 0.261474200152675}. Best is trial 13 with value: 0.7929177105579711.
[I 2026-03-06 17:53:34,939] Trial 45 finished with value: 0.7165731169433157 and parameters: {'learning_rate': 0.021886500061448155, 'max_depth': 9, 'min_child_weight': 12, 'subsample': 0.8009729144656056, 'colsample_bytree': 0.8076214202170027, 'reg_alpha': 9.011851372142425, 'reg_lambda': 0.047417632353581624}. Best is trial 13 with value: 0.7929177105579711.
[I 2026-03-06 17:53:35,215] Trial 46 finished with value: 0.6854901336275661 and parameters: {'learning_rate': 0.017533680090765707, 'max_depth': 3, 'min_child_weight': 6, 'subsample': 0.9905062565246633, 'colsample_bytree': 0.8936017084012075, 'reg_alpha': 0.010479051726006898, 'reg_lambda': 0.902481383717615}. Best is trial 13 with value: 0.7929177105579711.
[I 2026-03-06 17:53:35,607] Trial 47 finished with value: 0.7736728954155991 and parameters: {'learning_rate': 0.030606581657964878, 'max_depth': 9, 'min_child_weight': 10, 'subsample': 0.8496406059613708, 'colsample_bytree': 0.8675043992617848, 'reg_alpha': 1.3495076016608547, 'reg_lambda': 0.4250821163100363}. Best is trial 13 with value: 0.7929177105579711.
[I 2026-03-06 17:53:35,889] Trial 48 finished with value: 0.7859292646929181 and parameters: {'learning_rate': 0.02485345969543114, 'max_depth': 8, 'min_child_weight': 9, 'subsample': 0.6946448978944322, 'colsample_bytree': 0.8260370333924822, 'reg_alpha': 0.436075164002476, 'reg_lambda': 0.02112799978162187}. Best is trial 13 with value: 0.7929177105579711.
