[I 2026-03-06 18:48:31,630] Trial 0 finished with value: 0.7336733213164189 and parameters: {'learning_rate': 0.1, 'max_depth': 6, 'min_child_weight': 6, 'subsample': 1.0, 'colsample_bytree': 1.0, 'reg_alpha': 0.001, 'reg_lambda': 1.0}. Best is trial 0 with value: 0.7336733213164189.
[I 2026-03-06 18:48:31,929] Trial 1 finished with value: 0.7613796778106543 and parameters: {'learning_rate': 0.018979818137092912, 'max_depth': 3, 'min_child_weight': 7, 'subsample': 0.9192969703567861, 'colsample_bytree': 0.8749234399858539, 'reg_alpha': 4.901927988146967, 'reg_lambda': 0.32188179861134464}. Best is trial 1 with value: 0.7613796778106543.
[I 2026-03-06 18:48:32,304] Trial 2 finished with value: 0.7589988549921209 and parameters: {'learning_rate': 0.0676093415436818, 'max_depth': 4, 'min_child_weight': 10, 'subsample': 0.8549749609753846, 'colsample_bytree': 0.6953154973818794, 'reg_alpha': 0.0024378802207949213, 'reg_lambda': 0.0011639404044051496}. Best is trial 1 with value: 0.7613796778106543.
[I 2026-03-06 18:48:32,673] Trial 3 finished with value: 0.7229351880193631 and parameters: {'learning_rate': 0.08933049170075395, 'max_depth': 8, 'min_child_weight': 8, 'subsample': 0.7804600255538026, 'colsample_bytree': 0.957009085973489, 'reg_alpha': 1.286337191611175, 'reg_lambda': 0.07029486669431476}. Best is trial 1 with value: 0.7613796778106543.
[I 2026-03-06 18:48:33,025] Trial 4 finished with value: 0.8341796188597534 and parameters: {'learning_rate': 0.021730931961509284, 'max_depth': 9, 'min_child_weight': 12, 'subsample': 0.7086453246235342, 'colsample_bytree': 0.7382778282872177, 'reg_alpha': 0.028342221829938206, 'reg_lambda': 0.1275637705741039}. Best is trial 4 with value: 0.8341796188597534.
[I 2026-03-06 18:48:33,382] Trial 5 finished with value: 0.7839956240292941 and parameters: {'learning_rate': 0.03075746132833229, 'max_depth': 3, 'min_child_weight': 10, 'subsample': 0.9084112207574121, 'colsample_bytree': 0.852495115497799, 'reg_alpha': 6.126871161202607, 'reg_lambda': 0.003989385767252497}. Best is trial 4 with value: 0.8341796188597534.
[I 2026-03-06 18:48:33,865] Trial 6 finished with value: 0.8011590654014896 and parameters: {'learning_rate': 0.013081291293585732, 'max_depth': 9, 'min_child_weight': 7, 'subsample': 0.8865219275033476, 'colsample_bytree': 0.8378057847149798, 'reg_alpha': 0.035787875060234425, 'reg_lambda': 0.004125669160131515}. Best is trial 4 with value: 0.8341796188597534.
[I 2026-03-06 18:48:34,210] Trial 7 finished with value: 0.7519038306748744 and parameters: {'learning_rate': 0.05169502105279134, 'max_depth': 3, 'min_child_weight': 13, 'subsample': 0.7130380725993168, 'colsample_bytree': 0.8784533684218723, 'reg_alpha': 0.046767634820744204, 'reg_lambda': 7.081974152673697}. Best is trial 4 with value: 0.8341796188597534.
[I 2026-03-06 18:48:34,541] Trial 8 finished with value: 0.803075366459205 and parameters: {'learning_rate': 0.02718605953294341, 'max_depth': 9, 'min_child_weight': 6, 'subsample': 0.7211142825753537, 'colsample_bytree': 0.7726212684882094, 'reg_alpha': 0.0022447589912784846, 'reg_lambda': 2.8507267258979603}. Best is trial 4 with value: 0.8341796188597534.
[I 2026-03-06 18:48:34,935] Trial 9 finished with value: 0.7079158589259599 and parameters: {'learning_rate': 0.069191564455269, 'max_depth': 8, 'min_child_weight': 1, 'subsample': 0.8105893175064003, 'colsample_bytree': 0.9617113817501945, 'reg_alpha': 4.1776103669514715, 'reg_lambda': 0.08933891310845678}. Best is trial 4 with value: 0.8341796188597534.
[I 2026-03-06 18:48:35,407] Trial 10 finished with value: 0.8121286943509166 and parameters: {'learning_rate': 0.012356089797995278, 'max_depth': 6, 'min_child_weight': 15, 'subsample': 0.631386994152074, 'colsample_bytree': 0.6088526266600165, 'reg_alpha': 0.4196471285895588, 'reg_lambda': 0.02334417695489726}. Best is trial 4 with value: 0.8341796188597534.
[I 2026-03-06 18:48:35,694] Trial 11 finished with value: 0.8211796982167353 and parameters: {'learning_rate': 0.010282320857500549, 'max_depth': 6, 'min_child_weight': 15, 'subsample': 0.6002281828616467, 'colsample_bytree': 0.6049031774367011, 'reg_alpha': 0.31159618448716697, 'reg_lambda': 0.02890824331619134}. Best is trial 4 with value: 0.8341796188597534.
[I 2026-03-06 18:48:35,984] Trial 12 finished with value: 0.8114730923148431 and parameters: {'learning_rate': 0.010186760839816414, 'max_depth': 5, 'min_child_weight': 15, 'subsample': 0.6108950832896979, 'colsample_bytree': 0.6148311822111421, 'reg_alpha': 0.2276990385755754, 'reg_lambda': 0.02430794996780266}. Best is trial 4 with value: 0.8341796188597534.
[I 2026-03-06 18:48:36,291] Trial 13 finished with value: 0.8184020904896327 and parameters: {'learning_rate': 0.017609932970021266, 'max_depth': 7, 'min_child_weight': 12, 'subsample': 0.6824500390371775, 'colsample_bytree': 0.7099871613141501, 'reg_alpha': 0.01566288949933721, 'reg_lambda': 0.5283239833047461}. Best is trial 4 with value: 0.8341796188597534.
[I 2026-03-06 18:48:36,653] Trial 14 finished with value: 0.8191322314049587 and parameters: {'learning_rate': 0.022106282017449543, 'max_depth': 7, 'min_child_weight': 13, 'subsample': 0.6492732661977487, 'colsample_bytree': 0.6757804378963712, 'reg_alpha': 0.009087789101695968, 'reg_lambda': 0.023394160472052495}. Best is trial 4 with value: 0.8341796188597534.
[I 2026-03-06 18:48:36,940] Trial 15 finished with value: 0.7762299198494484 and parameters: {'learning_rate': 0.04208501427973265, 'max_depth': 5, 'min_child_weight': 10, 'subsample': 0.7495044645578749, 'colsample_bytree': 0.7602422717043382, 'reg_alpha': 0.153111374542532, 'reg_lambda': 0.23898620728239295}. Best is trial 4 with value: 0.8341796188597534.
[I 2026-03-06 18:48:37,208] Trial 16 finished with value: 0.807673593397499 and parameters: {'learning_rate': 0.014760447558090863, 'max_depth': 7, 'min_child_weight': 12, 'subsample': 0.6669083220830068, 'colsample_bytree': 0.6514472100211532, 'reg_alpha': 0.6963608204737071, 'reg_lambda': 0.007547978543184716}. Best is trial 4 with value: 0.8341796188597534.
[I 2026-03-06 18:48:37,510] Trial 17 finished with value: 0.7707292906619506 and parameters: {'learning_rate': 0.04126570224361973, 'max_depth': 5, 'min_child_weight': 15, 'subsample': 0.6020551482890152, 'colsample_bytree': 0.7367120653813202, 'reg_alpha': 0.06295747443880717, 'reg_lambda': 0.06482879573478502}. Best is trial 4 with value: 0.8341796188597534.
[I 2026-03-06 18:48:37,765] Trial 18 finished with value: 0.8096722556655218 and parameters: {'learning_rate': 0.010063140138759044, 'max_depth': 8, 'min_child_weight': 3, 'subsample': 0.6721367740237463, 'colsample_bytree': 0.6446658166040854, 'reg_alpha': 0.018286373871839873, 'reg_lambda': 1.1552119926382305}. Best is trial 4 with value: 0.8341796188597534.
[I 2026-03-06 18:48:38,003] Trial 19 finished with value: 0.8271107823464725 and parameters: {'learning_rate': 0.024080731811429033, 'max_depth': 6, 'min_child_weight': 13, 'subsample': 0.7161484016345802, 'colsample_bytree': 0.8275346153654363, 'reg_alpha': 1.4145040519516228, 'reg_lambda': 0.15413835459233496}. Best is trial 4 with value: 0.8341796188597534.
[I 2026-03-06 18:48:38,241] Trial 20 finished with value: 0.8223433549864526 and parameters: {'learning_rate': 0.024530757892124447, 'max_depth': 4, 'min_child_weight': 11, 'subsample': 0.8034120079942058, 'colsample_bytree': 0.8020872579875402, 'reg_alpha': 1.6202657080219995, 'reg_lambda': 0.19704652174914294}. Best is trial 4 with value: 0.8341796188597534.
[I 2026-03-06 18:48:38,470] Trial 21 finished with value: 0.8279841059302339 and parameters: {'learning_rate': 0.024379654389921002, 'max_depth': 4, 'min_child_weight': 11, 'subsample': 0.7811074063011801, 'colsample_bytree': 0.808418853281172, 'reg_alpha': 1.3190030388841505, 'reg_lambda': 0.1971753766313396}. Best is trial 4 with value: 0.8341796188597534.
[I 2026-03-06 18:48:38,747] Trial 22 finished with value: 0.826792730900475 and parameters: {'learning_rate': 0.020592356645351403, 'max_depth': 4, 'min_child_weight': 13, 'subsample': 0.7548087808631508, 'colsample_bytree': 0.8078239526700358, 'reg_alpha': 1.9591635085490255, 'reg_lambda': 0.17128555793558398}. Best is trial 4 with value: 0.8341796188597534.
[I 2026-03-06 18:48:39,032] Trial 23 finished with value: 0.7958485528687548 and parameters: {'learning_rate': 0.035712685743195485, 'max_depth': 5, 'min_child_weight': 9, 'subsample': 0.7212520836670857, 'colsample_bytree': 0.918640413952061, 'reg_alpha': 0.10658267155432709, 'reg_lambda': 0.756198514640899}. Best is trial 4 with value: 0.8341796188597534.
[I 2026-03-06 18:48:39,302] Trial 24 finished with value: 0.8193982473443753 and parameters: {'learning_rate': 0.028426675293215804, 'max_depth': 7, 'min_child_weight': 12, 'subsample': 0.7695474709178438, 'colsample_bytree': 0.7678644657591129, 'reg_alpha': 0.4440680442256698, 'reg_lambda': 2.5068189242959455}. Best is trial 4 with value: 0.8341796188597534.
[I 2026-03-06 18:48:39,556] Trial 25 finished with value: 0.8175230985500346 and parameters: {'learning_rate': 0.016722861269443036, 'max_depth': 4, 'min_child_weight': 14, 'subsample': 0.8328144822212052, 'colsample_bytree': 0.8238768666504432, 'reg_alpha': 0.8410448745218572, 'reg_lambda': 0.04606615705158294}. Best is trial 4 with value: 0.8341796188597534.
[I 2026-03-06 18:48:39,806] Trial 26 finished with value: 0.8271538618508315 and parameters: {'learning_rate': 0.023878702139389172, 'max_depth': 9, 'min_child_weight': 11, 'subsample': 0.702217583700768, 'colsample_bytree': 0.7324017485241854, 'reg_alpha': 2.7311969516822177, 'reg_lambda': 0.12128500655659383}. Best is trial 4 with value: 0.8341796188597534.
[I 2026-03-06 18:48:40,062] Trial 27 finished with value: 0.7720496774705529 and parameters: {'learning_rate': 0.034149812739785984, 'max_depth': 9, 'min_child_weight': 11, 'subsample': 0.6869687910914105, 'colsample_bytree': 0.7286763517382772, 'reg_alpha': 8.077357302140395, 'reg_lambda': 0.4112611564158917}. Best is trial 4 with value: 0.8341796188597534.
[I 2026-03-06 18:48:40,299] Trial 28 finished with value: 0.806578863834756 and parameters: {'learning_rate': 0.015404331074652552, 'max_depth': 8, 'min_child_weight': 9, 'subsample': 0.7357304962275758, 'colsample_bytree': 0.7785812736866536, 'reg_alpha': 2.4035114894665566, 'reg_lambda': 0.010690381847252666}. Best is trial 4 with value: 0.8341796188597534.
[I 2026-03-06 18:48:40,545] Trial 29 finished with value: 0.777439150200093 and parameters: {'learning_rate': 0.02051086066285701, 'max_depth': 9, 'min_child_weight': 4, 'subsample': 0.9910811028573144, 'colsample_bytree': 0.7381002420869015, 'reg_alpha': 3.3292222140723777, 'reg_lambda': 1.3157358551731948}. Best is trial 4 with value: 0.8341796188597534.
[I 2026-03-06 18:48:40,860] Trial 30 finished with value: 0.8271554489904658 and parameters: {'learning_rate': 0.025429494992085216, 'max_depth': 8, 'min_child_weight': 11, 'subsample': 0.7728667052927286, 'colsample_bytree': 0.7094580915442439, 'reg_alpha': 0.006036767958011935, 'reg_lambda': 0.13009635290323018}. Best is trial 4 with value: 0.8341796188597534.
[I 2026-03-06 18:48:41,179] Trial 31 finished with value: 0.8252109195206837 and parameters: {'learning_rate': 0.025491605065169298, 'max_depth': 9, 'min_child_weight': 11, 'subsample': 0.7770201043545101, 'colsample_bytree': 0.684747096342611, 'reg_alpha': 0.005483997485659735, 'reg_lambda': 0.09477036930350356}. Best is trial 4 with value: 0.8341796188597534.
[I 2026-03-06 18:48:41,469] Trial 32 finished with value: 0.8064903808001451 and parameters: {'learning_rate': 0.01883518670049925, 'max_depth': 8, 'min_child_weight': 9, 'subsample': 0.824328495969148, 'colsample_bytree': 0.7179745425970652, 'reg_alpha': 0.022207404711705066, 'reg_lambda': 0.14029775759134192}. Best is trial 4 with value: 0.8341796188597534.
[I 2026-03-06 18:48:41,766] Trial 33 finished with value: 0.8081305195614961 and parameters: {'learning_rate': 0.030270009030536678, 'max_depth': 9, 'min_child_weight': 11, 'subsample': 0.6981929581055255, 'colsample_bytree': 0.671965267254225, 'reg_alpha': 0.005252974904443031, 'reg_lambda': 0.29273846259037656}. Best is trial 4 with value: 0.8341796188597534.
[I 2026-03-06 18:48:42,189] Trial 34 finished with value: 0.7980068927206975 and parameters: {'learning_rate': 0.03781303626657897, 'max_depth': 8, 'min_child_weight': 8, 'subsample': 0.7892146976886599, 'colsample_bytree': 0.7017399440795753, 'reg_alpha': 0.0010284522095934628, 'reg_lambda': 0.5134710709477309}. Best is trial 4 with value: 0.8341796188597534.
[I 2026-03-06 18:48:42,627] Trial 35 finished with value: 0.8125145960162795 and parameters: {'learning_rate': 0.02097937208221686, 'max_depth': 9, 'min_child_weight': 10, 'subsample': 0.8662037827183694, 'colsample_bytree': 0.7535804329314466, 'reg_alpha': 0.004788122797997119, 'reg_lambda': 0.04296180154953233}. Best is trial 4 with value: 0.8341796188597534.
[I 2026-03-06 18:48:42,988] Trial 36 finished with value: 0.824314979197134 and parameters: {'learning_rate': 0.0234900100221564, 'max_depth': 8, 'min_child_weight': 8, 'subsample': 0.7445373187672999, 'colsample_bytree': 0.7871522330294807, 'reg_alpha': 0.011677940706951518, 'reg_lambda': 0.0594641128288821}. Best is trial 4 with value: 0.8341796188597534.
[I 2026-03-06 18:48:43,326] Trial 37 finished with value: 0.7518882426963236 and parameters: {'learning_rate': 0.04950584827841549, 'max_depth': 3, 'min_child_weight': 12, 'subsample': 0.7669354839111335, 'colsample_bytree': 0.8545044622335067, 'reg_alpha': 0.02440834503769876, 'reg_lambda': 0.10951964435160585}. Best is trial 4 with value: 0.8341796188597534.
[I 2026-03-06 18:48:43,902] Trial 38 finished with value: 0.8222769218560465 and parameters: {'learning_rate': 0.032079257123576954, 'max_depth': 9, 'min_child_weight': 14, 'subsample': 0.85270961181259, 'colsample_bytree': 0.8796658320911699, 'reg_alpha': 0.07231285979465582, 'reg_lambda': 0.0014828515784779226}. Best is trial 4 with value: 0.8341796188597534.
[I 2026-03-06 18:48:44,283] Trial 39 finished with value: 0.8229012345679012 and parameters: {'learning_rate': 0.027457326256333604, 'max_depth': 7, 'min_child_weight': 7, 'subsample': 0.655719562933095, 'colsample_bytree': 0.6399366470366048, 'reg_alpha': 0.03444863826954669, 'reg_lambda': 0.26938969394330275}. Best is trial 4 with value: 0.8341796188597534.
[I 2026-03-06 18:48:44,538] Trial 40 finished with value: 0.7869632917276015 and parameters: {'learning_rate': 0.01486812370541768, 'max_depth': 8, 'min_child_weight': 10, 'subsample': 0.7030442817904174, 'colsample_bytree': 0.7434030149319948, 'reg_alpha': 9.535591046945967, 'reg_lambda': 0.7238692111573966}. Best is trial 4 with value: 0.8341796188597534.
[I 2026-03-06 18:48:44,929] Trial 41 finished with value: 0.8246079765103334 and parameters: {'learning_rate': 0.02420370748194775, 'max_depth': 6, 'min_child_weight': 14, 'subsample': 0.7269502760542109, 'colsample_bytree': 0.8168619592332845, 'reg_alpha': 0.9708477603860878, 'reg_lambda': 0.13754764631185562}. Best is trial 4 with value: 0.8341796188597534.
[I 2026-03-06 18:48:45,302] Trial 42 finished with value: 0.8104117493679783 and parameters: {'learning_rate': 0.01879469615357835, 'max_depth': 6, 'min_child_weight': 13, 'subsample': 0.7118016955701173, 'colsample_bytree': 0.848087576718217, 'reg_alpha': 5.186061070988272, 'reg_lambda': 0.3501829971221891}. Best is trial 4 with value: 0.8341796188597534.
[I 2026-03-06 18:48:45,611] Trial 43 finished with value: 0.8271909328980036 and parameters: {'learning_rate': 0.0272728822815642, 'max_depth': 9, 'min_child_weight': 12, 'subsample': 0.7987766565910046, 'colsample_bytree': 0.9141490201767363, 'reg_alpha': 2.950588576370357, 'reg_lambda': 0.08865682522581306}. Best is trial 4 with value: 0.8341796188597534.
[I 2026-03-06 18:48:45,901] Trial 44 finished with value: 0.823167760659343 and parameters: {'learning_rate': 0.0294418894207198, 'max_depth': 9, 'min_child_weight': 11, 'subsample': 0.7962159953468517, 'colsample_bytree': 0.9175311903060128, 'reg_alpha': 2.8721486078954213, 'reg_lambda': 0.032851169262574205}. Best is trial 4 with value: 0.8341796188597534.
[I 2026-03-06 18:48:46,208] Trial 45 finished with value: 0.8297652733848019 and parameters: {'learning_rate': 0.026595467078891228, 'max_depth': 9, 'min_child_weight': 12, 'subsample': 0.8195421351141311, 'colsample_bytree': 0.963852087074709, 'reg_alpha': 0.0016970878651458086, 'reg_lambda': 0.015215946516678578}. Best is trial 4 with value: 0.8341796188597534.
[I 2026-03-06 18:48:46,529] Trial 46 finished with value: 0.8276896348445171 and parameters: {'learning_rate': 0.02703522295805837, 'max_depth': 8, 'min_child_weight': 12, 'subsample': 0.9051481388363732, 'colsample_bytree': 0.963898146108543, 'reg_alpha': 0.0018345448108565646, 'reg_lambda': 0.013524219946488806}. Best is trial 4 with value: 0.8341796188597534.
[I 2026-03-06 18:48:46,824] Trial 47 finished with value: 0.8199739822467095 and parameters: {'learning_rate': 0.03225855982867304, 'max_depth': 9, 'min_child_weight': 12, 'subsample': 0.9370747181978507, 'colsample_bytree': 0.98056440434503, 'reg_alpha': 0.0018437864881988171, 'reg_lambda': 0.0109927479551094}. Best is trial 4 with value: 0.8341796188597534.
[I 2026-03-06 18:48:47,054] Trial 48 finished with value: 0.784831366413858 and parameters: {'learning_rate': 0.03856703162104173, 'max_depth': 3, 'min_child_weight': 14, 'subsample': 0.9012609922890491, 'colsample_bytree': 0.9387877981715642, 'reg_alpha': 0.0010180061285417145, 'reg_lambda': 0.017771503165112792}. Best is trial 4 with value: 0.8341796188597534.
