[I 2026-03-06 17:53:36,113] Trial 49 finished with value: 0.6280097483570265 and parameters: {'learning_rate': 0.09641633721388286, 'max_depth': 7, 'min_child_weight': 13, 'subsample': 0.6153233277678952, 'colsample_bytree': 0.7321631337721429, 'reg_alpha': 3.7147065169404963, 'reg_lambda': 0.08887492525296686}. Best is trial 13 with value: 0.7929177105579711.
Entraînement du modèle Skip-gram...
Extraction des features pour 2370 liens positifs...
Génération de 23700 non-liens (ratio 10.0)...
DataFrame créé avec succès : 26070 lignes.
Extraction des features pour 593 liens positifs...
Génération de 14825 non-liens (ratio 25.0)...
DataFrame créé avec succès : 15418 lignes.
Features détectées (23) : ['cn', 'aa', 'jc', 'pa', 'sp', 'pr_u', 'pr_v', 'lcc_u', 'lcc_v', 'and_u', 'and_v', 'dc_u', 'dc_v', 'louvain_density', 'same_louvain', 'infomap_density', 'same_infomap', 'sbm_density', 'same_sbm', 'n2v_homophily_cos', 'n2v_homophily_dist', 'deepwalk_cos', 'deepwalk_dist']

================================================================================
               RÉSULTATS OPTUNA : BASELINE VS TOP CONFIGURATIONS                
================================================================================
 Trial  Avg_AUC  Std_AUC   Avg_AP  Delta_AUC
     0 0.606868      0.0 0.155097   0.393132
--------------------------------------------------------------------------------
 Trial  Avg_AUC  Std_AUC   Avg_AP  Delta_AUC
    13 0.792918      0.0 0.281120   0.207047
    31 0.788395      0.0 0.286445   0.211570
    21 0.788246      0.0 0.290737   0.211723
    14 0.787369      0.0 0.277220   0.212575
     2 0.785992      0.0 0.290843   0.213976
    48 0.785929      0.0 0.288827   0.214047
    27 0.785188      0.0 0.276812   0.214777
    33 0.784919      0.0 0.281902   0.215055
    32 0.784720      0.0 0.290494   0.215247
    42 0.784695      0.0 0.283455   0.215273
================================================================================
Résultats sauvegardés dans : outputs/results/optuna_results_artificial_graph_sbm_0_35_pos_0_65.csv
{'learning_rate': 0.02188505456451262, 'max_depth': 4, 'min_child_weight': 8, 'subsample': 0.722162206173975, 'colsample_bytree': 0.8722242040881683, 'reg_alpha': 0.6574622053536071, 'reg_lambda': 0.10304667716486421, 'tree_method': 'hist', 'n_estimators': 150}

--- Enrichissement du Graphe avec les Métriques de Structure ---
Calcul : PageRank, Clustering, Average Neighbor Degree, Degree Centrality

--- Enrichissement du Graphe avec les Communautés ---
Calcul des communautés via louvain...
Calcul des communautés via infomap...
Calcul des communautés via sbm...

--- Enrichissement du Graphe avec les Embeddings ---
Calcul des embeddings via n2v_homophily...
Calcul de Node2Vec (p=2, q=0.5)...
Génération des marches aléatoires (dim=64)...
Computing transition probabilities:   0%|                                                                          | 0/1000 [00:00<?, ?it/s]Computing transition probabilities:  59%|████████████████████████████████████▍                         | 587/1000 [00:00<00:00, 5863.74it/s]Computing transition probabilities: 100%|█████████████████████████████████████████████████████████████| 1000/1000 [00:00<00:00, 5952.82it/s]
Generating walks (CPU: 1):   0%|                                                                                     | 0/25 [00:00<?, ?it/s]Generating walks (CPU: 2):   0%|                                                                                     | 0/25 [00:00<?, ?it/s]Generating walks (CPU: 1):   8%|██████▏                                                                      | 2/25 [00:00<00:02,  9.22it/s]Generating walks (CPU: 2):   8%|██████▏                                                                      | 2/25 [00:00<00:01, 12.02it/s]Generating walks (CPU: 3):   0%|                                                                                     | 0/25 [00:00<?, ?it/s]Generating walks (CPU: 1):  12%|█████████▏                                                                   | 3/25 [00:00<00:03,  6.53it/s]Generating walks (CPU: 4):   0%|                                                                                     | 0/25 [00:00<?, ?it/s]Generating walks (CPU: 3):   8%|██████▏                                                                      | 2/25 [00:00<00:02,  8.89it/s]Generating walks (CPU: 4):   8%|██████▏                                                                      | 2/25 [00:00<00:01, 11.87it/s]Generating walks (CPU: 2):  16%|████████████▎                                                                | 4/25 [00:00<00:02,  7.72it/s]Generating walks (CPU: 1):  16%|████████████▎                                                                | 4/25 [00:00<00:03,  5.83it/s]Generating walks (CPU: 3):  12%|█████████▏                                                                   | 3/25 [00:00<00:03,  6.12it/s]Generating walks (CPU: 2):  20%|███████████████▍                                                             | 5/25 [00:00<00:02,  7.20it/s]Generating walks (CPU: 1):  20%|███████████████▍                                                             | 5/25 [00:00<00:03,  5.37it/s]Generating walks (CPU: 4):  16%|████████████▎                                                                | 4/25 [00:00<00:02,  7.63it/s]Generating walks (CPU: 2):  24%|██████████████████▍                                                          | 6/25 [00:00<00:02,  6.82it/s]Generating walks (CPU: 3):  16%|████████████▎                                                                | 4/25 [00:00<00:03,  5.34it/s]Generating walks (CPU: 1):  24%|██████████████████▍                                                          | 6/25 [00:01<00:03,  5.19it/s]Generating walks (CPU: 4):  20%|███████████████▍                                                             | 5/25 [00:00<00:02,  7.14it/s]Generating walks (CPU: 2):  28%|█████████████████████▌                                                       | 7/25 [00:00<00:02,  6.61it/s]Generating walks (CPU: 3):  20%|███████████████▍                                                             | 5/25 [00:00<00:03,  5.08it/s]Generating walks (CPU: 4):  24%|██████████████████▍                                                          | 6/25 [00:00<00:02,  6.83it/s]Generating walks (CPU: 1):  28%|█████████████████████▌                                                       | 7/25 [00:01<00:03,  5.08it/s]Generating walks (CPU: 2):  32%|████████████████████████▋                                                    | 8/25 [00:01<00:02,  6.47it/s]Generating walks (CPU: 3):  24%|██████████████████▍                                                          | 6/25 [00:01<00:03,  5.30it/s]Generating walks (CPU: 4):  28%|█████████████████████▌                                                       | 7/25 [00:00<00:02,  6.62it/s]Generating walks (CPU: 2):  36%|███████████████████████████▋                                                 | 9/25 [00:01<00:02,  6.30it/s]Generating walks (CPU: 1):  32%|████████████████████████▋                                                    | 8/25 [00:01<00:03,  5.04it/s]Generating walks (CPU: 3):  28%|█████████████████████▌                                                       | 7/25 [00:01<00:03,  5.30it/s]Generating walks (CPU: 4):  32%|████████████████████████▋                                                    | 8/25 [00:01<00:02,  6.47it/s]Generating walks (CPU: 2):  40%|██████████████████████████████▍                                             | 10/25 [00:01<00:02,  6.23it/s]Generating walks (CPU: 1):  36%|███████████████████████████▋                                                 | 9/25 [00:01<00:02,  5.44it/s]Generating walks (CPU: 1):  40%|██████████████████████████████▍                                             | 10/25 [00:01<00:02,  5.95it/s]Generating walks (CPU: 4):  36%|███████████████████████████▋                                                 | 9/25 [00:01<00:02,  6.37it/s]Generating walks (CPU: 3):  32%|████████████████████████▋                                                    | 8/25 [00:01<00:03,  5.41it/s]Generating walks (CPU: 2):  44%|█████████████████████████████████▍                                          | 11/25 [00:01<00:02,  6.17it/s]Generating walks (CPU: 1):  44%|█████████████████████████████████▍                                          | 11/25 [00:01<00:02,  6.51it/s]Generating walks (CPU: 3):  36%|███████████████████████████▋                                                 | 9/25 [00:01<00:02,  5.69it/s]Generating walks (CPU: 4):  40%|██████████████████████████████▍                                             | 10/25 [00:01<00:02,  6.27it/s]Generating walks (CPU: 2):  48%|████████████████████████████████████▍                                       | 12/25 [00:01<00:02,  6.34it/s]Generating walks (CPU: 1):  48%|████████████████████████████████████▍                                       | 12/25 [00:01<00:01,  7.05it/s]Generating walks (CPU: 3):  40%|██████████████████████████████▍                                             | 10/25 [00:01<00:02,  6.09it/s]Generating walks (CPU: 2):  52%|███████████████████████████████████████▌                                    | 13/25 [00:01<00:01,  6.74it/s]Generating walks (CPU: 4):  44%|█████████████████████████████████▍                                          | 11/25 [00:01<00:02,  6.14it/s]Generating walks (CPU: 1):  52%|███████████████████████████████████████▌                                    | 13/25 [00:02<00:01,  7.69it/s]Generating walks (CPU: 2):  56%|██████████████████████████████████████████▌                                 | 14/25 [00:02<00:01,  7.25it/s]Generating walks (CPU: 3):  44%|█████████████████████████████████▍                                          | 11/25 [00:01<00:02,  6.42it/s]Generating walks (CPU: 1):  56%|██████████████████████████████████████████▌                                 | 14/25 [00:02<00:01,  8.25it/s]Generating walks (CPU: 4):  48%|████████████████████████████████████▍                                       | 12/25 [00:01<00:02,  6.25it/s]Generating walks (CPU: 3):  48%|████████████████████████████████████▍                                       | 12/25 [00:02<00:01,  6.75it/s]Generating walks (CPU: 2):  60%|█████████████████████████████████████████████▌                              | 15/25 [00:02<00:01,  6.47it/s]Generating walks (CPU: 4):  52%|███████████████████████████████████████▌                                    | 13/25 [00:01<00:01,  6.54it/s]Generating walks (CPU: 1):  64%|████████████████████████████████████████████████▋                           | 16/25 [00:02<00:00,  9.01it/s]Generating walks (CPU: 1):  68%|███████████████████████████████████████████████████▋                        | 17/25 [00:02<00:00,  9.01it/s]Generating walks (CPU: 4):  56%|██████████████████████████████████████████▌                                 | 14/25 [00:02<00:01,  6.59it/s]Generating walks (CPU: 3):  52%|███████████████████████████████████████▌                                    | 13/25 [00:02<00:02,  5.92it/s]Generating walks (CPU: 2):  64%|████████████████████████████████████████████████▋                           | 16/25 [00:02<00:01,  5.89it/s]Generating walks (CPU: 1):  72%|██████████████████████████████████████████████████████▋                     | 18/25 [00:02<00:00,  9.23it/s]Generating walks (CPU: 4):  60%|█████████████████████████████████████████████▌                              | 15/25 [00:02<00:01,  7.14it/s]Generating walks (CPU: 3):  56%|██████████████████████████████████████████▌                                 | 14/25 [00:02<00:01,  6.34it/s]Generating walks (CPU: 1):  76%|█████████████████████████████████████████████████████████▊                  | 19/25 [00:02<00:00,  9.42it/s]Generating walks (CPU: 2):  68%|███████████████████████████████████████████████████▋                        | 17/25 [00:02<00:01,  5.93it/s]Generating walks (CPU: 4):  64%|████████████████████████████████████████████████▋                           | 16/25 [00:02<00:01,  7.76it/s]Generating walks (CPU: 3):  60%|█████████████████████████████████████████████▌                              | 15/25 [00:02<00:01,  6.69it/s]Generating walks (CPU: 1):  80%|████████████████████████████████████████████████████████████▊               | 20/25 [00:02<00:00,  9.48it/s]Generating walks (CPU: 4):  68%|███████████████████████████████████████████████████▋                        | 17/25 [00:02<00:00,  8.31it/s]Generating walks (CPU: 2):  72%|██████████████████████████████████████████████████████▋                     | 18/25 [00:02<00:01,  5.97it/s]Generating walks (CPU: 3):  64%|████████████████████████████████████████████████▋                           | 16/25 [00:02<00:01,  6.78it/s]Generating walks (CPU: 4):  72%|██████████████████████████████████████████████████████▋                     | 18/25 [00:02<00:00,  8.23it/s]Generating walks (CPU: 1):  88%|██████████████████████████████████████████████████████████████████▉         | 22/25 [00:02<00:00,  9.76it/s]Generating walks (CPU: 2):  76%|█████████████████████████████████████████████████████████▊                  | 19/25 [00:02<00:01,  5.93it/s]Generating walks (CPU: 4):  76%|█████████████████████████████████████████████████████████▊                  | 19/25 [00:02<00:00,  7.33it/s]Generating walks (CPU: 3):  68%|███████████████████████████████████████████████████▋                        | 17/25 [00:02<00:01,  5.91it/s]Generating walks (CPU: 1):  96%|████████████████████████████████████████████████████████████████████████▉   | 24/25 [00:03<00:00,  9.88it/s]Generating walks (CPU: 2):  80%|████████████████████████████████████████████████████████████▊               | 20/25 [00:03<00:00,  5.91it/s]Generating walks (CPU: 4):  80%|████████████████████████████████████████████████████████████▊               | 20/25 [00:02<00:00,  6.85it/s]Generating walks (CPU: 3):  72%|██████████████████████████████████████████████████████▋                     | 18/25 [00:03<00:01,  5.73it/s]Generating walks (CPU: 1): 100%|████████████████████████████████████████████████████████████████████████████| 25/25 [00:03<00:00,  7.37it/s]
Generating walks (CPU: 2):  84%|███████████████████████████████████████████████████████████████▊            | 21/25 [00:03<00:00,  5.93it/s]Generating walks (CPU: 4):  84%|███████████████████████████████████████████████████████████████▊            | 21/25 [00:03<00:00,  6.60it/s]Generating walks (CPU: 3):  76%|█████████████████████████████████████████████████████████▊                  | 19/25 [00:03<00:01,  5.66it/s]Generating walks (CPU: 2):  88%|██████████████████████████████████████████████████████████████████▉         | 22/25 [00:03<00:00,  5.93it/s]Generating walks (CPU: 4):  88%|██████████████████████████████████████████████████████████████████▉         | 22/25 [00:03<00:00,  6.38it/s]Generating walks (CPU: 3):  80%|████████████████████████████████████████████████████████████▊               | 20/25 [00:03<00:00,  5.39it/s]Generating walks (CPU: 2):  92%|█████████████████████████████████████████████████████████████████████▉      | 23/25 [00:03<00:00,  5.65it/s]Generating walks (CPU: 4):  92%|█████████████████████████████████████████████████████████████████████▉      | 23/25 [00:03<00:00,  6.27it/s]Generating walks (CPU: 3):  84%|███████████████████████████████████████████████████████████████▊            | 21/25 [00:03<00:00,  5.49it/s]Generating walks (CPU: 4):  96%|████████████████████████████████████████████████████████████████████████▉   | 24/25 [00:03<00:00,  6.09it/s]Generating walks (CPU: 2):  96%|████████████████████████████████████████████████████████████████████████▉   | 24/25 [00:03<00:00,  5.12it/s]Generating walks (CPU: 3):  88%|██████████████████████████████████████████████████████████████████▉         | 22/25 [00:03<00:00,  5.57it/s]Generating walks (CPU: 4): 100%|████████████████████████████████████████████████████████████████████████████| 25/25 [00:03<00:00,  5.70it/s]Generating walks (CPU: 2): 100%|████████████████████████████████████████████████████████████████████████████| 25/25 [00:04<00:00,  4.99it/s]Generating walks (CPU: 3):  92%|█████████████████████████████████████████████████████████████████████▉      | 23/25 [00:03<00:00,  5.54it/s]Generating walks (CPU: 4): 100%|████████████████████████████████████████████████████████████████████████████| 25/25 [00:03<00:00,  6.39it/s]
Generating walks (CPU: 3):  96%|████████████████████████████████████████████████████████████████████████▉   | 24/25 [00:04<00:00,  5.63it/s]Generating walks (CPU: 2): 100%|████████████████████████████████████████████████████████████████████████████| 25/25 [00:04<00:00,  5.82it/s]
Generating walks (CPU: 3): 100%|████████████████████████████████████████████████████████████████████████████| 25/25 [00:04<00:00,  5.30it/s]Generating walks (CPU: 3): 100%|████████████████████████████████████████████████████████████████████████████| 25/25 [00:04<00:00,  5.48it/s]
Entraînement du modèle Skip-gram...
Calcul des embeddings via deepwalk...
Calcul de Node2Vec (p=1, q=1)...
Génération des marches aléatoires (dim=64)...
Computing transition probabilities:   0%|                                                                          | 0/1000 [00:00<?, ?it/s]Computing transition probabilities:  40%|████████████████████████▍                                     | 395/1000 [00:00<00:00, 3942.25it/s]Computing transition probabilities:  81%|██████████████████████████████████████████████████▏           | 809/1000 [00:00<00:00, 4057.07it/s]Computing transition probabilities: 100%|█████████████████████████████████████████████████████████████| 1000/1000 [00:00<00:00, 4084.50it/s]
Generating walks (CPU: 1):   0%|                                                                                     | 0/25 [00:00<?, ?it/s]Generating walks (CPU: 2):   0%|                                                                                     | 0/25 [00:00<?, ?it/s]Generating walks (CPU: 2):   8%|██████▏                                                                      | 2/25 [00:00<00:01, 17.02it/s]Generating walks (CPU: 1):   8%|██████▏                                                                      | 2/25 [00:00<00:02,  9.34it/s]Generating walks (CPU: 3):   0%|                                                                                     | 0/25 [00:00<?, ?it/s]Generating walks (CPU: 2):  16%|████████████▎                                                                | 4/25 [00:00<00:01, 11.34it/s]Generating walks (CPU: 1):  12%|█████████▏                                                                   | 3/25 [00:00<00:03,  6.58it/s]Generating walks (CPU: 3):   8%|██████▏                                                                      | 2/25 [00:00<00:02, 10.41it/s]Generating walks (CPU: 4):   0%|                                                                                     | 0/25 [00:00<?, ?it/s]Generating walks (CPU: 1):  16%|████████████▎                                                                | 4/25 [00:00<00:03,  5.69it/s]Generating walks (CPU: 2):  24%|██████████████████▍                                                          | 6/25 [00:00<00:02,  8.84it/s]Generating walks (CPU: 4):   8%|██████▏                                                                      | 2/25 [00:00<00:02,  8.92it/s]Generating walks (CPU: 1):  20%|███████████████▍                                                             | 5/25 [00:00<00:03,  5.31it/s]Generating walks (CPU: 2):  28%|█████████████████████▌                                                       | 7/25 [00:00<00:02,  7.93it/s]Generating walks (CPU: 3):  16%|████████████▎                                                                | 4/25 [00:00<00:03,  5.97it/s]Generating walks (CPU: 4):  12%|█████████▏                                                                   | 3/25 [00:00<00:03,  6.32it/s]Generating walks (CPU: 2):  32%|████████████████████████▋                                                    | 8/25 [00:00<00:02,  7.38it/s]Generating walks (CPU: 1):  24%|██████████████████▍                                                          | 6/25 [00:01<00:03,  5.08it/s]Generating walks (CPU: 3):  20%|███████████████▍                                                             | 5/25 [00:00<00:03,  6.01it/s]Generating walks (CPU: 2):  36%|███████████████████████████▋                                                 | 9/25 [00:01<00:02,  7.01it/s]Generating walks (CPU: 4):  16%|████████████▎                                                                | 4/25 [00:00<00:03,  5.40it/s]Generating walks (CPU: 3):  24%|██████████████████▍                                                          | 6/25 [00:00<00:03,  6.07it/s]Generating walks (CPU: 1):  28%|█████████████████████▌                                                       | 7/25 [00:01<00:03,  4.90it/s]Generating walks (CPU: 2):  40%|██████████████████████████████▍                                             | 10/25 [00:01<00:02,  6.74it/s]Generating walks (CPU: 4):  20%|███████████████▍                                                             | 5/25 [00:00<00:03,  5.00it/s]Generating walks (CPU: 3):  28%|█████████████████████▌                                                       | 7/25 [00:01<00:03,  5.95it/s]Generating walks (CPU: 1):  32%|████████████████████████▋                                                    | 8/25 [00:01<00:03,  4.79it/s]Generating walks (CPU: 2):  44%|█████████████████████████████████▍                                          | 11/25 [00:01<00:02,  6.58it/s]Generating walks (CPU: 3):  32%|████████████████████████▋                                                    | 8/25 [00:01<00:02,  5.97it/s]Generating walks (CPU: 4):  24%|██████████████████▍                                                          | 6/25 [00:01<00:03,  4.