[I 2026-03-06 17:45:19,605] Trial 0 finished with value: 0.6819449262546905 and parameters: {'learning_rate': 0.1, 'max_depth': 6, 'min_child_weight': 6, 'subsample': 1.0, 'colsample_bytree': 1.0, 'reg_alpha': 0.001, 'reg_lambda': 1.0}. Best is trial 0 with value: 0.6819449262546905.
[I 2026-03-06 17:45:19,986] Trial 1 finished with value: 0.7654836241199877 and parameters: {'learning_rate': 0.011348747398265255, 'max_depth': 8, 'min_child_weight': 4, 'subsample': 0.8342195353127146, 'colsample_bytree': 0.672541313304121, 'reg_alpha': 1.6610661029347424, 'reg_lambda': 0.11691040089766293}. Best is trial 1 with value: 0.7654836241199877.
[I 2026-03-06 17:45:20,410] Trial 2 finished with value: 0.7072875783650194 and parameters: {'learning_rate': 0.061331333187000736, 'max_depth': 8, 'min_child_weight': 14, 'subsample': 0.9895137066890243, 'colsample_bytree': 0.6318460578586749, 'reg_alpha': 0.003545465099331507, 'reg_lambda': 0.8116363316435156}. Best is trial 1 with value: 0.7654836241199877.
[I 2026-03-06 17:45:20,959] Trial 3 finished with value: 0.6981562538969945 and parameters: {'learning_rate': 0.03975695839138814, 'max_depth': 6, 'min_child_weight': 7, 'subsample': 0.6272810046600935, 'colsample_bytree': 0.8529978820539257, 'reg_alpha': 0.0019335202850106164, 'reg_lambda': 7.499314872131677}. Best is trial 1 with value: 0.7654836241199877.
[I 2026-03-06 17:45:21,415] Trial 4 finished with value: 0.6834936911199537 and parameters: {'learning_rate': 0.07880082260288104, 'max_depth': 7, 'min_child_weight': 6, 'subsample': 0.6583789893465755, 'colsample_bytree': 0.8692774609276419, 'reg_alpha': 0.0588490660927075, 'reg_lambda': 0.5004676817096603}. Best is trial 1 with value: 0.7654836241199877.
[I 2026-03-06 17:45:21,718] Trial 5 finished with value: 0.7915457606366697 and parameters: {'learning_rate': 0.011386616595570774, 'max_depth': 6, 'min_child_weight': 10, 'subsample': 0.9692739911854682, 'colsample_bytree': 0.7029647312772511, 'reg_alpha': 0.029389600672230523, 'reg_lambda': 0.0023869773583034713}. Best is trial 5 with value: 0.7915457606366697.
[I 2026-03-06 17:45:22,093] Trial 6 finished with value: 0.728062726025689 and parameters: {'learning_rate': 0.04643082288455743, 'max_depth': 8, 'min_child_weight': 4, 'subsample': 0.8576156864837367, 'colsample_bytree': 0.6728462431353014, 'reg_alpha': 0.01549374933626379, 'reg_lambda': 0.03848923214120604}. Best is trial 5 with value: 0.7915457606366697.
[I 2026-03-06 17:45:22,304] Trial 7 finished with value: 0.7730248047251413 and parameters: {'learning_rate': 0.010994238698223198, 'max_depth': 6, 'min_child_weight': 8, 'subsample': 0.8610063721268943, 'colsample_bytree': 0.8876422512113156, 'reg_alpha': 1.6039288132565004, 'reg_lambda': 0.03628881556087418}. Best is trial 5 with value: 0.7915457606366697.
[I 2026-03-06 17:45:22,599] Trial 8 finished with value: 0.7990901155210919 and parameters: {'learning_rate': 0.012505389837045432, 'max_depth': 7, 'min_child_weight': 15, 'subsample': 0.63716433062131, 'colsample_bytree': 0.7443831893879066, 'reg_alpha': 0.0012078117121926035, 'reg_lambda': 0.004076808447142931}. Best is trial 8 with value: 0.7990901155210919.
[I 2026-03-06 17:45:22,838] Trial 9 finished with value: 0.78503644752803 and parameters: {'learning_rate': 0.010069466358922861, 'max_depth': 7, 'min_child_weight': 11, 'subsample': 0.6904861951692708, 'colsample_bytree': 0.6307025528308376, 'reg_alpha': 0.0017379235389583226, 'reg_lambda': 0.15890123816014873}. Best is trial 8 with value: 0.7990901155210919.
[I 2026-03-06 17:45:23,131] Trial 10 finished with value: 0.799924497500255 and parameters: {'learning_rate': 0.020686454284759143, 'max_depth': 3, 'min_child_weight': 15, 'subsample': 0.7383521093635439, 'colsample_bytree': 0.749090714112638, 'reg_alpha': 0.2644391453670125, 'reg_lambda': 0.001349777776167455}. Best is trial 10 with value: 0.799924497500255.
[I 2026-03-06 17:45:23,338] Trial 11 finished with value: 0.817444251720346 and parameters: {'learning_rate': 0.021248039010538768, 'max_depth': 3, 'min_child_weight': 15, 'subsample': 0.7276322342003037, 'colsample_bytree': 0.757480470994913, 'reg_alpha': 0.3153352347238931, 'reg_lambda': 0.0011140257556233124}. Best is trial 11 with value: 0.817444251720346.
[I 2026-03-06 17:45:23,541] Trial 12 finished with value: 0.808796097903842 and parameters: {'learning_rate': 0.02085562000633525, 'max_depth': 3, 'min_child_weight': 12, 'subsample': 0.7453839315907563, 'colsample_bytree': 0.788358186125774, 'reg_alpha': 0.3706201309677003, 'reg_lambda': 0.0012029970938479465}. Best is trial 11 with value: 0.817444251720346.
[I 2026-03-06 17:45:23,760] Trial 13 finished with value: 0.8078264689544152 and parameters: {'learning_rate': 0.020786527002545734, 'max_depth': 3, 'min_child_weight': 11, 'subsample': 0.7595289836309567, 'colsample_bytree': 0.8031912727647873, 'reg_alpha': 0.34541152126635316, 'reg_lambda': 0.009174522294431341}. Best is trial 11 with value: 0.817444251720346.
[I 2026-03-06 17:45:24,067] Trial 14 finished with value: 0.8068270244532871 and parameters: {'learning_rate': 0.02346965176927287, 'max_depth': 4, 'min_child_weight': 13, 'subsample': 0.7290968953706843, 'colsample_bytree': 0.7894494138542536, 'reg_alpha': 8.09563781505674, 'reg_lambda': 0.010371215079530793}. Best is trial 11 with value: 0.817444251720346.
[I 2026-03-06 17:45:24,343] Trial 15 finished with value: 0.8181549501751522 and parameters: {'learning_rate': 0.027515385792770578, 'max_depth': 4, 'min_child_weight': 12, 'subsample': 0.773622699286348, 'colsample_bytree': 0.9280763361488107, 'reg_alpha': 0.2628152349610115, 'reg_lambda': 0.0010419346522694871}. Best is trial 15 with value: 0.8181549501751522.
[I 2026-03-06 17:45:24,621] Trial 16 finished with value: 0.7533022707433481 and parameters: {'learning_rate': 0.02997039034037404, 'max_depth': 4, 'min_child_weight': 1, 'subsample': 0.7961701733503135, 'colsample_bytree': 0.956698106059861, 'reg_alpha': 0.12087929886066857, 'reg_lambda': 0.007652604744103056}. Best is trial 15 with value: 0.8181549501751522.
[I 2026-03-06 17:45:24,958] Trial 17 finished with value: 0.7889612171093652 and parameters: {'learning_rate': 0.03356837431447518, 'max_depth': 4, 'min_child_weight': 10, 'subsample': 0.9128570645203221, 'colsample_bytree': 0.9219816260527502, 'reg_alpha': 1.1085699581862432, 'reg_lambda': 0.023017902649561026}. Best is trial 15 with value: 0.8181549501751522.
[I 2026-03-06 17:45:25,228] Trial 18 finished with value: 0.7645891008853972 and parameters: {'learning_rate': 0.015527845312416041, 'max_depth': 5, 'min_child_weight': 13, 'subsample': 0.6932954032611803, 'colsample_bytree': 0.8323268879060359, 'reg_alpha': 7.604394505162343, 'reg_lambda': 0.0010404498114302877}. Best is trial 15 with value: 0.8181549501751522.
[I 2026-03-06 17:45:25,647] Trial 19 finished with value: 0.7928126381661736 and parameters: {'learning_rate': 0.01586092880766847, 'max_depth': 5, 'min_child_weight': 13, 'subsample': 0.8106673928082433, 'colsample_bytree': 0.9289069632494347, 'reg_alpha': 0.00988292881840829, 'reg_lambda': 0.0036361878262788317}. Best is trial 15 with value: 0.8181549501751522.
[I 2026-03-06 17:45:25,937] Trial 20 finished with value: 0.7786954279041821 and parameters: {'learning_rate': 0.026365098574388075, 'max_depth': 4, 'min_child_weight': 9, 'subsample': 0.780818634909629, 'colsample_bytree': 0.749175876372711, 'reg_alpha': 0.11357743990853884, 'reg_lambda': 4.240035411113016}. Best is trial 15 with value: 0.8181549501751522.
[I 2026-03-06 17:45:26,196] Trial 21 finished with value: 0.7960421272205782 and parameters: {'learning_rate': 0.01746689103316727, 'max_depth': 3, 'min_child_weight': 12, 'subsample': 0.708074716761324, 'colsample_bytree': 0.7967909597076901, 'reg_alpha': 0.4838136177472564, 'reg_lambda': 0.0017871044449592711}. Best is trial 15 with value: 0.8181549501751522.
[I 2026-03-06 17:45:26,479] Trial 22 finished with value: 0.7256061739731773 and parameters: {'learning_rate': 0.038384946157154584, 'max_depth': 3, 'min_child_weight': 15, 'subsample': 0.7710285982022751, 'colsample_bytree': 0.7161073142229853, 'reg_alpha': 0.7039932236384719, 'reg_lambda': 0.004550185933846868}. Best is trial 15 with value: 0.8181549501751522.
[I 2026-03-06 17:45:26,766] Trial 23 finished with value: 0.8190678388826538 and parameters: {'learning_rate': 0.027644960996154263, 'max_depth': 5, 'min_child_weight': 12, 'subsample': 0.7405256934957399, 'colsample_bytree': 0.8212728175967602, 'reg_alpha': 0.17919869194892862, 'reg_lambda': 0.0010646786242329612}. Best is trial 23 with value: 0.8190678388826538.
[I 2026-03-06 17:45:27,026] Trial 24 finished with value: 0.788990975977508 and parameters: {'learning_rate': 0.029742261325979118, 'max_depth': 5, 'min_child_weight': 12, 'subsample': 0.6599231305632144, 'colsample_bytree': 0.8999647578015385, 'reg_alpha': 0.16955486560124386, 'reg_lambda': 0.00229588912489425}. Best is trial 23 with value: 0.8190678388826538.
[I 2026-03-06 17:45:27,275] Trial 25 finished with value: 0.7206447187928668 and parameters: {'learning_rate': 0.04690435187323261, 'max_depth': 5, 'min_child_weight': 14, 'subsample': 0.7138268654728442, 'colsample_bytree': 0.8348486909782991, 'reg_alpha': 0.06347063283262071, 'reg_lambda': 0.014397373996918388}. Best is trial 23 with value: 0.8190678388826538.
[I 2026-03-06 17:45:27,507] Trial 26 finished with value: 0.7984282216100398 and parameters: {'learning_rate': 0.024775567758359065, 'max_depth': 4, 'min_child_weight': 14, 'subsample': 0.8210355363607749, 'colsample_bytree': 0.9817594399017714, 'reg_alpha': 0.045417556660145575, 'reg_lambda': 0.0010186901961721027}. Best is trial 23 with value: 0.8190678388826538.
[I 2026-03-06 17:45:27,725] Trial 27 finished with value: 0.7791237288712035 and parameters: {'learning_rate': 0.017865631849327226, 'max_depth': 5, 'min_child_weight': 10, 'subsample': 0.6701328339208836, 'colsample_bytree': 0.8250961438300995, 'reg_alpha': 2.5157092479815204, 'reg_lambda': 0.004334898417751033}. Best is trial 23 with value: 0.8190678388826538.
[I 2026-03-06 17:45:27,953] Trial 28 finished with value: 0.7626581187860649 and parameters: {'learning_rate': 0.03644641373705722, 'max_depth': 9, 'min_child_weight': 11, 'subsample': 0.8584353633261167, 'colsample_bytree': 0.9350862127142359, 'reg_alpha': 3.574937419660373, 'reg_lambda': 0.0630419665325275}. Best is trial 23 with value: 0.8190678388826538.
[I 2026-03-06 17:45:28,168] Trial 29 finished with value: 0.8072347492886215 and parameters: {'learning_rate': 0.02753899177779676, 'max_depth': 4, 'min_child_weight': 9, 'subsample': 0.8976635186238368, 'colsample_bytree': 0.9814714089678486, 'reg_alpha': 0.1918462546766212, 'reg_lambda': 0.28908433529834215}. Best is trial 23 with value: 0.8190678388826538.
[I 2026-03-06 17:45:28,396] Trial 30 finished with value: 0.725745105374735 and parameters: {'learning_rate': 0.048082374064245655, 'max_depth': 5, 'min_child_weight': 13, 'subsample': 0.7869254737005711, 'colsample_bytree': 0.8863877945736166, 'reg_alpha': 0.6535411666737554, 'reg_lambda': 0.0027225331287294204}. Best is trial 23 with value: 0.8190678388826538.
[I 2026-03-06 17:45:28,597] Trial 31 finished with value: 0.8109821560158259 and parameters: {'learning_rate': 0.021415772622160115, 'max_depth': 3, 'min_child_weight': 12, 'subsample': 0.749702720267612, 'colsample_bytree': 0.7708424778334134, 'reg_alpha': 0.3620995400643925, 'reg_lambda': 0.0016010218500313522}. Best is trial 23 with value: 0.8190678388826538.
[I 2026-03-06 17:45:28,786] Trial 32 finished with value: 0.8033515854391275 and parameters: {'learning_rate': 0.014146336960182911, 'max_depth': 3, 'min_child_weight': 12, 'subsample': 0.7579792343963822, 'colsample_bytree': 0.7624030809697759, 'reg_alpha': 1.0401160260740379, 'reg_lambda': 0.0018373461646347948}. Best is trial 23 with value: 0.8190678388826538.
[I 2026-03-06 17:45:29,012] Trial 33 finished with value: 0.8139841172669455 and parameters: {'learning_rate': 0.023369961786083627, 'max_depth': 4, 'min_child_weight': 14, 'subsample': 0.7255205782317828, 'colsample_bytree': 0.7128900809116415, 'reg_alpha': 0.22340264955385547, 'reg_lambda': 0.0065710825757051535}. Best is trial 23 with value: 0.8190678388826538.
[I 2026-03-06 17:45:29,245] Trial 34 finished with value: 0.7503743949030144 and parameters: {'learning_rate': 0.032298632610197796, 'max_depth': 4, 'min_child_weight': 14, 'subsample': 0.6118007786755901, 'colsample_bytree': 0.6716815242667183, 'reg_alpha': 0.14485456530376126, 'reg_lambda': 0.006462345074685919}. Best is trial 23 with value: 0.8190678388826538.
[I 2026-03-06 17:45:29,510] Trial 35 finished with value: 0.7885774694192205 and parameters: {'learning_rate': 0.024654198973589697, 'max_depth': 4, 'min_child_weight': 15, 'subsample': 0.7175242476806785, 'colsample_bytree': 0.602843703372225, 'reg_alpha': 0.027287263099802058, 'reg_lambda': 2.5674742120518745}. Best is trial 23 with value: 0.8190678388826538.
[I 2026-03-06 17:45:29,848] Trial 36 finished with value: 0.6743730798444604 and parameters: {'learning_rate': 0.09647331402271435, 'max_depth': 5, 'min_child_weight': 14, 'subsample': 0.6903730507298637, 'colsample_bytree': 0.7124961088213708, 'reg_alpha': 0.0799845083595289, 'reg_lambda': 0.012886843720812158}. Best is trial 23 with value: 0.8190678388826538.
[I 2026-03-06 17:45:30,129] Trial 37 finished with value: 0.7985432325499665 and parameters: {'learning_rate': 0.01865506704478049, 'max_depth': 4, 'min_child_weight': 6, 'subsample': 0.8347835404198185, 'colsample_bytree': 0.6782500573045249, 'reg_alpha': 0.23545783349183158, 'reg_lambda': 0.0027607142315662025}. Best is trial 23 with value: 0.8190678388826538.
[I 2026-03-06 17:45:30,488] Trial 38 finished with value: 0.7124407940232856 and parameters: {'learning_rate': 0.055860245448977365, 'max_depth': 6, 'min_child_weight': 4, 'subsample': 0.7280980040077645, 'colsample_bytree': 0.7298148772187765, 'reg_alpha': 0.031130299988289967, 'reg_lambda': 0.019467437630069206}. Best is trial 23 with value: 0.8190678388826538.
[I 2026-03-06 17:45:30,763] Trial 39 finished with value: 0.7968886394812319 and parameters: {'learning_rate': 0.028788268719598466, 'max_depth': 5, 'min_child_weight': 7, 'subsample': 0.6329339513510257, 'colsample_bytree': 0.6905869190546221, 'reg_alpha': 0.005528925174508537, 'reg_lambda': 0.006275257105405511}. Best is trial 23 with value: 0.8190678388826538.
[I 2026-03-06 17:45:31,052] Trial 40 finished with value: 0.7239434751555964 and parameters: {'learning_rate': 0.04189744036472427, 'max_depth': 6, 'min_child_weight': 14, 'subsample': 0.6763097111643586, 'colsample_bytree': 0.8501927254810934, 'reg_alpha': 0.5807858839915552, 'reg_lambda': 0.0029070670711727757}. Best is trial 23 with value: 0.8190678388826538.
[I 2026-03-06 17:45:31,286] Trial 41 finished with value: 0.8128039655817435 and parameters: {'learning_rate': 0.022533973587204208, 'max_depth': 3, 'min_child_weight': 13, 'subsample': 0.7536489346995429, 'colsample_bytree': 0.7762064543880444, 'reg_alpha': 0.318893887095395, 'reg_lambda': 0.0018176469611026842}. Best is trial 23 with value: 0.8190678388826538.
[I 2026-03-06 17:45:31,522] Trial 42 finished with value: 0.7843052296250949 and parameters: {'learning_rate': 0.024897307976004004, 'max_depth': 3, 'min_child_weight': 13, 'subsample': 0.7698673055017778, 'colsample_bytree': 0.729849717241313, 'reg_alpha': 0.23995888365637547, 'reg_lambda': 0.0016063955822549587}. Best is trial 23 with value: 0.8190678388826538.
[I 2026-03-06 17:45:31,760] Trial 43 finished with value: 0.8007345622328788 and parameters: {'learning_rate': 0.02257228805110666, 'max_depth': 3, 'min_child_weight': 15, 'subsample': 0.7390518828232315, 'colsample_bytree': 0.7763333960642458, 'reg_alpha': 0.08844089236850705, 'reg_lambda': 0.0010024245716512053}. Best is trial 23 with value: 0.8190678388826538.
[I 2026-03-06 17:45:32,104] Trial 44 finished with value: 0.7950839483499418 and parameters: {'learning_rate': 0.01921387244059892, 'max_depth': 4, 'min_child_weight': 14, 'subsample': 0.7087467219931732, 'colsample_bytree': 0.649152503022914, 'reg_alpha': 0.8865510885686652, 'reg_lambda': 0.0020458636876430317}. Best is trial 23 with value: 0.8190678388826538.
[I 2026-03-06 17:45:32,371] Trial 45 finished with value: 0.7221129363216905 and parameters: {'learning_rate': 0.03444335990496734, 'max_depth': 3, 'min_child_weight': 11, 'subsample': 0.8141698535039855, 'colsample_bytree': 0.8106417032820671, 'reg_alpha': 1.5110606972164382, 'reg_lambda': 0.004227112684631155}. Best is trial 23 with value: 0.8190678388826538.
[I 2026-03-06 17:45:32,606] Trial 46 finished with value: 0.8171327755671188 and parameters: {'learning_rate': 0.027240490532279917, 'max_depth': 4, 'min_child_weight': 13, 'subsample': 0.7964504528376039, 'colsample_bytree': 0.8735233364148733, 'reg_alpha': 0.36234006756925063, 'reg_lambda': 0.0015694826940648241}. Best is trial 23 with value: 0.8190678388826538.
[I 2026-03-06 17:45:32,834] Trial 47 finished with value: 0.7624487864050153 and parameters: {'learning_rate': 0.02640436845764414, 'max_depth': 4, 'min_child_weight': 1, 'subsample': 0.8316229135140678, 'colsample_bytree': 0.8679480587261285, 'reg_alpha': 0.4508344224981501, 'reg_lambda': 0.005210598392929079}. Best is trial 23 with value: 0.8190678388826538.
[I 2026-03-06 17:45:33,111] Trial 48 finished with value: 0.7898905440487932 and parameters: {'learning_rate': 0.03048428760285239, 'max_depth': 4, 'min_child_weight': 15, 'subsample': 0.7956608483888139, 'colsample_bytree': 0.9124599698125841, 'reg_alpha': 0.15424708910123353, 'reg_lambda': 0.9836461976797526}. Best is trial 23 with value: 0.8190678388826538.
