[I 2026-03-06 18:32:24,169] Trial 0 finished with value: 0.6133039145665409 and parameters: {'learning_rate': 0.1, 'max_depth': 6, 'min_child_weight': 6, 'subsample': 1.0, 'colsample_bytree': 1.0, 'reg_alpha': 0.001, 'reg_lambda': 1.0}. Best is trial 0 with value: 0.6133039145665409.
[I 2026-03-06 18:32:24,496] Trial 1 finished with value: 0.7412510628167194 and parameters: {'learning_rate': 0.028094016482929814, 'max_depth': 4, 'min_child_weight': 14, 'subsample': 0.8954853499720746, 'colsample_bytree': 0.8079113155852001, 'reg_alpha': 0.0058995870769957045, 'reg_lambda': 1.3327630665663868}. Best is trial 1 with value: 0.7412510628167194.
[I 2026-03-06 18:32:24,770] Trial 2 finished with value: 0.7372914328469883 and parameters: {'learning_rate': 0.011510227196886725, 'max_depth': 3, 'min_child_weight': 7, 'subsample': 0.8405967829195865, 'colsample_bytree': 0.7931223517404979, 'reg_alpha': 0.21116304616291845, 'reg_lambda': 0.006291955385342766}. Best is trial 1 with value: 0.7412510628167194.
[I 2026-03-06 18:32:25,103] Trial 3 finished with value: 0.7621546554206486 and parameters: {'learning_rate': 0.013824034610382254, 'max_depth': 7, 'min_child_weight': 6, 'subsample': 0.8785499177714162, 'colsample_bytree': 0.623738224716639, 'reg_alpha': 0.05391828783247726, 'reg_lambda': 0.026664020655742186}. Best is trial 3 with value: 0.7621546554206486.
[I 2026-03-06 18:32:25,432] Trial 4 finished with value: 0.6883743155460328 and parameters: {'learning_rate': 0.014097346421913917, 'max_depth': 7, 'min_child_weight': 5, 'subsample': 0.8211935255942722, 'colsample_bytree': 0.7129388223318252, 'reg_alpha': 4.476558619784381, 'reg_lambda': 0.10653289884678668}. Best is trial 3 with value: 0.7621546554206486.
[I 2026-03-06 18:32:25,857] Trial 5 finished with value: 0.7259905451824642 and parameters: {'learning_rate': 0.023858382338154325, 'max_depth': 8, 'min_child_weight': 13, 'subsample': 0.9708989552600497, 'colsample_bytree': 0.875226381194266, 'reg_alpha': 0.018037563201302335, 'reg_lambda': 0.15102051110079703}. Best is trial 3 with value: 0.7621546554206486.
[I 2026-03-06 18:32:26,174] Trial 6 finished with value: 0.7745366119103494 and parameters: {'learning_rate': 0.011837183029928845, 'max_depth': 5, 'min_child_weight': 12, 'subsample': 0.6760375813863719, 'colsample_bytree': 0.9898718922037754, 'reg_alpha': 0.0015323316690406782, 'reg_lambda': 0.12940343131301915}. Best is trial 6 with value: 0.7745366119103494.
[I 2026-03-06 18:32:26,433] Trial 7 finished with value: 0.7350209729165957 and parameters: {'learning_rate': 0.010409648617142912, 'max_depth': 4, 'min_child_weight': 7, 'subsample': 0.7232703696109131, 'colsample_bytree': 0.9081142062186123, 'reg_alpha': 0.002966974976483709, 'reg_lambda': 6.821428945389976}. Best is trial 6 with value: 0.7745366119103494.
[I 2026-03-06 18:32:26,671] Trial 8 finished with value: 0.7709648108469658 and parameters: {'learning_rate': 0.011055246227315458, 'max_depth': 3, 'min_child_weight': 13, 'subsample': 0.7895316700727579, 'colsample_bytree': 0.8354400765171477, 'reg_alpha': 0.0017994292858335567, 'reg_lambda': 0.05325938120624579}. Best is trial 6 with value: 0.7745366119103494.
[I 2026-03-06 18:32:26,910] Trial 9 finished with value: 0.7136092122119059 and parameters: {'learning_rate': 0.02763907655942218, 'max_depth': 3, 'min_child_weight': 13, 'subsample': 0.7020471268767761, 'colsample_bytree': 0.7076662724943389, 'reg_alpha': 0.18446617950493355, 'reg_lambda': 0.001656279932907052}. Best is trial 6 with value: 0.7745366119103494.
[I 2026-03-06 18:32:27,226] Trial 10 finished with value: 0.6085024203879422 and parameters: {'learning_rate': 0.058553026834633225, 'max_depth': 5, 'min_child_weight': 1, 'subsample': 0.6105013431218774, 'colsample_bytree': 0.9940905861983714, 'reg_alpha': 2.6110026756753246, 'reg_lambda': 0.5234535158269003}. Best is trial 6 with value: 0.7745366119103494.
[I 2026-03-06 18:32:27,545] Trial 11 finished with value: 0.7803951977689352 and parameters: {'learning_rate': 0.017683287357097663, 'max_depth': 5, 'min_child_weight': 10, 'subsample': 0.7320105753003487, 'colsample_bytree': 0.8792679432251638, 'reg_alpha': 0.0010698730611053164, 'reg_lambda': 0.023302435458983313}. Best is trial 11 with value: 0.7803951977689352.
[I 2026-03-06 18:32:27,857] Trial 12 finished with value: 0.7621570361301001 and parameters: {'learning_rate': 0.018619359999912738, 'max_depth': 5, 'min_child_weight': 10, 'subsample': 0.645940661239945, 'colsample_bytree': 0.9343913131071484, 'reg_alpha': 0.011261911422635744, 'reg_lambda': 0.010239975024473566}. Best is trial 11 with value: 0.7803951977689352.
[I 2026-03-06 18:32:28,179] Trial 13 finished with value: 0.6709988209819859 and parameters: {'learning_rate': 0.0431352672254826, 'max_depth': 5, 'min_child_weight': 10, 'subsample': 0.731254079909031, 'colsample_bytree': 0.9463827247987165, 'reg_alpha': 0.0396817858473529, 'reg_lambda': 0.2706607203581902}. Best is trial 11 with value: 0.7803951977689352.
[I 2026-03-06 18:32:28,474] Trial 14 finished with value: 0.7810394064097769 and parameters: {'learning_rate': 0.018731039662908303, 'max_depth': 9, 'min_child_weight': 10, 'subsample': 0.6698985835636924, 'colsample_bytree': 0.8839600208671343, 'reg_alpha': 0.823638705177974, 'reg_lambda': 0.014138757437408727}. Best is trial 14 with value: 0.7810394064097769.
[I 2026-03-06 18:32:28,762] Trial 15 finished with value: 0.7573603033704043 and parameters: {'learning_rate': 0.019414366651693514, 'max_depth': 9, 'min_child_weight': 10, 'subsample': 0.7656316513814532, 'colsample_bytree': 0.8646825193598238, 'reg_alpha': 0.9411153886640963, 'reg_lambda': 0.0018413868975738577}. Best is trial 14 with value: 0.7810394064097769.
[I 2026-03-06 18:32:29,061] Trial 16 finished with value: 0.6707708397102337 and parameters: {'learning_rate': 0.03863489157264956, 'max_depth': 9, 'min_child_weight': 3, 'subsample': 0.6500953374754296, 'colsample_bytree': 0.755722772391652, 'reg_alpha': 0.6474795554823983, 'reg_lambda': 0.010475307296838324}. Best is trial 14 with value: 0.7810394064097769.
[I 2026-03-06 18:32:29,334] Trial 17 finished with value: 0.7942343184935777 and parameters: {'learning_rate': 0.018582526863771237, 'max_depth': 7, 'min_child_weight': 9, 'subsample': 0.6047724057956326, 'colsample_bytree': 0.8910380879137514, 'reg_alpha': 0.6233416185631907, 'reg_lambda': 0.029499080235038118}. Best is trial 17 with value: 0.7942343184935777.
[I 2026-03-06 18:32:29,653] Trial 18 finished with value: 0.6959860671813534 and parameters: {'learning_rate': 0.022220788228749965, 'max_depth': 8, 'min_child_weight': 9, 'subsample': 0.6004623211555865, 'colsample_bytree': 0.9328894518608002, 'reg_alpha': 9.828355224425492, 'reg_lambda': 0.005279667654635267}. Best is trial 17 with value: 0.7942343184935777.
[I 2026-03-06 18:32:29,891] Trial 19 finished with value: 0.6744947794442745 and parameters: {'learning_rate': 0.035520089748527064, 'max_depth': 8, 'min_child_weight': 15, 'subsample': 0.640269302899541, 'colsample_bytree': 0.8338056257141928, 'reg_alpha': 0.6547169588348078, 'reg_lambda': 0.03911321534891884}. Best is trial 17 with value: 0.7942343184935777.
[I 2026-03-06 18:32:30,130] Trial 20 finished with value: 0.7554895192100579 and parameters: {'learning_rate': 0.015155043941538307, 'max_depth': 7, 'min_child_weight': 8, 'subsample': 0.6815965885185855, 'colsample_bytree': 0.7468625911858204, 'reg_alpha': 2.09376598073674, 'reg_lambda': 0.002553069177454621}. Best is trial 17 with value: 0.7942343184935777.
[I 2026-03-06 18:32:30,406] Trial 21 finished with value: 0.7901529889240327 and parameters: {'learning_rate': 0.01745489492601666, 'max_depth': 6, 'min_child_weight': 11, 'subsample': 0.7476992035268778, 'colsample_bytree': 0.8849351000936686, 'reg_alpha': 0.2547034959750781, 'reg_lambda': 0.018591459253456642}. Best is trial 17 with value: 0.7942343184935777.
[I 2026-03-06 18:32:30,703] Trial 22 finished with value: 0.7871006926730834 and parameters: {'learning_rate': 0.016511738230845705, 'max_depth': 6, 'min_child_weight': 11, 'subsample': 0.7653125324065033, 'colsample_bytree': 0.9006659922553134, 'reg_alpha': 0.2509392457005062, 'reg_lambda': 0.016506842184936737}. Best is trial 17 with value: 0.7942343184935777.
[I 2026-03-06 18:32:30,987] Trial 23 finished with value: 0.7672264168055415 and parameters: {'learning_rate': 0.023438599399992713, 'max_depth': 6, 'min_child_weight': 12, 'subsample': 0.7686385497483172, 'colsample_bytree': 0.9171947403380126, 'reg_alpha': 0.24050538224844564, 'reg_lambda': 0.05960293045515859}. Best is trial 17 with value: 0.7942343184935777.
[I 2026-03-06 18:32:31,325] Trial 24 finished with value: 0.7589162670475802 and parameters: {'learning_rate': 0.015531090473816098, 'max_depth': 6, 'min_child_weight': 11, 'subsample': 0.8567076895699536, 'colsample_bytree': 0.9599550260895007, 'reg_alpha': 0.09639517589731904, 'reg_lambda': 0.0059584717271064435}. Best is trial 17 with value: 0.7942343184935777.
[I 2026-03-06 18:32:31,606] Trial 25 finished with value: 0.6436257071273905 and parameters: {'learning_rate': 0.05414909996935685, 'max_depth': 7, 'min_child_weight': 9, 'subsample': 0.9254967448422348, 'colsample_bytree': 0.8449882395135448, 'reg_alpha': 0.4412639128664384, 'reg_lambda': 0.020170783532217663}. Best is trial 17 with value: 0.7942343184935777.
[I 2026-03-06 18:32:31,883] Trial 26 finished with value: 0.7388471697899306 and parameters: {'learning_rate': 0.02868913740222455, 'max_depth': 6, 'min_child_weight': 12, 'subsample': 0.8059386613359104, 'colsample_bytree': 0.901763567718273, 'reg_alpha': 0.10955405863053756, 'reg_lambda': 0.0035183180966561374}. Best is trial 17 with value: 0.7942343184935777.
[I 2026-03-06 18:32:32,231] Trial 27 finished with value: 0.7554409980840958 and parameters: {'learning_rate': 0.013019263192172498, 'max_depth': 7, 'min_child_weight': 8, 'subsample': 0.7654457275919635, 'colsample_bytree': 0.8161224609718264, 'reg_alpha': 0.38065277577140044, 'reg_lambda': 0.05627806375254738}. Best is trial 17 with value: 0.7942343184935777.
[I 2026-03-06 18:32:32,479] Trial 28 finished with value: 0.7835179516829347 and parameters: {'learning_rate': 0.015920254180631494, 'max_depth': 8, 'min_child_weight': 15, 'subsample': 0.7501272666696496, 'colsample_bytree': 0.962509622679292, 'reg_alpha': 1.2532482924790054, 'reg_lambda': 0.2771407823498759}. Best is trial 17 with value: 0.7942343184935777.
[I 2026-03-06 18:32:32,774] Trial 29 finished with value: 0.6223151832579442 and parameters: {'learning_rate': 0.07975805993326453, 'max_depth': 6, 'min_child_weight': 5, 'subsample': 0.7088297222895474, 'colsample_bytree': 0.770232856053144, 'reg_alpha': 0.03954110709098447, 'reg_lambda': 0.013339080481568483}. Best is trial 17 with value: 0.7942343184935777.
[I 2026-03-06 18:32:33,020] Trial 30 finished with value: 0.7697212869435093 and parameters: {'learning_rate': 0.0212046400451224, 'max_depth': 4, 'min_child_weight': 11, 'subsample': 0.7915073265020477, 'colsample_bytree': 0.8991989086896792, 'reg_alpha': 0.10194578626175009, 'reg_lambda': 0.0011245776295164794}. Best is trial 17 with value: 0.7942343184935777.
[I 2026-03-06 18:32:33,262] Trial 31 finished with value: 0.761118026505232 and parameters: {'learning_rate': 0.01626971492166011, 'max_depth': 8, 'min_child_weight': 15, 'subsample': 0.7420792664470136, 'colsample_bytree': 0.9707942993293319, 'reg_alpha': 1.5244898464085221, 'reg_lambda': 1.2583957086429443}. Best is trial 17 with value: 0.7942343184935777.
[I 2026-03-06 18:32:33,511] Trial 32 finished with value: 0.7514641929961796 and parameters: {'learning_rate': 0.025132797966282237, 'max_depth': 7, 'min_child_weight': 15, 'subsample': 0.7515453160451436, 'colsample_bytree': 0.9699511369570861, 'reg_alpha': 1.27601690687114, 'reg_lambda': 0.5057571571941856}. Best is trial 17 with value: 0.7942343184935777.
[I 2026-03-06 18:32:33,752] Trial 33 finished with value: 0.791057034996429 and parameters: {'learning_rate': 0.012633063640703827, 'max_depth': 8, 'min_child_weight': 14, 'subsample': 0.8195216407075475, 'colsample_bytree': 0.8514219948149918, 'reg_alpha': 0.3349072407968935, 'reg_lambda': 0.2878670067368826}. Best is trial 17 with value: 0.7942343184935777.
[I 2026-03-06 18:32:34,098] Trial 34 finished with value: 0.7410602659592559 and parameters: {'learning_rate': 0.01232787161650529, 'max_depth': 7, 'min_child_weight': 11, 'subsample': 0.8337438266427882, 'colsample_bytree': 0.8517886264475845, 'reg_alpha': 0.3828646179794825, 'reg_lambda': 3.854289661513753}. Best is trial 17 with value: 0.7942343184935777.
[I 2026-03-06 18:32:34,376] Trial 35 finished with value: 0.77019612511195 and parameters: {'learning_rate': 0.010170763871285987, 'max_depth': 6, 'min_child_weight': 14, 'subsample': 0.8986565034238521, 'colsample_bytree': 0.8009178148828489, 'reg_alpha': 0.2776852972288044, 'reg_lambda': 0.035539257648663794}. Best is trial 17 with value: 0.7942343184935777.
[I 2026-03-06 18:32:34,637] Trial 36 finished with value: 0.7632582843020553 and parameters: {'learning_rate': 0.013141801525410045, 'max_depth': 7, 'min_child_weight': 9, 'subsample': 0.854510815965364, 'colsample_bytree': 0.8195462703561727, 'reg_alpha': 0.07621433733689909, 'reg_lambda': 0.08862546593099178}. Best is trial 17 with value: 0.7942343184935777.
[I 2026-03-06 18:32:34,935] Trial 37 finished with value: 0.7843897448106203 and parameters: {'learning_rate': 0.013893660265661975, 'max_depth': 8, 'min_child_weight': 14, 'subsample': 0.824791759104448, 'colsample_bytree': 0.6132079044183107, 'reg_alpha': 0.16454374446588838, 'reg_lambda': 0.17672734969152798}. Best is trial 17 with value: 0.7942343184935777.
[I 2026-03-06 18:32:35,234] Trial 38 finished with value: 0.7183638290877348 and parameters: {'learning_rate': 0.01731360282748938, 'max_depth': 6, 'min_child_weight': 7, 'subsample': 0.9739916128214559, 'colsample_bytree': 0.8632500602249362, 'reg_alpha': 0.02264432105187562, 'reg_lambda': 0.6009050026884937}. Best is trial 17 with value: 0.7942343184935777.
[I 2026-03-06 18:32:35,576] Trial 39 finished with value: 0.7200769195887041 and parameters: {'learning_rate': 0.02152723101987446, 'max_depth': 6, 'min_child_weight': 12, 'subsample': 0.8962940938541417, 'colsample_bytree': 0.921699933041962, 'reg_alpha': 3.488008723150203, 'reg_lambda': 0.02261097185242552}. Best is trial 17 with value: 0.7942343184935777.
[I 2026-03-06 18:32:35,861] Trial 40 finished with value: 0.7748538131029713 and parameters: {'learning_rate': 0.011675611963723295, 'max_depth': 7, 'min_child_weight': 13, 'subsample': 0.8125264191627373, 'colsample_bytree': 0.8909568514460747, 'reg_alpha': 0.15946045981274792, 'reg_lambda': 0.09096510976168613}. Best is trial 17 with value: 0.7942343184935777.
[I 2026-03-06 18:32:36,113] Trial 41 finished with value: 0.7791558684487977 and parameters: {'learning_rate': 0.01374985034766541, 'max_depth': 8, 'min_child_weight': 14, 'subsample': 0.8302399886037289, 'colsample_bytree': 0.6380068708556275, 'reg_alpha': 0.14589965874071814, 'reg_lambda': 0.21773697593869595}. Best is trial 17 with value: 0.7942343184935777.
[I 2026-03-06 18:32:36,425] Trial 42 finished with value: 0.7958597762133114 and parameters: {'learning_rate': 0.015045140088564389, 'max_depth': 8, 'min_child_weight': 14, 'subsample': 0.874694501684619, 'colsample_bytree': 0.6701829567664029, 'reg_alpha': 0.47085966232678755, 'reg_lambda': 0.16589345996690386}. Best is trial 42 with value: 0.7958597762133114.
[I 2026-03-06 18:32:36,727] Trial 43 finished with value: 0.7617343468353571 and parameters: {'learning_rate': 0.02003678030600917, 'max_depth': 9, 'min_child_weight': 12, 'subsample': 0.8685301220920588, 'colsample_bytree': 0.6959167846661867, 'reg_alpha': 0.508902718810974, 'reg_lambda': 2.110014113863595}. Best is trial 42 with value: 0.7958597762133114.
[I 2026-03-06 18:32:37,016] Trial 44 finished with value: 0.7907518507181807 and parameters: {'learning_rate': 0.014645071173682401, 'max_depth': 8, 'min_child_weight': 13, 'subsample': 0.9358905166353859, 'colsample_bytree': 0.6617559718688576, 'reg_alpha': 0.3110290296107381, 'reg_lambda': 0.36683974002554215}. Best is trial 42 with value: 0.7958597762133114.
[I 2026-03-06 18:32:37,283] Trial 45 finished with value: 0.790306091215182 and parameters: {'learning_rate': 0.014785633250744026, 'max_depth': 8, 'min_child_weight': 13, 'subsample': 0.9379360594650343, 'colsample_bytree': 0.6817132911166325, 'reg_alpha': 0.2894084699662289, 'reg_lambda': 0.383680307892161}. Best is trial 42 with value: 0.7958597762133114.
[I 2026-03-06 18:32:37,620] Trial 46 finished with value: 0.7916458071171877 and parameters: {'learning_rate': 0.014665794807626841, 'max_depth': 8, 'min_child_weight': 14, 'subsample': 0.9352726426493101, 'colsample_bytree': 0.6602813487908399, 'reg_alpha': 0.06164400597903781, 'reg_lambda': 0.3821338595404938}. Best is trial 42 with value: 0.7958597762133114.
[I 2026-03-06 18:32:37,863] Trial 47 finished with value: 0.7680500855921732 and parameters: {'learning_rate': 0.011153329474167657, 'max_depth': 9, 'min_child_weight': 14, 'subsample': 0.9947807339842337, 'colsample_bytree': 0.6525230761526343, 'reg_alpha': 0.0483897870182069, 'reg_lambda': 0.8185404009487482}. Best is trial 42 with value: 0.7958597762133114.
[I 2026-03-06 18:32:38,130] Trial 48 finished with value: 0.7725180537133398 and parameters: {'learning_rate': 0.012007386772450657, 'max_depth': 8, 'min_child_weight': 13, 'subsample': 0.9289118134863933, 'colsample_bytree': 0.6700669730599006, 'reg_alpha': 0.00543281887693605, 'reg_lambda': 0.13831259132737223}. Best is trial 42 with value: 0.7958597762133114.
