[I 2026-03-06 18:09:03,688] Trial 0 finished with value: 0.5692622068042943 and parameters: {'learning_rate': 0.1, 'max_depth': 6, 'min_child_weight': 6, 'subsample': 1.0, 'colsample_bytree': 1.0, 'reg_alpha': 0.001, 'reg_lambda': 1.0}. Best is trial 0 with value: 0.5692622068042943.
[I 2026-03-06 18:09:04,125] Trial 1 finished with value: 0.6281429899443367 and parameters: {'learning_rate': 0.04490551746997097, 'max_depth': 5, 'min_child_weight': 12, 'subsample': 0.9880924738373791, 'colsample_bytree': 0.7525437474970393, 'reg_alpha': 1.6797482374754005, 'reg_lambda': 0.38936824434719697}. Best is trial 1 with value: 0.6281429899443367.
[I 2026-03-06 18:09:04,496] Trial 2 finished with value: 0.6934966386649889 and parameters: {'learning_rate': 0.02493793247920866, 'max_depth': 6, 'min_child_weight': 14, 'subsample': 0.7027327140537007, 'colsample_bytree': 0.6544087900713735, 'reg_alpha': 0.07429830424645047, 'reg_lambda': 0.00454892494932806}. Best is trial 2 with value: 0.6934966386649889.
[I 2026-03-06 18:09:04,865] Trial 3 finished with value: 0.5195764037683229 and parameters: {'learning_rate': 0.048922893029056405, 'max_depth': 3, 'min_child_weight': 2, 'subsample': 0.8691935543075061, 'colsample_bytree': 0.8624384982760327, 'reg_alpha': 0.1461991910772485, 'reg_lambda': 0.002737889139117557}. Best is trial 2 with value: 0.6934966386649889.
[I 2026-03-06 18:09:05,207] Trial 4 finished with value: 0.7070328991372762 and parameters: {'learning_rate': 0.010096158814236542, 'max_depth': 4, 'min_child_weight': 14, 'subsample': 0.8635885901715805, 'colsample_bytree': 0.8794094036018244, 'reg_alpha': 0.006749596118595246, 'reg_lambda': 0.00949384658658904}. Best is trial 4 with value: 0.7070328991372762.
[I 2026-03-06 18:09:05,746] Trial 5 finished with value: 0.6474651679533835 and parameters: {'learning_rate': 0.040431230205068926, 'max_depth': 4, 'min_child_weight': 9, 'subsample': 0.8071773361239307, 'colsample_bytree': 0.9306147573460115, 'reg_alpha': 0.012689454709762836, 'reg_lambda': 2.2724454421201132}. Best is trial 4 with value: 0.7070328991372762.
[I 2026-03-06 18:09:06,036] Trial 6 finished with value: 0.7253098323300343 and parameters: {'learning_rate': 0.011526481926642318, 'max_depth': 6, 'min_child_weight': 15, 'subsample': 0.9150008496831792, 'colsample_bytree': 0.8890665809982852, 'reg_alpha': 0.9981365985840429, 'reg_lambda': 0.004767415539595855}. Best is trial 6 with value: 0.7253098323300343.
[I 2026-03-06 18:09:06,309] Trial 7 finished with value: 0.5621067578138286 and parameters: {'learning_rate': 0.08040688666360087, 'max_depth': 3, 'min_child_weight': 9, 'subsample': 0.6019651553096729, 'colsample_bytree': 0.6067525533497249, 'reg_alpha': 0.3484076407168445, 'reg_lambda': 0.010434871925991874}. Best is trial 6 with value: 0.7253098323300343.
[I 2026-03-06 18:09:06,646] Trial 8 finished with value: 0.6617281683274949 and parameters: {'learning_rate': 0.035093606318436284, 'max_depth': 7, 'min_child_weight': 5, 'subsample': 0.6819407278044235, 'colsample_bytree': 0.855951923431499, 'reg_alpha': 0.05271277929475898, 'reg_lambda': 0.20479806669169406}. Best is trial 6 with value: 0.7253098323300343.
[I 2026-03-06 18:09:06,953] Trial 9 finished with value: 0.561576539808863 and parameters: {'learning_rate': 0.08932177711777439, 'max_depth': 6, 'min_child_weight': 13, 'subsample': 0.9259310390002757, 'colsample_bytree': 0.9593532409477846, 'reg_alpha': 0.024199168785888122, 'reg_lambda': 0.07463852281186377}. Best is trial 6 with value: 0.7253098323300343.
[I 2026-03-06 18:09:07,205] Trial 10 finished with value: 0.6860538040336019 and parameters: {'learning_rate': 0.010671125371935338, 'max_depth': 9, 'min_child_weight': 11, 'subsample': 0.7727650870849985, 'colsample_bytree': 0.7619820713852226, 'reg_alpha': 5.753114604542629, 'reg_lambda': 0.05147653988395299}. Best is trial 6 with value: 0.7253098323300343.
[I 2026-03-06 18:09:07,491] Trial 11 finished with value: 0.7119242367558866 and parameters: {'learning_rate': 0.010491802281797422, 'max_depth': 8, 'min_child_weight': 15, 'subsample': 0.8867007209610965, 'colsample_bytree': 0.881446207949783, 'reg_alpha': 0.0026506862126248138, 'reg_lambda': 0.016882953097756892}. Best is trial 6 with value: 0.7253098323300343.
[I 2026-03-06 18:09:07,746] Trial 12 finished with value: 0.7624197644231313 and parameters: {'learning_rate': 0.015661040988961133, 'max_depth': 8, 'min_child_weight': 15, 'subsample': 0.9112366448648199, 'colsample_bytree': 0.8095010541277289, 'reg_alpha': 0.7915581249019623, 'reg_lambda': 0.001376149890814847}. Best is trial 12 with value: 0.7624197644231313.
[I 2026-03-06 18:09:08,015] Trial 13 finished with value: 0.7199528392794386 and parameters: {'learning_rate': 0.017112455027816012, 'max_depth': 8, 'min_child_weight': 11, 'subsample': 0.9366964123840307, 'colsample_bytree': 0.7974818903973233, 'reg_alpha': 0.7331966736180158, 'reg_lambda': 0.0013965059352500989}. Best is trial 12 with value: 0.7624197644231313.
[I 2026-03-06 18:09:08,270] Trial 14 finished with value: 0.6960217778231246 and parameters: {'learning_rate': 0.017336492433291082, 'max_depth': 9, 'min_child_weight': 15, 'subsample': 0.820544123054341, 'colsample_bytree': 0.7114152983948445, 'reg_alpha': 5.053502936800351, 'reg_lambda': 0.0013768963464468374}. Best is trial 12 with value: 0.7624197644231313.
[I 2026-03-06 18:09:08,571] Trial 15 finished with value: 0.6666451269144872 and parameters: {'learning_rate': 0.015651767319609877, 'max_depth': 7, 'min_child_weight': 7, 'subsample': 0.9404583421045173, 'colsample_bytree': 0.8187482510650775, 'reg_alpha': 1.5614195001340216, 'reg_lambda': 0.027271931005655444}. Best is trial 12 with value: 0.7624197644231313.
[I 2026-03-06 18:09:08,925] Trial 16 finished with value: 0.6087703068847851 and parameters: {'learning_rate': 0.02220927413968913, 'max_depth': 7, 'min_child_weight': 1, 'subsample': 0.7505019662567791, 'colsample_bytree': 0.9304561660423665, 'reg_alpha': 0.29206337321068865, 'reg_lambda': 0.005285461542531365}. Best is trial 12 with value: 0.7624197644231313.
[I 2026-03-06 18:09:09,201] Trial 17 finished with value: 0.7201371175276899 and parameters: {'learning_rate': 0.013959993566604692, 'max_depth': 5, 'min_child_weight': 11, 'subsample': 0.9022085535400897, 'colsample_bytree': 0.8131462523629576, 'reg_alpha': 1.2739590896692805, 'reg_lambda': 0.0016026450025062831}. Best is trial 12 with value: 0.7624197644231313.
[I 2026-03-06 18:09:09,520] Trial 18 finished with value: 0.6413397159020054 and parameters: {'learning_rate': 0.02284157327141382, 'max_depth': 8, 'min_child_weight': 4, 'subsample': 0.8491331387165937, 'colsample_bytree': 0.7435338992810938, 'reg_alpha': 0.5321815665625477, 'reg_lambda': 6.095161444111791}. Best is trial 12 with value: 0.7624197644231313.
[I 2026-03-06 18:09:09,752] Trial 19 finished with value: 0.6957330884603612 and parameters: {'learning_rate': 0.01320283212647759, 'max_depth': 5, 'min_child_weight': 13, 'subsample': 0.9621895344701703, 'colsample_bytree': 0.6922879964686046, 'reg_alpha': 9.195729276533648, 'reg_lambda': 0.028038017837927535}. Best is trial 12 with value: 0.7624197644231313.
[I 2026-03-06 18:09:10,007] Trial 20 finished with value: 0.6954582865693977 and parameters: {'learning_rate': 0.029258177420856367, 'max_depth': 7, 'min_child_weight': 9, 'subsample': 0.907550764704363, 'colsample_bytree': 0.9122614730391323, 'reg_alpha': 3.1462239577475635, 'reg_lambda': 0.00468093290422707}. Best is trial 12 with value: 0.7624197644231313.
[I 2026-03-06 18:09:10,273] Trial 21 finished with value: 0.7187492772846308 and parameters: {'learning_rate': 0.014480991737322837, 'max_depth': 5, 'min_child_weight': 11, 'subsample': 0.9005776052908302, 'colsample_bytree': 0.8196925597751864, 'reg_alpha': 1.2790275380535416, 'reg_lambda': 0.0010978035339989985}. Best is trial 12 with value: 0.7624197644231313.
[I 2026-03-06 18:09:10,543] Trial 22 finished with value: 0.714591878379757 and parameters: {'learning_rate': 0.01279881415388046, 'max_depth': 6, 'min_child_weight': 15, 'subsample': 0.9643547371173842, 'colsample_bytree': 0.8321826831971144, 'reg_alpha': 0.18174364635059304, 'reg_lambda': 0.002580344755783335}. Best is trial 12 with value: 0.7624197644231313.
[I 2026-03-06 18:09:10,785] Trial 23 finished with value: 0.7039498803976919 and parameters: {'learning_rate': 0.019335612532205792, 'max_depth': 4, 'min_child_weight': 13, 'subsample': 0.8370210126244102, 'colsample_bytree': 0.7839919114296743, 'reg_alpha': 2.5189003231137987, 'reg_lambda': 0.002335030183518722}. Best is trial 12 with value: 0.7624197644231313.
[I 2026-03-06 18:09:11,035] Trial 24 finished with value: 0.718808908388033 and parameters: {'learning_rate': 0.012312795147089696, 'max_depth': 5, 'min_child_weight': 12, 'subsample': 0.8926083692456329, 'colsample_bytree': 0.8442818207120742, 'reg_alpha': 0.6354857629305751, 'reg_lambda': 0.008655980543682865}. Best is trial 12 with value: 0.7624197644231313.
[I 2026-03-06 18:09:11,296] Trial 25 finished with value: 0.7242564250813409 and parameters: {'learning_rate': 0.019637324448599815, 'max_depth': 6, 'min_child_weight': 10, 'subsample': 0.7854188940352103, 'colsample_bytree': 0.8992736811869029, 'reg_alpha': 1.1111882876961843, 'reg_lambda': 0.001017055270980088}. Best is trial 12 with value: 0.7624197644231313.
[I 2026-03-06 18:09:11,573] Trial 26 finished with value: 0.7335471437154938 and parameters: {'learning_rate': 0.019448836822233702, 'max_depth': 6, 'min_child_weight': 8, 'subsample': 0.7738416333426397, 'colsample_bytree': 0.8982387578450303, 'reg_alpha': 0.27470371479053335, 'reg_lambda': 0.003879963968781379}. Best is trial 12 with value: 0.7624197644231313.
[I 2026-03-06 18:09:12,054] Trial 27 finished with value: 0.7366072622974981 and parameters: {'learning_rate': 0.028344843408295475, 'max_depth': 8, 'min_child_weight': 7, 'subsample': 0.7298562726363379, 'colsample_bytree': 0.97227077306751, 'reg_alpha': 0.041582438062835896, 'reg_lambda': 0.016461799823418617}. Best is trial 12 with value: 0.7624197644231313.
[I 2026-03-06 18:09:12,375] Trial 28 finished with value: 0.721726184402952 and parameters: {'learning_rate': 0.028858388136399217, 'max_depth': 8, 'min_child_weight': 7, 'subsample': 0.7281016082993478, 'colsample_bytree': 0.997164123387446, 'reg_alpha': 0.0655915939488317, 'reg_lambda': 0.021128040512522435}. Best is trial 12 with value: 0.7624197644231313.
[I 2026-03-06 18:09:12,627] Trial 29 finished with value: 0.5788227391762745 and parameters: {'learning_rate': 0.06172213228183485, 'max_depth': 9, 'min_child_weight': 6, 'subsample': 0.6594880955477377, 'colsample_bytree': 0.965018541783852, 'reg_alpha': 0.02770327058187548, 'reg_lambda': 0.04347460867789647}. Best is trial 12 with value: 0.7624197644231313.
[I 2026-03-06 18:09:12,882] Trial 30 finished with value: 0.6260348150415489 and parameters: {'learning_rate': 0.03483576331723646, 'max_depth': 7, 'min_child_weight': 4, 'subsample': 0.740342928888907, 'colsample_bytree': 0.9582907006221753, 'reg_alpha': 0.00106509371685883, 'reg_lambda': 0.1043974128085495}. Best is trial 12 with value: 0.7624197644231313.
[I 2026-03-06 18:09:13,120] Trial 31 finished with value: 0.7729112108741739 and parameters: {'learning_rate': 0.02517410652321269, 'max_depth': 8, 'min_child_weight': 8, 'subsample': 0.7126334788835695, 'colsample_bytree': 0.9994578383987975, 'reg_alpha': 0.21519008148214747, 'reg_lambda': 0.0046585175572945135}. Best is trial 31 with value: 0.7729112108741739.
[I 2026-03-06 18:09:13,361] Trial 32 finished with value: 0.7628431339205751 and parameters: {'learning_rate': 0.024813323669099944, 'max_depth': 8, 'min_child_weight': 8, 'subsample': 0.7091877885927805, 'colsample_bytree': 0.9934177989585888, 'reg_alpha': 0.13535922311345208, 'reg_lambda': 0.010485398163536365}. Best is trial 31 with value: 0.7729112108741739.
[I 2026-03-06 18:09:13,614] Trial 33 finished with value: 0.6874854039837205 and parameters: {'learning_rate': 0.026329017985857003, 'max_depth': 8, 'min_child_weight': 7, 'subsample': 0.6375032414091711, 'colsample_bytree': 0.9977566638592107, 'reg_alpha': 0.03987363915319363, 'reg_lambda': 0.013322664663515192}. Best is trial 31 with value: 0.7729112108741739.
[I 2026-03-06 18:09:13,937] Trial 34 finished with value: 0.6920802865920711 and parameters: {'learning_rate': 0.033627087965087, 'max_depth': 9, 'min_child_weight': 8, 'subsample': 0.700901522084333, 'colsample_bytree': 0.9717679167722552, 'reg_alpha': 0.1108109677488038, 'reg_lambda': 0.006539094027994145}. Best is trial 31 with value: 0.7729112108741739.
[I 2026-03-06 18:09:14,196] Trial 35 finished with value: 0.6428261288530649 and parameters: {'learning_rate': 0.040991024081084355, 'max_depth': 8, 'min_child_weight': 6, 'subsample': 0.7151828531639757, 'colsample_bytree': 0.9382091747792409, 'reg_alpha': 0.12214353388713671, 'reg_lambda': 0.5399950801009424}. Best is trial 31 with value: 0.7729112108741739.
[I 2026-03-06 18:09:14,461] Trial 36 finished with value: 0.7333267580405626 and parameters: {'learning_rate': 0.02469744673606063, 'max_depth': 9, 'min_child_weight': 5, 'subsample': 0.6765347105288759, 'colsample_bytree': 0.9819179774985985, 'reg_alpha': 0.008626895639425976, 'reg_lambda': 0.0029075121030150627}. Best is trial 31 with value: 0.7729112108741739.
[I 2026-03-06 18:09:14,724] Trial 37 finished with value: 0.5965885000396786 and parameters: {'learning_rate': 0.05348185734377204, 'max_depth': 8, 'min_child_weight': 10, 'subsample': 0.7474428534101762, 'colsample_bytree': 0.9385328790903651, 'reg_alpha': 0.17727479188192236, 'reg_lambda': 0.0078777639129226}. Best is trial 31 with value: 0.7729112108741739.
[I 2026-03-06 18:09:14,972] Trial 38 finished with value: 0.7016769263907311 and parameters: {'learning_rate': 0.029133718493957673, 'max_depth': 7, 'min_child_weight': 8, 'subsample': 0.6491752526622179, 'colsample_bytree': 0.6296542404990988, 'reg_alpha': 0.016858604820845804, 'reg_lambda': 0.1921450424359841}. Best is trial 31 with value: 0.7729112108741739.
[I 2026-03-06 18:09:15,240] Trial 39 finished with value: 0.6521460962033354 and parameters: {'learning_rate': 0.021573246979673756, 'max_depth': 8, 'min_child_weight': 3, 'subsample': 0.6944223005690995, 'colsample_bytree': 0.9903717018778565, 'reg_alpha': 0.07567226897490746, 'reg_lambda': 0.012947738738211192}. Best is trial 31 with value: 0.7729112108741739.
[I 2026-03-06 18:09:15,610] Trial 40 finished with value: 0.7591859674182908 and parameters: {'learning_rate': 0.025143503684123707, 'max_depth': 9, 'min_child_weight': 9, 'subsample': 0.7189563533646995, 'colsample_bytree': 0.9205823947320431, 'reg_alpha': 0.38461230020502557, 'reg_lambda': 0.0025567673338894726}. Best is trial 31 with value: 0.7729112108741739.
[I 2026-03-06 18:09:15,871] Trial 41 finished with value: 0.7470793796551372 and parameters: {'learning_rate': 0.026537995859094825, 'max_depth': 9, 'min_child_weight': 9, 'subsample': 0.7238002528671151, 'colsample_bytree': 0.9489567976623623, 'reg_alpha': 0.5266610398406968, 'reg_lambda': 0.002068166681795307}. Best is trial 31 with value: 0.7729112108741739.
[I 2026-03-06 18:09:16,109] Trial 42 finished with value: 0.6501739051570702 and parameters: {'learning_rate': 0.03797809911745189, 'max_depth': 9, 'min_child_weight': 9, 'subsample': 0.6241954812540531, 'colsample_bytree': 0.9507562752043142, 'reg_alpha': 0.43686500629265956, 'reg_lambda': 0.0019689538390172613}. Best is trial 31 with value: 0.7729112108741739.
[I 2026-03-06 18:09:16,366] Trial 43 finished with value: 0.7738305048237708 and parameters: {'learning_rate': 0.025791876267778364, 'max_depth': 9, 'min_child_weight': 10, 'subsample': 0.7598075263487978, 'colsample_bytree': 0.9211823411397986, 'reg_alpha': 0.25897992353245525, 'reg_lambda': 0.003192144247142499}. Best is trial 43 with value: 0.7738305048237708.
[I 2026-03-06 18:09:16,607] Trial 44 finished with value: 0.7681464476413971 and parameters: {'learning_rate': 0.023205477333151855, 'max_depth': 9, 'min_child_weight': 10, 'subsample': 0.7960872156803992, 'colsample_bytree': 0.8720894290821258, 'reg_alpha': 0.21412827302165238, 'reg_lambda': 0.003617783195085491}. Best is trial 43 with value: 0.7738305048237708.
[I 2026-03-06 18:09:16,935] Trial 45 finished with value: 0.6929483386049041 and parameters: {'learning_rate': 0.032233691748510714, 'max_depth': 9, 'min_child_weight': 10, 'subsample': 0.8031459933370244, 'colsample_bytree': 0.8749375318857009, 'reg_alpha': 0.20037161434082143, 'reg_lambda': 0.003915563410722361}. Best is trial 43 with value: 0.7738305048237708.
[I 2026-03-06 18:09:17,216] Trial 46 finished with value: 0.7600679069029238 and parameters: {'learning_rate': 0.017718828867388837, 'max_depth': 8, 'min_child_weight': 14, 'subsample': 0.7628948014312525, 'colsample_bytree': 0.8643503171097349, 'reg_alpha': 0.09252839103960132, 'reg_lambda': 0.003331424103926641}. Best is trial 43 with value: 0.7738305048237708.
[I 2026-03-06 18:09:17,510] Trial 47 finished with value: 0.719751385913002 and parameters: {'learning_rate': 0.01579005943122365, 'max_depth': 9, 'min_child_weight': 10, 'subsample': 0.8172239475696923, 'colsample_bytree': 0.7783940661334986, 'reg_alpha': 0.2684043787954532, 'reg_lambda': 0.007700428554641384}. Best is trial 43 with value: 0.7738305048237708.
[I 2026-03-06 18:09:17,774] Trial 48 finished with value: 0.7616434264077362 and parameters: {'learning_rate': 0.021212289201577264, 'max_depth': 7, 'min_child_weight': 12, 'subsample': 0.792484558834418, 'colsample_bytree': 0.9148588538184176, 'reg_alpha': 0.8643252052214073, 'reg_lambda': 0.0060601725819684395}. Best is trial 43 with value: 0.7738305048237708.
