[I 2026-03-06 17:05:32,388] Trial 0 finished with value: 0.9018040533860603 and parameters: {'learning_rate': 0.1, 'max_depth': 6, 'min_child_weight': 6, 'subsample': 1.0, 'colsample_bytree': 1.0, 'reg_alpha': 0.001, 'reg_lambda': 1.0}. Best is trial 0 with value: 0.9018040533860603.
[I 2026-03-06 17:05:32,794] Trial 1 finished with value: 0.9274326954311136 and parameters: {'learning_rate': 0.03264131234300707, 'max_depth': 4, 'min_child_weight': 4, 'subsample': 0.7945048629421811, 'colsample_bytree': 0.7690473106403997, 'reg_alpha': 0.026889435432611755, 'reg_lambda': 0.06111003423522682}. Best is trial 1 with value: 0.9274326954311136.
[I 2026-03-06 17:05:33,216] Trial 2 finished with value: 0.9188063554833699 and parameters: {'learning_rate': 0.027669756580377403, 'max_depth': 4, 'min_child_weight': 14, 'subsample': 0.7383389357885003, 'colsample_bytree': 0.8102018345849442, 'reg_alpha': 2.6182585855633853, 'reg_lambda': 0.0010081333576393064}. Best is trial 1 with value: 0.9274326954311136.
[I 2026-03-06 17:05:33,581] Trial 3 finished with value: 0.9268901348774803 and parameters: {'learning_rate': 0.016046068297713992, 'max_depth': 3, 'min_child_weight': 12, 'subsample': 0.6312436387606213, 'colsample_bytree': 0.9270383527314126, 'reg_alpha': 0.9995075302490727, 'reg_lambda': 0.0014454607218813901}. Best is trial 1 with value: 0.9274326954311136.
[I 2026-03-06 17:05:34,273] Trial 4 finished with value: 0.8986282324694583 and parameters: {'learning_rate': 0.07060540251058753, 'max_depth': 8, 'min_child_weight': 1, 'subsample': 0.651194624359354, 'colsample_bytree': 0.6007724869524887, 'reg_alpha': 0.748748252280495, 'reg_lambda': 1.2122478533365566}. Best is trial 1 with value: 0.9274326954311136.
[I 2026-03-06 17:05:34,688] Trial 5 finished with value: 0.9232192076830733 and parameters: {'learning_rate': 0.020266567829399295, 'max_depth': 8, 'min_child_weight': 2, 'subsample': 0.6600742010755904, 'colsample_bytree': 0.8118300256686026, 'reg_alpha': 0.0069317331316845615, 'reg_lambda': 0.03821593845856419}. Best is trial 1 with value: 0.9274326954311136.
[I 2026-03-06 17:05:34,984] Trial 6 finished with value: 0.887167064472848 and parameters: {'learning_rate': 0.0934020953010848, 'max_depth': 3, 'min_child_weight': 15, 'subsample': 0.8377277012431011, 'colsample_bytree': 0.9002783393486, 'reg_alpha': 0.0030829666631519816, 'reg_lambda': 0.4808143300717984}. Best is trial 1 with value: 0.9274326954311136.
[I 2026-03-06 17:05:35,236] Trial 7 finished with value: 0.9190036296871691 and parameters: {'learning_rate': 0.01026096827090364, 'max_depth': 8, 'min_child_weight': 12, 'subsample': 0.7434610155770778, 'colsample_bytree': 0.9057359359188714, 'reg_alpha': 6.060416283771897, 'reg_lambda': 0.015059608517133016}. Best is trial 1 with value: 0.9274326954311136.
[I 2026-03-06 17:05:35,611] Trial 8 finished with value: 0.92443189040322 and parameters: {'learning_rate': 0.024036711009565576, 'max_depth': 3, 'min_child_weight': 8, 'subsample': 0.602188794959044, 'colsample_bytree': 0.9447847502648815, 'reg_alpha': 1.114073890169289, 'reg_lambda': 0.001375998748775442}. Best is trial 1 with value: 0.9274326954311136.
[I 2026-03-06 17:05:35,855] Trial 9 finished with value: 0.92310187133677 and parameters: {'learning_rate': 0.025203717217153813, 'max_depth': 8, 'min_child_weight': 11, 'subsample': 0.7282788410188048, 'colsample_bytree': 0.8255656131374021, 'reg_alpha': 0.023454583870605013, 'reg_lambda': 1.8964767029910903}. Best is trial 1 with value: 0.9274326954311136.
[I 2026-03-06 17:05:36,132] Trial 10 finished with value: 0.920615267283384 and parameters: {'learning_rate': 0.04272361193468082, 'max_depth': 5, 'min_child_weight': 4, 'subsample': 0.8721216444600265, 'colsample_bytree': 0.6836613555714269, 'reg_alpha': 0.10107368269078378, 'reg_lambda': 0.13479314165800096}. Best is trial 1 with value: 0.9274326954311136.
[I 2026-03-06 17:05:36,402] Trial 11 finished with value: 0.926760144057623 and parameters: {'learning_rate': 0.013128471395010272, 'max_depth': 4, 'min_child_weight': 9, 'subsample': 0.9007422263829201, 'colsample_bytree': 0.7249876103379418, 'reg_alpha': 0.1512328107051178, 'reg_lambda': 0.008230140071305151}. Best is trial 1 with value: 0.9274326954311136.
[I 2026-03-06 17:05:36,755] Trial 12 finished with value: 0.8991716969140597 and parameters: {'learning_rate': 0.044292270545459735, 'max_depth': 5, 'min_child_weight': 5, 'subsample': 0.9597321517575313, 'colsample_bytree': 0.7410241701172955, 'reg_alpha': 0.4094024322000905, 'reg_lambda': 6.359488603197216}. Best is trial 1 with value: 0.9274326954311136.
[I 2026-03-06 17:05:37,065] Trial 13 finished with value: 0.9271732222300685 and parameters: {'learning_rate': 0.015593115503669265, 'max_depth': 3, 'min_child_weight': 9, 'subsample': 0.7970679585707524, 'colsample_bytree': 0.8703242334633232, 'reg_alpha': 0.03718511774169538, 'reg_lambda': 0.005317432800623104}. Best is trial 1 with value: 0.9274326954311136.
[I 2026-03-06 17:05:37,424] Trial 14 finished with value: 0.9032829884895135 and parameters: {'learning_rate': 0.03905148005600343, 'max_depth': 4, 'min_child_weight': 8, 'subsample': 0.7967565682014974, 'colsample_bytree': 0.8637235762655424, 'reg_alpha': 0.023853006822437597, 'reg_lambda': 0.1019833015664677}. Best is trial 1 with value: 0.9274326954311136.
[I 2026-03-06 17:05:37,825] Trial 15 finished with value: 0.9281741119977402 and parameters: {'learning_rate': 0.034280187014642916, 'max_depth': 6, 'min_child_weight': 3, 'subsample': 0.796759354810437, 'colsample_bytree': 0.7402892176684978, 'reg_alpha': 0.023686815928116892, 'reg_lambda': 0.008978750140317609}. Best is trial 15 with value: 0.9281741119977402.
[I 2026-03-06 17:05:38,257] Trial 16 finished with value: 0.9037109808629334 and parameters: {'learning_rate': 0.06486269377170185, 'max_depth': 6, 'min_child_weight': 3, 'subsample': 0.8421907417351293, 'colsample_bytree': 0.7510747816111164, 'reg_alpha': 0.007478259475035889, 'reg_lambda': 0.03172657532622016}. Best is trial 15 with value: 0.9281741119977402.
[I 2026-03-06 17:05:38,656] Trial 17 finished with value: 0.9371201468822823 and parameters: {'learning_rate': 0.03422223934601185, 'max_depth': 7, 'min_child_weight': 6, 'subsample': 0.7007614124317049, 'colsample_bytree': 0.6469089719684339, 'reg_alpha': 0.05164532316993672, 'reg_lambda': 0.19268166564403438}. Best is trial 17 with value: 0.9371201468822823.
[I 2026-03-06 17:05:39,015] Trial 18 finished with value: 0.9038728903326037 and parameters: {'learning_rate': 0.054931457315536336, 'max_depth': 7, 'min_child_weight': 6, 'subsample': 0.6961934430449708, 'colsample_bytree': 0.6412295207254409, 'reg_alpha': 0.1738763321767277, 'reg_lambda': 0.38476618231639415}. Best is trial 17 with value: 0.9371201468822823.
[I 2026-03-06 17:05:39,472] Trial 19 finished with value: 0.9093093425605538 and parameters: {'learning_rate': 0.035535471483397855, 'max_depth': 9, 'min_child_weight': 1, 'subsample': 0.7003915982532808, 'colsample_bytree': 0.6901345778822463, 'reg_alpha': 0.06110448078687877, 'reg_lambda': 0.21019872165584613}. Best is trial 17 with value: 0.9371201468822823.
[I 2026-03-06 17:05:39,858] Trial 20 finished with value: 0.9055394393051338 and parameters: {'learning_rate': 0.051895187782617834, 'max_depth': 7, 'min_child_weight': 6, 'subsample': 0.7671936222076464, 'colsample_bytree': 0.6560420209093571, 'reg_alpha': 0.009834539563674796, 'reg_lambda': 0.003939093897047659}. Best is trial 17 with value: 0.9371201468822823.
[I 2026-03-06 17:05:40,234] Trial 21 finished with value: 0.9304542899512747 and parameters: {'learning_rate': 0.032214788554537986, 'max_depth': 7, 'min_child_weight': 4, 'subsample': 0.772172182734765, 'colsample_bytree': 0.782864799949146, 'reg_alpha': 0.013683276848302842, 'reg_lambda': 0.03739472078142802}. Best is trial 17 with value: 0.9371201468822823.
[I 2026-03-06 17:05:40,632] Trial 22 finished with value: 0.9279843513876138 and parameters: {'learning_rate': 0.030050537107486352, 'max_depth': 7, 'min_child_weight': 3, 'subsample': 0.7094502971706071, 'colsample_bytree': 0.7190421452394521, 'reg_alpha': 0.0027524058236274864, 'reg_lambda': 0.015876341776811652}. Best is trial 17 with value: 0.9371201468822823.
[I 2026-03-06 17:05:40,984] Trial 23 finished with value: 0.9262626650660265 and parameters: {'learning_rate': 0.023018304371198117, 'max_depth': 6, 'min_child_weight': 5, 'subsample': 0.7608548971249527, 'colsample_bytree': 0.7767097832119219, 'reg_alpha': 0.0623846945693682, 'reg_lambda': 0.019865009452658487}. Best is trial 17 with value: 0.9371201468822823.
[I 2026-03-06 17:05:41,326] Trial 24 finished with value: 0.9307974295600593 and parameters: {'learning_rate': 0.019803980896385364, 'max_depth': 7, 'min_child_weight': 7, 'subsample': 0.8283618122632418, 'colsample_bytree': 0.613227928296475, 'reg_alpha': 0.009761779891480821, 'reg_lambda': 0.06327406035840924}. Best is trial 17 with value: 0.9371201468822823.
[I 2026-03-06 17:05:41,713] Trial 25 finished with value: 0.9314098721841678 and parameters: {'learning_rate': 0.019032771993735775, 'max_depth': 7, 'min_child_weight': 7, 'subsample': 0.8393962769055684, 'colsample_bytree': 0.6008364795405376, 'reg_alpha': 0.009548027811463541, 'reg_lambda': 0.0640244696252431}. Best is trial 17 with value: 0.9371201468822823.
[I 2026-03-06 17:05:42,181] Trial 26 finished with value: 0.9295981922180638 and parameters: {'learning_rate': 0.019895736622248625, 'max_depth': 9, 'min_child_weight': 7, 'subsample': 0.9028604454968869, 'colsample_bytree': 0.6018045489723622, 'reg_alpha': 0.0030632742598863598, 'reg_lambda': 0.29300223918794416}. Best is trial 17 with value: 0.9371201468822823.
[I 2026-03-06 17:05:42,679] Trial 27 finished with value: 0.9322062566202952 and parameters: {'learning_rate': 0.01722600905169334, 'max_depth': 7, 'min_child_weight': 10, 'subsample': 0.8497531675136377, 'colsample_bytree': 0.6371445685533799, 'reg_alpha': 0.0012528908971461488, 'reg_lambda': 0.0787881005188016}. Best is trial 17 with value: 0.9371201468822823.
[I 2026-03-06 17:05:43,214] Trial 28 finished with value: 0.9348739778264245 and parameters: {'learning_rate': 0.01476738512736533, 'max_depth': 8, 'min_child_weight': 10, 'subsample': 0.8663770780441676, 'colsample_bytree': 0.6396652183713929, 'reg_alpha': 0.0016627454737632354, 'reg_lambda': 0.17748192279560931}. Best is trial 17 with value: 0.9371201468822823.
[I 2026-03-06 17:05:43,606] Trial 29 finished with value: 0.9294459995763011 and parameters: {'learning_rate': 0.01076884175675957, 'max_depth': 9, 'min_child_weight': 10, 'subsample': 0.94547018376172, 'colsample_bytree': 0.6498858358940629, 'reg_alpha': 0.0010650820658003716, 'reg_lambda': 0.6845458021831783}. Best is trial 17 with value: 0.9371201468822823.
[I 2026-03-06 17:05:43,908] Trial 30 finished with value: 0.9174190523268132 and parameters: {'learning_rate': 0.013390799754422613, 'max_depth': 8, 'min_child_weight': 13, 'subsample': 0.9005286298486711, 'colsample_bytree': 0.6769831789858168, 'reg_alpha': 0.001113101651368509, 'reg_lambda': 2.8306489718351346}. Best is trial 17 with value: 0.9371201468822823.
[I 2026-03-06 17:05:44,200] Trial 31 finished with value: 0.9343949156133041 and parameters: {'learning_rate': 0.016921986245993424, 'max_depth': 7, 'min_child_weight': 10, 'subsample': 0.8664887287059738, 'colsample_bytree': 0.6299286743187307, 'reg_alpha': 0.001958338743589404, 'reg_lambda': 0.1708800704634232}. Best is trial 17 with value: 0.9371201468822823.
[I 2026-03-06 17:05:44,627] Trial 32 finished with value: 0.9346178377233245 and parameters: {'learning_rate': 0.015992308686909488, 'max_depth': 8, 'min_child_weight': 10, 'subsample': 0.8727798276698472, 'colsample_bytree': 0.6341912832778771, 'reg_alpha': 0.0016333259167939506, 'reg_lambda': 0.16789467387860377}. Best is trial 17 with value: 0.9371201468822823.
[I 2026-03-06 17:05:45,055] Trial 33 finished with value: 0.9229059529694231 and parameters: {'learning_rate': 0.013012191129739507, 'max_depth': 8, 'min_child_weight': 10, 'subsample': 0.8659247339560371, 'colsample_bytree': 0.6949706527430526, 'reg_alpha': 0.002231665476186423, 'reg_lambda': 0.1688595859927028}. Best is trial 17 with value: 0.9371201468822823.
[I 2026-03-06 17:05:45,486] Trial 34 finished with value: 0.9345744509568533 and parameters: {'learning_rate': 0.014896230441341458, 'max_depth': 9, 'min_child_weight': 11, 'subsample': 0.9505334076273451, 'colsample_bytree': 0.63004364548618, 'reg_alpha': 0.00470578461818731, 'reg_lambda': 0.26540170371177957}. Best is trial 17 with value: 0.9371201468822823.
[I 2026-03-06 17:05:45,798] Trial 35 finished with value: 0.9091625732646 and parameters: {'learning_rate': 0.014794849597694188, 'max_depth': 9, 'min_child_weight': 12, 'subsample': 0.9581953562783716, 'colsample_bytree': 0.6638723948649367, 'reg_alpha': 0.005019582644583697, 'reg_lambda': 0.7041324380453285}. Best is trial 17 with value: 0.9371201468822823.
[I 2026-03-06 17:05:46,169] Trial 36 finished with value: 0.9339329143422074 and parameters: {'learning_rate': 0.011693587412560214, 'max_depth': 9, 'min_child_weight': 11, 'subsample': 0.9987236386501491, 'colsample_bytree': 0.6254978595172976, 'reg_alpha': 0.004206529602900837, 'reg_lambda': 0.30939768934028206}. Best is trial 17 with value: 0.9371201468822823.
[I 2026-03-06 17:05:46,504] Trial 37 finished with value: 0.9170181766824377 and parameters: {'learning_rate': 0.026808835145157882, 'max_depth': 8, 'min_child_weight': 14, 'subsample': 0.9256468531189748, 'colsample_bytree': 0.7110264670478343, 'reg_alpha': 0.005808007109989327, 'reg_lambda': 1.142104367794484}. Best is trial 17 with value: 0.9371201468822823.
[I 2026-03-06 17:05:46,867] Trial 38 finished with value: 0.9090128098298144 and parameters: {'learning_rate': 0.022188093001030945, 'max_depth': 9, 'min_child_weight': 11, 'subsample': 0.9836214828370643, 'colsample_bytree': 0.667922967527001, 'reg_alpha': 0.001425849690315131, 'reg_lambda': 0.5416218741139552}. Best is trial 17 with value: 0.9371201468822823.
[I 2026-03-06 17:05:47,246] Trial 39 finished with value: 0.92999364451663 and parameters: {'learning_rate': 0.029529319404928263, 'max_depth': 8, 'min_child_weight': 9, 'subsample': 0.9274462933995548, 'colsample_bytree': 0.7049048232327986, 'reg_alpha': 0.001994481237365893, 'reg_lambda': 0.10446398010573284}. Best is trial 17 with value: 0.9371201468822823.
[I 2026-03-06 17:05:47,527] Trial 40 finished with value: 0.9335923169267706 and parameters: {'learning_rate': 0.01162398962932505, 'max_depth': 8, 'min_child_weight': 8, 'subsample': 0.6695236719894715, 'colsample_bytree': 0.6308233981995822, 'reg_alpha': 0.015604835062347219, 'reg_lambda': 0.2678219045150555}. Best is trial 17 with value: 0.9371201468822823.
[I 2026-03-06 17:05:47,804] Trial 41 finished with value: 0.9323135371795775 and parameters: {'learning_rate': 0.01692786105901268, 'max_depth': 8, 'min_child_weight': 13, 'subsample': 0.8773524677818321, 'colsample_bytree': 0.6220058732265262, 'reg_alpha': 0.0018217162869777082, 'reg_lambda': 0.15830949976880615}. Best is trial 17 with value: 0.9371201468822823.
[I 2026-03-06 17:05:48,082] Trial 42 finished with value: 0.9346715062495586 and parameters: {'learning_rate': 0.015080223479428754, 'max_depth': 7, 'min_child_weight': 11, 'subsample': 0.8272543754929045, 'colsample_bytree': 0.6482623482675152, 'reg_alpha': 0.003416679141080809, 'reg_lambda': 0.20534357876154052}. Best is trial 17 with value: 0.9371201468822823.
[I 2026-03-06 17:05:48,382] Trial 43 finished with value: 0.9282520161005579 and parameters: {'learning_rate': 0.014422945508508063, 'max_depth': 8, 'min_child_weight': 11, 'subsample': 0.8208021379860332, 'colsample_bytree': 0.9989146748268092, 'reg_alpha': 0.0034872429561423716, 'reg_lambda': 0.43539091294384724}. Best is trial 17 with value: 0.9371201468822823.
[I 2026-03-06 17:05:48,624] Trial 44 finished with value: 0.9188560694866182 and parameters: {'learning_rate': 0.0184824653420158, 'max_depth': 5, 'min_child_weight': 13, 'subsample': 0.8912112425123, 'colsample_bytree': 0.6574139383518723, 'reg_alpha': 0.0042120064781001314, 'reg_lambda': 2.1387731488502375}. Best is trial 17 with value: 0.9371201468822823.
[I 2026-03-06 17:05:48,962] Trial 45 finished with value: 0.9173950992161571 and parameters: {'learning_rate': 0.010035886480848015, 'max_depth': 9, 'min_child_weight': 12, 'subsample': 0.8137986935444025, 'colsample_bytree': 0.6840449269484137, 'reg_alpha': 0.3168707423953811, 'reg_lambda': 0.9293894733660981}. Best is trial 17 with value: 0.9371201468822823.
[I 2026-03-06 17:05:49,285] Trial 46 finished with value: 0.9292159028317208 and parameters: {'learning_rate': 0.02179687963612641, 'max_depth': 7, 'min_child_weight': 9, 'subsample': 0.9250416799632265, 'colsample_bytree': 0.6453090175388148, 'reg_alpha': 1.3825894388324302, 'reg_lambda': 0.1086132223907569}. Best is trial 17 with value: 0.9371201468822823.
[I 2026-03-06 17:05:49,580] Trial 47 finished with value: 0.9299768095473483 and parameters: {'learning_rate': 0.011646920928844796, 'max_depth': 8, 'min_child_weight': 11, 'subsample': 0.7802019622904016, 'colsample_bytree': 0.6132085716292569, 'reg_alpha': 2.5679017404031472, 'reg_lambda': 0.04615821808030897}. Best is trial 17 with value: 0.9371201468822823.
[I 2026-03-06 17:05:49,901] Trial 48 finished with value: 0.9313533225054728 and parameters: {'learning_rate': 0.013738964706097707, 'max_depth': 6, 'min_child_weight': 15, 'subsample': 0.6398835305920234, 'colsample_bytree': 0.6706362275255463, 'reg_alpha': 0.006270413800435124, 'reg_lambda': 0.21331644997987015}. Best is trial 17 with value: 0.9371201468822823.
