[I 2026-03-06 17:05:50,252] Trial 49 finished with value: 0.9295132829602428 and parameters: {'learning_rate': 0.0158209991548548, 'max_depth': 8, 'min_child_weight': 9, 'subsample': 0.8619565574701197, 'colsample_bytree': 0.8286620226217608, 'reg_alpha': 0.013785640697785574, 'reg_lambda': 0.3456438947601749}. Best is trial 17 with value: 0.9371201468822823.
Entraînement du modèle Skip-gram...
Extraction des features pour 2380 liens positifs...
Génération de 23800 non-liens (ratio 10.0)...
DataFrame créé avec succès : 26180 lignes.
Extraction des features pour 595 liens positifs...
Génération de 14875 non-liens (ratio 25.0)...
DataFrame créé avec succès : 15470 lignes.
Features détectées (23) : ['cn', 'aa', 'jc', 'pa', 'sp', 'pr_u', 'pr_v', 'lcc_u', 'lcc_v', 'and_u', 'and_v', 'dc_u', 'dc_v', 'louvain_density', 'same_louvain', 'infomap_density', 'same_infomap', 'sbm_density', 'same_sbm', 'n2v_homophily_cos', 'n2v_homophily_dist', 'deepwalk_cos', 'deepwalk_dist']

================================================================================
               RÉSULTATS OPTUNA : BASELINE VS TOP CONFIGURATIONS                
================================================================================
 Trial  Avg_AUC  Std_AUC   Avg_AP  Delta_AUC
     0 0.901804      0.0 0.531836   0.098194
--------------------------------------------------------------------------------
 Trial  Avg_AUC  Std_AUC   Avg_AP  Delta_AUC
    17 0.937120      0.0 0.578116   0.062813
    28 0.934874      0.0 0.590857   0.064937
    42 0.934672      0.0 0.591407   0.065098
    32 0.934618      0.0 0.588860   0.065203
    34 0.934574      0.0 0.592849   0.065211
    31 0.934395      0.0 0.589393   0.065413
    36 0.933933      0.0 0.595190   0.065834
    40 0.933592      0.0 0.594137   0.066149
    41 0.932314      0.0 0.592571   0.067460
    27 0.932206      0.0 0.588102   0.067614
================================================================================
Résultats sauvegardés dans : outputs/results/optuna_results_artificial_graph_sbm_0_05_pos_0_95.csv
{'learning_rate': 0.03422223934601185, 'max_depth': 7, 'min_child_weight': 6, 'subsample': 0.7007614124317049, 'colsample_bytree': 0.6469089719684339, 'reg_alpha': 0.05164532316993672, 'reg_lambda': 0.19268166564403438, 'tree_method': 'hist', 'n_estimators': 150}

--- Enrichissement du Graphe avec les Métriques de Structure ---
Calcul : PageRank, Clustering, Average Neighbor Degree, Degree Centrality

--- Enrichissement du Graphe avec les Communautés ---
Calcul des communautés via louvain...
Calcul des communautés via infomap...
Calcul des communautés via sbm...

--- Enrichissement du Graphe avec les Embeddings ---
Calcul des embeddings via n2v_homophily...
Calcul de Node2Vec (p=2, q=0.5)...
Génération des marches aléatoires (dim=64)...
Computing transition probabilities:   0%|                                                                          | 0/1000 [00:00<?, ?it/s]Computing transition probabilities:  64%|███████████████████████████████████████▊                      | 642/1000 [00:00<00:00, 6414.55it/s]Computing transition probabilities: 100%|█████████████████████████████████████████████████████████████| 1000/1000 [00:00<00:00, 6468.82it/s]
Generating walks (CPU: 1):   0%|                                                                                     | 0/25 [00:00<?, ?it/s]Generating walks (CPU: 2):   0%|                                                                                     | 0/25 [00:00<?, ?it/s]Generating walks (CPU: 3):   0%|                                                                                     | 0/25 [00:00<?, ?it/s]Generating walks (CPU: 1):   8%|██████▏                                                                      | 2/25 [00:00<00:02,  9.25it/s]Generating walks (CPU: 4):   0%|                                                                                     | 0/25 [00:00<?, ?it/s]Generating walks (CPU: 2):   8%|██████▏                                                                      | 2/25 [00:00<00:02,  7.89it/s]Generating walks (CPU: 4):   8%|██████▏                                                                      | 2/25 [00:00<00:01, 16.97it/s]Generating walks (CPU: 3):   8%|██████▏                                                                      | 2/25 [00:00<00:02,  8.56it/s]Generating walks (CPU: 1):  12%|█████████▏                                                                   | 3/25 [00:00<00:03,  6.48it/s]Generating walks (CPU: 2):  12%|█████████▏                                                                   | 3/25 [00:00<00:03,  5.97it/s]Generating walks (CPU: 3):  12%|█████████▏                                                                   | 3/25 [00:00<00:02,  7.50it/s]Generating walks (CPU: 4):  16%|████████████▎                                                                | 4/25 [00:00<00:01, 11.65it/s]Generating walks (CPU: 1):  16%|████████████▎                                                                | 4/25 [00:00<00:03,  5.65it/s]Generating walks (CPU: 3):  16%|████████████▎                                                                | 4/25 [00:00<00:02,  7.73it/s]Generating walks (CPU: 2):  16%|████████████▎                                                                | 4/25 [00:00<00:03,  5.35it/s]Generating walks (CPU: 1):  20%|███████████████▍                                                             | 5/25 [00:00<00:03,  5.41it/s]Generating walks (CPU: 3):  20%|███████████████▍                                                             | 5/25 [00:00<00:03,  6.20it/s]Generating walks (CPU: 4):  24%|██████████████████▍                                                          | 6/25 [00:00<00:02,  8.59it/s]Generating walks (CPU: 2):  20%|███████████████▍                                                             | 5/25 [00:00<00:03,  5.00it/s]Generating walks (CPU: 1):  24%|██████████████████▍                                                          | 6/25 [00:01<00:03,  5.46it/s]Generating walks (CPU: 4):  28%|█████████████████████▌                                                       | 7/25 [00:00<00:02,  7.67it/s]Generating walks (CPU: 3):  24%|██████████████████▍                                                          | 6/25 [00:00<00:03,  5.40it/s]Generating walks (CPU: 1):  28%|█████████████████████▌                                                       | 7/25 [00:01<00:03,  5.76it/s]Generating walks (CPU: 2):  24%|██████████████████▍                                                          | 6/25 [00:01<00:03,  4.85it/s]Generating walks (CPU: 4):  32%|████████████████████████▋                                                    | 8/25 [00:00<00:02,  7.12it/s]Generating walks (CPU: 1):  32%|████████████████████████▋                                                    | 8/25 [00:01<00:02,  6.20it/s]Generating walks (CPU: 3):  28%|█████████████████████▌                                                       | 7/25 [00:01<00:03,  5.07it/s]Generating walks (CPU: 2):  28%|█████████████████████▌                                                       | 7/25 [00:01<00:03,  4.92it/s]Generating walks (CPU: 4):  36%|███████████████████████████▋                                                 | 9/25 [00:01<00:02,  6.75it/s]Generating walks (CPU: 1):  36%|███████████████████████████▋                                                 | 9/25 [00:01<00:02,  6.71it/s]Generating walks (CPU: 1):  40%|██████████████████████████████▍                                             | 10/25 [00:01<00:02,  7.29it/s]Generating walks (CPU: 3):  32%|████████████████████████▋                                                    | 8/25 [00:01<00:03,  4.83it/s]Generating walks (CPU: 4):  40%|██████████████████████████████▍                                             | 10/25 [00:01<00:02,  6.48it/s]Generating walks (CPU: 2):  32%|████████████████████████▋                                                    | 8/25 [00:01<00:03,  5.13it/s]Generating walks (CPU: 1):  44%|█████████████████████████████████▍                                          | 11/25 [00:01<00:01,  7.93it/s]Generating walks (CPU: 2):  36%|███████████████████████████▋                                                 | 9/25 [00:01<00:02,  5.50it/s]Generating walks (CPU: 4):  44%|█████████████████████████████████▍                                          | 11/25 [00:01<00:02,  6.31it/s]Generating walks (CPU: 3):  36%|███████████████████████████▋                                                 | 9/25 [00:01<00:03,  4.72it/s]Generating walks (CPU: 1):  52%|███████████████████████████████████████▌                                    | 13/25 [00:01<00:01,  8.87it/s]Generating walks (CPU: 2):  40%|██████████████████████████████▍                                             | 10/25 [00:01<00:02,  5.96it/s]Generating walks (CPU: 4):  48%|████████████████████████████████████▍                                       | 12/25 [00:01<00:02,  6.19it/s]Generating walks (CPU: 1):  56%|██████████████████████████████████████████▌                                 | 14/25 [00:01<00:01,  9.11it/s]Generating walks (CPU: 2):  44%|█████████████████████████████████▍                                          | 11/25 [00:01<00:02,  6.51it/s]Generating walks (CPU: 3):  40%|██████████████████████████████▍                                             | 10/25 [00:01<00:03,  4.62it/s]Generating walks (CPU: 4):  52%|███████████████████████████████████████▌                                    | 13/25 [00:01<00:01,  6.11it/s]Generating walks (CPU: 2):  48%|████████████████████████████████████▍                                       | 12/25 [00:02<00:01,  7.11it/s]Generating walks (CPU: 1):  64%|████████████████████████████████████████████████▋                           | 16/25 [00:02<00:00,  9.57it/s]Generating walks (CPU: 2):  52%|███████████████████████████████████████▌                                    | 13/25 [00:02<00:01,  7.75it/s]Generating walks (CPU: 3):  44%|█████████████████████████████████▍                                          | 11/25 [00:02<00:02,  4.67it/s]Generating walks (CPU: 4):  56%|██████████████████████████████████████████▌                                 | 14/25 [00:01<00:01,  6.00it/s]Generating walks (CPU: 2):  56%|██████████████████████████████████████████▌                                 | 14/25 [00:02<00:01,  8.23it/s]Generating walks (CPU: 1):  72%|██████████████████████████████████████████████████████▋                     | 18/25 [00:02<00:00,  9.80it/s]Generating walks (CPU: 2):  60%|█████████████████████████████████████████████▌                              | 15/25 [00:02<00:01,  8.64it/s]Generating walks (CPU: 3):  48%|████████████████████████████████████▍                                       | 12/25 [00:02<00:02,  4.87it/s]Generating walks (CPU: 4):  60%|█████████████████████████████████████████████▌                              | 15/25 [00:02<00:01,  5.95it/s]Generating walks (CPU: 1):  80%|████████████████████████████████████████████████████████████▊               | 20/25 [00:02<00:00,  9.95it/s]Generating walks (CPU: 3):  52%|███████████████████████████████████████▌                                    | 13/25 [00:02<00:02,  5.19it/s]Generating walks (CPU: 4):  64%|████████████████████████████████████████████████▋                           | 16/25 [00:02<00:01,  5.93it/s]Generating walks (CPU: 2):  68%|███████████████████████████████████████████████████▋                        | 17/25 [00:02<00:00,  9.20it/s]Generating walks (CPU: 1):  88%|██████████████████████████████████████████████████████████████████▉         | 22/25 [00:02<00:00,  9.91it/s]Generating walks (CPU: 3):  56%|██████████████████████████████████████████▌                                 | 14/25 [00:02<00:01,  5.58it/s]Generating walks (CPU: 4):  68%|███████████████████████████████████████████████████▋                        | 17/25 [00:02<00:01,  6.03it/s]Generating walks (CPU: 2):  76%|█████████████████████████████████████████████████████████▊                  | 19/25 [00:02<00:00,  9.55it/s]Generating walks (CPU: 4):  72%|██████████████████████████████████████████████████████▋                     | 18/25 [00:02<00:01,  6.34it/s]Generating walks (CPU: 1):  96%|████████████████████████████████████████████████████████████████████████▉   | 24/25 [00:02<00:00, 10.01it/s]Generating walks (CPU: 3):  60%|█████████████████████████████████████████████▌                              | 15/25 [00:02<00:01,  5.48it/s]Generating walks (CPU: 2):  84%|███████████████████████████████████████████████████████████████▊            | 21/25 [00:02<00:00,  9.75it/s]Generating walks (CPU: 4):  76%|█████████████████████████████████████████████████████████▊                  | 19/25 [00:02<00:00,  6.77it/s]Generating walks (CPU: 3):  64%|████████████████████████████████████████████████▋                           | 16/25 [00:02<00:01,  5.66it/s]Generating walks (CPU: 1): 100%|████████████████████████████████████████████████████████████████████████████| 25/25 [00:03<00:00,  7.99it/s]
Generating walks (CPU: 2):  88%|██████████████████████████████████████████████████████████████████▉         | 22/25 [00:03<00:00,  9.77it/s]Generating walks (CPU: 4):  80%|████████████████████████████████████████████████████████████▊               | 20/25 [00:02<00:00,  7.29it/s]Generating walks (CPU: 4):  84%|███████████████████████████████████████████████████████████████▊            | 21/25 [00:02<00:00,  7.84it/s]Generating walks (CPU: 3):  68%|███████████████████████████████████████████████████▋                        | 17/25 [00:03<00:01,  5.80it/s]Generating walks (CPU: 2):  96%|████████████████████████████████████████████████████████████████████████▉   | 24/25 [00:03<00:00,  9.90it/s]Generating walks (CPU: 4):  88%|██████████████████████████████████████████████████████████████████▉         | 22/25 [00:03<00:00,  8.08it/s]Generating walks (CPU: 3):  72%|██████████████████████████████████████████████████████▋                     | 18/25 [00:03<00:01,  5.89it/s]Generating walks (CPU: 4):  92%|█████████████████████████████████████████████████████████████████████▉      | 23/25 [00:03<00:00,  8.52it/s]Generating walks (CPU: 2): 100%|████████████████████████████████████████████████████████████████████████████| 25/25 [00:03<00:00,  7.28it/s]
Generating walks (CPU: 4):  96%|████████████████████████████████████████████████████████████████████████▉   | 24/25 [00:03<00:00,  8.87it/s]Generating walks (CPU: 3):  76%|█████████████████████████████████████████████████████████▊                  | 19/25 [00:03<00:01,  5.98it/s]Generating walks (CPU: 4): 100%|████████████████████████████████████████████████████████████████████████████| 25/25 [00:03<00:00,  9.02it/s]Generating walks (CPU: 3):  80%|████████████████████████████████████████████████████████████▊               | 20/25 [00:03<00:00,  6.02it/s]Generating walks (CPU: 4): 100%|████████████████████████████████████████████████████████████████████████████| 25/25 [00:03<00:00,  7.11it/s]
Generating walks (CPU: 3):  84%|███████████████████████████████████████████████████████████████▊            | 21/25 [00:03<00:00,  6.08it/s]Generating walks (CPU: 3):  88%|██████████████████████████████████████████████████████████████████▉         | 22/25 [00:03<00:00,  6.06it/s]Generating walks (CPU: 3):  92%|█████████████████████████████████████████████████████████████████████▉      | 23/25 [00:04<00:00,  6.10it/s]Generating walks (CPU: 3):  96%|████████████████████████████████████████████████████████████████████████▉   | 24/25 [00:04<00:00,  6.10it/s]Generating walks (CPU: 3): 100%|████████████████████████████████████████████████████████████████████████████| 25/25 [00:04<00:00,  6.12it/s]Generating walks (CPU: 3): 100%|████████████████████████████████████████████████████████████████████████████| 25/25 [00:04<00:00,  5.44it/s]
Entraînement du modèle Skip-gram...
Calcul des embeddings via deepwalk...
Calcul de Node2Vec (p=1, q=1)...
Génération des marches aléatoires (dim=64)...
Computing transition probabilities:   0%|                                                                          | 0/1000 [00:00<?, ?it/s]Computing transition probabilities:  41%|█████████████████████████▏                                    | 407/1000 [00:00<00:00, 4052.12it/s]Computing transition probabilities:  81%|██████████████████████████████████████████████████▍           | 813/1000 [00:00<00:00, 4036.45it/s]Computing transition probabilities: 100%|█████████████████████████████████████████████████████████████| 1000/1000 [00:00<00:00, 4047.36it/s]
Generating walks (CPU: 1):   0%|                                                                                     | 0/25 [00:00<?, ?it/s]Generating walks (CPU: 2):   0%|                                                                                     | 0/25 [00:00<?, ?it/s]Generating walks (CPU: 1):   8%|██████▏                                                                      | 2/25 [00:00<00:02,  9.34it/s]Generating walks (CPU: 3):   0%|                                                                                     | 0/25 [00:00<?, ?it/s]Generating walks (CPU: 2):   8%|██████▏                                                                      | 2/25 [00:00<00:02,  9.39it/s]Generating walks (CPU: 1):  12%|█████████▏                                                                   | 3/25 [00:00<00:03,  6.48it/s]Generating walks (CPU: 3):   8%|██████▏                                                                      | 2/25 [00:00<00:01, 11.70it/s]Generating walks (CPU: 4):   0%|                                                                                     | 0/25 [00:00<?, ?it/s]Generating walks (CPU: 1):  16%|████████████▎                                                                | 4/25 [00:00<00:03,  5.69it/s]Generating walks (CPU: 2):  12%|█████████▏                                                                   | 3/25 [00:00<00:03,  6.40it/s]Generating walks (CPU: 4):   8%|██████▏                                                                      | 2/25 [00:00<00:02,  9.76it/s]Generating walks (CPU: 1):  20%|███████████████▍                                                             | 5/25 [00:00<00:03,  5.53it/s]Generating walks (CPU: 2):  16%|████████████▎                                                                | 4/25 [00:00<00:03,  5.63it/s]Generating walks (CPU: 4):  12%|█████████▏                                                                   | 3/25 [00:00<00:03,  6.91it/s]Generating walks (CPU: 1):  24%|██████████████████▍                                                          | 6/25 [00:00<00:03,  5.72it/s]Generating walks (CPU: 3):  16%|████████████▎                                                                | 4/25 [00:00<00:03,  5.90it/s]Generating walks (CPU: 2):  20%|███████████████▍                                                             | 5/25 [00:00<00:03,  5.26it/s]Generating walks (CPU: 1):  28%|█████████████████████▌                                                       | 7/25 [00:01<00:03,  5.87it/s]Generating walks (CPU: 4):  16%|████████████▎                                                                | 4/25 [00:00<00:03,  6.05it/s]Generating walks (CPU: 3):  20%|███████████████▍                                                             | 5/25 [00:00<00:03,  5.32it/s]Generating walks (CPU: 2):  24%|██████████████████▍                                                          | 6/25 [00:01<00:03,  5.06it/s]Generating walks (CPU: 1):  32%|████████████████████████▋                                                    | 8/25 [00:01<00:02,  5.96it/s]Generating walks (CPU: 4):  20%|███████████████▍                                                             | 5/25 [00:00<00:03,  5.59it/s]Generating walks (CPU: 1):  36%|███████████████████████████▋                                                 | 9/25 [00:01<00:02,  6.03it/s]Generating walks (CPU: 3):  24%|██████████████████▍                                                          | 6/25 [00:01<00:03,  5.00it/s]Generating walks (CPU: 2):  28%|█████████████████████▌                                                       | 7/25 [00:01<00:03,  5.04it/s]Generating walks (CPU: 4):  24%|██████████████████▍                                                          | 6/25 [00:01<00:03,  5.37it/s]Generating walks (CPU: 1):  40%|██████████████████████████████▍                                             | 10/25 [00:01<00:02,  6.02it/s]Generating walks (CPU: 2):  32%|████████████████████████▋                                                    | 8/25 [00:01<00:03,  5.24it/s]Generating walks (CPU: 3):  28%|█████████████████████▌                                                       | 7/25 [00:01<00:03,  4.82it/s]Generating walks (CPU: 4):  28%|█████████████████████▌                                                       | 7/25 [00:01<00:03,  5.26it/s]Generating walks (CPU: 2):  36%|███████████████████████████▋                                                 | 9/25 [00:01<00:02,  5.59it/s]Generating walks (CPU: 1):  44%|█████████████████████████████████▍                                          | 11/25 [00:01<00:02,  6.03it/s]Generating walks (CPU: 3):  32%|████████████████████████▋                                                    | 8/25 [00:01<00:03,  4.68it/s]Generating walks (CPU: 4):  32%|████████████████████████▋                                                    | 8/25 [00:01<00:03,  5.62it/s]Generating walks (CPU: 2):  40%|██████████████████████████████▍                                             | 10/25 [00:01<00:02,  5.99it/s]Generating walks (CPU: 1):  48%|████████████████████████████████████▍                                       | 12/25 [00:01<00:02,  5.85it/s]Generating walks (CPU: 2):  44%|█████████████████████████████████▍                                          | 11/25 [00:01<00:02,  6