[I 2026-03-06 18:17:06,778] Trial 49 finished with value: 0.6596490154065912 and parameters: {'learning_rate': 0.05366276290999475, 'max_depth': 7, 'min_child_weight': 14, 'subsample': 0.8997576128036167, 'colsample_bytree': 0.8397892961358193, 'reg_alpha': 0.011725435619047543, 'reg_lambda': 0.3302517618817512}. Best is trial 43 with value: 0.7963905610538609.
Entraînement du modèle Skip-gram...
Extraction des features pour 2374 liens positifs...
Génération de 23740 non-liens (ratio 10.0)...
DataFrame créé avec succès : 26114 lignes.
Extraction des features pour 594 liens positifs...
Génération de 14850 non-liens (ratio 25.0)...
DataFrame créé avec succès : 15444 lignes.
Features détectées (23) : ['cn', 'aa', 'jc', 'pa', 'sp', 'pr_u', 'pr_v', 'lcc_u', 'lcc_v', 'and_u', 'and_v', 'dc_u', 'dc_v', 'louvain_density', 'same_louvain', 'infomap_density', 'same_infomap', 'sbm_density', 'same_sbm', 'n2v_homophily_cos', 'n2v_homophily_dist', 'deepwalk_cos', 'deepwalk_dist']

================================================================================
               RÉSULTATS OPTUNA : BASELINE VS TOP CONFIGURATIONS                
================================================================================
 Trial  Avg_AUC  Std_AUC   Avg_AP  Delta_AUC
     0 0.597177      0.0 0.141526   0.402822
--------------------------------------------------------------------------------
 Trial  Avg_AUC  Std_AUC   Avg_AP  Delta_AUC
    43 0.796391      0.0 0.257693   0.203585
    33 0.794202      0.0 0.252809   0.205775
    42 0.783969      0.0 0.258022   0.216005
    34 0.783216      0.0 0.254500   0.216758
    36 0.778685      0.0 0.253702   0.221289
    47 0.775697      0.0 0.252377   0.224279
    38 0.775495      0.0 0.253566   0.224479
    37 0.775026      0.0 0.253652   0.224949
    23 0.774697      0.0 0.240359   0.225248
    24 0.771241      0.0 0.248276   0.228727
================================================================================
Résultats sauvegardés dans : outputs/results/optuna_results_artificial_graph_sbm_0_50_pos_0_50.csv
{'learning_rate': 0.021417107883103307, 'max_depth': 6, 'min_child_weight': 14, 'subsample': 0.9354361047343973, 'colsample_bytree': 0.972388911355573, 'reg_alpha': 0.011588067209164327, 'reg_lambda': 0.1530569045426049, 'tree_method': 'hist', 'n_estimators': 150}

--- Enrichissement du Graphe avec les Métriques de Structure ---
Calcul : PageRank, Clustering, Average Neighbor Degree, Degree Centrality

--- Enrichissement du Graphe avec les Communautés ---
Calcul des communautés via louvain...
Calcul des communautés via infomap...
Calcul des communautés via sbm...

--- Enrichissement du Graphe avec les Embeddings ---
Calcul des embeddings via n2v_homophily...
Calcul de Node2Vec (p=2, q=0.5)...
Génération des marches aléatoires (dim=64)...
Computing transition probabilities:   0%|                                                                          | 0/1000 [00:00<?, ?it/s]Computing transition probabilities:  63%|███████████████████████████████████████▏                      | 632/1000 [00:00<00:00, 6314.42it/s]Computing transition probabilities: 100%|█████████████████████████████████████████████████████████████| 1000/1000 [00:00<00:00, 6560.58it/s]
Generating walks (CPU: 1):   0%|                                                                                     | 0/25 [00:00<?, ?it/s]Generating walks (CPU: 1):   8%|██████▏                                                                      | 2/25 [00:00<00:01, 17.28it/s]Generating walks (CPU: 2):   0%|                                                                                     | 0/25 [00:00<?, ?it/s]Generating walks (CPU: 3):   0%|                                                                                     | 0/25 [00:00<?, ?it/s]Generating walks (CPU: 1):  16%|████████████▎                                                                | 4/25 [00:00<00:01, 11.06it/s]Generating walks (CPU: 2):   8%|██████▏                                                                      | 2/25 [00:00<00:02,  9.43it/s]Generating walks (CPU: 4):   0%|                                                                                     | 0/25 [00:00<?, ?it/s]Generating walks (CPU: 3):   8%|██████▏                                                                      | 2/25 [00:00<00:02, 11.23it/s]Generating walks (CPU: 2):  12%|█████████▏                                                                   | 3/25 [00:00<00:02,  7.69it/s]Generating walks (CPU: 1):  24%|██████████████████▍                                                          | 6/25 [00:00<00:01, 10.31it/s]Generating walks (CPU: 4):   8%|██████▏                                                                      | 2/25 [00:00<00:02,  9.46it/s]Generating walks (CPU: 2):  16%|████████████▎                                                                | 4/25 [00:00<00:02,  7.57it/s]Generating walks (CPU: 2):  20%|███████████████▍                                                             | 5/25 [00:00<00:02,  8.25it/s]Generating walks (CPU: 4):  12%|█████████▏                                                                   | 3/25 [00:00<00:02,  7.95it/s]Generating walks (CPU: 3):  16%|████████████▎                                                                | 4/25 [00:00<00:02,  7.64it/s]Generating walks (CPU: 2):  24%|██████████████████▍                                                          | 6/25 [00:00<00:02,  8.75it/s]Generating walks (CPU: 1):  32%|████████████████████████▋                                                    | 8/25 [00:00<00:02,  8.22it/s]Generating walks (CPU: 4):  16%|████████████▎                                                                | 4/25 [00:00<00:02,  7.82it/s]Generating walks (CPU: 2):  28%|█████████████████████▌                                                       | 7/25 [00:00<00:01,  9.11it/s]Generating walks (CPU: 3):  20%|███████████████▍                                                             | 5/25 [00:00<00:02,  7.17it/s]Generating walks (CPU: 2):  32%|████████████████████████▋                                                    | 8/25 [00:00<00:01,  9.37it/s]Generating walks (CPU: 4):  20%|███████████████▍                                                             | 5/25 [00:00<00:02,  7.81it/s]Generating walks (CPU: 1):  36%|███████████████████████████▋                                                 | 9/25 [00:01<00:02,  7.00it/s]Generating walks (CPU: 2):  36%|███████████████████████████▋                                                 | 9/25 [00:01<00:01,  9.46it/s]Generating walks (CPU: 3):  24%|██████████████████▍                                                          | 6/25 [00:00<00:03,  6.33it/s]Generating walks (CPU: 4):  24%|██████████████████▍                                                          | 6/25 [00:00<00:02,  7.80it/s]Generating walks (CPU: 2):  40%|██████████████████████████████▍                                             | 10/25 [00:01<00:01,  9.60it/s]Generating walks (CPU: 1):  40%|██████████████████████████████▍                                             | 10/25 [00:01<00:02,  6.30it/s]Generating walks (CPU: 4):  28%|█████████████████████▌                                                       | 7/25 [00:00<00:02,  7.23it/s]Generating walks (CPU: 3):  28%|█████████████████████▌                                                       | 7/25 [00:01<00:03,  5.70it/s]Generating walks (CPU: 2):  48%|████████████████████████████████████▍                                       | 12/25 [00:01<00:01,  9.79it/s]Generating walks (CPU: 1):  44%|█████████████████████████████████▍                                          | 11/25 [00:01<00:02,  6.26it/s]Generating walks (CPU: 4):  32%|████████████████████████▋                                                    | 8/25 [00:01<00:02,  5.69it/s]Generating walks (CPU: 3):  32%|████████████████████████▋                                                    | 8/25 [00:01<00:03,  5.27it/s]Generating walks (CPU: 1):  48%|████████████████████████████████████▍                                       | 12/25 [00:01<00:02,  6.23it/s]Generating walks (CPU: 2):  56%|██████████████████████████████████████████▌                                 | 14/25 [00:01<00:01,  9.87it/s]Generating walks (CPU: 2):  60%|█████████████████████████████████████████████▌                              | 15/25 [00:01<00:01,  9.88it/s]Generating walks (CPU: 1):  52%|███████████████████████████████████████▌                                    | 13/25 [00:01<00:01,  6.22it/s]Generating walks (CPU: 3):  36%|███████████████████████████▋                                                 | 9/25 [00:01<00:03,  5.02it/s]Generating walks (CPU: 4):  36%|███████████████████████████▋                                                 | 9/25 [00:01<00:03,  5.19it/s]Generating walks (CPU: 2):  64%|████████████████████████████████████████████████▋                           | 16/25 [00:01<00:01,  8.47it/s]Generating walks (CPU: 1):  56%|██████████████████████████████████████████▌                                 | 14/25 [00:01<00:01,  6.15it/s]Generating walks (CPU: 3):  40%|██████████████████████████████▍                                             | 10/25 [00:01<00:03,  4.85it/s]Generating walks (CPU: 4):  40%|██████████████████████████████▍                                             | 10/25 [00:01<00:03,  4.76it/s]Generating walks (CPU: 1):  60%|█████████████████████████████████████████████▌                              | 15/25 [00:02<00:01,  6.15it/s]Generating walks (CPU: 2):  68%|███████████████████████████████████████████████████▋                        | 17/25 [00:02<00:01,  6.97it/s]Generating walks (CPU: 3):  44%|█████████████████████████████████▍                                          | 11/25 [00:01<00:02,  4.84it/s]Generating walks (CPU: 1):  64%|████████████████████████████████████████████████▋                           | 16/25 [00:02<00:01,  6.11it/s]Generating walks (CPU: 4):  44%|█████████████████████████████████▍                                          | 11/25 [00:01<00:02,  4.75it/s]Generating walks (CPU: 2):  72%|██████████████████████████████████████████████████████▋                     | 18/25 [00:02<00:01,  6.19it/s]Generating walks (CPU: 3):  48%|████████████████████████████████████▍                                       | 12/25 [00:02<00:02,  4.95it/s]Generating walks (CPU: 1):  68%|███████████████████████████████████████████████████▋                        | 17/25 [00:02<00:01,  6.02it/s]Generating walks (CPU: 4):  48%|████████████████████████████████████▍                                       | 12/25 [00:02<00:02,  4.81it/s]Generating walks (CPU: 2):  76%|█████████████████████████████████████████████████████████▊                  | 19/25 [00:02<00:01,  5.80it/s]Generating walks (CPU: 3):  52%|███████████████████████████████████████▌                                    | 13/25 [00:02<00:02,  5.35it/s]Generating walks (CPU: 1):  72%|██████████████████████████████████████████████████████▋                     | 18/25 [00:02<00:01,  6.07it/s]Generating walks (CPU: 4):  52%|███████████████████████████████████████▌                                    | 13/25 [00:02<00:02,  4.97it/s]Generating walks (CPU: 3):  56%|██████████████████████████████████████████▌                                 | 14/25 [00:02<00:01,  5.83it/s]Generating walks (CPU: 1):  76%|█████████████████████████████████████████████████████████▊                  | 19/25 [00:02<00:00,  6.20it/s]Generating walks (CPU: 2):  80%|████████████████████████████████████████████████████████████▊               | 20/25 [00:02<00:00,  5.42it/s]Generating walks (CPU: 3):  60%|█████████████████████████████████████████████▌                              | 15/25 [00:02<00:01,  6.41it/s]Generating walks (CPU: 4):  56%|██████████████████████████████████████████▌                                 | 14/25 [00:02<00:02,  4.83it/s]Generating walks (CPU: 1):  80%|████████████████████████████████████████████████████████████▊               | 20/25 [00:02<00:00,  6.51it/s]Generating walks (CPU: 3):  64%|████████████████████████████████████████████████▋                           | 16/25 [00:02<00:01,  7.06it/s]Generating walks (CPU: 2):  84%|███████████████████████████████████████████████████████████████▊            | 21/25 [00:02<00:00,  5.15it/s]Generating walks (CPU: 1):  84%|███████████████████████████████████████████████████████████████▊            | 21/25 [00:03<00:00,  6.92it/s]Generating walks (CPU: 3):  68%|███████████████████████████████████████████████████▋                        | 17/25 [00:02<00:01,  7.65it/s]Generating walks (CPU: 4):  60%|█████████████████████████████████████████████▌                              | 15/25 [00:02<00:02,  4.68it/s]Generating walks (CPU: 1):  88%|██████████████████████████████████████████████████████████████████▉         | 22/25 [00:03<00:00,  7.42it/s]Generating walks (CPU: 2):  88%|██████████████████████████████████████████████████████████████████▉         | 22/25 [00:03<00:00,  5.21it/s]Generating walks (CPU: 1):  92%|█████████████████████████████████████████████████████████████████████▉      | 23/25 [00:03<00:00,  7.92it/s]Generating walks (CPU: 3):  76%|█████████████████████████████████████████████████████████▊                  | 19/25 [00:02<00:00,  8.59it/s]Generating walks (CPU: 2):  92%|█████████████████████████████████████████████████████████████████████▉      | 23/25 [00:03<00:00,  5.63it/s]Generating walks (CPU: 4):  64%|████████████████████████████████████████████████▋                           | 16/25 [00:02<00:01,  4.57it/s]Generating walks (CPU: 3):  80%|████████████████████████████████████████████████████████████▊               | 20/25 [00:03<00:00,  8.90it/s]Generating walks (CPU: 1):  96%|████████████████████████████████████████████████████████████████████████▉   | 24/25 [00:03<00:00,  6.77it/s]Generating walks (CPU: 3):  84%|███████████████████████████████████████████████████████████████▊            | 21/25 [00:03<00:00,  9.09it/s]Generating walks (CPU: 2):  96%|████████████████████████████████████████████████████████████████████████▉   | 24/25 [00:03<00:00,  5.83it/s]Generating walks (CPU: 3):  88%|██████████████████████████████████████████████████████████████████▉         | 22/25 [00:03<00:00,  9.30it/s]Generating walks (CPU: 4):  68%|███████████████████████████████████████████████████▋                        | 17/25 [00:03<00:01,  4.46it/s]Generating walks (CPU: 2): 100%|████████████████████████████████████████████████████████████████████████████| 25/25 [00:03<00:00,  5.86it/s]Generating walks (CPU: 3):  92%|█████████████████████████████████████████████████████████████████████▉      | 23/25 [00:03<00:00,  9.46it/s]Generating walks (CPU: 1): 100%|████████████████████████████████████████████████████████████████████████████| 25/25 [00:03<00:00,  5.72it/s]Generating walks (CPU: 3):  96%|████████████████████████████████████████████████████████████████████████▉   | 24/25 [00:03<00:00,  9.59it/s]Generating walks (CPU: 2): 100%|████████████████████████████████████████████████████████████████████████████| 25/25 [00:03<00:00,  6.80it/s]
Generating walks (CPU: 4):  72%|██████████████████████████████████████████████████████▋                     | 18/25 [00:03<00:01,  4.46it/s]Generating walks (CPU: 3): 100%|████████████████████████████████████████████████████████████████████████████| 25/25 [00:03<00:00,  9.50it/s]Generating walks (CPU: 1): 100%|████████████████████████████████████████████████████████████████████████████| 25/25 [00:03<00:00,  6.41it/s]
Generating walks (CPU: 3): 100%|████████████████████████████████████████████████████████████████████████████| 25/25 [00:03<00:00,  6.80it/s]
Generating walks (CPU: 4):  76%|█████████████████████████████████████████████████████████▊                  | 19/25 [00:03<00:01,  4.44it/s]Generating walks (CPU: 4):  80%|████████████████████████████████████████████████████████████▊               | 20/25 [00:03<00:01,  4.44it/s]Generating walks (CPU: 4):  84%|███████████████████████████████████████████████████████████████▊            | 21/25 [00:04<00:00,  4.63it/s]Generating walks (CPU: 4):  88%|██████████████████████████████████████████████████████████████████▉         | 22/25 [00:04<00:00,  4.92it/s]Generating walks (CPU: 4):  92%|█████████████████████████████████████████████████████████████████████▉      | 23/25 [00:04<00:00,  5.40it/s]Generating walks (CPU: 4):  96%|████████████████████████████████████████████████████████████████████████▉   | 24/25 [00:04<00:00,  5.97it/s]Generating walks (CPU: 4): 100%|████████████████████████████████████████████████████████████████████████████| 25/25 [00:04<00:00,  6.55it/s]Generating walks (CPU: 4): 100%|████████████████████████████████████████████████████████████████████████████| 25/25 [00:04<00:00,  5.32it/s]
Entraînement du modèle Skip-gram...
Calcul des embeddings via deepwalk...
Calcul de Node2Vec (p=1, q=1)...
Génération des marches aléatoires (dim=64)...
Computing transition probabilities:   0%|                                                                          | 0/1000 [00:00<?, ?it/s]Computing transition probabilities:  37%|███████████████████████▏                                      | 374/1000 [00:00<00:00, 3732.51it/s]Computing transition probabilities:  79%|████████████████████████████████████████████████▉             | 790/1000 [00:00<00:00, 3980.95it/s]Computing transition probabilities: 100%|█████████████████████████████████████████████████████████████| 1000/1000 [00:00<00:00, 4006.96it/s]
Generating walks (CPU: 1):   0%|                                                                                     | 0/25 [00:00<?, ?it/s]Generating walks (CPU: 1):   8%|██████▏                                                                      | 2/25 [00:00<00:02, 10.18it/s]Generating walks (CPU: 2):   0%|                                                                                     | 0/25 [00:00<?, ?it/s]Generating walks (CPU: 3):   0%|                                                                                     | 0/25 [00:00<?, ?it/s]Generating walks (CPU: 2):   8%|██████▏                                                                      | 2/25 [00:00<00:02,  9.30it/s]Generating walks (CPU: 3):   8%|██████▏                                                                      | 2/25 [00:00<00:01, 12.10it/s]Generating walks (CPU: 1):  16%|████████████▎                                                                | 4/25 [00:00<00:03,  6.20it/s]Generating walks (CPU: 4):   0%|                                                                                     | 0/25 [00:00<?, ?it/s]Generating walks (CPU: 2):  12%|█████████▏                                                                   | 3/25 [00:00<00:03,  6.37it/s]Generating walks (CPU: 4):   8%|██████▏                                                                      | 2/25 [00:00<00:02, 10.10it/s]Generating walks (CPU: 2):  16%|████████████▎                                                                | 4/25 [00:00<00:03,  6.26it/s]Generating walks (CPU: 1):  20%|███████████████▍                                                             | 5/25 [00:00<00:03,  5.56it/s]Generating walks (CPU: 3):  16%|████████████▎                                                                | 4/25 [00:00<00:02,  7.68it/s]Generating walks (CPU: 2):  20%|███████████████▍                                                             | 5/25 [00:00<00:03,  5.80it/s]Generating walks (CPU: 1):  24%|██████████████████▍                                                          | 6/25 [00:01<00:03,  5.26it/s]Generating walks (CPU: 3):  20%|███████████████▍                                                             | 5/25 [00:00<00:02,  7.12it/s]Generating walks (CPU: 2):  24%|██████████████████▍                                                          | 6/25 [00:01<00:03,  5.37it/s]Generating walks (CPU: 1):  28%|█████████████████████▌                                                       | 7/25 [00:01<00:03,  5.08it/s]Generating walks (CPU: 4):  16%|████████████▎                                                                | 4/25 [00:00<00:03,  5.62it/s]Generating walks (CPU: 3):  24%|██████████████████▍                                                          | 6/25 [00:00<00:03,  6.19it/s]Generating walks (CPU: 2):  28%|█████████████████████▌                                                       | 7/25 [00:01<00:03,  5.11it/s]Generating walks (CPU: 1):  32%|████████████████████████▋                                                    | 8/25 [00:01<00:03,  4.97it/s]Generating walks (CPU: 3):  28%|█████████████████████▌                                                       | 7/25 [00:01<00:03,  5.64it/s]Generating walks (CPU: 4):  20%|███████████████▍                                                             | 5/25 [00:00<00:03,  5.22it/s]Generating walks (CPU: 2):  32%|████████████████████████▋                                                    | 8/25 [00:01<00:03,  4.95it/s]Generating walks (CPU: 1):  36%|███████████████████████████▋                                                 | 9/25 [00:01<00:03,  4.86it/s]Generating walks (CPU: 3):  32%|████████████████████████▋                                                    | 8/25 [00:01<00:03,  5.30it/s]Generating walks (CPU: 4):  24%|██████████████████▍                                                          | 6/25 [00:01<00:03,  4.97it/s]Generating walks (CPU: 2):  36%|███████████████████████████▋                                                 | 9/25 [00:01<00:03,  4.83it/s]Generating walks (CPU: 1):  40%|██████████████████████████████▍                                             | 10/25 [00:01<00:03,  4.85it/s]Generating walks (CPU: 3):  36%|███████████████████████████▋                                                 | 9/25 [00:01<00:03,