[I 2026-03-06 17:29:22,303] Trial 0 finished with value: 0.7869079118910769 and parameters: {'learning_rate': 0.1, 'max_depth': 6, 'min_child_weight': 6, 'subsample': 1.0, 'colsample_bytree': 1.0, 'reg_alpha': 0.001, 'reg_lambda': 1.0}. Best is trial 0 with value: 0.7869079118910769.
[I 2026-03-06 17:29:22,772] Trial 1 finished with value: 0.767482853223594 and parameters: {'learning_rate': 0.09978269495941272, 'max_depth': 8, 'min_child_weight': 2, 'subsample': 0.7309140795932813, 'colsample_bytree': 0.9217387757453819, 'reg_alpha': 0.3271858708310803, 'reg_lambda': 0.001032095052013777}. Best is trial 0 with value: 0.7869079118910769.
[I 2026-03-06 17:29:23,127] Trial 2 finished with value: 0.7762524799056786 and parameters: {'learning_rate': 0.09844356084853381, 'max_depth': 7, 'min_child_weight': 14, 'subsample': 0.6580458052104964, 'colsample_bytree': 0.6625231903383066, 'reg_alpha': 1.1048585941845313, 'reg_lambda': 0.0018726864966588741}. Best is trial 0 with value: 0.7869079118910769.
[I 2026-03-06 17:29:23,521] Trial 3 finished with value: 0.8230130712285594 and parameters: {'learning_rate': 0.029314758638895044, 'max_depth': 4, 'min_child_weight': 8, 'subsample': 0.8298744386853175, 'colsample_bytree': 0.938998570519357, 'reg_alpha': 2.06823761174213, 'reg_lambda': 8.031808614182225}. Best is trial 3 with value: 0.8230130712285594.
[I 2026-03-06 17:29:24,043] Trial 4 finished with value: 0.820542801754923 and parameters: {'learning_rate': 0.02678972070778182, 'max_depth': 5, 'min_child_weight': 13, 'subsample': 0.7610040892788799, 'colsample_bytree': 0.7654299884781455, 'reg_alpha': 0.002800999790488004, 'reg_lambda': 0.02161738706199613}. Best is trial 3 with value: 0.8230130712285594.
[I 2026-03-06 17:29:24,414] Trial 5 finished with value: 0.8068607511705155 and parameters: {'learning_rate': 0.04870898518097379, 'max_depth': 4, 'min_child_weight': 5, 'subsample': 0.9848874968761845, 'colsample_bytree': 0.9684741169041029, 'reg_alpha': 1.1091625564377627, 'reg_lambda': 0.04002538036201773}. Best is trial 3 with value: 0.8230130712285594.
[I 2026-03-06 17:29:24,692] Trial 6 finished with value: 0.775464068292351 and parameters: {'learning_rate': 0.05836165791541756, 'max_depth': 5, 'min_child_weight': 11, 'subsample': 0.8025231303272795, 'colsample_bytree': 0.983462580566876, 'reg_alpha': 8.152950166059737, 'reg_lambda': 0.24662234307243747}. Best is trial 3 with value: 0.8230130712285594.
[I 2026-03-06 17:29:25,001] Trial 7 finished with value: 0.8406359328413202 and parameters: {'learning_rate': 0.014290385814713629, 'max_depth': 9, 'min_child_weight': 4, 'subsample': 0.9127210407994832, 'colsample_bytree': 0.6209075677342296, 'reg_alpha': 9.908575025920143, 'reg_lambda': 0.12177990771677634}. Best is trial 7 with value: 0.8406359328413202.
[I 2026-03-06 17:29:25,577] Trial 8 finished with value: 0.8185149474543414 and parameters: {'learning_rate': 0.03942580616980475, 'max_depth': 8, 'min_child_weight': 7, 'subsample': 0.7676937981901873, 'colsample_bytree': 0.6883905964242023, 'reg_alpha': 0.06460802131348786, 'reg_lambda': 2.4896606338765017}. Best is trial 7 with value: 0.8406359328413202.
[I 2026-03-06 17:29:25,876] Trial 9 finished with value: 0.8307260596991237 and parameters: {'learning_rate': 0.018711817019327885, 'max_depth': 5, 'min_child_weight': 9, 'subsample': 0.6256438196921487, 'colsample_bytree': 0.8566315403288259, 'reg_alpha': 0.0012747256024227376, 'reg_lambda': 0.0708585832762154}. Best is trial 7 with value: 0.8406359328413202.
[I 2026-03-06 17:29:26,240] Trial 10 finished with value: 0.820987087485404 and parameters: {'learning_rate': 0.010498334513633713, 'max_depth': 9, 'min_child_weight': 1, 'subsample': 0.9034791238922254, 'colsample_bytree': 0.7365219249916252, 'reg_alpha': 0.022381652454766, 'reg_lambda': 0.009295685326539483}. Best is trial 7 with value: 0.8406359328413202.
[I 2026-03-06 17:29:26,501] Trial 11 finished with value: 0.8426529038986952 and parameters: {'learning_rate': 0.014010318874740848, 'max_depth': 6, 'min_child_weight': 10, 'subsample': 0.6187369037419317, 'colsample_bytree': 0.8590286403157427, 'reg_alpha': 0.010546069428553595, 'reg_lambda': 0.18989142037913287}. Best is trial 11 with value: 0.8426529038986952.
[I 2026-03-06 17:29:26,791] Trial 12 finished with value: 0.8301934609847068 and parameters: {'learning_rate': 0.01031277229583969, 'max_depth': 7, 'min_child_weight': 11, 'subsample': 0.888406637704911, 'colsample_bytree': 0.8415009585903873, 'reg_alpha': 0.011434982026294196, 'reg_lambda': 0.27762743851399646}. Best is trial 11 with value: 0.8426529038986952.
[I 2026-03-06 17:29:27,136] Trial 13 finished with value: 0.8507833100930743 and parameters: {'learning_rate': 0.01648099974556682, 'max_depth': 9, 'min_child_weight': 4, 'subsample': 0.7006063067673413, 'colsample_bytree': 0.608410257505458, 'reg_alpha': 0.009815138611194294, 'reg_lambda': 0.33972764067561917}. Best is trial 13 with value: 0.8507833100930743.
[I 2026-03-06 17:29:27,352] Trial 14 finished with value: 0.823506841705495 and parameters: {'learning_rate': 0.018162218238031606, 'max_depth': 3, 'min_child_weight': 3, 'subsample': 0.6773601888004962, 'colsample_bytree': 0.8377082857985052, 'reg_alpha': 0.011018534157678015, 'reg_lambda': 0.42927663008442746}. Best is trial 13 with value: 0.8507833100930743.
[I 2026-03-06 17:29:27,608] Trial 15 finished with value: 0.841300434196057 and parameters: {'learning_rate': 0.018572037271264368, 'max_depth': 7, 'min_child_weight': 10, 'subsample': 0.6022950162514168, 'colsample_bytree': 0.8976855154322645, 'reg_alpha': 0.059289683289712805, 'reg_lambda': 1.0055618623983806}. Best is trial 13 with value: 0.8507833100930743.
[I 2026-03-06 17:29:28,006] Trial 16 finished with value: 0.8281545533902436 and parameters: {'learning_rate': 0.014636565268263435, 'max_depth': 6, 'min_child_weight': 15, 'subsample': 0.6935516952452387, 'colsample_bytree': 0.7772195916436775, 'reg_alpha': 0.004725452113215669, 'reg_lambda': 0.008180646672939924}. Best is trial 13 with value: 0.8507833100930743.
[I 2026-03-06 17:29:28,312] Trial 17 finished with value: 0.8482773299776668 and parameters: {'learning_rate': 0.023051844069839008, 'max_depth': 8, 'min_child_weight': 6, 'subsample': 0.7120320678255104, 'colsample_bytree': 0.6044098563546852, 'reg_alpha': 0.023748924793339787, 'reg_lambda': 3.496179907699748}. Best is trial 13 with value: 0.8507833100930743.
[I 2026-03-06 17:29:28,612] Trial 18 finished with value: 0.8370461064063758 and parameters: {'learning_rate': 0.026263602411564682, 'max_depth': 8, 'min_child_weight': 5, 'subsample': 0.7023066850073933, 'colsample_bytree': 0.6097539688486843, 'reg_alpha': 0.1644661145473688, 'reg_lambda': 9.455798884557646}. Best is trial 13 with value: 0.8507833100930743.
[I 2026-03-06 17:29:28,986] Trial 19 finished with value: 0.8413007742974073 and parameters: {'learning_rate': 0.022310149216016126, 'max_depth': 9, 'min_child_weight': 7, 'subsample': 0.7377139539177858, 'colsample_bytree': 0.6905597907849031, 'reg_alpha': 0.028989334644700646, 'reg_lambda': 2.958421208339792}. Best is trial 13 with value: 0.8507833100930743.
[I 2026-03-06 17:29:29,439] Trial 20 finished with value: 0.824567164348309 and parameters: {'learning_rate': 0.03809297950000987, 'max_depth': 8, 'min_child_weight': 3, 'subsample': 0.8479166544271455, 'colsample_bytree': 0.6593414891876593, 'reg_alpha': 0.19060839223715442, 'reg_lambda': 0.9458737511991886}. Best is trial 13 with value: 0.8507833100930743.
[I 2026-03-06 17:29:29,869] Trial 21 finished with value: 0.848835776394699 and parameters: {'learning_rate': 0.01419035035967079, 'max_depth': 7, 'min_child_weight': 8, 'subsample': 0.6336703423484218, 'colsample_bytree': 0.6001601048133709, 'reg_alpha': 0.005859642124728048, 'reg_lambda': 0.11752607132645232}. Best is trial 13 with value: 0.8507833100930743.
[I 2026-03-06 17:29:30,203] Trial 22 finished with value: 0.8464756430749697 and parameters: {'learning_rate': 0.01282992120170336, 'max_depth': 7, 'min_child_weight': 6, 'subsample': 0.6602981035468548, 'colsample_bytree': 0.6000730175772115, 'reg_alpha': 0.00434763464121956, 'reg_lambda': 3.114319388939637}. Best is trial 13 with value: 0.8507833100930743.
[I 2026-03-06 17:29:30,547] Trial 23 finished with value: 0.8469187951342835 and parameters: {'learning_rate': 0.021475161121773695, 'max_depth': 9, 'min_child_weight': 8, 'subsample': 0.6439960718772605, 'colsample_bytree': 0.6446467747269717, 'reg_alpha': 0.025786374655744217, 'reg_lambda': 0.6570633404779891}. Best is trial 13 with value: 0.8507833100930743.
[I 2026-03-06 17:29:30,919] Trial 24 finished with value: 0.8324691358024692 and parameters: {'learning_rate': 0.016799324847489864, 'max_depth': 8, 'min_child_weight': 4, 'subsample': 0.714605314169807, 'colsample_bytree': 0.7186806266194805, 'reg_alpha': 0.002589739658661929, 'reg_lambda': 0.06076347412466859}. Best is trial 13 with value: 0.8507833100930743.
[I 2026-03-06 17:29:31,284] Trial 25 finished with value: 0.8508971306782754 and parameters: {'learning_rate': 0.023904004541838494, 'max_depth': 7, 'min_child_weight': 6, 'subsample': 0.7744929874610973, 'colsample_bytree': 0.6377802130729071, 'reg_alpha': 0.008173287783228827, 'reg_lambda': 0.020376018806164565}. Best is trial 25 with value: 0.8508971306782754.
[I 2026-03-06 17:29:31,597] Trial 26 finished with value: 0.8375437313652802 and parameters: {'learning_rate': 0.012287158822986184, 'max_depth': 7, 'min_child_weight': 8, 'subsample': 0.7869098558134066, 'colsample_bytree': 0.6400241919509512, 'reg_alpha': 0.006195283215734529, 'reg_lambda': 0.02135251260634594}. Best is trial 25 with value: 0.8508971306782754.
[I 2026-03-06 17:29:32,048] Trial 27 finished with value: 0.8276225781949688 and parameters: {'learning_rate': 0.0337454055848021, 'max_depth': 6, 'min_child_weight': 1, 'subsample': 0.7489237836082472, 'colsample_bytree': 0.6868781571061945, 'reg_alpha': 0.001970540440870594, 'reg_lambda': 0.005340521335215192}. Best is trial 25 with value: 0.8508971306782754.
[I 2026-03-06 17:29:32,417] Trial 28 finished with value: 0.8273540114954255 and parameters: {'learning_rate': 0.016709024112958052, 'max_depth': 7, 'min_child_weight': 4, 'subsample': 0.816052965943352, 'colsample_bytree': 0.7266793733802099, 'reg_alpha': 0.009038796873787891, 'reg_lambda': 0.026368193611203457}. Best is trial 25 with value: 0.8508971306782754.
[I 2026-03-06 17:29:32,787] Trial 29 finished with value: 0.8361371288644016 and parameters: {'learning_rate': 0.011724338003381017, 'max_depth': 6, 'min_child_weight': 7, 'subsample': 0.6781909775224688, 'colsample_bytree': 0.6438195866739395, 'reg_alpha': 0.0010285126610149208, 'reg_lambda': 0.1201228923240327}. Best is trial 25 with value: 0.8508971306782754.
[I 2026-03-06 17:29:33,245] Trial 30 finished with value: 0.8412477751703341 and parameters: {'learning_rate': 0.02059686760720316, 'max_depth': 9, 'min_child_weight': 5, 'subsample': 0.7799344713178147, 'colsample_bytree': 0.6280442272833958, 'reg_alpha': 0.04663655894530424, 'reg_lambda': 0.01430938066037172}. Best is trial 25 with value: 0.8508971306782754.
[I 2026-03-06 17:29:33,617] Trial 31 finished with value: 0.8439120157807027 and parameters: {'learning_rate': 0.0244694181140465, 'max_depth': 8, 'min_child_weight': 6, 'subsample': 0.726134734372834, 'colsample_bytree': 0.605944446051735, 'reg_alpha': 0.015580498321583293, 'reg_lambda': 1.9001585083619703}. Best is trial 25 with value: 0.8508971306782754.
[I 2026-03-06 17:29:34,106] Trial 32 finished with value: 0.8402134135972522 and parameters: {'learning_rate': 0.016199407708399477, 'max_depth': 8, 'min_child_weight': 6, 'subsample': 0.6981496097871916, 'colsample_bytree': 0.6690994351192583, 'reg_alpha': 0.0056017637588706365, 'reg_lambda': 0.04535632584934177}. Best is trial 25 with value: 0.8508971306782754.
[I 2026-03-06 17:29:34,497] Trial 33 finished with value: 0.8466708045664274 and parameters: {'learning_rate': 0.023331042302793162, 'max_depth': 7, 'min_child_weight': 3, 'subsample': 0.6379496114073677, 'colsample_bytree': 0.6001031955630373, 'reg_alpha': 0.039339435554440735, 'reg_lambda': 0.0043967406820771}. Best is trial 25 with value: 0.8508971306782754.
[I 2026-03-06 17:29:34,806] Trial 34 finished with value: 0.8203543856069108 and parameters: {'learning_rate': 0.03074125106982954, 'max_depth': 8, 'min_child_weight': 7, 'subsample': 0.6674000163538638, 'colsample_bytree': 0.6335810252876147, 'reg_alpha': 0.106161177987634, 'reg_lambda': 4.643210632544879}. Best is trial 25 with value: 0.8508971306782754.
[I 2026-03-06 17:29:35,178] Trial 35 finished with value: 0.8435994059563084 and parameters: {'learning_rate': 0.02061310529612053, 'max_depth': 9, 'min_child_weight': 9, 'subsample': 0.7308128915515338, 'colsample_bytree': 0.6577153757452601, 'reg_alpha': 0.015478649004942774, 'reg_lambda': 0.4728777762213584}. Best is trial 25 with value: 0.8508971306782754.
[I 2026-03-06 17:29:35,507] Trial 36 finished with value: 0.7917378612159757 and parameters: {'learning_rate': 0.06978143344974554, 'max_depth': 7, 'min_child_weight': 5, 'subsample': 0.6011849195070917, 'colsample_bytree': 0.6748380287271052, 'reg_alpha': 0.0035422485377759184, 'reg_lambda': 0.16081553659146292}. Best is trial 25 with value: 0.8508971306782754.
[I 2026-03-06 17:29:35,909] Trial 37 finished with value: 0.8391236721876453 and parameters: {'learning_rate': 0.028655734006922378, 'max_depth': 8, 'min_child_weight': 2, 'subsample': 0.760498379292069, 'colsample_bytree': 0.7035878638387676, 'reg_alpha': 0.006674149666384626, 'reg_lambda': 0.0018236794156425787}. Best is trial 25 with value: 0.8508971306782754.
[I 2026-03-06 17:29:36,211] Trial 38 finished with value: 0.8463487852713443 and parameters: {'learning_rate': 0.015251421031441986, 'max_depth': 7, 'min_child_weight': 9, 'subsample': 0.6490993792923505, 'colsample_bytree': 0.6251323705821439, 'reg_alpha': 0.5128741791285464, 'reg_lambda': 1.2989705999816121}. Best is trial 25 with value: 0.8508971306782754.
[I 2026-03-06 17:29:36,482] Trial 39 finished with value: 0.8227981271752314 and parameters: {'learning_rate': 0.024606221873392092, 'max_depth': 8, 'min_child_weight': 4, 'subsample': 0.8417527600567783, 'colsample_bytree': 0.7589536151708671, 'reg_alpha': 0.0019369191040332445, 'reg_lambda': 6.187733127046089}. Best is trial 25 with value: 0.8508971306782754.
[I 2026-03-06 17:29:36,876] Trial 40 finished with value: 0.8306972077679149 and parameters: {'learning_rate': 0.03226627643942581, 'max_depth': 5, 'min_child_weight': 13, 'subsample': 0.7156047953646647, 'colsample_bytree': 0.8084549306634682, 'reg_alpha': 0.022139850351353303, 'reg_lambda': 0.08351447406198648}. Best is trial 25 with value: 0.8508971306782754.
[I 2026-03-06 17:29:37,242] Trial 41 finished with value: 0.8462134816175221 and parameters: {'learning_rate': 0.022484831462036614, 'max_depth': 9, 'min_child_weight': 8, 'subsample': 0.6387493114454125, 'colsample_bytree': 0.6478402236904869, 'reg_alpha': 0.03268343278588221, 'reg_lambda': 0.45458876149322486}. Best is trial 25 with value: 0.8508971306782754.
[I 2026-03-06 17:29:37,680] Trial 42 finished with value: 0.8488716570871452 and parameters: {'learning_rate': 0.020428334614654188, 'max_depth': 9, 'min_child_weight': 6, 'subsample': 0.68248033194849, 'colsample_bytree': 0.6206713906865453, 'reg_alpha': 0.01709884643415676, 'reg_lambda': 0.7573881583591802}. Best is trial 25 with value: 0.8508971306782754.
[I 2026-03-06 17:29:38,122] Trial 43 finished with value: 0.8406226122051038 and parameters: {'learning_rate': 0.01882498918471289, 'max_depth': 9, 'min_child_weight': 6, 'subsample': 0.693275564976219, 'colsample_bytree': 0.6193166148124087, 'reg_alpha': 0.01769436902636704, 'reg_lambda': 0.30020406762720575}. Best is trial 25 with value: 0.8508971306782754.
[I 2026-03-06 17:29:38,574] Trial 44 finished with value: 0.8457331451439196 and parameters: {'learning_rate': 0.027652807767706095, 'max_depth': 9, 'min_child_weight': 5, 'subsample': 0.9992911840353286, 'colsample_bytree': 0.6231407077727728, 'reg_alpha': 0.007844942566361875, 'reg_lambda': 1.5284484367412532}. Best is trial 25 with value: 0.8508971306782754.
[I 2026-03-06 17:29:38,894] Trial 45 finished with value: 0.8370904896325772 and parameters: {'learning_rate': 0.013669327554800803, 'max_depth': 9, 'min_child_weight': 7, 'subsample': 0.6787409370023141, 'colsample_bytree': 0.6666900440786201, 'reg_alpha': 0.10252908200186404, 'reg_lambda': 0.6678551631732204}. Best is trial 25 with value: 0.8508971306782754.
[I 2026-03-06 17:29:39,219] Trial 46 finished with value: 0.839439286240633 and parameters: {'learning_rate': 0.019926254838550123, 'max_depth': 8, 'min_child_weight': 2, 'subsample': 0.6219756131564053, 'colsample_bytree': 0.6213553683421987, 'reg_alpha': 0.011999964208234426, 'reg_lambda': 0.185535995576279}. Best is trial 25 with value: 0.8508971306782754.
[I 2026-03-06 17:29:39,569] Trial 47 finished with value: 0.8211921685995759 and parameters: {'learning_rate': 0.037302136885445175, 'max_depth': 8, 'min_child_weight': 6, 'subsample': 0.9471907907946433, 'colsample_bytree': 0.6016559462762608, 'reg_alpha': 3.7702677949296857, 'reg_lambda': 4.941209131992512}. Best is trial 25 with value: 0.8508971306782754.
[I 2026-03-06 17:29:39,973] Trial 48 finished with value: 0.8161963631828952 and parameters: {'learning_rate': 0.04296474594792238, 'max_depth': 6, 'min_child_weight': 10, 'subsample': 0.8028634762927724, 'colsample_bytree': 0.7020076899790362, 'reg_alpha': 0.06453512101602572, 'reg_lambda': 0.03554256144877229}. Best is trial 25 with value: 0.8508971306782754.
