[I 2026-03-06 17:37:27,303] Trial 0 finished with value: 0.7373158957700727 and parameters: {'learning_rate': 0.1, 'max_depth': 6, 'min_child_weight': 6, 'subsample': 1.0, 'colsample_bytree': 1.0, 'reg_alpha': 0.001, 'reg_lambda': 1.0}. Best is trial 0 with value: 0.7373158957700727.
[I 2026-03-06 17:37:27,710] Trial 1 finished with value: 0.7926118211990678 and parameters: {'learning_rate': 0.03202034730496563, 'max_depth': 7, 'min_child_weight': 1, 'subsample': 0.7566294689703164, 'colsample_bytree': 0.6705426433022813, 'reg_alpha': 0.060008198579708176, 'reg_lambda': 0.43713640554636946}. Best is trial 1 with value: 0.7926118211990678.
[I 2026-03-06 17:37:28,067] Trial 2 finished with value: 0.7732491208248005 and parameters: {'learning_rate': 0.05156078436190339, 'max_depth': 4, 'min_child_weight': 13, 'subsample': 0.8132334154887633, 'colsample_bytree': 0.796753362136391, 'reg_alpha': 1.2481368951038674, 'reg_lambda': 0.02009364152074779}. Best is trial 1 with value: 0.7926118211990678.
[I 2026-03-06 17:37:28,503] Trial 3 finished with value: 0.8068336416919709 and parameters: {'learning_rate': 0.0425773445267286, 'max_depth': 7, 'min_child_weight': 7, 'subsample': 0.8968330730835161, 'colsample_bytree': 0.9725301866483053, 'reg_alpha': 0.03915966316718075, 'reg_lambda': 0.0012836816720061613}. Best is trial 3 with value: 0.8068336416919709.
[I 2026-03-06 17:37:28,862] Trial 4 finished with value: 0.8101010945554693 and parameters: {'learning_rate': 0.010457822283041015, 'max_depth': 8, 'min_child_weight': 11, 'subsample': 0.9825142645671633, 'colsample_bytree': 0.9779748520790025, 'reg_alpha': 0.10885705735411383, 'reg_lambda': 0.038928289566326275}. Best is trial 4 with value: 0.8101010945554693.
[I 2026-03-06 17:37:29,125] Trial 5 finished with value: 0.8164365228444319 and parameters: {'learning_rate': 0.011960410466675396, 'max_depth': 3, 'min_child_weight': 8, 'subsample': 0.613662790092351, 'colsample_bytree': 0.6856482388977155, 'reg_alpha': 0.005902656098760123, 'reg_lambda': 0.12252043464939294}. Best is trial 5 with value: 0.8164365228444319.
[I 2026-03-06 17:37:29,422] Trial 6 finished with value: 0.7630263399477439 and parameters: {'learning_rate': 0.05109609275188316, 'max_depth': 5, 'min_child_weight': 6, 'subsample': 0.617943053560248, 'colsample_bytree': 0.7258710580281212, 'reg_alpha': 1.1229688834698386, 'reg_lambda': 0.002308659134539222}. Best is trial 5 with value: 0.8164365228444319.
[I 2026-03-06 17:37:29,686] Trial 7 finished with value: 0.7743161641127039 and parameters: {'learning_rate': 0.04433256027576817, 'max_depth': 3, 'min_child_weight': 13, 'subsample': 0.7171885254360755, 'colsample_bytree': 0.6192958181379857, 'reg_alpha': 0.030693010285290374, 'reg_lambda': 0.002736768358099247}. Best is trial 5 with value: 0.8164365228444319.
[I 2026-03-06 17:37:29,927] Trial 8 finished with value: 0.7697891391850857 and parameters: {'learning_rate': 0.045936677721991274, 'max_depth': 8, 'min_child_weight': 13, 'subsample': 0.7437004269837909, 'colsample_bytree': 0.7502884088925029, 'reg_alpha': 1.997016561573655, 'reg_lambda': 0.9258632507471637}. Best is trial 5 with value: 0.8164365228444319.
[I 2026-03-06 17:37:30,145] Trial 9 finished with value: 0.8079094414236283 and parameters: {'learning_rate': 0.011257400895421116, 'max_depth': 5, 'min_child_weight': 7, 'subsample': 0.7406037399248853, 'colsample_bytree': 0.8973763690272607, 'reg_alpha': 0.06344312152748659, 'reg_lambda': 0.20225145987781015}. Best is trial 5 with value: 0.8164365228444319.
[I 2026-03-06 17:37:30,355] Trial 10 finished with value: 0.7898991314172729 and parameters: {'learning_rate': 0.01724034003944922, 'max_depth': 3, 'min_child_weight': 2, 'subsample': 0.6006326263482157, 'colsample_bytree': 0.8617305604557464, 'reg_alpha': 0.001406013134451343, 'reg_lambda': 9.521698477933626}. Best is trial 5 with value: 0.8164365228444319.
[I 2026-03-06 17:37:30,663] Trial 11 finished with value: 0.8069200197726148 and parameters: {'learning_rate': 0.010318056975278168, 'max_depth': 9, 'min_child_weight': 10, 'subsample': 0.9839952664669775, 'colsample_bytree': 0.8898255458162309, 'reg_alpha': 0.0059837760457941685, 'reg_lambda': 0.033702160463580016}. Best is trial 5 with value: 0.8164365228444319.
[I 2026-03-06 17:37:30,941] Trial 12 finished with value: 0.8220382176399972 and parameters: {'learning_rate': 0.01749901219882097, 'max_depth': 9, 'min_child_weight': 9, 'subsample': 0.8675489360742301, 'colsample_bytree': 0.6037015747171349, 'reg_alpha': 0.31915288228869226, 'reg_lambda': 0.03824769913091045}. Best is trial 12 with value: 0.8220382176399972.
[I 2026-03-06 17:37:31,169] Trial 13 finished with value: 0.816326643598616 and parameters: {'learning_rate': 0.0178715265332765, 'max_depth': 9, 'min_child_weight': 9, 'subsample': 0.8588873755194201, 'colsample_bytree': 0.6035713465432945, 'reg_alpha': 7.744031970293201, 'reg_lambda': 0.009298540808133018}. Best is trial 12 with value: 0.8220382176399972.
[I 2026-03-06 17:37:31,399] Trial 14 finished with value: 0.8077745356966316 and parameters: {'learning_rate': 0.016844081478099005, 'max_depth': 5, 'min_child_weight': 4, 'subsample': 0.6726105465228702, 'colsample_bytree': 0.6732581313644862, 'reg_alpha': 0.2909852506431577, 'reg_lambda': 0.13002159530694396}. Best is trial 12 with value: 0.8220382176399972.
[I 2026-03-06 17:37:31,637] Trial 15 finished with value: 0.826369267707083 and parameters: {'learning_rate': 0.023161742797271293, 'max_depth': 4, 'min_child_weight': 15, 'subsample': 0.9177631639546738, 'colsample_bytree': 0.6602724970721998, 'reg_alpha': 0.006539602013174455, 'reg_lambda': 0.007742970345676236}. Best is trial 15 with value: 0.826369267707083.
[I 2026-03-06 17:37:31,940] Trial 16 finished with value: 0.8336805592825364 and parameters: {'learning_rate': 0.02435819001850091, 'max_depth': 6, 'min_child_weight': 15, 'subsample': 0.9075442444466775, 'colsample_bytree': 0.6390742644966763, 'reg_alpha': 0.00982090736126314, 'reg_lambda': 0.010614927853499751}. Best is trial 16 with value: 0.8336805592825364.
[I 2026-03-06 17:37:32,208] Trial 17 finished with value: 0.8240014688228233 and parameters: {'learning_rate': 0.02545082632134742, 'max_depth': 4, 'min_child_weight': 15, 'subsample': 0.9263668229706222, 'colsample_bytree': 0.7452096867486403, 'reg_alpha': 0.010491001905146263, 'reg_lambda': 0.006997152697470712}. Best is trial 16 with value: 0.8336805592825364.
[I 2026-03-06 17:37:32,481] Trial 18 finished with value: 0.8375618670997811 and parameters: {'learning_rate': 0.02472768394707488, 'max_depth': 6, 'min_child_weight': 15, 'subsample': 0.9301347774747951, 'colsample_bytree': 0.6473785007359656, 'reg_alpha': 0.01421499616113663, 'reg_lambda': 0.006972950965364653}. Best is trial 18 with value: 0.8375618670997811.
[I 2026-03-06 17:37:32,737] Trial 19 finished with value: 0.8299081138337687 and parameters: {'learning_rate': 0.03188500957664788, 'max_depth': 6, 'min_child_weight': 12, 'subsample': 0.8151462026225029, 'colsample_bytree': 0.784780897072027, 'reg_alpha': 0.016744803342108126, 'reg_lambda': 0.004978741171660448}. Best is trial 18 with value: 0.8375618670997811.
[I 2026-03-06 17:37:33,003] Trial 20 finished with value: 0.8278800649671633 and parameters: {'learning_rate': 0.0252978086878626, 'max_depth': 7, 'min_child_weight': 15, 'subsample': 0.9513483696491984, 'colsample_bytree': 0.7061896369427855, 'reg_alpha': 0.0022502156412321644, 'reg_lambda': 0.016095745517868652}. Best is trial 18 with value: 0.8375618670997811.
[I 2026-03-06 17:37:33,273] Trial 21 finished with value: 0.8210840477367417 and parameters: {'learning_rate': 0.03324935860534692, 'max_depth': 6, 'min_child_weight': 12, 'subsample': 0.7956005317263759, 'colsample_bytree': 0.7830961480381936, 'reg_alpha': 0.017414660288076263, 'reg_lambda': 0.00393432314013577}. Best is trial 18 with value: 0.8375618670997811.
[I 2026-03-06 17:37:33,544] Trial 22 finished with value: 0.829839248640633 and parameters: {'learning_rate': 0.021423465544838975, 'max_depth': 6, 'min_child_weight': 14, 'subsample': 0.8355439602197919, 'colsample_bytree': 0.84673173526272, 'reg_alpha': 0.020242969310242855, 'reg_lambda': 0.0014719046508032884}. Best is trial 18 with value: 0.8375618670997811.
[I 2026-03-06 17:37:33,806] Trial 23 finished with value: 0.762653145964268 and parameters: {'learning_rate': 0.06717868882859702, 'max_depth': 7, 'min_child_weight': 11, 'subsample': 0.8888591941268142, 'colsample_bytree': 0.638946076653669, 'reg_alpha': 0.0027335049512863833, 'reg_lambda': 0.0042786435697413005}. Best is trial 18 with value: 0.8375618670997811.
[I 2026-03-06 17:37:34,087] Trial 24 finished with value: 0.7949951557093425 and parameters: {'learning_rate': 0.034890151829278106, 'max_depth': 5, 'min_child_weight': 14, 'subsample': 0.7957531508605507, 'colsample_bytree': 0.8313404014999662, 'reg_alpha': 0.12094188227621332, 'reg_lambda': 0.01248399324753602}. Best is trial 18 with value: 0.8375618670997811.
[I 2026-03-06 17:37:34,379] Trial 25 finished with value: 0.8437029588305912 and parameters: {'learning_rate': 0.028168768352483303, 'max_depth': 6, 'min_child_weight': 12, 'subsample': 0.9503149517691145, 'colsample_bytree': 0.64114468662862, 'reg_alpha': 0.011798975663021297, 'reg_lambda': 0.05469181408553141}. Best is trial 25 with value: 0.8437029588305912.
[I 2026-03-06 17:37:34,659] Trial 26 finished with value: 0.8292436974789916 and parameters: {'learning_rate': 0.014161837369385226, 'max_depth': 8, 'min_child_weight': 14, 'subsample': 0.9510991173182219, 'colsample_bytree': 0.6404015489399245, 'reg_alpha': 0.003538555593105558, 'reg_lambda': 0.08202550042035948}. Best is trial 25 with value: 0.8437029588305912.
[I 2026-03-06 17:37:34,987] Trial 27 finished with value: 0.8374307464162135 and parameters: {'learning_rate': 0.027080898746176838, 'max_depth': 6, 'min_child_weight': 12, 'subsample': 0.9516057044983863, 'colsample_bytree': 0.7037460677252982, 'reg_alpha': 0.008589690817233394, 'reg_lambda': 0.05747001826968847}. Best is trial 25 with value: 0.8437029588305912.
[I 2026-03-06 17:37:35,387] Trial 28 finished with value: 0.8360482451804252 and parameters: {'learning_rate': 0.028706579018802476, 'max_depth': 7, 'min_child_weight': 11, 'subsample': 0.9515301814352382, 'colsample_bytree': 0.7029229333513907, 'reg_alpha': 0.0037489439824842773, 'reg_lambda': 0.05740537425397738}. Best is trial 25 with value: 0.8437029588305912.
[I 2026-03-06 17:37:35,773] Trial 29 finished with value: 0.8344777346232611 and parameters: {'learning_rate': 0.02007917210118363, 'max_depth': 5, 'min_child_weight': 12, 'subsample': 0.9789323622152776, 'colsample_bytree': 0.756502587017207, 'reg_alpha': 0.0014924717035451206, 'reg_lambda': 0.2833616903609112}. Best is trial 25 with value: 0.8437029588305912.
[I 2026-03-06 17:37:36,053] Trial 30 finished with value: 0.7330635972035873 and parameters: {'learning_rate': 0.09526222739041147, 'max_depth': 6, 'min_child_weight': 10, 'subsample': 0.9363065394807881, 'colsample_bytree': 0.7158690870710822, 'reg_alpha': 0.03679657552932612, 'reg_lambda': 2.401266141053399}. Best is trial 25 with value: 0.8437029588305912.
[I 2026-03-06 17:37:36,431] Trial 31 finished with value: 0.8439922604335851 and parameters: {'learning_rate': 0.027012934514719086, 'max_depth': 7, 'min_child_weight': 10, 'subsample': 0.9977510927002979, 'colsample_bytree': 0.6927621284222927, 'reg_alpha': 0.001063292431536394, 'reg_lambda': 0.06033508488780145}. Best is trial 31 with value: 0.8439922604335851.
[I 2026-03-06 17:37:36,773] Trial 32 finished with value: 0.8158265659204859 and parameters: {'learning_rate': 0.037359773041554516, 'max_depth': 7, 'min_child_weight': 10, 'subsample': 0.9945134959831278, 'colsample_bytree': 0.6589019068989446, 'reg_alpha': 0.0011964796789788754, 'reg_lambda': 0.5317475116937465}. Best is trial 31 with value: 0.8439922604335851.
[I 2026-03-06 17:37:37,133] Trial 33 finished with value: 0.8547381682084599 and parameters: {'learning_rate': 0.02865953112703814, 'max_depth': 6, 'min_child_weight': 13, 'subsample': 0.9653969405351205, 'colsample_bytree': 0.6846838274429415, 'reg_alpha': 0.010164460238880351, 'reg_lambda': 0.026230921449799213}. Best is trial 33 with value: 0.8547381682084599.
[I 2026-03-06 17:37:37,433] Trial 34 finished with value: 0.8442746133747616 and parameters: {'learning_rate': 0.028549521744537613, 'max_depth': 8, 'min_child_weight': 13, 'subsample': 0.9728088886556271, 'colsample_bytree': 0.6845459204565845, 'reg_alpha': 0.22351931603336597, 'reg_lambda': 0.019507355593323512}. Best is trial 33 with value: 0.8547381682084599.
[I 2026-03-06 17:37:37,709] Trial 35 finished with value: 0.8019609914554057 and parameters: {'learning_rate': 0.03896688893428821, 'max_depth': 8, 'min_child_weight': 13, 'subsample': 0.9661918354591774, 'colsample_bytree': 0.6857641930331307, 'reg_alpha': 0.285427117713108, 'reg_lambda': 0.022866382134403302}. Best is trial 33 with value: 0.8547381682084599.
[I 2026-03-06 17:37:37,994] Trial 36 finished with value: 0.8425077889979521 and parameters: {'learning_rate': 0.029691487635574606, 'max_depth': 7, 'min_child_weight': 9, 'subsample': 0.8823524540485115, 'colsample_bytree': 0.6843835030275718, 'reg_alpha': 0.2046164208559865, 'reg_lambda': 0.02858121193923331}. Best is trial 33 with value: 0.8547381682084599.
[I 2026-03-06 17:37:38,255] Trial 37 finished with value: 0.8310262834545584 and parameters: {'learning_rate': 0.02053173075046896, 'max_depth': 8, 'min_child_weight': 11, 'subsample': 0.996891736241891, 'colsample_bytree': 0.6279184012406329, 'reg_alpha': 0.7496630423393561, 'reg_lambda': 0.07640238294396041}. Best is trial 33 with value: 0.8547381682084599.
[I 2026-03-06 17:37:38,527] Trial 38 finished with value: 0.77315980509851 and parameters: {'learning_rate': 0.0618798078041621, 'max_depth': 7, 'min_child_weight': 12, 'subsample': 0.9687608034506968, 'colsample_bytree': 0.7265869410529673, 'reg_alpha': 0.06577559245783114, 'reg_lambda': 0.15562199057783896}. Best is trial 33 with value: 0.8547381682084599.
[I 2026-03-06 17:37:38,767] Trial 39 finished with value: 0.822233006143634 and parameters: {'learning_rate': 0.014231920394759819, 'max_depth': 8, 'min_child_weight': 13, 'subsample': 0.9986162462179989, 'colsample_bytree': 0.7331314364352283, 'reg_alpha': 0.5650737108616621, 'reg_lambda': 0.01953450899849956}. Best is trial 33 with value: 0.8547381682084599.
[I 2026-03-06 17:37:39,033] Trial 40 finished with value: 0.8076837511475179 and parameters: {'learning_rate': 0.04034529758794172, 'max_depth': 7, 'min_child_weight': 8, 'subsample': 0.9030337386452156, 'colsample_bytree': 0.6754536892098892, 'reg_alpha': 0.1547450233381424, 'reg_lambda': 0.2909574187650138}. Best is trial 33 with value: 0.8547381682084599.
[I 2026-03-06 17:37:39,295] Trial 41 finished with value: 0.8535781936303934 and parameters: {'learning_rate': 0.029499443954851552, 'max_depth': 7, 'min_child_weight': 9, 'subsample': 0.8778435805251685, 'colsample_bytree': 0.6865200620025997, 'reg_alpha': 0.16988382434482144, 'reg_lambda': 0.02639884603957898}. Best is trial 33 with value: 0.8547381682084599.
[I 2026-03-06 17:37:39,562] Trial 42 finished with value: 0.8425060942023869 and parameters: {'learning_rate': 0.029027612523220163, 'max_depth': 7, 'min_child_weight': 8, 'subsample': 0.9695101082073546, 'colsample_bytree': 0.7675781098677897, 'reg_alpha': 0.09059143548523839, 'reg_lambda': 0.05069933234416761}. Best is trial 33 with value: 0.8547381682084599.
[I 2026-03-06 17:37:39,806] Trial 43 finished with value: 0.818480841748464 and parameters: {'learning_rate': 0.035040699874173284, 'max_depth': 8, 'min_child_weight': 10, 'subsample': 0.9378984051265797, 'colsample_bytree': 0.6950979528043013, 'reg_alpha': 0.4685786288926646, 'reg_lambda': 0.09561698878425073}. Best is trial 33 with value: 0.8547381682084599.
[I 2026-03-06 17:37:40,083] Trial 44 finished with value: 0.7863893227879386 and parameters: {'learning_rate': 0.04926383909593159, 'max_depth': 6, 'min_child_weight': 7, 'subsample': 0.8502839755916078, 'colsample_bytree': 0.6630313516608316, 'reg_alpha': 0.04457430236016102, 'reg_lambda': 0.027125584703042046}. Best is trial 33 with value: 0.8547381682084599.
[I 2026-03-06 17:37:40,364] Trial 45 finished with value: 0.8039396652778757 and parameters: {'learning_rate': 0.022150135010079855, 'max_depth': 7, 'min_child_weight': 5, 'subsample': 0.9143216367286192, 'colsample_bytree': 0.8087498445646862, 'reg_alpha': 0.17735878868406588, 'reg_lambda': 0.015020136546355827}. Best is trial 33 with value: 0.8547381682084599.
[I 2026-03-06 17:37:40,707] Trial 46 finished with value: 0.8121925852694019 and parameters: {'learning_rate': 0.03172054068962393, 'max_depth': 9, 'min_child_weight': 11, 'subsample': 0.8783787439237044, 'colsample_bytree': 0.6190068992787306, 'reg_alpha': 3.787719422988031, 'reg_lambda': 0.0405749737574478}. Best is trial 33 with value: 0.8547381682084599.
[I 2026-03-06 17:37:41,255] Trial 47 finished with value: 0.8444031353717959 and parameters: {'learning_rate': 0.02850977847544704, 'max_depth': 5, 'min_child_weight': 9, 'subsample': 0.9769897214574271, 'colsample_bytree': 0.9267119042021039, 'reg_alpha': 0.08000911285747916, 'reg_lambda': 0.20340209767564502}. Best is trial 33 with value: 0.8547381682084599.
[I 2026-03-06 17:37:41,675] Trial 48 finished with value: 0.7961332109314314 and parameters: {'learning_rate': 0.019322876935984258, 'max_depth': 5, 'min_child_weight': 6, 'subsample': 0.9801301913207492, 'colsample_bytree': 0.9113388893771717, 'reg_alpha': 1.2069341324623477, 'reg_lambda': 0.21049953002927377}. Best is trial 33 with value: 0.8547381682084599.
