[I 2026-03-06 18:56:39,729] Trial 0 finished with value: 0.809951195456246 and parameters: {'learning_rate': 0.1, 'max_depth': 6, 'min_child_weight': 6, 'subsample': 1.0, 'colsample_bytree': 1.0, 'reg_alpha': 0.001, 'reg_lambda': 1.0}. Best is trial 0 with value: 0.809951195456246.
[I 2026-03-06 18:56:40,118] Trial 1 finished with value: 0.814386910632702 and parameters: {'learning_rate': 0.04123960159753738, 'max_depth': 4, 'min_child_weight': 5, 'subsample': 0.9284554645356793, 'colsample_bytree': 0.8837847229940612, 'reg_alpha': 0.009767127858038833, 'reg_lambda': 1.2128827750260462}. Best is trial 1 with value: 0.814386910632702.
[I 2026-03-06 18:56:40,526] Trial 2 finished with value: 0.8411767506717002 and parameters: {'learning_rate': 0.03833499889847426, 'max_depth': 5, 'min_child_weight': 2, 'subsample': 0.7638102925841683, 'colsample_bytree': 0.7511482411594869, 'reg_alpha': 0.009840394838587167, 'reg_lambda': 0.0036394961265406893}. Best is trial 2 with value: 0.8411767506717002.
[I 2026-03-06 18:56:40,945] Trial 3 finished with value: 0.8321846977065832 and parameters: {'learning_rate': 0.04016590381889926, 'max_depth': 5, 'min_child_weight': 7, 'subsample': 0.8422603655923073, 'colsample_bytree': 0.6377047358730126, 'reg_alpha': 0.01177595567721906, 'reg_lambda': 0.7638864287659035}. Best is trial 2 with value: 0.8411767506717002.
[I 2026-03-06 18:56:41,322] Trial 4 finished with value: 0.817693489326486 and parameters: {'learning_rate': 0.093260447714538, 'max_depth': 8, 'min_child_weight': 5, 'subsample': 0.7187093770200162, 'colsample_bytree': 0.8220576835786813, 'reg_alpha': 0.005210507855741774, 'reg_lambda': 0.023274209389668243}. Best is trial 2 with value: 0.8411767506717002.
[I 2026-03-06 18:56:41,650] Trial 5 finished with value: 0.8379324672085615 and parameters: {'learning_rate': 0.010683794863847854, 'max_depth': 4, 'min_child_weight': 12, 'subsample': 0.7135315818033348, 'colsample_bytree': 0.7543159886641583, 'reg_alpha': 0.005304191198971129, 'reg_lambda': 0.004581415922308027}. Best is trial 2 with value: 0.8411767506717002.
[I 2026-03-06 18:56:42,029] Trial 6 finished with value: 0.8077471686562596 and parameters: {'learning_rate': 0.051660597195667686, 'max_depth': 3, 'min_child_weight': 9, 'subsample': 0.9657734892984611, 'colsample_bytree': 0.9918753093437009, 'reg_alpha': 0.06318821712533577, 'reg_lambda': 0.014395155218405852}. Best is trial 2 with value: 0.8411767506717002.
[I 2026-03-06 18:56:42,264] Trial 7 finished with value: 0.8298342005917764 and parameters: {'learning_rate': 0.01954702449487743, 'max_depth': 3, 'min_child_weight': 13, 'subsample': 0.9982143717752066, 'colsample_bytree': 0.9928683800457759, 'reg_alpha': 0.03023159236523252, 'reg_lambda': 2.081264835361818}. Best is trial 2 with value: 0.8411767506717002.
[I 2026-03-06 18:56:42,582] Trial 8 finished with value: 0.8269904431520594 and parameters: {'learning_rate': 0.04187506190886457, 'max_depth': 6, 'min_child_weight': 9, 'subsample': 0.8562610835413219, 'colsample_bytree': 0.7291071510916348, 'reg_alpha': 0.05523652654867527, 'reg_lambda': 4.623150163120176}. Best is trial 2 with value: 0.8411767506717002.
[I 2026-03-06 18:56:42,885] Trial 9 finished with value: 0.8354970581233208 and parameters: {'learning_rate': 0.027192738617739274, 'max_depth': 6, 'min_child_weight': 6, 'subsample': 0.6134677949527967, 'colsample_bytree': 0.7624444544490727, 'reg_alpha': 0.45058072469131755, 'reg_lambda': 0.015659877510935012}. Best is trial 2 with value: 0.8411767506717002.
[I 2026-03-06 18:56:43,143] Trial 10 finished with value: 0.8408374428913149 and parameters: {'learning_rate': 0.0173405833910565, 'max_depth': 9, 'min_child_weight': 2, 'subsample': 0.7481146456956499, 'colsample_bytree': 0.6092477057680251, 'reg_alpha': 8.12975870847161, 'reg_lambda': 0.0017082267996507482}. Best is trial 2 with value: 0.8411767506717002.
[I 2026-03-06 18:56:43,411] Trial 11 finished with value: 0.8396676076137357 and parameters: {'learning_rate': 0.01542021767694988, 'max_depth': 9, 'min_child_weight': 1, 'subsample': 0.7409411096585136, 'colsample_bytree': 0.6099457097849508, 'reg_alpha': 3.627916018038908, 'reg_lambda': 0.0010051302874476476}. Best is trial 2 with value: 0.8411767506717002.
[I 2026-03-06 18:56:43,685] Trial 12 finished with value: 0.8252888027298801 and parameters: {'learning_rate': 0.02043363932737107, 'max_depth': 9, 'min_child_weight': 1, 'subsample': 0.7807624585319283, 'colsample_bytree': 0.667958586584816, 'reg_alpha': 5.605332569850437, 'reg_lambda': 0.0014091541589828665}. Best is trial 2 with value: 0.8411767506717002.
[I 2026-03-06 18:56:44,131] Trial 13 finished with value: 0.8166084526522237 and parameters: {'learning_rate': 0.06459386555839922, 'max_depth': 7, 'min_child_weight': 2, 'subsample': 0.6521072578177244, 'colsample_bytree': 0.694775665413671, 'reg_alpha': 0.3763544126021824, 'reg_lambda': 0.1460525422052555}. Best is trial 2 with value: 0.8411767506717002.
[I 2026-03-06 18:56:44,426] Trial 14 finished with value: 0.8234139373533312 and parameters: {'learning_rate': 0.02855693228409459, 'max_depth': 7, 'min_child_weight': 3, 'subsample': 0.8046640002004661, 'colsample_bytree': 0.8349418941079886, 'reg_alpha': 0.9563506364030688, 'reg_lambda': 0.0037136279894572207}. Best is trial 2 with value: 0.8411767506717002.
[I 2026-03-06 18:56:44,723] Trial 15 finished with value: 0.8303754152070649 and parameters: {'learning_rate': 0.012580166986242893, 'max_depth': 5, 'min_child_weight': 3, 'subsample': 0.6818694563004863, 'colsample_bytree': 0.8818359786185019, 'reg_alpha': 0.0012833573088047254, 'reg_lambda': 0.08676148649791902}. Best is trial 2 with value: 0.8411767506717002.
[I 2026-03-06 18:56:45,028] Trial 16 finished with value: 0.8449283519822239 and parameters: {'learning_rate': 0.02204935180141064, 'max_depth': 8, 'min_child_weight': 15, 'subsample': 0.7621613418256887, 'colsample_bytree': 0.6794580868574311, 'reg_alpha': 0.19320801198314508, 'reg_lambda': 0.004556771648602887}. Best is trial 16 with value: 0.8449283519822239.
[I 2026-03-06 18:56:45,523] Trial 17 finished with value: 0.844033148544933 and parameters: {'learning_rate': 0.023330492213157614, 'max_depth': 7, 'min_child_weight': 15, 'subsample': 0.8877309765996033, 'colsample_bytree': 0.7070883472422478, 'reg_alpha': 0.15675083048514943, 'reg_lambda': 0.06881779721942485}. Best is trial 16 with value: 0.8449283519822239.
[I 2026-03-06 18:56:45,777] Trial 18 finished with value: 0.854797696380188 and parameters: {'learning_rate': 0.023838408696707666, 'max_depth': 8, 'min_child_weight': 15, 'subsample': 0.8881326491941823, 'colsample_bytree': 0.6935802368275772, 'reg_alpha': 0.1988036974216128, 'reg_lambda': 0.18424449475388419}. Best is trial 18 with value: 0.854797696380188.
[I 2026-03-06 18:56:45,992] Trial 19 finished with value: 0.8421930301896633 and parameters: {'learning_rate': 0.01456499734028041, 'max_depth': 8, 'min_child_weight': 15, 'subsample': 0.8216350423416087, 'colsample_bytree': 0.6669056340609798, 'reg_alpha': 1.5460659476088041, 'reg_lambda': 0.2108224688008437}. Best is trial 18 with value: 0.854797696380188.
[I 2026-03-06 18:56:46,291] Trial 20 finished with value: 0.85731637361267 and parameters: {'learning_rate': 0.022661532284552217, 'max_depth': 8, 'min_child_weight': 12, 'subsample': 0.8989903385613293, 'colsample_bytree': 0.7962338942012662, 'reg_alpha': 0.19123234478368598, 'reg_lambda': 0.4363758611822952}. Best is trial 20 with value: 0.85731637361267.
[I 2026-03-06 18:56:46,552] Trial 21 finished with value: 0.8513406795224977 and parameters: {'learning_rate': 0.02375207164737928, 'max_depth': 8, 'min_child_weight': 13, 'subsample': 0.8987929680762534, 'colsample_bytree': 0.7891957561291641, 'reg_alpha': 0.177086868324953, 'reg_lambda': 0.36608259382348185}. Best is trial 20 with value: 0.85731637361267.
[I 2026-03-06 18:56:46,859] Trial 22 finished with value: 0.8563410763074062 and parameters: {'learning_rate': 0.030126114450019156, 'max_depth': 8, 'min_child_weight': 12, 'subsample': 0.8994372286757302, 'colsample_bytree': 0.7865718566862946, 'reg_alpha': 0.3899930784401509, 'reg_lambda': 0.34022123516164876}. Best is trial 20 with value: 0.85731637361267.
[I 2026-03-06 18:56:47,193] Trial 23 finished with value: 0.8524663583081091 and parameters: {'learning_rate': 0.029942391338719624, 'max_depth': 7, 'min_child_weight': 11, 'subsample': 0.9152825111378448, 'colsample_bytree': 0.8697095784268074, 'reg_alpha': 0.8791528432295663, 'reg_lambda': 0.3362979728570093}. Best is trial 20 with value: 0.85731637361267.
[I 2026-03-06 18:56:47,560] Trial 24 finished with value: 0.8496867666564637 and parameters: {'learning_rate': 0.0317747044998687, 'max_depth': 8, 'min_child_weight': 11, 'subsample': 0.9457708657540238, 'colsample_bytree': 0.8005859949214637, 'reg_alpha': 0.3670246214613525, 'reg_lambda': 0.03700848345523586}. Best is trial 20 with value: 0.85731637361267.
[I 2026-03-06 18:56:47,928] Trial 25 finished with value: 0.8529737328390526 and parameters: {'learning_rate': 0.03393583157047056, 'max_depth': 9, 'min_child_weight': 13, 'subsample': 0.8794082124327189, 'colsample_bytree': 0.8405330129030107, 'reg_alpha': 0.08258779718413906, 'reg_lambda': 0.49685848234124597}. Best is trial 20 with value: 0.85731637361267.
[I 2026-03-06 18:56:48,233] Trial 26 finished with value: 0.8375665181557438 and parameters: {'learning_rate': 0.01724438540808023, 'max_depth': 8, 'min_child_weight': 10, 'subsample': 0.8519728395758891, 'colsample_bytree': 0.9237098119295739, 'reg_alpha': 2.092210120853105, 'reg_lambda': 2.8234631269375834}. Best is trial 20 with value: 0.85731637361267.
[I 2026-03-06 18:56:48,555] Trial 27 finished with value: 0.8353726943962635 and parameters: {'learning_rate': 0.055413656435605516, 'max_depth': 7, 'min_child_weight': 14, 'subsample': 0.9477625067928745, 'colsample_bytree': 0.722936180170534, 'reg_alpha': 0.04002785257139174, 'reg_lambda': 0.18425002524422263}. Best is trial 20 with value: 0.85731637361267.
[I 2026-03-06 18:56:48,846] Trial 28 finished with value: 0.8450765794873539 and parameters: {'learning_rate': 0.025520523832448773, 'max_depth': 9, 'min_child_weight': 12, 'subsample': 0.8703753622601654, 'colsample_bytree': 0.790156595780235, 'reg_alpha': 0.7434185850631674, 'reg_lambda': 0.04120588128124111}. Best is trial 20 with value: 0.85731637361267.
[I 2026-03-06 18:56:49,105] Trial 29 finished with value: 0.8323225521205317 and parameters: {'learning_rate': 0.036274819638613585, 'max_depth': 6, 'min_child_weight': 14, 'subsample': 0.9793164217586494, 'colsample_bytree': 0.7814103647387161, 'reg_alpha': 0.02461416006891034, 'reg_lambda': 9.68697320441995}. Best is trial 20 with value: 0.85731637361267.
[I 2026-03-06 18:56:49,353] Trial 30 finished with value: 0.827155165572674 and parameters: {'learning_rate': 0.047176244083615065, 'max_depth': 7, 'min_child_weight': 11, 'subsample': 0.827820330721593, 'colsample_bytree': 0.9258817064737962, 'reg_alpha': 0.14988127488177622, 'reg_lambda': 0.9832100406897928}. Best is trial 20 with value: 0.85731637361267.
[I 2026-03-06 18:56:49,607] Trial 31 finished with value: 0.8584885895997006 and parameters: {'learning_rate': 0.03318416561263263, 'max_depth': 9, 'min_child_weight': 13, 'subsample': 0.8832483615481926, 'colsample_bytree': 0.847900843925105, 'reg_alpha': 0.10610938850031601, 'reg_lambda': 0.5996571601952579}. Best is trial 31 with value: 0.8584885895997006.
[I 2026-03-06 18:56:49,846] Trial 32 finished with value: 0.8528486889092951 and parameters: {'learning_rate': 0.02727268150253915, 'max_depth': 9, 'min_child_weight': 14, 'subsample': 0.9132701539146117, 'colsample_bytree': 0.8549539911299, 'reg_alpha': 0.26016523111638806, 'reg_lambda': 0.6222095235939231}. Best is trial 31 with value: 0.8584885895997006.
[I 2026-03-06 18:56:50,156] Trial 33 finished with value: 0.8514878867235769 and parameters: {'learning_rate': 0.03265484056493797, 'max_depth': 8, 'min_child_weight': 12, 'subsample': 0.9277978672140844, 'colsample_bytree': 0.9091935702485863, 'reg_alpha': 0.0937592544632699, 'reg_lambda': 1.5089146890494185}. Best is trial 31 with value: 0.8584885895997006.
[I 2026-03-06 18:56:50,467] Trial 34 finished with value: 0.8364358512169959 and parameters: {'learning_rate': 0.018639124170852214, 'max_depth': 9, 'min_child_weight': 10, 'subsample': 0.8934436122581806, 'colsample_bytree': 0.8157798337613251, 'reg_alpha': 0.5744823345071314, 'reg_lambda': 0.2669780546711675}. Best is trial 31 with value: 0.8584885895997006.
[I 2026-03-06 18:56:50,868] Trial 35 finished with value: 0.8401401784398418 and parameters: {'learning_rate': 0.022374019141467624, 'max_depth': 8, 'min_child_weight': 8, 'subsample': 0.9521004446668031, 'colsample_bytree': 0.9572885943882072, 'reg_alpha': 0.019700128384761626, 'reg_lambda': 0.10950948282869971}. Best is trial 31 with value: 0.8584885895997006.
[I 2026-03-06 18:56:51,220] Trial 36 finished with value: 0.8322427416703511 and parameters: {'learning_rate': 0.04402881893111011, 'max_depth': 8, 'min_child_weight': 13, 'subsample': 0.8631435123528478, 'colsample_bytree': 0.761759886950218, 'reg_alpha': 0.2843412323999758, 'reg_lambda': 0.8903730474295861}. Best is trial 31 with value: 0.8584885895997006.
[I 2026-03-06 18:56:51,454] Trial 37 finished with value: 0.8269465700778832 and parameters: {'learning_rate': 0.07120539819711624, 'max_depth': 9, 'min_child_weight': 14, 'subsample': 0.8267046660195572, 'colsample_bytree': 0.6417608472112223, 'reg_alpha': 1.4840926309225353, 'reg_lambda': 0.41216809298978}. Best is trial 31 with value: 0.8584885895997006.
[I 2026-03-06 18:56:51,706] Trial 38 finished with value: 0.8493003548390753 and parameters: {'learning_rate': 0.03655724719167126, 'max_depth': 8, 'min_child_weight': 12, 'subsample': 0.9114251249638129, 'colsample_bytree': 0.7365853315704897, 'reg_alpha': 0.1156836054035909, 'reg_lambda': 1.4668332756938343}. Best is trial 31 with value: 0.8584885895997006.
[I 2026-03-06 18:56:52,025] Trial 39 finished with value: 0.8527640603566529 and parameters: {'learning_rate': 0.02535468084829329, 'max_depth': 7, 'min_child_weight': 9, 'subsample': 0.8017547748893384, 'colsample_bytree': 0.8134606827451236, 'reg_alpha': 0.04818800012057553, 'reg_lambda': 0.06509615209012616}. Best is trial 31 with value: 0.8584885895997006.
[I 2026-03-06 18:56:52,255] Trial 40 finished with value: 0.8426303438424652 and parameters: {'learning_rate': 0.030594246411078954, 'max_depth': 4, 'min_child_weight': 15, 'subsample': 0.8436496033709215, 'colsample_bytree': 0.8410313819977795, 'reg_alpha': 0.014246350286229824, 'reg_lambda': 3.598586512240903}. Best is trial 31 with value: 0.8584885895997006.
[I 2026-03-06 18:56:52,533] Trial 41 finished with value: 0.8542533641691891 and parameters: {'learning_rate': 0.03547523122489158, 'max_depth': 9, 'min_child_weight': 13, 'subsample': 0.8778269965692159, 'colsample_bytree': 0.8613976920500735, 'reg_alpha': 0.09745283930154965, 'reg_lambda': 0.5445544747562605}. Best is trial 31 with value: 0.8584885895997006.
[I 2026-03-06 18:56:52,816] Trial 42 finished with value: 0.8531582945050958 and parameters: {'learning_rate': 0.03914857886967155, 'max_depth': 9, 'min_child_weight': 13, 'subsample': 0.881307334531675, 'colsample_bytree': 0.8591990570554253, 'reg_alpha': 0.07271992205850578, 'reg_lambda': 0.5887226737848528}. Best is trial 31 with value: 0.8584885895997006.
[I 2026-03-06 18:56:53,117] Trial 43 finished with value: 0.8618996927751137 and parameters: {'learning_rate': 0.0344193751950203, 'max_depth': 9, 'min_child_weight': 12, 'subsample': 0.9204276062622075, 'colsample_bytree': 0.8967775131591968, 'reg_alpha': 0.2462951988612234, 'reg_lambda': 0.14434956873863622}. Best is trial 43 with value: 0.8618996927751137.
[I 2026-03-06 18:56:53,462] Trial 44 finished with value: 0.8382153748483715 and parameters: {'learning_rate': 0.047788817746435557, 'max_depth': 8, 'min_child_weight': 10, 'subsample': 0.9307219334730934, 'colsample_bytree': 0.8987559560900331, 'reg_alpha': 0.26039450821914045, 'reg_lambda': 0.14227699342610953}. Best is trial 43 with value: 0.8618996927751137.
[I 2026-03-06 18:56:53,772] Trial 45 finished with value: 0.8452978154156604 and parameters: {'learning_rate': 0.02110622660484604, 'max_depth': 9, 'min_child_weight': 11, 'subsample': 0.9612724874244313, 'colsample_bytree': 0.7783456499280975, 'reg_alpha': 0.5731916788829332, 'reg_lambda': 0.23031425925175142}. Best is trial 43 with value: 0.8618996927751137.
[I 2026-03-06 18:56:54,141] Trial 46 finished with value: 0.8555333356006756 and parameters: {'learning_rate': 0.025526386716059064, 'max_depth': 5, 'min_child_weight': 12, 'subsample': 0.982670126789491, 'colsample_bytree': 0.9530286802165103, 'reg_alpha': 0.2747617750723808, 'reg_lambda': 0.2818792643710743}. Best is trial 43 with value: 0.8618996927751137.
[I 2026-03-06 18:56:54,463] Trial 47 finished with value: 0.8535943044360552 and parameters: {'learning_rate': 0.027263251966423676, 'max_depth': 5, 'min_child_weight': 12, 'subsample': 0.9796010528964993, 'colsample_bytree': 0.9583117405101206, 'reg_alpha': 0.39873365259857707, 'reg_lambda': 0.8189515084691793}. Best is trial 43 with value: 0.8618996927751137.
[I 2026-03-06 18:56:54,820] Trial 48 finished with value: 0.837570429321271 and parameters: {'learning_rate': 0.042516432898273, 'max_depth': 5, 'min_child_weight': 8, 'subsample': 0.9877522884130423, 'colsample_bytree': 0.9520419560751504, 'reg_alpha': 0.0067504240037655665, 'reg_lambda': 0.3111477061777948}. Best is trial 43 with value: 0.8618996927751137.
