[I 2026-03-06 19:04:33,615] Trial 49 finished with value: 0.8844613928283963 and parameters: {'learning_rate': 0.024423165206187293, 'max_depth': 8, 'min_child_weight': 10, 'subsample': 0.8141221108851519, 'colsample_bytree': 0.7793000709634915, 'reg_alpha': 0.13193928477571112, 'reg_lambda': 0.03180771814429794}. Best is trial 49 with value: 0.8844613928283963.
Entraînement du modèle Skip-gram...
Extraction des features pour 2375 liens positifs...
Génération de 23750 non-liens (ratio 10.0)...
DataFrame créé avec succès : 26125 lignes.
Extraction des features pour 594 liens positifs...
Génération de 14850 non-liens (ratio 25.0)...
DataFrame créé avec succès : 15444 lignes.
Features détectées (23) : ['cn', 'aa', 'jc', 'pa', 'sp', 'pr_u', 'pr_v', 'lcc_u', 'lcc_v', 'and_u', 'and_v', 'dc_u', 'dc_v', 'louvain_density', 'same_louvain', 'infomap_density', 'same_infomap', 'sbm_density', 'same_sbm', 'n2v_homophily_cos', 'n2v_homophily_dist', 'deepwalk_cos', 'deepwalk_dist']

================================================================================
               RÉSULTATS OPTUNA : BASELINE VS TOP CONFIGURATIONS                
================================================================================
 Trial  Avg_AUC  Std_AUC   Avg_AP  Delta_AUC
     0 0.856695      0.0 0.467274   0.143305
--------------------------------------------------------------------------------
 Trial  Avg_AUC  Std_AUC   Avg_AP  Delta_AUC
    49 0.884461      0.0 0.497618   0.115506
    18 0.884458      0.0 0.496742   0.115465
    43 0.884392      0.0 0.498691   0.115541
    41 0.884326      0.0 0.496050   0.115601
    45 0.884094      0.0 0.494746   0.115853
    44 0.883282      0.0 0.496538   0.116648
    35 0.883056      0.0 0.497091   0.116870
    20 0.882625      0.0 0.496431   0.117285
    48 0.882557      0.0 0.493592   0.117390
    32 0.881865      0.0 0.499480   0.118018
================================================================================
Résultats sauvegardés dans : outputs/results/optuna_results_artificial_graph_sbm_0_80_pos_0_20.csv
{'learning_rate': 0.024423165206187293, 'max_depth': 8, 'min_child_weight': 10, 'subsample': 0.8141221108851519, 'colsample_bytree': 0.7793000709634915, 'reg_alpha': 0.13193928477571112, 'reg_lambda': 0.03180771814429794, 'tree_method': 'hist', 'n_estimators': 150}

--- Enrichissement du Graphe avec les Métriques de Structure ---
Calcul : PageRank, Clustering, Average Neighbor Degree, Degree Centrality

--- Enrichissement du Graphe avec les Communautés ---
Calcul des communautés via louvain...
Calcul des communautés via infomap...
Calcul des communautés via sbm...

--- Enrichissement du Graphe avec les Embeddings ---
Calcul des embeddings via n2v_homophily...
Calcul de Node2Vec (p=2, q=0.5)...
Génération des marches aléatoires (dim=64)...
Computing transition probabilities:   0%|                                                                          | 0/1000 [00:00<?, ?it/s]Computing transition probabilities:  69%|██████████████████████████████████████████▌                   | 686/1000 [00:00<00:00, 6854.16it/s]Computing transition probabilities: 100%|█████████████████████████████████████████████████████████████| 1000/1000 [00:00<00:00, 6780.26it/s]
Generating walks (CPU: 1):   0%|                                                                                     | 0/25 [00:00<?, ?it/s]Generating walks (CPU: 1):   8%|██████▏                                                                      | 2/25 [00:00<00:01, 12.23it/s]Generating walks (CPU: 2):   0%|                                                                                     | 0/25 [00:00<?, ?it/s]Generating walks (CPU: 2):   8%|██████▏                                                                      | 2/25 [00:00<00:01, 12.25it/s]Generating walks (CPU: 3):   0%|                                                                                     | 0/25 [00:00<?, ?it/s]Generating walks (CPU: 4):   0%|                                                                                     | 0/25 [00:00<?, ?it/s]Generating walks (CPU: 3):   8%|██████▏                                                                      | 2/25 [00:00<00:02,  9.37it/s]Generating walks (CPU: 1):  16%|████████████▎                                                                | 4/25 [00:00<00:03,  5.91it/s]Generating walks (CPU: 2):  16%|████████████▎                                                                | 4/25 [00:00<00:02,  7.61it/s]Generating walks (CPU: 3):  12%|█████████▏                                                                   | 3/25 [00:00<00:03,  6.62it/s]Generating walks (CPU: 4):   8%|██████▏                                                                      | 2/25 [00:00<00:02,  8.81it/s]Generating walks (CPU: 1):  20%|███████████████▍                                                             | 5/25 [00:00<00:03,  5.53it/s]Generating walks (CPU: 2):  20%|███████████████▍                                                             | 5/25 [00:00<00:03,  6.55it/s]Generating walks (CPU: 1):  24%|██████████████████▍                                                          | 6/25 [00:00<00:03,  5.70it/s]Generating walks (CPU: 3):  16%|████████████▎                                                                | 4/25 [00:00<00:03,  5.72it/s]Generating walks (CPU: 4):  12%|█████████▏                                                                   | 3/25 [00:00<00:03,  6.20it/s]Generating walks (CPU: 2):  24%|██████████████████▍                                                          | 6/25 [00:00<00:03,  6.30it/s]Generating walks (CPU: 1):  28%|█████████████████████▌                                                       | 7/25 [00:01<00:03,  5.84it/s]Generating walks (CPU: 2):  28%|█████████████████████▌                                                       | 7/25 [00:01<00:02,  6.27it/s]Generating walks (CPU: 3):  20%|███████████████▍                                                             | 5/25 [00:00<00:03,  5.32it/s]Generating walks (CPU: 4):  16%|████████████▎                                                                | 4/25 [00:00<00:03,  5.40it/s]Generating walks (CPU: 1):  32%|████████████████████████▋                                                    | 8/25 [00:01<00:02,  5.91it/s]Generating walks (CPU: 2):  32%|████████████████████████▋                                                    | 8/25 [00:01<00:02,  6.16it/s]Generating walks (CPU: 3):  24%|██████████████████▍                                                          | 6/25 [00:01<00:03,  5.19it/s]Generating walks (CPU: 1):  36%|███████████████████████████▋                                                 | 9/25 [00:01<00:02,  6.01it/s]Generating walks (CPU: 4):  20%|███████████████▍                                                             | 5/25 [00:00<00:03,  5.02it/s]Generating walks (CPU: 2):  36%|███████████████████████████▋                                                 | 9/25 [00:01<00:02,  6.15it/s]Generating walks (CPU: 3):  28%|█████████████████████▌                                                       | 7/25 [00:01<00:03,  5.29it/s]Generating walks (CPU: 1):  40%|██████████████████████████████▍                                             | 10/25 [00:01<00:02,  6.06it/s]Generating walks (CPU: 4):  24%|██████████████████▍                                                          | 6/25 [00:01<00:03,  4.80it/s]Generating walks (CPU: 2):  40%|██████████████████████████████▍                                             | 10/25 [00:01<00:02,  6.11it/s]Generating walks (CPU: 3):  32%|████████████████████████▋                                                    | 8/25 [00:01<00:03,  5.56it/s]Generating walks (CPU: 1):  44%|█████████████████████████████████▍                                          | 11/25 [00:01<00:02,  5.96it/s]Generating walks (CPU: 2):  44%|█████████████████████████████████▍                                          | 11/25 [00:01<00:02,  6.11it/s]Generating walks (CPU: 3):  36%|███████████████████████████▋                                                 | 9/25 [00:01<00:02,  5.90it/s]Generating walks (CPU: 4):  28%|█████████████████████▌                                                       | 7/25 [00:01<00:03,  4.75it/s]Generating walks (CPU: 1):  48%|████████████████████████████████████▍                                       | 12/25 [00:02<00:02,  5.77it/s]Generating walks (CPU: 2):  48%|████████████████████████████████████▍                                       | 12/25 [00:01<00:02,  6.21it/s]Generating walks (CPU: 3):  40%|██████████████████████████████▍                                             | 10/25 [00:01<00:02,  6.37it/s]Generating walks (CPU: 3):  44%|█████████████████████████████████▍                                          | 11/25 [00:01<00:02,  6.96it/s]Generating walks (CPU: 4):  32%|████████████████████████▋                                                    | 8/25 [00:01<00:03,  4.57it/s]Generating walks (CPU: 2):  52%|███████████████████████████████████████▌                                    | 13/25 [00:01<00:01,  6.58it/s]Generating walks (CPU: 1):  52%|███████████████████████████████████████▌                                    | 13/25 [00:02<00:02,  5.45it/s]Generating walks (CPU: 2):  56%|██████████████████████████████████████████▌                                 | 14/25 [00:02<00:01,  6.99it/s]Generating walks (CPU: 3):  48%|████████████████████████████████████▍                                       | 12/25 [00:01<00:01,  7.01it/s]Generating walks (CPU: 1):  56%|██████████████████████████████████████████▌                                 | 14/25 [00:02<00:01,  5.53it/s]Generating walks (CPU: 4):  36%|███████████████████████████▋                                                 | 9/25 [00:01<00:03,  4.53it/s]Generating walks (CPU: 2):  60%|█████████████████████████████████████████████▌                              | 15/25 [00:02<00:01,  7.50it/s]Generating walks (CPU: 3):  52%|███████████████████████████████████████▌                                    | 13/25 [00:02<00:01,  6.68it/s]Generating walks (CPU: 2):  64%|████████████████████████████████████████████████▋                           | 16/25 [00:02<00:01,  8.04it/s]Generating walks (CPU: 1):  60%|█████████████████████████████████████████████▌                              | 15/25 [00:02<00:01,  5.70it/s]Generating walks (CPU: 4):  40%|██████████████████████████████▍                                             | 10/25 [00:02<00:03,  4.50it/s]Generating walks (CPU: 3):  56%|██████████████████████████████████████████▌                                 | 14/25 [00:02<00:01,  6.21it/s]Generating walks (CPU: 1):  64%|████████████████████████████████████████████████▋                           | 16/25 [00:02<00:01,  5.85it/s]Generating walks (CPU: 2):  68%|███████████████████████████████████████████████████▋                        | 17/25 [00:02<00:01,  6.91it/s]Generating walks (CPU: 2):  72%|██████████████████████████████████████████████████████▋                     | 18/25 [00:02<00:00,  7.60it/s]Generating walks (CPU: 4):  44%|█████████████████████████████████▍                                          | 11/25 [00:02<00:03,  4.49it/s]Generating walks (CPU: 3):  60%|█████████████████████████████████████████████▌                              | 15/25 [00:02<00:01,  5.64it/s]Generating walks (CPU: 1):  68%|███████████████████████████████████████████████████▋                        | 17/25 [00:02<00:01,  5.47it/s]Generating walks (CPU: 2):  76%|█████████████████████████████████████████████████████████▊                  | 19/25 [00:02<00:00,  7.74it/s]Generating walks (CPU: 4):  48%|████████████████████████████████████▍                                       | 12/25 [00:02<00:02,  4.48it/s]Generating walks (CPU: 1):  72%|██████████████████████████████████████████████████████▋                     | 18/25 [00:03<00:01,  5.66it/s]Generating walks (CPU: 3):  64%|████████████████████████████████████████████████▋                           | 16/25 [00:02<00:01,  5.31it/s]Generating walks (CPU: 2):  80%|████████████████████████████████████████████████████████████▊               | 20/25 [00:02<00:00,  6.42it/s]Generating walks (CPU: 1):  76%|█████████████████████████████████████████████████████████▊                  | 19/25 [00:03<00:01,  5.81it/s]Generating walks (CPU: 4):  52%|███████████████████████████████████████▌                                    | 13/25 [00:02<00:02,  4.46it/s]Generating walks (CPU: 3):  68%|███████████████████████████████████████████████████▋                        | 17/25 [00:02<00:01,  5.14it/s]Generating walks (CPU: 2):  84%|███████████████████████████████████████████████████████████████▊            | 21/25 [00:03<00:00,  5.75it/s]Generating walks (CPU: 1):  80%|████████████████████████████████████████████████████████████▊               | 20/25 [00:03<00:00,  5.92it/s]Generating walks (CPU: 4):  56%|██████████████████████████████████████████▌                                 | 14/25 [00:02<00:02,  4.48it/s]Generating walks (CPU: 3):  72%|██████████████████████████████████████████████████████▋                     | 18/25 [00:03<00:01,  4.73it/s]Generating walks (CPU: 1):  84%|███████████████████████████████████████████████████████████████▊            | 21/25 [00:03<00:00,  6.01it/s]Generating walks (CPU: 2):  88%|██████████████████████████████████████████████████████████████████▉         | 22/25 [00:03<00:00,  5.35it/s]Generating walks (CPU: 1):  88%|██████████████████████████████████████████████████████████████████▉         | 22/25 [00:03<00:00,  6.07it/s]Generating walks (CPU: 4):  60%|█████████████████████████████████████████████▌                              | 15/25 [00:03<00:02,  4.61it/s]Generating walks (CPU: 3):  76%|█████████████████████████████████████████████████████████▊                  | 19/25 [00:03<00:01,  4.81it/s]Generating walks (CPU: 2):  92%|█████████████████████████████████████████████████████████████████████▉      | 23/25 [00:03<00:00,  5.16it/s]Generating walks (CPU: 1):  92%|█████████████████████████████████████████████████████████████████████▉      | 23/25 [00:03<00:00,  6.12it/s]Generating walks (CPU: 4):  64%|████████████████████████████████████████████████▋                           | 16/25 [00:03<00:01,  4.90it/s]Generating walks (CPU: 3):  80%|████████████████████████████████████████████████████████████▊               | 20/25 [00:03<00:00,  5.10it/s]Generating walks (CPU: 2):  96%|████████████████████████████████████████████████████████████████████████▉   | 24/25 [00:03<00:00,  5.12it/s]Generating walks (CPU: 1):  96%|████████████████████████████████████████████████████████████████████████▉   | 24/25 [00:04<00:00,  6.20it/s]Generating walks (CPU: 3):  84%|███████████████████████████████████████████████████████████████▊            | 21/25 [00:03<00:00,  5.37it/s]Generating walks (CPU: 4):  68%|███████████████████████████████████████████████████▋                        | 17/25 [00:03<00:01,  4.75it/s]Generating walks (CPU: 1): 100%|████████████████████████████████████████████████████████████████████████████| 25/25 [00:04<00:00,  6.42it/s]Generating walks (CPU: 2): 100%|████████████████████████████████████████████████████████████████████████████| 25/25 [00:03<00:00,  5.05it/s]Generating walks (CPU: 4):  72%|██████████████████████████████████████████████████████▋                     | 18/25 [00:03<00:01,  5.38it/s]Generating walks (CPU: 3):  88%|██████████████████████████████████████████████████████████████████▉         | 22/25 [00:03<00:00,  5.26it/s]Generating walks (CPU: 1): 100%|████████████████████████████████████████████████████████████████████████████| 25/25 [00:04<00:00,  5.80it/s]
Generating walks (CPU: 4):  76%|█████████████████████████████████████████████████████████▊                  | 19/25 [00:03<00:00,  6.07it/s]Generating walks (CPU: 2): 100%|████████████████████████████████████████████████████████████████████████████| 25/25 [00:04<00:00,  5.94it/s]
Generating walks (CPU: 4):  80%|████████████████████████████████████████████████████████████▊               | 20/25 [00:03<00:00,  6.81it/s]Generating walks (CPU: 3):  92%|█████████████████████████████████████████████████████████████████████▉      | 23/25 [00:04<00:00,  5.02it/s]Generating walks (CPU: 4):  84%|███████████████████████████████████████████████████████████████▊            | 21/25 [00:03<00:00,  7.45it/s]Generating walks (CPU: 4):  88%|██████████████████████████████████████████████████████████████████▉         | 22/25 [00:04<00:00,  8.01it/s]Generating walks (CPU: 3):  96%|████████████████████████████████████████████████████████████████████████▉   | 24/25 [00:04<00:00,  4.85it/s]Generating walks (CPU: 4):  92%|█████████████████████████████████████████████████████████████████████▉      | 23/25 [00:04<00:00,  8.45it/s]Generating walks (CPU: 4):  96%|████████████████████████████████████████████████████████████████████████▉   | 24/25 [00:04<00:00,  8.75it/s]Generating walks (CPU: 3): 100%|████████████████████████████████████████████████████████████████████████████| 25/25 [00:04<00:00,  4.87it/s]Generating walks (CPU: 4): 100%|████████████████████████████████████████████████████████████████████████████| 25/25 [00:04<00:00,  8.92it/s]Generating walks (CPU: 3): 100%|████████████████████████████████████████████████████████████████████████████| 25/25 [00:04<00:00,  5.31it/s]
Generating walks (CPU: 4): 100%|████████████████████████████████████████████████████████████████████████████| 25/25 [00:04<00:00,  5.54it/s]
Entraînement du modèle Skip-gram...
Calcul des embeddings via deepwalk...
Calcul de Node2Vec (p=1, q=1)...
Génération des marches aléatoires (dim=64)...
Computing transition probabilities:   0%|                                                                          | 0/1000 [00:00<?, ?it/s]Computing transition probabilities:  34%|████████████████████▉                                         | 337/1000 [00:00<00:00, 3367.47it/s]Computing transition probabilities:  67%|█████████████████████████████████████████▊                    | 674/1000 [00:00<00:00, 3297.91it/s]Computing transition probabilities: 100%|█████████████████████████████████████████████████████████████| 1000/1000 [00:00<00:00, 3281.74it/s]
Generating walks (CPU: 1):   0%|                                                                                     | 0/25 [00:00<?, ?it/s]Generating walks (CPU: 2):   0%|                                                                                     | 0/25 [00:00<?, ?it/s]Generating walks (CPU: 1):   8%|██████▏                                                                      | 2/25 [00:00<00:02,  9.31it/s]Generating walks (CPU: 3):   0%|                                                                                     | 0/25 [00:00<?, ?it/s]Generating walks (CPU: 2):   8%|██████▏                                                                      | 2/25 [00:00<00:02,  9.35it/s]Generating walks (CPU: 1):  12%|█████████▏                                                                   | 3/25 [00:00<00:03,  6.57it/s]Generating walks (CPU: 4):   0%|                                                                                     | 0/25 [00:00<?, ?it/s]Generating walks (CPU: 2):  12%|█████████▏                                                                   | 3/25 [00:00<00:03,  6.56it/s]Generating walks (CPU: 3):   8%|██████▏                                                                      | 2/25 [00:00<00:02,  8.70it/s]Generating walks (CPU: 1):  16%|████████████▎                                                                | 4/25 [00:00<00:03,  5.69it/s]Generating walks (CPU: 4):   8%|██████▏                                                                      | 2/25 [00:00<00:02,  9.92it/s]Generating walks (CPU: 2):  16%|████████████▎                                                                | 4/25 [00:00<00:03,  5.79it/s]Generating walks (CPU: 1):  20%|███████████████▍                                                             | 5/25 [00:00<00:03,  5.29it/s]Generating walks (CPU: 3):  12%|█████████▏                                                                   | 3/25 [00:00<00:03,  6.09it/s]Generating walks (CPU: 4):  12%|█████████▏                                                                   | 3/25 [00:00<00:03,  6.42it/s]Generating walks (CPU: 2):  20%|███████████████▍                                                             | 5/25 [00:00<00:03,  5.49it/s]Generating walks (CPU: 1):  24%|██████████████████▍                                                          | 6/25 [00:01<00:03,  5.06it/s]Generating walks (CPU: 3):  16%|████████████▎                                                                | 4/25 [00:00<00:04,  4.94it/s]Generating walks (CPU: 2):  24%|██████████████████▍                                                          | 6/25 [00:01<00:03,  5.44it/s]Generating walks (CPU: 4):  16%|████████████▎                                                                | 4/25 [00:00<00:03,  5.41it/s]Generating walks (CPU: 1):  28%|█████████████████████▌                                                       | 7/25 [00:01<00:03,  4.93it/s]Generating walks (CPU: 3):  20%|███████████████▍                                                             | 5/25 [00:00<00:04,  4.76it/s]Generating walks (CPU: 2):  28%|█████████████████████▌                                                       | 7/25 [00:01<00:03,  5.65it/s]Generating walks (CPU: 4):  20%|███████████████▍                                                             | 5/25 [00:00<00:03,  5.06it/s]Generating walks (CPU: 1):  32%|████████████████████████▋                                                    | 8/25 [00:01<00:03,  4.93it/s]Generating walks (CPU: 2):  32%|████████████████████████▋                                                    | 8/25 [00:01<00:0