[I 2026-03-06 17:21:48,510] Trial 49 finished with value: 0.8148531895838294 and parameters: {'learning_rate': 0.04237147615274329, 'max_depth': 7, 'min_child_weight': 14, 'subsample': 0.6223519849105614, 'colsample_bytree': 0.7349026786174612, 'reg_alpha': 0.02400628135397168, 'reg_lambda': 0.34835253445819614}. Best is trial 43 with value: 0.8766879796846128.
Entraînement du modèle Skip-gram...
Extraction des features pour 2376 liens positifs...
Génération de 23760 non-liens (ratio 10.0)...
DataFrame créé avec succès : 26136 lignes.
Extraction des features pour 594 liens positifs...
Génération de 14850 non-liens (ratio 25.0)...
DataFrame créé avec succès : 15444 lignes.
Features détectées (23) : ['cn', 'aa', 'jc', 'pa', 'sp', 'pr_u', 'pr_v', 'lcc_u', 'lcc_v', 'and_u', 'and_v', 'dc_u', 'dc_v', 'louvain_density', 'same_louvain', 'infomap_density', 'same_infomap', 'sbm_density', 'same_sbm', 'n2v_homophily_cos', 'n2v_homophily_dist', 'deepwalk_cos', 'deepwalk_dist']

================================================================================
               RÉSULTATS OPTUNA : BASELINE VS TOP CONFIGURATIONS                
================================================================================
 Trial  Avg_AUC  Std_AUC   Avg_AP  Delta_AUC
     0 0.805483      0.0 0.376577   0.194516
--------------------------------------------------------------------------------
 Trial  Avg_AUC  Std_AUC   Avg_AP  Delta_AUC
    43 0.876688      0.0 0.451551   0.123120
    15 0.873261      0.0 0.449286   0.126535
    40 0.872961      0.0 0.451616   0.126866
     8 0.869271      0.0 0.449341   0.130442
    41 0.868837      0.0 0.452026   0.130973
    31 0.868104      0.0 0.446446   0.131689
    45 0.866884      0.0 0.451038   0.132951
    25 0.866739      0.0 0.449330   0.133018
    27 0.865706      0.0 0.444828   0.134094
    24 0.865693      0.0 0.449972   0.134153
================================================================================
Résultats sauvegardés dans : outputs/results/optuna_results_artificial_graph_sbm_0_15_pos_0_85.csv
{'learning_rate': 0.020726804819543795, 'max_depth': 7, 'min_child_weight': 13, 'subsample': 0.6435564855180543, 'colsample_bytree': 0.7398334410585858, 'reg_alpha': 0.0020696593500720943, 'reg_lambda': 0.7144037429514168, 'tree_method': 'hist', 'n_estimators': 150}

--- Enrichissement du Graphe avec les Métriques de Structure ---
Calcul : PageRank, Clustering, Average Neighbor Degree, Degree Centrality

--- Enrichissement du Graphe avec les Communautés ---
Calcul des communautés via louvain...
Calcul des communautés via infomap...
Calcul des communautés via sbm...

--- Enrichissement du Graphe avec les Embeddings ---
Calcul des embeddings via n2v_homophily...
Calcul de Node2Vec (p=2, q=0.5)...
Génération des marches aléatoires (dim=64)...
Computing transition probabilities:   0%|                                                                          | 0/1000 [00:00<?, ?it/s]Computing transition probabilities:  66%|█████████████████████████████████████████                     | 663/1000 [00:00<00:00, 6615.23it/s]Computing transition probabilities: 100%|█████████████████████████████████████████████████████████████| 1000/1000 [00:00<00:00, 6687.51it/s]
Generating walks (CPU: 1):   0%|                                                                                     | 0/25 [00:00<?, ?it/s]Generating walks (CPU: 1):  12%|█████████▏                                                                   | 3/25 [00:00<00:01, 15.50it/s]Generating walks (CPU: 2):   0%|                                                                                     | 0/25 [00:00<?, ?it/s]Generating walks (CPU: 3):   0%|                                                                                     | 0/25 [00:00<?, ?it/s]Generating walks (CPU: 2):   8%|██████▏                                                                      | 2/25 [00:00<00:02,  9.57it/s]Generating walks (CPU: 1):  20%|███████████████▍                                                             | 5/25 [00:00<00:02,  7.87it/s]Generating walks (CPU: 3):   8%|██████▏                                                                      | 2/25 [00:00<00:01, 12.58it/s]Generating walks (CPU: 2):  12%|█████████▏                                                                   | 3/25 [00:00<00:02,  7.82it/s]Generating walks (CPU: 4):   0%|                                                                                     | 0/25 [00:00<?, ?it/s]Generating walks (CPU: 1):  24%|██████████████████▍                                                          | 6/25 [00:00<00:02,  6.65it/s]Generating walks (CPU: 2):  16%|████████████▎                                                                | 4/25 [00:00<00:02,  7.14it/s]Generating walks (CPU: 4):   8%|██████▏                                                                      | 2/25 [00:00<00:01, 11.75it/s]Generating walks (CPU: 3):  16%|████████████▎                                                                | 4/25 [00:00<00:02,  7.86it/s]Generating walks (CPU: 2):  20%|███████████████▍                                                             | 5/25 [00:00<00:02,  6.76it/s]Generating walks (CPU: 1):  28%|█████████████████████▌                                                       | 7/25 [00:01<00:03,  5.92it/s]Generating walks (CPU: 3):  20%|███████████████▍                                                             | 5/25 [00:00<00:02,  7.30it/s]Generating walks (CPU: 2):  24%|██████████████████▍                                                          | 6/25 [00:00<00:02,  6.55it/s]Generating walks (CPU: 4):  16%|████████████▎                                                                | 4/25 [00:00<00:02,  7.45it/s]Generating walks (CPU: 1):  32%|████████████████████████▋                                                    | 8/25 [00:01<00:03,  5.48it/s]Generating walks (CPU: 3):  24%|██████████████████▍                                                          | 6/25 [00:00<00:02,  6.94it/s]Generating walks (CPU: 2):  28%|█████████████████████▌                                                       | 7/25 [00:01<00:02,  6.12it/s]Generating walks (CPU: 4):  20%|███████████████▍                                                             | 5/25 [00:00<00:02,  6.90it/s]Generating walks (CPU: 3):  28%|█████████████████████▌                                                       | 7/25 [00:00<00:02,  6.37it/s]Generating walks (CPU: 1):  36%|███████████████████████████▋                                                 | 9/25 [00:01<00:03,  5.20it/s]Generating walks (CPU: 2):  32%|████████████████████████▋                                                    | 8/25 [00:01<00:02,  6.07it/s]Generating walks (CPU: 4):  24%|██████████████████▍                                                          | 6/25 [00:00<00:02,  6.43it/s]Generating walks (CPU: 3):  32%|████████████████████████▋                                                    | 8/25 [00:01<00:02,  5.79it/s]Generating walks (CPU: 2):  36%|███████████████████████████▋                                                 | 9/25 [00:01<00:02,  6.06it/s]Generating walks (CPU: 1):  40%|██████████████████████████████▍                                             | 10/25 [00:01<00:02,  5.09it/s]Generating walks (CPU: 4):  28%|█████████████████████▌                                                       | 7/25 [00:01<00:03,  5.40it/s]Generating walks (CPU: 2):  40%|██████████████████████████████▍                                             | 10/25 [00:01<00:02,  6.06it/s]Generating walks (CPU: 3):  36%|███████████████████████████▋                                                 | 9/25 [00:01<00:02,  5.35it/s]Generating walks (CPU: 1):  44%|█████████████████████████████████▍                                          | 11/25 [00:01<00:02,  5.09it/s]Generating walks (CPU: 4):  32%|████████████████████████▋                                                    | 8/25 [00:01<00:03,  5.00it/s]Generating walks (CPU: 2):  44%|█████████████████████████████████▍                                          | 11/25 [00:01<00:02,  5.76it/s]Generating walks (CPU: 3):  40%|██████████████████████████████▍                                             | 10/25 [00:01<00:02,  5.34it/s]Generating walks (CPU: 1):  48%|████████████████████████████████████▍                                       | 12/25 [00:02<00:02,  5.16it/s]Generating walks (CPU: 4):  36%|███████████████████████████▋                                                 | 9/25 [00:01<00:03,  5.23it/s]Generating walks (CPU: 2):  48%|████████████████████████████████████▍                                       | 12/25 [00:01<00:02,  5.87it/s]Generating walks (CPU: 1):  52%|███████████████████████████████████████▌                                    | 13/25 [00:02<00:02,  5.41it/s]Generating walks (CPU: 3):  44%|█████████████████████████████████▍                                          | 11/25 [00:01<00:02,  5.46it/s]Generating walks (CPU: 2):  52%|███████████████████████████████████████▌                                    | 13/25 [00:02<00:02,  5.96it/s]Generating walks (CPU: 4):  40%|██████████████████████████████▍                                             | 10/25 [00:01<00:02,  5.41it/s]Generating walks (CPU: 1):  56%|██████████████████████████████████████████▌                                 | 14/25 [00:02<00:01,  5.62it/s]Generating walks (CPU: 3):  48%|████████████████████████████████████▍                                       | 12/25 [00:01<00:02,  5.60it/s]Generating walks (CPU: 2):  56%|██████████████████████████████████████████▌                                 | 14/25 [00:02<00:01,  6.03it/s]Generating walks (CPU: 4):  44%|█████████████████████████████████▍                                          | 11/25 [00:01<00:02,  5.48it/s]Generating walks (CPU: 1):  60%|█████████████████████████████████████████████▌                              | 15/25 [00:02<00:01,  5.79it/s]Generating walks (CPU: 3):  52%|███████████████████████████████████████▌                                    | 13/25 [00:02<00:02,  5.73it/s]Generating walks (CPU: 2):  60%|█████████████████████████████████████████████▌                              | 15/25 [00:02<00:01,  6.05it/s]Generating walks (CPU: 4):  48%|████████████████████████████████████▍                                       | 12/25 [00:02<00:02,  5.60it/s]Generating walks (CPU: 1):  64%|████████████████████████████████████████████████▋                           | 16/25 [00:02<00:01,  5.91it/s]Generating walks (CPU: 3):  56%|██████████████████████████████████████████▌                                 | 14/25 [00:02<00:01,  5.76it/s]Generating walks (CPU: 1):  68%|███████████████████████████████████████████████████▋                        | 17/25 [00:02<00:01,  5.99it/s]Generating walks (CPU: 4):  52%|███████████████████████████████████████▌                                    | 13/25 [00:02<00:02,  5.69it/s]Generating walks (CPU: 2):  64%|████████████████████████████████████████████████▋                           | 16/25 [00:02<00:01,  5.69it/s]Generating walks (CPU: 3):  60%|█████████████████████████████████████████████▌                              | 15/25 [00:02<00:01,  5.85it/s]Generating walks (CPU: 1):  72%|██████████████████████████████████████████████████████▋                     | 18/25 [00:03<00:01,  6.06it/s]Generating walks (CPU: 4):  56%|██████████████████████████████████████████▌                                 | 14/25 [00:02<00:01,  5.76it/s]Generating walks (CPU: 2):  68%|███████████████████████████████████████████████████▋                        | 17/25 [00:02<00:01,  5.83it/s]Generating walks (CPU: 3):  64%|████████████████████████████████████████████████▋                           | 16/25 [00:02<00:01,  5.95it/s]Generating walks (CPU: 1):  76%|█████████████████████████████████████████████████████████▊                  | 19/25 [00:03<00:00,  6.04it/s]Generating walks (CPU: 2):  72%|██████████████████████████████████████████████████████▋                     | 18/25 [00:02<00:01,  5.93it/s]Generating walks (CPU: 4):  60%|█████████████████████████████████████████████▌                              | 15/25 [00:02<00:01,  5.81it/s]Generating walks (CPU: 3):  68%|███████████████████████████████████████████████████▋                        | 17/25 [00:02<00:01,  6.01it/s]Generating walks (CPU: 1):  80%|████████████████████████████████████████████████████████████▊               | 20/25 [00:03<00:00,  6.09it/s]Generating walks (CPU: 2):  76%|█████████████████████████████████████████████████████████▊                  | 19/25 [00:03<00:01,  5.93it/s]Generating walks (CPU: 4):  64%|████████████████████████████████████████████████▋                           | 16/25 [00:02<00:01,  5.87it/s]Generating walks (CPU: 3):  72%|██████████████████████████████████████████████████████▋                     | 18/25 [00:02<00:01,  6.00it/s]Generating walks (CPU: 1):  84%|███████████████████████████████████████████████████████████████▊            | 21/25 [00:03<00:00,  6.14it/s]Generating walks (CPU: 4):  68%|███████████████████████████████████████████████████▋                        | 17/25 [00:02<00:01,  6.08it/s]Generating walks (CPU: 2):  80%|████████████████████████████████████████████████████████████▊               | 20/25 [00:03<00:00,  6.01it/s]Generating walks (CPU: 3):  76%|█████████████████████████████████████████████████████████▊                  | 19/25 [00:03<00:01,  5.87it/s]Generating walks (CPU: 4):  72%|██████████████████████████████████████████████████████▋                     | 18/25 [00:02<00:01,  6.43it/s]Generating walks (CPU: 1):  88%|██████████████████████████████████████████████████████████████████▉         | 22/25 [00:03<00:00,  6.17it/s]Generating walks (CPU: 2):  84%|███████████████████████████████████████████████████████████████▊            | 21/25 [00:03<00:00,  6.04it/s]Generating walks (CPU: 3):  80%|████████████████████████████████████████████████████████████▊               | 20/25 [00:03<00:00,  5.96it/s]Generating walks (CPU: 4):  76%|█████████████████████████████████████████████████████████▊                  | 19/25 [00:03<00:00,  6.81it/s]Generating walks (CPU: 1):  92%|█████████████████████████████████████████████████████████████████████▉      | 23/25 [00:03<00:00,  6.20it/s]Generating walks (CPU: 2):  88%|██████████████████████████████████████████████████████████████████▉         | 22/25 [00:03<00:00,  6.09it/s]Generating walks (CPU: 3):  84%|███████████████████████████████████████████████████████████████▊            | 21/25 [00:03<00:00,  6.02it/s]Generating walks (CPU: 4):  80%|████████████████████████████████████████████████████████████▊               | 20/25 [00:03<00:00,  7.37it/s]Generating walks (CPU: 1):  96%|████████████████████████████████████████████████████████████████████████▉   | 24/25 [00:03<00:00,  6.41it/s]Generating walks (CPU: 4):  84%|███████████████████████████████████████████████████████████████▊            | 21/25 [00:03<00:00,  7.93it/s]Generating walks (CPU: 2):  92%|█████████████████████████████████████████████████████████████████████▉      | 23/25 [00:03<00:00,  6.12it/s]Generating walks (CPU: 3):  88%|██████████████████████████████████████████████████████████████████▉         | 22/25 [00:03<00:00,  6.07it/s]Generating walks (CPU: 4):  88%|██████████████████████████████████████████████████████████████████▉         | 22/25 [00:03<00:00,  8.42it/s]Generating walks (CPU: 1): 100%|████████████████████████████████████████████████████████████████████████████| 25/25 [00:04<00:00,  6.78it/s]Generating walks (CPU: 2):  96%|████████████████████████████████████████████████████████████████████████▉   | 24/25 [00:03<00:00,  6.13it/s]Generating walks (CPU: 4):  92%|█████████████████████████████████████████████████████████████████████▉      | 23/25 [00:03<00:00,  8.79it/s]Generating walks (CPU: 3):  92%|█████████████████████████████████████████████████████████████████████▉      | 23/25 [00:03<00:00,  6.17it/s]Generating walks (CPU: 1): 100%|████████████████████████████████████████████████████████████████████████████| 25/25 [00:04<00:00,  5.95it/s]
Generating walks (CPU: 4):  96%|████████████████████████████████████████████████████████████████████████▉   | 24/25 [00:03<00:00,  9.00it/s]Generating walks (CPU: 3):  96%|████████████████████████████████████████████████████████████████████████▉   | 24/25 [00:03<00:00,  6.47it/s]Generating walks (CPU: 2): 100%|████████████████████████████████████████████████████████████████████████████| 25/25 [00:04<00:00,  5.57it/s]Generating walks (CPU: 4): 100%|████████████████████████████████████████████████████████████████████████████| 25/25 [00:03<00:00,  9.18it/s]Generating walks (CPU: 3): 100%|████████████████████████████████████████████████████████████████████████████| 25/25 [00:04<00:00,  6.48it/s]Generating walks (CPU: 4): 100%|████████████████████████████████████████████████████████████████████████████| 25/25 [00:03<00:00,  6.49it/s]
Generating walks (CPU: 2): 100%|████████████████████████████████████████████████████████████████████████████| 25/25 [00:04<00:00,  5.85it/s]
Generating walks (CPU: 3): 100%|████████████████████████████████████████████████████████████████████████████| 25/25 [00:04<00:00,  5.84it/s]
Entraînement du modèle Skip-gram...
Calcul des embeddings via deepwalk...
Calcul de Node2Vec (p=1, q=1)...
Génération des marches aléatoires (dim=64)...
Computing transition probabilities:   0%|                                                                          | 0/1000 [00:00<?, ?it/s]Computing transition probabilities:  40%|████████████████████████▋                                     | 398/1000 [00:00<00:00, 3973.19it/s]Computing transition probabilities:  80%|█████████████████████████████████████████████████▊            | 803/1000 [00:00<00:00, 4013.27it/s]Computing transition probabilities: 100%|█████████████████████████████████████████████████████████████| 1000/1000 [00:00<00:00, 4016.08it/s]
Generating walks (CPU: 1):   0%|                                                                                     | 0/25 [00:00<?, ?it/s]Generating walks (CPU: 1):   8%|██████▏                                                                      | 2/25 [00:00<00:02, 11.17it/s]Generating walks (CPU: 2):   0%|                                                                                     | 0/25 [00:00<?, ?it/s]Generating walks (CPU: 3):   0%|                                                                                     | 0/25 [00:00<?, ?it/s]Generating walks (CPU: 2):   8%|██████▏                                                                      | 2/25 [00:00<00:02,  9.18it/s]Generating walks (CPU: 4):   0%|                                                                                     | 0/25 [00:00<?, ?it/s]Generating walks (CPU: 1):  16%|████████████▎                                                                | 4/25 [00:00<00:03,  6.05it/s]Generating walks (CPU: 3):   8%|██████▏                                                                      | 2/25 [00:00<00:02,  9.19it/s]Generating walks (CPU: 2):  12%|█████████▏                                                                   | 3/25 [00:00<00:03,  6.46it/s]Generating walks (CPU: 4):   8%|██████▏                                                                      | 2/25 [00:00<00:02,  9.18it/s]Generating walks (CPU: 1):  20%|███████████████▍                                                             | 5/25 [00:00<00:03,  5.57it/s]Generating walks (CPU: 3):  12%|█████████▏                                                                   | 3/25 [00:00<00:03,  6.50it/s]Generating walks (CPU: 2):  16%|████████████▎                                                                | 4/25 [00:00<00:03,  5.52it/s]Generating walks (CPU: 4):  12%|█████████▏                                                                   | 3/25 [00:00<00:03,  6.43it/s]Generating walks (CPU: 1):  24%|██████████████████▍                                                          | 6/25 [00:01<00:03,  5.20it/s]Generating walks (CPU: 3):  16%|████████████▎                                                                | 4/25 [00:00<00:03,  5.69it/s]Generating walks (CPU: 2):  20%|███████████████▍                                                             | 5/25 [00:00<00:03,  5.11it/s]Generating walks (CPU: 4):  16%|████████████▎                                                                | 4/25 [00:00<00:03,  5.49it/s]Generating walks (CPU: 1):  28%|█████████████████████▌                                                       | 7/25 [00:01<00:03,  5.01it/s]Generating walks (CPU: 3):  20%|███████████████▍                                                             | 5/25 [00:00<00:03,  5.32it/s]Generating walks (CPU: 2):  24%|██████████████████▍                                                          | 6/25 [00:01<00:03,  5.07it/s]Generating walks (CPU: 4):  20%|███████████████▍                                                             | 5/25 [00:00<00:03,  5.06it/s]Generating walks (CPU: 2):  28%|█████████████████████▌                                                       | 7/25 [00:01<00:03,  5.23it/s]Generating walks (CPU: 1):  32%|████████████████████████▋                                                    | 8/25 [00:01<00:03,  4.92it/s]Generating walks (CPU: 3):  24%|██████████████████▍                                                          | 6/25 [00:01<00:03,  5.11it/s]Generating walks (CPU: 2):  32%|████████████████████████▋                                                    | 8/25 [00:01<00:03,  5.59it/s]Generating walks (CPU: 3):  28%|█████████████████████▌                                                       | 7/25 [00:01<00:03,  5.38it/s]Generating walks (CPU: 1):  36%|███████████████████████████▋                                                 | 9/25 [00:01<00:0