[I 2026-03-06 17:45:33,389] Trial 49 finished with value: 0.8095835458966771 and parameters: {'learning_rate': 0.015638870156602494, 'max_depth': 5, 'min_child_weight': 11, 'subsample': 0.7719433346365597, 'colsample_bytree': 0.8557614519310484, 'reg_alpha': 0.04953194937774938, 'reg_lambda': 0.0014421306800799802}. Best is trial 23 with value: 0.8190678388826538.
Entraînement du modèle Skip-gram...
Extraction des features pour 2375 liens positifs...
Génération de 23750 non-liens (ratio 10.0)...
DataFrame créé avec succès : 26125 lignes.
Extraction des features pour 594 liens positifs...
Génération de 14850 non-liens (ratio 25.0)...
DataFrame créé avec succès : 15444 lignes.
Features détectées (23) : ['cn', 'aa', 'jc', 'pa', 'sp', 'pr_u', 'pr_v', 'lcc_u', 'lcc_v', 'and_u', 'and_v', 'dc_u', 'dc_v', 'louvain_density', 'same_louvain', 'infomap_density', 'same_infomap', 'sbm_density', 'same_sbm', 'n2v_homophily_cos', 'n2v_homophily_dist', 'deepwalk_cos', 'deepwalk_dist']

================================================================================
               RÉSULTATS OPTUNA : BASELINE VS TOP CONFIGURATIONS                
================================================================================
 Trial  Avg_AUC  Std_AUC  Avg_AP  Delta_AUC
     0 0.681945      0.0 0.19844   0.318055
--------------------------------------------------------------------------------
 Trial  Avg_AUC  Std_AUC   Avg_AP  Delta_AUC
    23 0.819068      0.0 0.306471   0.180900
    15 0.818155      0.0 0.304753   0.181806
    11 0.817444      0.0 0.306626   0.182449
    46 0.817133      0.0 0.305011   0.182825
    33 0.813984      0.0 0.309076   0.185953
    41 0.812804      0.0 0.302243   0.187094
    31 0.810982      0.0 0.299389   0.188911
    49 0.809584      0.0 0.302462   0.190360
    12 0.808796      0.0 0.297105   0.191097
    13 0.807826      0.0 0.296730   0.192069
================================================================================
Résultats sauvegardés dans : outputs/results/optuna_results_artificial_graph_sbm_0_30_pos_0_70.csv
{'learning_rate': 0.027644960996154263, 'max_depth': 5, 'min_child_weight': 12, 'subsample': 0.7405256934957399, 'colsample_bytree': 0.8212728175967602, 'reg_alpha': 0.17919869194892862, 'reg_lambda': 0.0010646786242329612, 'tree_method': 'hist', 'n_estimators': 150}

--- Enrichissement du Graphe avec les Métriques de Structure ---
Calcul : PageRank, Clustering, Average Neighbor Degree, Degree Centrality

--- Enrichissement du Graphe avec les Communautés ---
Calcul des communautés via louvain...
Calcul des communautés via infomap...
Calcul des communautés via sbm...

--- Enrichissement du Graphe avec les Embeddings ---
Calcul des embeddings via n2v_homophily...
Calcul de Node2Vec (p=2, q=0.5)...
Génération des marches aléatoires (dim=64)...
Computing transition probabilities:   0%|                                                                          | 0/1000 [00:00<?, ?it/s]Computing transition probabilities:  46%|████████████████████████████▎                                 | 457/1000 [00:00<00:00, 4562.80it/s]Computing transition probabilities:  95%|██████████████████████████████████████████████████████████▉   | 950/1000 [00:00<00:00, 4775.41it/s]Computing transition probabilities: 100%|█████████████████████████████████████████████████████████████| 1000/1000 [00:00<00:00, 4768.00it/s]
Generating walks (CPU: 1):   0%|                                                                                     | 0/25 [00:00<?, ?it/s]Generating walks (CPU: 2):   0%|                                                                                     | 0/25 [00:00<?, ?it/s]Generating walks (CPU: 1):   8%|██████▏                                                                      | 2/25 [00:00<00:02,  9.33it/s]Generating walks (CPU: 3):   0%|                                                                                     | 0/25 [00:00<?, ?it/s]Generating walks (CPU: 2):   8%|██████▏                                                                      | 2/25 [00:00<00:02,  9.04it/s]Generating walks (CPU: 4):   0%|                                                                                     | 0/25 [00:00<?, ?it/s]Generating walks (CPU: 1):  12%|█████████▏                                                                   | 3/25 [00:00<00:03,  6.19it/s]Generating walks (CPU: 3):   8%|██████▏                                                                      | 2/25 [00:00<00:02, 11.19it/s]Generating walks (CPU: 2):  12%|█████████▏                                                                   | 3/25 [00:00<00:03,  6.49it/s]Generating walks (CPU: 1):  16%|████████████▎                                                                | 4/25 [00:00<00:03,  6.08it/s]Generating walks (CPU: 4):   8%|██████▏                                                                      | 2/25 [00:00<00:02,  9.28it/s]Generating walks (CPU: 2):  16%|████████████▎                                                                | 4/25 [00:00<00:03,  6.35it/s]Generating walks (CPU: 1):  20%|███████████████▍                                                             | 5/25 [00:00<00:03,  6.11it/s]Generating walks (CPU: 3):  16%|████████████▎                                                                | 4/25 [00:00<00:02,  7.51it/s]Generating walks (CPU: 4):  12%|█████████▏                                                                   | 3/25 [00:00<00:03,  6.54it/s]Generating walks (CPU: 2):  20%|███████████████▍                                                             | 5/25 [00:00<00:03,  6.28it/s]Generating walks (CPU: 1):  24%|██████████████████▍                                                          | 6/25 [00:00<00:03,  6.11it/s]Generating walks (CPU: 3):  20%|███████████████▍                                                             | 5/25 [00:00<00:02,  7.04it/s]Generating walks (CPU: 2):  24%|██████████████████▍                                                          | 6/25 [00:00<00:03,  6.22it/s]Generating walks (CPU: 4):  16%|████████████▎                                                                | 4/25 [00:00<00:03,  5.56it/s]Generating walks (CPU: 1):  28%|█████████████████████▌                                                       | 7/25 [00:01<00:02,  6.08it/s]Generating walks (CPU: 3):  24%|██████████████████▍                                                          | 6/25 [00:00<00:02,  6.73it/s]Generating walks (CPU: 2):  28%|█████████████████████▌                                                       | 7/25 [00:01<00:02,  6.11it/s]Generating walks (CPU: 3):  28%|█████████████████████▌                                                       | 7/25 [00:01<00:02,  6.47it/s]Generating walks (CPU: 1):  32%|████████████████████████▋                                                    | 8/25 [00:01<00:02,  5.98it/s]Generating walks (CPU: 4):  20%|███████████████▍                                                             | 5/25 [00:00<00:03,  5.12it/s]Generating walks (CPU: 2):  32%|████████████████████████▋                                                    | 8/25 [00:01<00:02,  6.08it/s]Generating walks (CPU: 3):  32%|████████████████████████▋                                                    | 8/25 [00:01<00:02,  6.36it/s]Generating walks (CPU: 1):  36%|███████████████████████████▋                                                 | 9/25 [00:01<00:02,  6.03it/s]Generating walks (CPU: 4):  24%|██████████████████▍                                                          | 6/25 [00:01<00:03,  4.86it/s]Generating walks (CPU: 2):  36%|███████████████████████████▋                                                 | 9/25 [00:01<00:02,  6.06it/s]Generating walks (CPU: 1):  40%|██████████████████████████████▍                                             | 10/25 [00:01<00:02,  6.04it/s]Generating walks (CPU: 3):  36%|███████████████████████████▋                                                 | 9/25 [00:01<00:02,  6.23it/s]Generating walks (CPU: 2):  40%|██████████████████████████████▍                                             | 10/25 [00:01<00:02,  6.06it/s]Generating walks (CPU: 3):  40%|██████████████████████████████▍                                             | 10/25 [00:01<00:02,  6.17it/s]Generating walks (CPU: 4):  28%|█████████████████████▌                                                       | 7/25 [00:01<00:03,  4.67it/s]Generating walks (CPU: 1):  44%|█████████████████████████████████▍                                          | 11/25 [00:01<00:02,  5.50it/s]Generating walks (CPU: 2):  44%|█████████████████████████████████▍                                          | 11/25 [00:01<00:02,  6.06it/s]Generating walks (CPU: 3):  44%|█████████████████████████████████▍                                          | 11/25 [00:01<00:02,  6.03it/s]Generating walks (CPU: 4):  32%|████████████████████████▋                                                    | 8/25 [00:01<00:03,  4.58it/s]Generating walks (CPU: 2):  48%|████████████████████████████████████▍                                       | 12/25 [00:01<00:02,  6.40it/s]Generating walks (CPU: 1):  48%|████████████████████████████████████▍                                       | 12/25 [00:02<00:02,  5.13it/s]Generating walks (CPU: 3):  48%|████████████████████████████████████▍                                       | 12/25 [00:01<00:02,  6.23it/s]Generating walks (CPU: 2):  52%|███████████████████████████████████████▌                                    | 13/25 [00:02<00:01,  6.62it/s]Generating walks (CPU: 3):  52%|███████████████████████████████████████▌                                    | 13/25 [00:01<00:01,  6.59it/s]Generating walks (CPU: 4):  36%|███████████████████████████▋                                                 | 9/25 [00:01<00:03,  4.54it/s]Generating walks (CPU: 1):  52%|███████████████████████████████████████▌                                    | 13/25 [00:02<00:02,  4.95it/s]Generating walks (CPU: 2):  56%|██████████████████████████████████████████▌                                 | 14/25 [00:02<00:01,  6.85it/s]Generating walks (CPU: 3):  56%|██████████████████████████████████████████▌                                 | 14/25 [00:02<00:01,  7.07it/s]Generating walks (CPU: 4):  40%|██████████████████████████████▍                                             | 10/25 [00:01<00:03,  4.65it/s]Generating walks (CPU: 3):  60%|█████████████████████████████████████████████▌                              | 15/25 [00:02<00:01,  7.49it/s]Generating walks (CPU: 2):  60%|█████████████████████████████████████████████▌                              | 15/25 [00:02<00:01,  6.78it/s]Generating walks (CPU: 1):  56%|██████████████████████████████████████████▌                                 | 14/25 [00:02<00:02,  4.74it/s]Generating walks (CPU: 3):  64%|████████████████████████████████████████████████▋                           | 16/25 [00:02<00:01,  8.08it/s]Generating walks (CPU: 2):  64%|████████████████████████████████████████████████▋                           | 16/25 [00:02<00:01,  6.99it/s]Generating walks (CPU: 4):  44%|█████████████████████████████████▍                                          | 11/25 [00:02<00:03,  4.64it/s]Generating walks (CPU: 3):  68%|███████████████████████████████████████████████████▋                        | 17/25 [00:02<00:00,  8.57it/s]Generating walks (CPU: 1):  60%|█████████████████████████████████████████████▌                              | 15/25 [00:02<00:02,  4.71it/s]Generating walks (CPU: 2):  68%|███████████████████████████████████████████████████▋                        | 17/25 [00:02<00:01,  6.94it/s]Generating walks (CPU: 3):  76%|█████████████████████████████████████████████████████████▊                  | 19/25 [00:02<00:00,  9.21it/s]Generating walks (CPU: 4):  48%|████████████████████████████████████▍                                       | 12/25 [00:02<00:02,  4.55it/s]Generating walks (CPU: 1):  64%|████████████████████████████████████████████████▋                           | 16/25 [00:02<00:01,  4.62it/s]Generating walks (CPU: 2):  72%|██████████████████████████████████████████████████████▋                     | 18/25 [00:02<00:01,  5.97it/s]Generating walks (CPU: 3):  84%|███████████████████████████████████████████████████████████████▊            | 21/25 [00:02<00:00,  9.55it/s]Generating walks (CPU: 4):  52%|███████████████████████████████████████▌                                    | 13/25 [00:02<00:02,  4.59it/s]Generating walks (CPU: 1):  68%|███████████████████████████████████████████████████▋                        | 17/25 [00:03<00:01,  4.95it/s]Generating walks (CPU: 2):  76%|█████████████████████████████████████████████████████████▊                  | 19/25 [00:03<00:01,  5.48it/s]Generating walks (CPU: 3):  92%|█████████████████████████████████████████████████████████████████████▉      | 23/25 [00:02<00:00,  9.70it/s]Generating walks (CPU: 1):  72%|██████████████████████████████████████████████████████▋                     | 18/25 [00:03<00:01,  5.21it/s]Generating walks (CPU: 4):  56%|██████████████████████████████████████████▌                                 | 14/25 [00:02<00:02,  4.61it/s]Generating walks (CPU: 2):  80%|████████████████████████████████████████████████████████████▊               | 20/25 [00:03<00:00,  5.45it/s]Generating walks (CPU: 1):  76%|█████████████████████████████████████████████████████████▊                  | 19/25 [00:03<00:01,  5.42it/s]Generating walks (CPU: 3): 100%|████████████████████████████████████████████████████████████████████████████| 25/25 [00:03<00:00,  9.83it/s]Generating walks (CPU: 4):  60%|█████████████████████████████████████████████▌                              | 15/25 [00:03<00:02,  4.60it/s]Generating walks (CPU: 2):  84%|███████████████████████████████████████████████████████████████▊            | 21/25 [00:03<00:00,  5.54it/s]Generating walks (CPU: 3): 100%|████████████████████████████████████████████████████████████████████████████| 25/25 [00:03<00:00,  7.62it/s]
Generating walks (CPU: 1):  80%|████████████████████████████████████████████████████████████▊               | 20/25 [00:03<00:00,  5.55it/s]Generating walks (CPU: 2):  88%|██████████████████████████████████████████████████████████████████▉         | 22/25 [00:03<00:00,  5.62it/s]Generating walks (CPU: 4):  64%|████████████████████████████████████████████████▋                           | 16/25 [00:03<00:01,  4.51it/s]Generating walks (CPU: 1):  84%|███████████████████████████████████████████████████████████████▊            | 21/25 [00:03<00:00,  5.67it/s]Generating walks (CPU: 2):  92%|█████████████████████████████████████████████████████████████████████▉      | 23/25 [00:03<00:00,  5.54it/s]Generating walks (CPU: 1):  88%|██████████████████████████████████████████████████████████████████▉         | 22/25 [00:03<00:00,  5.78it/s]Generating walks (CPU: 4):  68%|███████████████████████████████████████████████████▋                        | 17/25 [00:03<00:01,  4.38it/s]Generating walks (CPU: 2):  96%|████████████████████████████████████████████████████████████████████████▉   | 24/25 [00:03<00:00,  5.66it/s]Generating walks (CPU: 1):  92%|█████████████████████████████████████████████████████████████████████▉      | 23/25 [00:04<00:00,  5.85it/s]Generating walks (CPU: 4):  72%|██████████████████████████████████████████████████████▋                     | 18/25 [00:03<00:01,  4.38it/s]Generating walks (CPU: 2): 100%|████████████████████████████████████████████████████████████████████████████| 25/25 [00:04<00:00,  5.77it/s]Generating walks (CPU: 1):  96%|████████████████████████████████████████████████████████████████████████▉   | 24/25 [00:04<00:00,  5.87it/s]Generating walks (CPU: 2): 100%|████████████████████████████████████████████████████████████████████████████| 25/25 [00:04<00:00,  5.88it/s]
Generating walks (CPU: 1): 100%|████████████████████████████████████████████████████████████████████████████| 25/25 [00:04<00:00,  5.94it/s]Generating walks (CPU: 4):  76%|█████████████████████████████████████████████████████████▊                  | 19/25 [00:04<00:01,  4.39it/s]Generating walks (CPU: 1): 100%|████████████████████████████████████████████████████████████████████████████| 25/25 [00:04<00:00,  5.41it/s]
Generating walks (CPU: 4):  80%|████████████████████████████████████████████████████████████▊               | 20/25 [00:04<00:01,  4.38it/s]Generating walks (CPU: 4):  84%|███████████████████████████████████████████████████████████████▊            | 21/25 [00:04<00:00,  4.39it/s]Generating walks (CPU: 4):  88%|██████████████████████████████████████████████████████████████████▉         | 22/25 [00:04<00:00,  4.39it/s]Generating walks (CPU: 4):  92%|█████████████████████████████████████████████████████████████████████▉      | 23/25 [00:04<00:00,  4.37it/s]Generating walks (CPU: 4):  96%|████████████████████████████████████████████████████████████████████████▉   | 24/25 [00:05<00:00,  4.52it/s]Generating walks (CPU: 4): 100%|████████████████████████████████████████████████████████████████████████████| 25/25 [00:05<00:00,  4.79it/s]Generating walks (CPU: 4): 100%|████████████████████████████████████████████████████████████████████████████| 25/25 [00:05<00:00,  4.57it/s]
Entraînement du modèle Skip-gram...
Calcul des embeddings via deepwalk...
Calcul de Node2Vec (p=1, q=1)...
Génération des marches aléatoires (dim=64)...
Computing transition probabilities:   0%|                                                                          | 0/1000 [00:00<?, ?it/s]Computing transition probabilities:  41%|█████████████████████████▏                                    | 407/1000 [00:00<00:00, 4066.52it/s]Computing transition probabilities:  82%|██████████████████████████████████████████████████▊           | 819/1000 [00:00<00:00, 4091.92it/s]Computing transition probabilities: 100%|█████████████████████████████████████████████████████████████| 1000/1000 [00:00<00:00, 4083.59it/s]
Generating walks (CPU: 1):   0%|                                                                                     | 0/25 [00:00<?, ?it/s]Generating walks (CPU: 2):   0%|                                                                                     | 0/25 [00:00<?, ?it/s]Generating walks (CPU: 1):   8%|██████▏                                                                      | 2/25 [00:00<00:03,  7.51it/s]Generating walks (CPU: 2):   8%|██████▏                                                                      | 2/25 [00:00<00:01, 12.19it/s]Generating walks (CPU: 3):   0%|                                                                                     | 0/25 [00:00<?, ?it/s]Generating walks (CPU: 1):  12%|█████████▏                                                                   | 3/25 [00:00<00:03,  5.93it/s]Generating walks (CPU: 3):   8%|██████▏                                                                      | 2/25 [00:00<00:01, 12.41it/s]Generating walks (CPU: 4):   0%|                                                                                     | 0/25 [00:00<?, ?it/s]Generating walks (CPU: 1):  16%|████████████▎                                                                | 4/25 [00:00<00:03,  5.41it/s]Generating walks (CPU: 2):  16%|████████████▎                                                                | 4/25 [00:00<00:02,  7.03it/s]Generating walks (CPU: 4):   8%|██████▏                                                                      | 2/25 [00:00<00:02,  8.67it/s]Generating walks (CPU: 3):  16%|████████████▎                                                                | 4/25 [00:00<00:02,  7.80it/s]Generating walks (CPU: 1):  20%|███████████████▍                                                             | 5/25 [00:00<00:03,  5.14it/s]Generating walks (CPU: 2):  20%|███████████████▍                                                             | 5/25 [00:00<00:03,  6.12it/s]Generating walks (CPU: 3):  20%|███████████████▍                                                             | 5/25 [00:00<00:02,  7.25it/s]Generating walks (CPU: 4):  12%|█████████▏                                                                   | 3/25 [00:00<00:03,  6.17it/s]Generating walks (CPU: 1):  24%|██████████████████▍                                                          | 6/25 [00:01<00:03,  4.96it/s]Generating walks (CPU: 2):  24%|██████████████████▍                                                          | 6/25 [00:00<00:03,  5.55it/s]Generating walks (CPU: 3):  24%|██████████████████▍                                                          | 6/25 [00:00<00:02,  6.88it/s]Generating walks (CPU: 4):  16%|████████████▎                                                                | 4/25 [00:00<00:03,  5.35it/s]Generating walks (CPU: 1):  28%|█████████████████████▌                                                       | 7/25 [00:01<00:03,  4.85it/s]Generating walks (CPU: 3):  28%|█████████████████████▌                                                       | 7/25 [00:00<00:02,  6.64it/s]Generating walks (CPU: 2):  28%|█████████████████████▌                                                       | 7/25 [00:01<00:03,  5.22it/s]Generating walks (CPU: 3):  32%|████████████████████████▋                                                    | 8/25 [00:01<00:02,  6.46it/s]Generating walks (CPU: 4):  20%|███████████████▍                                                             | 5/25 [00:00<00:04,  4.92it/s]Generating walks (CPU: 1):  32%|████████████████████████▋                                                    | 8/25 [00:01<00:03,  4.69it/s]Generating walks (CPU: 2):  32%|████████████████████████▋                                                    | 8/25 [00:01<00:03,  4.99it/s]Generating walks (CPU: 3):  36%|███████████████████████████▋                                                 | 9/25 [00:01<00