[I 2026-03-06 18:56:55,079] Trial 49 finished with value: 0.812043839064041 and parameters: {'learning_rate': 0.018893434073119435, 'max_depth': 4, 'min_child_weight': 7, 'subsample': 0.999760123391212, 'colsample_bytree': 0.9423493839130221, 'reg_alpha': 0.1304360740343954, 'reg_lambda': 2.077812569405292}. Best is trial 43 with value: 0.8618996927751137.
Entraînement du modèle Skip-gram...
Extraction des features pour 2375 liens positifs...
Génération de 23750 non-liens (ratio 10.0)...
DataFrame créé avec succès : 26125 lignes.
Extraction des features pour 594 liens positifs...
Génération de 14850 non-liens (ratio 25.0)...
DataFrame créé avec succès : 15444 lignes.
Features détectées (23) : ['cn', 'aa', 'jc', 'pa', 'sp', 'pr_u', 'pr_v', 'lcc_u', 'lcc_v', 'and_u', 'and_v', 'dc_u', 'dc_v', 'louvain_density', 'same_louvain', 'infomap_density', 'same_infomap', 'sbm_density', 'same_sbm', 'n2v_homophily_cos', 'n2v_homophily_dist', 'deepwalk_cos', 'deepwalk_dist']

================================================================================
               RÉSULTATS OPTUNA : BASELINE VS TOP CONFIGURATIONS                
================================================================================
 Trial  Avg_AUC  Std_AUC   Avg_AP  Delta_AUC
     0 0.809951      0.0 0.392762   0.190049
--------------------------------------------------------------------------------
 Trial  Avg_AUC  Std_AUC   Avg_AP  Delta_AUC
    43 0.861900      0.0 0.445936   0.138077
    31 0.858489      0.0 0.444190   0.141478
    20 0.857316      0.0 0.440996   0.142637
    22 0.856341      0.0 0.443869   0.143625
    46 0.855533      0.0 0.441066   0.144427
    18 0.854798      0.0 0.442497   0.145146
    41 0.854253      0.0 0.441488   0.145715
    47 0.853594      0.0 0.440445   0.146364
    42 0.853158      0.0 0.437665   0.146811
    25 0.852974      0.0 0.440061   0.146995
================================================================================
Résultats sauvegardés dans : outputs/results/optuna_results_artificial_graph_sbm_0_75_pos_0_25.csv
{'learning_rate': 0.0344193751950203, 'max_depth': 9, 'min_child_weight': 12, 'subsample': 0.9204276062622075, 'colsample_bytree': 0.8967775131591968, 'reg_alpha': 0.2462951988612234, 'reg_lambda': 0.14434956873863622, 'tree_method': 'hist', 'n_estimators': 150}

--- Enrichissement du Graphe avec les Métriques de Structure ---
Calcul : PageRank, Clustering, Average Neighbor Degree, Degree Centrality

--- Enrichissement du Graphe avec les Communautés ---
Calcul des communautés via louvain...
Calcul des communautés via infomap...
Calcul des communautés via sbm...

--- Enrichissement du Graphe avec les Embeddings ---
Calcul des embeddings via n2v_homophily...
Calcul de Node2Vec (p=2, q=0.5)...
Génération des marches aléatoires (dim=64)...
Computing transition probabilities:   0%|                                                                          | 0/1000 [00:00<?, ?it/s]Computing transition probabilities:  67%|█████████████████████████████████████████▋                    | 672/1000 [00:00<00:00, 6710.38it/s]Computing transition probabilities: 100%|█████████████████████████████████████████████████████████████| 1000/1000 [00:00<00:00, 6821.03it/s]
Generating walks (CPU: 1):   0%|                                                                                     | 0/25 [00:00<?, ?it/s]Generating walks (CPU: 2):   0%|                                                                                     | 0/25 [00:00<?, ?it/s]Generating walks (CPU: 1):   8%|██████▏                                                                      | 2/25 [00:00<00:02,  9.29it/s]Generating walks (CPU: 3):   0%|                                                                                     | 0/25 [00:00<?, ?it/s]Generating walks (CPU: 2):   8%|██████▏                                                                      | 2/25 [00:00<00:01, 12.43it/s]Generating walks (CPU: 1):  12%|█████████▏                                                                   | 3/25 [00:00<00:03,  6.52it/s]Generating walks (CPU: 4):   0%|                                                                                     | 0/25 [00:00<?, ?it/s]Generating walks (CPU: 3):   8%|██████▏                                                                      | 2/25 [00:00<00:02,  8.89it/s]Generating walks (CPU: 1):  16%|████████████▎                                                                | 4/25 [00:00<00:03,  5.75it/s]Generating walks (CPU: 4):   8%|██████▏                                                                      | 2/25 [00:00<00:01, 12.26it/s]Generating walks (CPU: 2):  16%|████████████▎                                                                | 4/25 [00:00<00:02,  7.59it/s]Generating walks (CPU: 3):  12%|█████████▏                                                                   | 3/25 [00:00<00:03,  6.29it/s]Generating walks (CPU: 1):  20%|███████████████▍                                                             | 5/25 [00:00<00:03,  5.90it/s]Generating walks (CPU: 2):  20%|███████████████▍                                                             | 5/25 [00:00<00:02,  7.16it/s]Generating walks (CPU: 1):  24%|██████████████████▍                                                          | 6/25 [00:00<00:03,  6.01it/s]Generating walks (CPU: 4):  16%|████████████▎                                                                | 4/25 [00:00<00:02,  7.81it/s]Generating walks (CPU: 2):  24%|██████████████████▍                                                          | 6/25 [00:00<00:02,  6.88it/s]Generating walks (CPU: 3):  16%|████████████▎                                                                | 4/25 [00:00<00:03,  5.50it/s]Generating walks (CPU: 1):  28%|█████████████████████▌                                                       | 7/25 [00:01<00:02,  6.04it/s]Generating walks (CPU: 4):  20%|███████████████▍                                                             | 5/25 [00:00<00:02,  7.27it/s]Generating walks (CPU: 2):  28%|█████████████████████▌                                                       | 7/25 [00:00<00:02,  6.70it/s]Generating walks (CPU: 3):  20%|███████████████▍                                                             | 5/25 [00:00<00:03,  5.31it/s]Generating walks (CPU: 1):  32%|████████████████████████▋                                                    | 8/25 [00:01<00:02,  6.06it/s]Generating walks (CPU: 4):  24%|██████████████████▍                                                          | 6/25 [00:00<00:02,  6.94it/s]Generating walks (CPU: 2):  32%|████████████████████████▋                                                    | 8/25 [00:01<00:02,  6.56it/s]Generating walks (CPU: 3):  24%|██████████████████▍                                                          | 6/25 [00:01<00:03,  5.43it/s]Generating walks (CPU: 1):  36%|███████████████████████████▋                                                 | 9/25 [00:01<00:02,  6.10it/s]Generating walks (CPU: 4):  28%|█████████████████████▌                                                       | 7/25 [00:00<00:02,  6.74it/s]Generating walks (CPU: 2):  36%|███████████████████████████▋                                                 | 9/25 [00:01<00:02,  6.47it/s]Generating walks (CPU: 3):  28%|█████████████████████▌                                                       | 7/25 [00:01<00:03,  5.73it/s]Generating walks (CPU: 1):  40%|██████████████████████████████▍                                             | 10/25 [00:01<00:02,  6.11it/s]Generating walks (CPU: 4):  32%|████████████████████████▋                                                    | 8/25 [00:01<00:02,  6.56it/s]Generating walks (CPU: 2):  40%|██████████████████████████████▍                                             | 10/25 [00:01<00:02,  6.40it/s]Generating walks (CPU: 3):  32%|████████████████████████▋                                                    | 8/25 [00:01<00:02,  6.14it/s]Generating walks (CPU: 1):  44%|█████████████████████████████████▍                                          | 11/25 [00:01<00:02,  6.09it/s]Generating walks (CPU: 4):  36%|███████████████████████████▋                                                 | 9/25 [00:01<00:02,  6.43it/s]Generating walks (CPU: 3):  36%|███████████████████████████▋                                                 | 9/25 [00:01<00:02,  6.66it/s]Generating walks (CPU: 2):  44%|█████████████████████████████████▍                                          | 11/25 [00:01<00:02,  6.36it/s]Generating walks (CPU: 3):  40%|██████████████████████████████▍                                             | 10/25 [00:01<00:02,  7.24it/s]Generating walks (CPU: 4):  40%|██████████████████████████████▍                                             | 10/25 [00:01<00:02,  6.36it/s]Generating walks (CPU: 1):  48%|████████████████████████████████████▍                                       | 12/25 [00:01<00:02,  6.02it/s]Generating walks (CPU: 2):  48%|████████████████████████████████████▍                                       | 12/25 [00:01<00:02,  6.32it/s]Generating walks (CPU: 3):  44%|█████████████████████████████████▍                                          | 11/25 [00:01<00:01,  7.83it/s]Generating walks (CPU: 4):  44%|█████████████████████████████████▍                                          | 11/25 [00:01<00:02,  6.32it/s]Generating walks (CPU: 3):  48%|████████████████████████████████████▍                                       | 12/25 [00:01<00:01,  8.20it/s]Generating walks (CPU: 1):  52%|███████████████████████████████████████▌                                    | 13/25 [00:02<00:02,  5.43it/s]Generating walks (CPU: 2):  52%|███████████████████████████████████████▌                                    | 13/25 [00:01<00:02,  5.62it/s]Generating walks (CPU: 4):  48%|████████████████████████████████████▍                                       | 12/25 [00:01<00:02,  6.41it/s]Generating walks (CPU: 3):  52%|███████████████████████████████████████▌                                    | 13/25 [00:01<00:01,  7.91it/s]Generating walks (CPU: 1):  56%|██████████████████████████████████████████▌                                 | 14/25 [00:02<00:01,  5.58it/s]Generating walks (CPU: 3):  56%|██████████████████████████████████████████▌                                 | 14/25 [00:02<00:01,  8.36it/s]Generating walks (CPU: 2):  56%|██████████████████████████████████████████▌                                 | 14/25 [00:02<00:02,  5.33it/s]Generating walks (CPU: 4):  52%|███████████████████████████████████████▌                                    | 13/25 [00:01<00:02,  5.95it/s]Generating walks (CPU: 3):  60%|█████████████████████████████████████████████▌                              | 15/25 [00:02<00:01,  8.73it/s]Generating walks (CPU: 1):  60%|█████████████████████████████████████████████▌                              | 15/25 [00:02<00:01,  5.69it/s]Generating walks (CPU: 4):  56%|██████████████████████████████████████████▌                                 | 14/25 [00:02<00:01,  6.63it/s]Generating walks (CPU: 2):  60%|█████████████████████████████████████████████▌                              | 15/25 [00:02<00:01,  5.51it/s]Generating walks (CPU: 3):  64%|████████████████████████████████████████████████▋                           | 16/25 [00:02<00:01,  8.98it/s]Generating walks (CPU: 4):  60%|█████████████████████████████████████████████▌                              | 15/25 [00:02<00:01,  7.35it/s]Generating walks (CPU: 1):  64%|████████████████████████████████████████████████▋                           | 16/25 [00:02<00:01,  5.86it/s]Generating walks (CPU: 3):  68%|███████████████████████████████████████████████████▋                        | 17/25 [00:02<00:00,  9.15it/s]Generating walks (CPU: 2):  64%|████████████████████████████████████████████████▋                           | 16/25 [00:02<00:01,  5.67it/s]Generating walks (CPU: 3):  72%|██████████████████████████████████████████████████████▋                     | 18/25 [00:02<00:00,  9.31it/s]Generating walks (CPU: 1):  68%|███████████████████████████████████████████████████▋                        | 17/25 [00:02<00:01,  6.25it/s]Generating walks (CPU: 4):  68%|███████████████████████████████████████████████████▋                        | 17/25 [00:02<00:00,  8.41it/s]Generating walks (CPU: 3):  76%|█████████████████████████████████████████████████████████▊                  | 19/25 [00:02<00:00,  9.43it/s]Generating walks (CPU: 1):  72%|██████████████████████████████████████████████████████▋                     | 18/25 [00:02<00:01,  6.74it/s]Generating walks (CPU: 2):  68%|███████████████████████████████████████████████████▋                        | 17/25 [00:02<00:01,  5.34it/s]Generating walks (CPU: 3):  80%|████████████████████████████████████████████████████████████▊               | 20/25 [00:02<00:00,  9.55it/s]Generating walks (CPU: 1):  76%|█████████████████████████████████████████████████████████▊                  | 19/25 [00:03<00:00,  7.32it/s]Generating walks (CPU: 4):  76%|█████████████████████████████████████████████████████████▊                  | 19/25 [00:02<00:00,  9.08it/s]Generating walks (CPU: 3):  84%|███████████████████████████████████████████████████████████████▊            | 21/25 [00:02<00:00,  9.49it/s]Generating walks (CPU: 1):  80%|████████████████████████████████████████████████████████████▊               | 20/25 [00:03<00:00,  7.93it/s]Generating walks (CPU: 2):  72%|██████████████████████████████████████████████████████▋                     | 18/25 [00:02<00:01,  5.13it/s]Generating walks (CPU: 3):  88%|██████████████████████████████████████████████████████████████████▉         | 22/25 [00:02<00:00,  9.54it/s]Generating walks (CPU: 1):  84%|███████████████████████████████████████████████████████████████▊            | 21/25 [00:03<00:00,  8.39it/s]Generating walks (CPU: 4):  84%|███████████████████████████████████████████████████████████████▊            | 21/25 [00:02<00:00,  9.39it/s]Generating walks (CPU: 3):  92%|█████████████████████████████████████████████████████████████████████▉      | 23/25 [00:02<00:00,  9.62it/s]Generating walks (CPU: 2):  76%|█████████████████████████████████████████████████████████▊                  | 19/25 [00:03<00:01,  4.98it/s]Generating walks (CPU: 3):  96%|████████████████████████████████████████████████████████████████████████▉   | 24/25 [00:03<00:00,  9.70it/s]Generating walks (CPU: 1):  92%|█████████████████████████████████████████████████████████████████████▉      | 23/25 [00:03<00:00,  9.17it/s]Generating walks (CPU: 4):  92%|█████████████████████████████████████████████████████████████████████▉      | 23/25 [00:02<00:00,  9.68it/s]Generating walks (CPU: 3): 100%|████████████████████████████████████████████████████████████████████████████| 25/25 [00:03<00:00,  9.69it/s]Generating walks (CPU: 1):  96%|████████████████████████████████████████████████████████████████████████▉   | 24/25 [00:03<00:00,  9.36it/s]Generating walks (CPU: 2):  80%|████████████████████████████████████████████████████████████▊               | 20/25 [00:03<00:01,  4.86it/s]Generating walks (CPU: 1): 100%|████████████████████████████████████████████████████████████████████████████| 25/25 [00:03<00:00,  9.41it/s]Generating walks (CPU: 4): 100%|████████████████████████████████████████████████████████████████████████████| 25/25 [00:03<00:00,  9.76it/s]Generating walks (CPU: 3): 100%|████████████████████████████████████████████████████████████████████████████| 25/25 [00:03<00:00,  7.51it/s]
Generating walks (CPU: 1): 100%|████████████████████████████████████████████████████████████████████████████| 25/25 [00:03<00:00,  6.69it/s]
Generating walks (CPU: 4): 100%|████████████████████████████████████████████████████████████████████████████| 25/25 [00:03<00:00,  7.68it/s]
Generating walks (CPU: 2):  84%|███████████████████████████████████████████████████████████████▊            | 21/25 [00:03<00:00,  4.95it/s]Generating walks (CPU: 2):  88%|██████████████████████████████████████████████████████████████████▉         | 22/25 [00:03<00:00,  5.10it/s]Generating walks (CPU: 2):  92%|█████████████████████████████████████████████████████████████████████▉      | 23/25 [00:03<00:00,  5.21it/s]Generating walks (CPU: 2):  96%|████████████████████████████████████████████████████████████████████████▉   | 24/25 [00:04<00:00,  5.66it/s]Generating walks (CPU: 2): 100%|████████████████████████████████████████████████████████████████████████████| 25/25 [00:04<00:00,  6.24it/s]Generating walks (CPU: 2): 100%|████████████████████████████████████████████████████████████████████████████| 25/25 [00:04<00:00,  5.72it/s]
Entraînement du modèle Skip-gram...
Calcul des embeddings via deepwalk...
Calcul de Node2Vec (p=1, q=1)...
Génération des marches aléatoires (dim=64)...
Computing transition probabilities:   0%|                                                                          | 0/1000 [00:00<?, ?it/s]Computing transition probabilities:  30%|██████████████████▎                                           | 296/1000 [00:00<00:00, 2959.48it/s]Computing transition probabilities:  86%|█████████████████████████████████████████████████████▏        | 857/1000 [00:00<00:00, 4516.97it/s]Computing transition probabilities: 100%|█████████████████████████████████████████████████████████████| 1000/1000 [00:00<00:00, 4467.87it/s]
Generating walks (CPU: 1):   0%|                                                                                     | 0/25 [00:00<?, ?it/s]Generating walks (CPU: 2):   0%|                                                                                     | 0/25 [00:00<?, ?it/s]Generating walks (CPU: 1):   8%|██████▏                                                                      | 2/25 [00:00<00:02,  9.10it/s]Generating walks (CPU: 3):   0%|                                                                                     | 0/25 [00:00<?, ?it/s]Generating walks (CPU: 2):   8%|██████▏                                                                      | 2/25 [00:00<00:01, 12.42it/s]Generating walks (CPU: 4):   0%|                                                                                     | 0/25 [00:00<?, ?it/s]Generating walks (CPU: 1):  12%|█████████▏                                                                   | 3/25 [00:00<00:03,  6.50it/s]Generating walks (CPU: 3):   8%|██████▏                                                                      | 2/25 [00:00<00:02, 11.32it/s]Generating walks (CPU: 4):   8%|██████▏                                                                      | 2/25 [00:00<00:01, 12.34it/s]Generating walks (CPU: 1):  16%|████████████▎                                                                | 4/25 [00:00<00:03,  5.64it/s]Generating walks (CPU: 2):  16%|████████████▎                                                                | 4/25 [00:00<00:02,  7.42it/s]Generating walks (CPU: 3):  16%|████████████▎                                                                | 4/25 [00:00<00:02,  7.38it/s]Generating walks (CPU: 2):  20%|███████████████▍                                                             | 5/25 [00:00<00:02,  7.03it/s]Generating walks (CPU: 1):  20%|███████████████▍                                                             | 5/25 [00:00<00:03,  5.22it/s]Generating walks (CPU: 4):  16%|████████████▎                                                                | 4/25 [00:00<00:02,  7.04it/s]Generating walks (CPU: 3):  20%|███████████████▍                                                             | 5/25 [00:00<00:02,  6.68it/s]Generating walks (CPU: 2):  24%|██████████████████▍                                                          | 6/25 [00:00<00:03,  6.13it/s]Generating walks (CPU: 1):  24%|██████████████████▍                                                          | 6/25 [00:01<00:03,  5.49it/s]Generating walks (CPU: 3):  24%|██████████████████▍                                                          | 6/25 [00:00<00:02,  6.45it/s]Generating walks (CPU: 4):  20%|███████████████▍                                                             | 5/25 [00:00<00:03,  6.13it/s]Generating walks (CPU: 2):  28%|█████████████████████▌                                                       | 7/25 [00:01<00:02,  6.08it/s]Generating walks (CPU: 1):  28%|█████████████████████▌                                                       | 7/25 [00:01<00:03,  5.64it/s]Generating walks (CPU: 3):  28%|█████████████████████▌                                                       | 7/25 [00:01<00:02,  6.21it/s]Generating walks (CPU: 2):  32%|████████████████████████▋                                                    | 8/25 [00:01<00:02,  6.08it/s]Generating walks (CPU: 1):  32%|████████████████████████▋                                                    | 8/25 [00:01<00:02,  5.76it/s]Generating walks (CPU: 4):  24%|██████████████████▍                                                          | 6/25 [00:00<00:03,  5.62it/s]Generating walks (CPU: 3):  32%|████████████████████████▋                                                    | 8/25 [00:01<00:02,  6.11it/s]Generating walks (CPU: 2):  36%|███████████████████████████▋                                                 | 9/25 [00:01<00:02,  6.15it/s]Generating walks (CPU: 1):  36%|███████████████████████████▋                                                 | 9/25 [00:01<00:02,  5.87it/s]Generating walks (CPU: 4):  28%|█████████████████████▌                                                       | 7/25 [00:01<00:03,  5.32it/s]Generating walks (CPU: 3):  36%|███████████████████████████▋                                                 | 9/25 [00:01<00:02,  6.07it/s]Generating walks (CPU: 2):  40%|██████████████████████████████▍                                             | 10/25 [00:01<00:02,  6.15i