[I 2026-03-06 17:13:42,217] Trial 0 finished with value: 0.8735007979662454 and parameters: {'learning_rate': 0.1, 'max_depth': 6, 'min_child_weight': 6, 'subsample': 1.0, 'colsample_bytree': 1.0, 'reg_alpha': 0.001, 'reg_lambda': 1.0}. Best is trial 0 with value: 0.8735007979662454.
[I 2026-03-06 17:13:42,616] Trial 1 finished with value: 0.8919326601228726 and parameters: {'learning_rate': 0.022874574187940158, 'max_depth': 7, 'min_child_weight': 3, 'subsample': 0.628321436057963, 'colsample_bytree': 0.6546632104482479, 'reg_alpha': 0.5292635906043732, 'reg_lambda': 1.8332813492768165}. Best is trial 1 with value: 0.8919326601228726.
[I 2026-03-06 17:13:43,035] Trial 2 finished with value: 0.8753371654544171 and parameters: {'learning_rate': 0.0631140266042087, 'max_depth': 4, 'min_child_weight': 1, 'subsample': 0.9896440560644296, 'colsample_bytree': 0.8296887106050855, 'reg_alpha': 0.02727762677532611, 'reg_lambda': 0.3857338956314993}. Best is trial 1 with value: 0.8919326601228726.
[I 2026-03-06 17:13:43,509] Trial 3 finished with value: 0.8972010451239321 and parameters: {'learning_rate': 0.023068873721089407, 'max_depth': 9, 'min_child_weight': 6, 'subsample': 0.956314424460751, 'colsample_bytree': 0.6464314827775343, 'reg_alpha': 0.6211244028059251, 'reg_lambda': 0.0967138438491078}. Best is trial 3 with value: 0.8972010451239321.
[I 2026-03-06 17:13:44,071] Trial 4 finished with value: 0.8948162982840195 and parameters: {'learning_rate': 0.021991836306340752, 'max_depth': 7, 'min_child_weight': 11, 'subsample': 0.7797464561866045, 'colsample_bytree': 0.8183403218633781, 'reg_alpha': 5.458547398308124, 'reg_lambda': 0.0060854078699805365}. Best is trial 3 with value: 0.8972010451239321.
[I 2026-03-06 17:13:44,588] Trial 5 finished with value: 0.8972520019772615 and parameters: {'learning_rate': 0.03415188600627872, 'max_depth': 9, 'min_child_weight': 6, 'subsample': 0.8677934067072302, 'colsample_bytree': 0.7473238416855122, 'reg_alpha': 0.0023677513661564016, 'reg_lambda': 2.719682908854468}. Best is trial 5 with value: 0.8972520019772615.
[I 2026-03-06 17:13:45,087] Trial 6 finished with value: 0.9031098933691123 and parameters: {'learning_rate': 0.02611344286756187, 'max_depth': 9, 'min_child_weight': 10, 'subsample': 0.8583079909436395, 'colsample_bytree': 0.8617918024217384, 'reg_alpha': 0.009611782034793815, 'reg_lambda': 0.03821782028570055}. Best is trial 6 with value: 0.9031098933691123.
[I 2026-03-06 17:13:45,459] Trial 7 finished with value: 0.8981902972953887 and parameters: {'learning_rate': 0.025428091214654513, 'max_depth': 3, 'min_child_weight': 9, 'subsample': 0.8828649975674547, 'colsample_bytree': 0.8581916741106477, 'reg_alpha': 0.691086339889788, 'reg_lambda': 0.004726782325153059}. Best is trial 6 with value: 0.9031098933691123.
[I 2026-03-06 17:13:45,904] Trial 8 finished with value: 0.8804286137984607 and parameters: {'learning_rate': 0.03710040685635847, 'max_depth': 8, 'min_child_weight': 11, 'subsample': 0.6348452079717305, 'colsample_bytree': 0.7741669031118597, 'reg_alpha': 0.028388642383462385, 'reg_lambda': 0.01745618817944985}. Best is trial 6 with value: 0.9031098933691123.
[I 2026-03-06 17:13:46,222] Trial 9 finished with value: 0.8728385283525175 and parameters: {'learning_rate': 0.06153178634428032, 'max_depth': 6, 'min_child_weight': 12, 'subsample': 0.8586201855518125, 'colsample_bytree': 0.9298542094154865, 'reg_alpha': 0.18992992735603856, 'reg_lambda': 0.03075597994944781}. Best is trial 6 with value: 0.9031098933691123.
[I 2026-03-06 17:13:46,559] Trial 10 finished with value: 0.901343746910529 and parameters: {'learning_rate': 0.012523374969989658, 'max_depth': 5, 'min_child_weight': 15, 'subsample': 0.72246638151567, 'colsample_bytree': 0.9106248643058534, 'reg_alpha': 0.010911415160961623, 'reg_lambda': 0.18007414557904453}. Best is trial 6 with value: 0.9031098933691123.
[I 2026-03-06 17:13:46,854] Trial 11 finished with value: 0.8998738507167573 and parameters: {'learning_rate': 0.010068732866145146, 'max_depth': 5, 'min_child_weight': 15, 'subsample': 0.7220147733418366, 'colsample_bytree': 0.9087943925116324, 'reg_alpha': 0.00789168272794862, 'reg_lambda': 0.15479657070695843}. Best is trial 6 with value: 0.9031098933691123.
[I 2026-03-06 17:13:47,122] Trial 12 finished with value: 0.8991101193418545 and parameters: {'learning_rate': 0.01162984519351476, 'max_depth': 5, 'min_child_weight': 14, 'subsample': 0.7182775575880411, 'colsample_bytree': 0.9261308829401301, 'reg_alpha': 0.010875061848546207, 'reg_lambda': 0.0011714494600778488}. Best is trial 6 with value: 0.9031098933691123.
[I 2026-03-06 17:13:47,371] Trial 13 finished with value: 0.9019634771555681 and parameters: {'learning_rate': 0.016246205819098167, 'max_depth': 4, 'min_child_weight': 13, 'subsample': 0.7873263046743199, 'colsample_bytree': 0.8845951117280596, 'reg_alpha': 0.0050244767654215195, 'reg_lambda': 0.0806273521569588}. Best is trial 6 with value: 0.9031098933691123.
[I 2026-03-06 17:13:47,641] Trial 14 finished with value: 0.8978967022102959 and parameters: {'learning_rate': 0.015732577177494118, 'max_depth': 3, 'min_child_weight': 9, 'subsample': 0.8135617479529016, 'colsample_bytree': 0.7271442708549193, 'reg_alpha': 0.002759694033338863, 'reg_lambda': 0.048260760020749624}. Best is trial 6 with value: 0.9031098933691123.
[I 2026-03-06 17:13:47,907] Trial 15 finished with value: 0.8991120966033472 and parameters: {'learning_rate': 0.01601030686076045, 'max_depth': 4, 'min_child_weight': 13, 'subsample': 0.9183338793244867, 'colsample_bytree': 0.9984179005564802, 'reg_alpha': 0.05571042616108904, 'reg_lambda': 0.008773046589730977}. Best is trial 6 with value: 0.9031098933691123.
[I 2026-03-06 17:13:48,201] Trial 16 finished with value: 0.87857298213403 and parameters: {'learning_rate': 0.04615627417574298, 'max_depth': 8, 'min_child_weight': 10, 'subsample': 0.7956166318951072, 'colsample_bytree': 0.8568245720091265, 'reg_alpha': 0.0053066984090000555, 'reg_lambda': 8.948263672079003}. Best is trial 6 with value: 0.9031098933691123.
[I 2026-03-06 17:13:48,535] Trial 17 finished with value: 0.8973617682367063 and parameters: {'learning_rate': 0.01882834379206797, 'max_depth': 4, 'min_child_weight': 8, 'subsample': 0.82505608444319, 'colsample_bytree': 0.8751045204866622, 'reg_alpha': 0.14561606097990643, 'reg_lambda': 0.35240793873363835}. Best is trial 6 with value: 0.9031098933691123.
[I 2026-03-06 17:13:48,931] Trial 18 finished with value: 0.8869961725866817 and parameters: {'learning_rate': 0.029007909463722226, 'max_depth': 7, 'min_child_weight': 13, 'subsample': 0.7543438015655841, 'colsample_bytree': 0.6939104409103041, 'reg_alpha': 0.0010306309473819355, 'reg_lambda': 0.0015686000293310737}. Best is trial 6 with value: 0.9031098933691123.
[I 2026-03-06 17:13:49,234] Trial 19 finished with value: 0.9005398488807288 and parameters: {'learning_rate': 0.016378808743803597, 'max_depth': 8, 'min_child_weight': 8, 'subsample': 0.6698447033175072, 'colsample_bytree': 0.7962745521214474, 'reg_alpha': 0.027728861754391432, 'reg_lambda': 0.058195895726247025}. Best is trial 6 with value: 0.9031098933691123.
[I 2026-03-06 17:13:49,522] Trial 20 finished with value: 0.8818276675376032 and parameters: {'learning_rate': 0.040497492668183366, 'max_depth': 3, 'min_child_weight': 12, 'subsample': 0.9179178510234525, 'colsample_bytree': 0.971839185459463, 'reg_alpha': 0.0031884618970488966, 'reg_lambda': 0.01453206346323439}. Best is trial 6 with value: 0.9031098933691123.
[I 2026-03-06 17:13:49,809] Trial 21 finished with value: 0.9021590000706166 and parameters: {'learning_rate': 0.012892736432498563, 'max_depth': 5, 'min_child_weight': 15, 'subsample': 0.7073585273426332, 'colsample_bytree': 0.8792834094884077, 'reg_alpha': 0.013201459509897678, 'reg_lambda': 0.20955087553811835}. Best is trial 6 with value: 0.9031098933691123.
[I 2026-03-06 17:13:50,105] Trial 22 finished with value: 0.9008232186992445 and parameters: {'learning_rate': 0.013614366243703538, 'max_depth': 5, 'min_child_weight': 14, 'subsample': 0.6808055165059488, 'colsample_bytree': 0.8899323879623513, 'reg_alpha': 0.014141132577322187, 'reg_lambda': 0.49268811201041846}. Best is trial 6 with value: 0.9031098933691123.
[I 2026-03-06 17:13:50,476] Trial 23 finished with value: 0.9002064260998518 and parameters: {'learning_rate': 0.01940911939730631, 'max_depth': 4, 'min_child_weight': 13, 'subsample': 0.7599114777915462, 'colsample_bytree': 0.9590404541869382, 'reg_alpha': 0.08244764569699113, 'reg_lambda': 0.11183086517158437}. Best is trial 6 with value: 0.9031098933691123.
[I 2026-03-06 17:13:50,797] Trial 24 finished with value: 0.896945018007203 and parameters: {'learning_rate': 0.010205917085209496, 'max_depth': 6, 'min_child_weight': 15, 'subsample': 0.8342614081033283, 'colsample_bytree': 0.6000984762730737, 'reg_alpha': 0.003243807343394507, 'reg_lambda': 0.031275559846165146}. Best is trial 6 with value: 0.9031098933691123.
[I 2026-03-06 17:13:51,118] Trial 25 finished with value: 0.8959713579549466 and parameters: {'learning_rate': 0.02770825931173981, 'max_depth': 5, 'min_child_weight': 11, 'subsample': 0.6016621483523201, 'colsample_bytree': 0.8353838895263364, 'reg_alpha': 0.02240730490792867, 'reg_lambda': 0.07420629176039362}. Best is trial 6 with value: 0.9031098933691123.
[I 2026-03-06 17:13:51,473] Trial 26 finished with value: 0.9002613939693526 and parameters: {'learning_rate': 0.018461853866602006, 'max_depth': 4, 'min_child_weight': 14, 'subsample': 0.6854224845809433, 'colsample_bytree': 0.7986500060523483, 'reg_alpha': 0.006848421143880426, 'reg_lambda': 0.23926313942015565}. Best is trial 6 with value: 0.9031098933691123.
[I 2026-03-06 17:13:51,795] Trial 27 finished with value: 0.8950247581385496 and parameters: {'learning_rate': 0.014109231531224144, 'max_depth': 6, 'min_child_weight': 10, 'subsample': 0.766431602175521, 'colsample_bytree': 0.88154818954754, 'reg_alpha': 0.0654055642342065, 'reg_lambda': 1.0062170839502436}. Best is trial 6 with value: 0.9031098933691123.
[I 2026-03-06 17:13:52,212] Trial 28 finished with value: 0.8980266365369679 and parameters: {'learning_rate': 0.011373076386823442, 'max_depth': 7, 'min_child_weight': 12, 'subsample': 0.8409676777221995, 'colsample_bytree': 0.8464989375970959, 'reg_alpha': 0.005279848260338722, 'reg_lambda': 0.017983857094122573}. Best is trial 6 with value: 0.9031098933691123.
[I 2026-03-06 17:13:52,526] Trial 29 finished with value: 0.8650395875997459 and parameters: {'learning_rate': 0.0849898499032013, 'max_depth': 6, 'min_child_weight': 7, 'subsample': 0.7982612593246999, 'colsample_bytree': 0.9500897236521937, 'reg_alpha': 0.0015220524513135407, 'reg_lambda': 0.8989661086858324}. Best is trial 6 with value: 0.9031098933691123.
[I 2026-03-06 17:13:52,788] Trial 30 finished with value: 0.8880022597274203 and parameters: {'learning_rate': 0.014491386791585681, 'max_depth': 9, 'min_child_weight': 4, 'subsample': 0.891824124703636, 'colsample_bytree': 0.7607111902694798, 'reg_alpha': 7.050765074855917, 'reg_lambda': 0.0393729299131877}. Best is trial 6 with value: 0.9031098933691123.
[I 2026-03-06 17:13:53,059] Trial 31 finished with value: 0.9025963138196456 and parameters: {'learning_rate': 0.012360090488890198, 'max_depth': 5, 'min_child_weight': 15, 'subsample': 0.7273850175240486, 'colsample_bytree': 0.9014513901646044, 'reg_alpha': 0.011560035418444548, 'reg_lambda': 0.16113547953366242}. Best is trial 6 with value: 0.9031098933691123.
[I 2026-03-06 17:13:53,308] Trial 32 finished with value: 0.9011224066097028 and parameters: {'learning_rate': 0.012326673371046792, 'max_depth': 5, 'min_child_weight': 14, 'subsample': 0.7432841354473059, 'colsample_bytree': 0.9009067342321738, 'reg_alpha': 0.016844693300666746, 'reg_lambda': 0.24753354285679027}. Best is trial 6 with value: 0.9031098933691123.
[I 2026-03-06 17:13:53,563] Trial 33 finished with value: 0.9058020761245675 and parameters: {'learning_rate': 0.017786457782712484, 'max_depth': 4, 'min_child_weight': 15, 'subsample': 0.6995414016198395, 'colsample_bytree': 0.8702524455717154, 'reg_alpha': 0.04589313892315344, 'reg_lambda': 0.7044775740745551}. Best is trial 33 with value: 0.9058020761245675.
[I 2026-03-06 17:13:53,929] Trial 34 finished with value: 0.8928819716121744 and parameters: {'learning_rate': 0.02047123279837862, 'max_depth': 6, 'min_child_weight': 4, 'subsample': 0.6579933756929457, 'colsample_bytree': 0.819949982597658, 'reg_alpha': 0.03808202683306531, 'reg_lambda': 0.6282627726650788}. Best is trial 33 with value: 0.9058020761245675.
[I 2026-03-06 17:13:54,193] Trial 35 finished with value: 0.9026363674881719 and parameters: {'learning_rate': 0.02564901966277214, 'max_depth': 4, 'min_child_weight': 15, 'subsample': 0.7010320958700701, 'colsample_bytree': 0.8619538998172618, 'reg_alpha': 0.22373038022040845, 'reg_lambda': 2.0587409058938904}. Best is trial 33 with value: 0.9058020761245675.
[I 2026-03-06 17:13:54,440] Trial 36 finished with value: 0.8944427088482453 and parameters: {'learning_rate': 0.02375927780584164, 'max_depth': 3, 'min_child_weight': 2, 'subsample': 0.6495902232830594, 'colsample_bytree': 0.9302928715249414, 'reg_alpha': 0.2705491859332813, 'reg_lambda': 3.144171561924344}. Best is trial 33 with value: 0.9058020761245675.
[I 2026-03-06 17:13:54,730] Trial 37 finished with value: 0.8920799378574958 and parameters: {'learning_rate': 0.026728937753745737, 'max_depth': 4, 'min_child_weight': 15, 'subsample': 0.6963580498563995, 'colsample_bytree': 0.8529123492420195, 'reg_alpha': 2.312163411064235, 'reg_lambda': 1.703393838738646}. Best is trial 33 with value: 0.9058020761245675.
[I 2026-03-06 17:13:55,029] Trial 38 finished with value: 0.8845421651013345 and parameters: {'learning_rate': 0.030530133446636736, 'max_depth': 4, 'min_child_weight': 14, 'subsample': 0.7367642179381972, 'colsample_bytree': 0.8131787231689119, 'reg_alpha': 0.4006672596354264, 'reg_lambda': 7.597285902491879}. Best is trial 33 with value: 0.9058020761245675.
[I 2026-03-06 17:13:55,286] Trial 39 finished with value: 0.8948518889908905 and parameters: {'learning_rate': 0.02242083205843255, 'max_depth': 3, 'min_child_weight': 5, 'subsample': 0.9792918537828736, 'colsample_bytree': 0.7803145829064504, 'reg_alpha': 0.872601315961571, 'reg_lambda': 4.294823289324334}. Best is trial 33 with value: 0.9058020761245675.
[I 2026-03-06 17:13:55,730] Trial 40 finished with value: 0.8869899583362756 and parameters: {'learning_rate': 0.03295612380808535, 'max_depth': 9, 'min_child_weight': 12, 'subsample': 0.7043991432679799, 'colsample_bytree': 0.8371081087457493, 'reg_alpha': 0.046394687005110964, 'reg_lambda': 1.4643213811314326}. Best is trial 33 with value: 0.9058020761245675.
[I 2026-03-06 17:13:56,045] Trial 41 finished with value: 0.9031023797754396 and parameters: {'learning_rate': 0.017921550128762797, 'max_depth': 5, 'min_child_weight': 15, 'subsample': 0.6212113601568611, 'colsample_bytree': 0.8621811885357172, 'reg_alpha': 0.15178988681702588, 'reg_lambda': 0.33424989063754046}. Best is trial 33 with value: 0.9058020761245675.
[I 2026-03-06 17:13:56,328] Trial 42 finished with value: 0.9031110797260081 and parameters: {'learning_rate': 0.01839720200749948, 'max_depth': 5, 'min_child_weight': 15, 'subsample': 0.6133832933409622, 'colsample_bytree': 0.8708950596581109, 'reg_alpha': 0.1400388458646574, 'reg_lambda': 0.7367531942885348}. Best is trial 33 with value: 0.9058020761245675.
[I 2026-03-06 17:13:56,611] Trial 43 finished with value: 0.9020672551373492 and parameters: {'learning_rate': 0.02395916537889801, 'max_depth': 5, 'min_child_weight': 14, 'subsample': 0.617377109025462, 'colsample_bytree': 0.8629489045431318, 'reg_alpha': 0.112722231909431, 'reg_lambda': 0.7607531668435946}. Best is trial 33 with value: 0.9058020761245675.
[I 2026-03-06 17:13:56,950] Trial 44 finished with value: 0.9068853894498977 and parameters: {'learning_rate': 0.02076339607692009, 'max_depth': 4, 'min_child_weight': 13, 'subsample': 0.6423772793910558, 'colsample_bytree': 0.866561103850992, 'reg_alpha': 0.21539094773254278, 'reg_lambda': 0.3737704605854175}. Best is trial 44 with value: 0.9068853894498977.
[I 2026-03-06 17:13:57,215] Trial 45 finished with value: 0.897403855659911 and parameters: {'learning_rate': 0.01740503565268889, 'max_depth': 5, 'min_child_weight': 11, 'subsample': 0.6246452359829255, 'colsample_bytree': 0.9238818991038814, 'reg_alpha': 1.121875461861175, 'reg_lambda': 0.42918964102719537}. Best is trial 44 with value: 0.9068853894498977.
[I 2026-03-06 17:13:57,496] Trial 46 finished with value: 0.8952617470517618 and parameters: {'learning_rate': 0.0206519747995872, 'max_depth': 6, 'min_child_weight': 13, 'subsample': 0.6424416673202487, 'colsample_bytree': 0.8155949655834674, 'reg_alpha': 0.4129680461330195, 'reg_lambda': 0.3052209593456996}. Best is trial 44 with value: 0.9068853894498977.
[I 2026-03-06 17:13:57,715] Trial 47 finished with value: 0.9013979238754327 and parameters: {'learning_rate': 0.0205455101271805, 'max_depth': 3, 'min_child_weight': 14, 'subsample': 0.6000535283753394, 'colsample_bytree': 0.8422823875047238, 'reg_alpha': 0.12698815429443042, 'reg_lambda': 1.144433189732197}. Best is trial 44 with value: 0.9068853894498977.
[I 2026-03-06 17:13:58,075] Trial 48 finished with value: 0.90026721276746 and parameters: {'learning_rate': 0.0180054039389604, 'max_depth': 7, 'min_child_weight': 10, 'subsample': 0.6616351829062155, 'colsample_bytree': 0.8700663770883272, 'reg_alpha': 0.2962887173966925, 'reg_lambda': 0.1258181687831015}. Best is trial 44 with value: 0.9068853894498977.
